2025-02-19 09:56:44 - ERROR - 程序執行過程中發生錯誤: 'NoneType' object is not subscriptable
Traceback (most recent call last):
  File "D:\marskingx.github.io\reindex\main.py", line 100, in main
    directory_path = config['file_paths']['blog_directory']
                     ~~~~~~^^^^^^^^^^^^^^
TypeError: 'NoneType' object is not subscriptable
2025-02-19 09:57:58 - ERROR - 程序執行過程中發生錯誤: 'NoneType' object is not subscriptable
Traceback (most recent call last):
  File "D:\marskingx.github.io\reindex\main.py", line 100, in main
    directory_path = config['file_paths']['blog_directory']
                     ~~~~~~^^^^^^^^^^^^^^
TypeError: 'NoneType' object is not subscriptable
2025-02-19 09:58:23 - ERROR - 程序執行過程中發生錯誤: 'NoneType' object is not subscriptable
Traceback (most recent call last):
  File "D:\marskingx.github.io\reindex\main.py", line 100, in main
    directory_path = config['file_paths']['blog_directory']
                     ~~~~~~^^^^^^^^^^^^^^
TypeError: 'NoneType' object is not subscriptable
2025-02-19 09:59:01 - ERROR - 程序執行過程中發生錯誤: 'NoneType' object is not subscriptable
Traceback (most recent call last):
  File "D:\marskingx.github.io\reindex\main.py", line 100, in main
    directory_path = config['file_paths']['blog_directory']
                     ~~~~~~^^^^^^^^^^^^^^
TypeError: 'NoneType' object is not subscriptable
2025-02-19 10:00:17 - ERROR - 加載配置文件時出錯: [Errno 2] No such file or directory: 'archive/20240720/config.yaml'
2025-02-19 10:00:17 - ERROR - 程序執行過程中發生錯誤: [Errno 2] No such file or directory: 'archive/20240720/config.yaml'
Traceback (most recent call last):
  File "d:\marskingx.github.io\reindex\main.py", line 105, in main
    config = load_config()
             ^^^^^^^^^^^^^
  File "d:\marskingx.github.io\reindex\main.py", line 29, in load_config
    with open('archive/20240720/config.yaml', 'r', encoding='utf-8') as file:
         ^^^^^^^^^^^^^^^^^^^^^^^^^^^^^^^^^^^^^^^^^^^^^^^^^^^^^^^^^^^
FileNotFoundError: [Errno 2] No such file or directory: 'archive/20240720/config.yaml'
2025-02-19 10:01:29 - ERROR - 加載配置文件時出錯: [Errno 2] No such file or directory: 'archive/20240720/config.yaml'
2025-02-19 10:01:29 - ERROR - 程序執行過程中發生錯誤: [Errno 2] No such file or directory: 'archive/20240720/config.yaml'
Traceback (most recent call last):
  File "D:\marskingx.github.io\reindex\main.py", line 105, in main
    config = load_config()
             ^^^^^^^^^^^^^
  File "D:\marskingx.github.io\reindex\main.py", line 29, in load_config
    with open('archive/20240720/config.yaml', 'r', encoding='utf-8') as file:
         ^^^^^^^^^^^^^^^^^^^^^^^^^^^^^^^^^^^^^^^^^^^^^^^^^^^^^^^^^^^
FileNotFoundError: [Errno 2] No such file or directory: 'archive/20240720/config.yaml'
2025-02-19 10:01:47 - INFO - 使用內建設定
2025-02-19 10:01:47 - INFO - 1. content\blog\2025-02-17【投資】0050即將1拆5，這些事情你一定要知道！ 19da0a9d347980209335e3f3e7cf9fce.md
2025-02-19 10:01:47 - INFO - 2. content\blog\2025-02-14【投資】0050、VOO、QQQ 2024年度報酬率比較：為什麼差異這麼大？.md
2025-02-19 10:01:47 - INFO - 3. content\blog\2024-05-08【EP15】小資族該怎麼理財 多跟你的錢說謝謝 他就會一直變多.md
2025-02-19 10:01:47 - INFO - 4. content\blog\2024-03-30【EP10】00940買了對不對？我用這個價差想減少一個負二代!.md
2025-02-19 10:01:47 - INFO - 5. content\blog\2024-06-26【EP20】勞退自提是什麼，賺錢的能力與投資報酬率的差異.md
2025-02-19 10:01:47 - INFO - 6. content\blog\2024-02-01【EP9】達成財富自由的五大步驟：心態、理財、投資、債務與生活平衡！.md
2025-02-19 10:01:47 - INFO - 7. content\blog\2024-10-07【EP35】如果理財只做一件事，那就來統計淨資產，有小孩的你淨資產一定是這個值.md
2025-02-19 10:01:47 - INFO - 8. content\blog\2024-06-19【EP19】新網站上線了，實支實付該怎麼買才對.md
2025-02-19 10:01:47 - INFO - 9. content\blog\2024-04-24【EP13】如何建立股市漲跌都開心的理財法!做好這件事就可以!.md
2025-02-19 10:01:47 - INFO - 10. content\blog\2024-09-24【EP34】星期一是美食沙漠嗎，買0050不如買台積電真心，其實不用辯!! .md
2025-02-19 10:02:14 - ERROR - 請輸入一個有效的數字。
2025-02-19 10:02:17 - ERROR - 請輸入一個有效的數字。
2025-02-19 10:26:15 - ERROR - 加載配置文件時出錯: [Errno 2] No such file or directory: 'archive/20240720/config.yaml'
2025-02-19 10:26:15 - ERROR - 程序執行過程中發生錯誤: [Errno 2] No such file or directory: 'archive/20240720/config.yaml'
Traceback (most recent call last):
  File "d:\marskingx.github.io\reindex\main.py", line 105, in main
    config = load_config()
             ^^^^^^^^^^^^^
  File "d:\marskingx.github.io\reindex\main.py", line 29, in load_config
    with open('archive/20240720/config.yaml', 'r', encoding='utf-8') as file:
         ^^^^^^^^^^^^^^^^^^^^^^^^^^^^^^^^^^^^^^^^^^^^^^^^^^^^^^^^^^^
FileNotFoundError: [Errno 2] No such file or directory: 'archive/20240720/config.yaml'
2025-02-19 10:26:26 - ERROR - 加載配置文件時出錯: [Errno 2] No such file or directory: 'archive/20240720/config.yaml'
2025-02-19 10:26:26 - ERROR - 程序執行過程中發生錯誤: [Errno 2] No such file or directory: 'archive/20240720/config.yaml'
Traceback (most recent call last):
  File "d:\marskingx.github.io\reindex\main.py", line 105, in main
    config = load_config()
             ^^^^^^^^^^^^^
  File "d:\marskingx.github.io\reindex\main.py", line 29, in load_config
    with open('archive/20240720/config.yaml', 'r', encoding='utf-8') as file:
         ^^^^^^^^^^^^^^^^^^^^^^^^^^^^^^^^^^^^^^^^^^^^^^^^^^^^^^^^^^^
FileNotFoundError: [Errno 2] No such file or directory: 'archive/20240720/config.yaml'
2025-02-19 10:26:33 - ERROR - 加載配置文件時出錯: [Errno 2] No such file or directory: 'archive/20240720/config.yaml'
2025-02-19 10:26:33 - ERROR - 程序執行過程中發生錯誤: [Errno 2] No such file or directory: 'archive/20240720/config.yaml'
Traceback (most recent call last):
  File "d:\marskingx.github.io\reindex\main.py", line 103, in main
    config = load_config()
             ^^^^^^^^^^^^^
  File "d:\marskingx.github.io\reindex\main.py", line 27, in load_config
    with open('archive/20240720/config.yaml', 'r', encoding='utf-8') as file:
         ^^^^^^^^^^^^^^^^^^^^^^^^^^^^^^^^^^^^^^^^^^^^^^^^^^^^^^^^^^^
FileNotFoundError: [Errno 2] No such file or directory: 'archive/20240720/config.yaml'
2025-02-19 10:26:47 - ERROR - 加載配置文件時出錯: [Errno 2] No such file or directory: 'archive/20240720/config.yaml'
2025-02-19 10:26:47 - ERROR - 程序執行過程中發生錯誤: [Errno 2] No such file or directory: 'archive/20240720/config.yaml'
Traceback (most recent call last):
  File "d:\marskingx.github.io\reindex\main.py", line 105, in main
    config = load_config()
             ^^^^^^^^^^^^^
  File "d:\marskingx.github.io\reindex\main.py", line 29, in load_config
    with open('archive/20240720/config.yaml', 'r', encoding='utf-8') as file:
         ^^^^^^^^^^^^^^^^^^^^^^^^^^^^^^^^^^^^^^^^^^^^^^^^^^^^^^^^^^^
FileNotFoundError: [Errno 2] No such file or directory: 'archive/20240720/config.yaml'
2025-02-19 10:26:51 - ERROR - 加載配置文件時出錯: [Errno 2] No such file or directory: 'archive/20240720/config.yaml'
2025-02-19 10:26:51 - ERROR - 程序執行過程中發生錯誤: [Errno 2] No such file or directory: 'archive/20240720/config.yaml'
Traceback (most recent call last):
  File "d:\marskingx.github.io\reindex\main.py", line 105, in main
    config = load_config()
             ^^^^^^^^^^^^^
  File "d:\marskingx.github.io\reindex\main.py", line 29, in load_config
    with open('archive/20240720/config.yaml', 'r', encoding='utf-8') as file:
         ^^^^^^^^^^^^^^^^^^^^^^^^^^^^^^^^^^^^^^^^^^^^^^^^^^^^^^^^^^^
FileNotFoundError: [Errno 2] No such file or directory: 'archive/20240720/config.yaml'
2025-02-19 10:26:53 - ERROR - 加載配置文件時出錯: [Errno 2] No such file or directory: 'archive/20240720/config.yaml'
2025-02-19 10:26:53 - ERROR - 程序執行過程中發生錯誤: [Errno 2] No such file or directory: 'archive/20240720/config.yaml'
Traceback (most recent call last):
  File "D:\marskingx.github.io\reindex\main.py", line 105, in main
    config = load_config()
             ^^^^^^^^^^^^^
  File "D:\marskingx.github.io\reindex\main.py", line 29, in load_config
    with open('archive/20240720/config.yaml', 'r', encoding='utf-8') as file:
         ^^^^^^^^^^^^^^^^^^^^^^^^^^^^^^^^^^^^^^^^^^^^^^^^^^^^^^^^^^^
FileNotFoundError: [Errno 2] No such file or directory: 'archive/20240720/config.yaml'
2025-02-19 10:26:57 - ERROR - 加載配置文件時出錯: [Errno 2] No such file or directory: 'archive/20240720/config.yaml'
2025-02-19 10:26:57 - ERROR - 程序執行過程中發生錯誤: [Errno 2] No such file or directory: 'archive/20240720/config.yaml'
Traceback (most recent call last):
  File "d:\marskingx.github.io\reindex\main.py", line 105, in main
    config = load_config()
             ^^^^^^^^^^^^^
  File "d:\marskingx.github.io\reindex\main.py", line 29, in load_config
    with open('archive/20240720/config.yaml', 'r', encoding='utf-8') as file:
         ^^^^^^^^^^^^^^^^^^^^^^^^^^^^^^^^^^^^^^^^^^^^^^^^^^^^^^^^^^^
FileNotFoundError: [Errno 2] No such file or directory: 'archive/20240720/config.yaml'
2025-02-19 10:27:26 - ERROR - 加載配置文件時出錯: [Errno 2] No such file or directory: 'archive/20240720/config.yaml'
2025-02-19 10:27:26 - ERROR - 程序執行過程中發生錯誤: [Errno 2] No such file or directory: 'archive/20240720/config.yaml'
Traceback (most recent call last):
  File "d:\marskingx.github.io\reindex\main.py", line 105, in main
    config = load_config()
             ^^^^^^^^^^^^^
  File "d:\marskingx.github.io\reindex\main.py", line 29, in load_config
    with open('archive/20240720/config.yaml', 'r', encoding='utf-8') as file:
         ^^^^^^^^^^^^^^^^^^^^^^^^^^^^^^^^^^^^^^^^^^^^^^^^^^^^^^^^^^^
FileNotFoundError: [Errno 2] No such file or directory: 'archive/20240720/config.yaml'
2025-02-19 10:28:47 - ERROR - 加載配置文件時出錯: [Errno 2] No such file or directory: 'archive/20240720/config.yaml'
2025-02-19 10:28:47 - ERROR - 程序執行過程中發生錯誤: [Errno 2] No such file or directory: 'archive/20240720/config.yaml'
Traceback (most recent call last):
  File "d:\marskingx.github.io\reindex\main.py", line 105, in main
    config = load_config()
             ^^^^^^^^^^^^^
  File "d:\marskingx.github.io\reindex\main.py", line 29, in load_config
    with open('archive/20240720/config.yaml', 'r', encoding='utf-8') as file:
         ^^^^^^^^^^^^^^^^^^^^^^^^^^^^^^^^^^^^^^^^^^^^^^^^^^^^^^^^^^^
FileNotFoundError: [Errno 2] No such file or directory: 'archive/20240720/config.yaml'
2025-02-19 10:31:20 - INFO - 使用預設設定
2025-02-19 10:31:20 - INFO - 1. content\blog\2025-02-19【EP40】0050要來1拆5了，如何讓小孩在25分鐘吃完飯.md
2025-02-19 10:31:20 - INFO - 2. content\blog\2025-02-17【投資】0050即將1拆5，這些事情你一定要知道！.md
2025-02-19 10:31:20 - INFO - 3. content\blog\2025-02-14【投資】0050、VOO、QQQ 2024年度報酬率比較：為什麼差異這麼大？.md
2025-02-19 10:31:20 - INFO - 4. content\blog\2024-05-08【EP15】小資族該怎麼理財 多跟你的錢說謝謝 他就會一直變多.md
2025-02-19 10:31:20 - INFO - 5. content\blog\2024-03-30【EP10】00940買了對不對？我用這個價差想減少一個負二代!.md
2025-02-19 10:31:20 - INFO - 6. content\blog\2024-06-26【EP20】勞退自提是什麼，賺錢的能力與投資報酬率的差異.md
2025-02-19 10:31:20 - INFO - 7. content\blog\2024-02-01【EP9】達成財富自由的五大步驟：心態、理財、投資、債務與生活平衡！.md
2025-02-19 10:31:20 - INFO - 8. content\blog\2024-10-07【EP35】如果理財只做一件事，那就來統計淨資產，有小孩的你淨資產一定是這個值.md
2025-02-19 10:31:20 - INFO - 9. content\blog\2024-06-19【EP19】新網站上線了，實支實付該怎麼買才對.md
2025-02-19 10:31:20 - INFO - 10. content\blog\2024-04-24【EP13】如何建立股市漲跌都開心的理財法!做好這件事就可以!.md
2025-02-19 10:31:30 - INFO - 從文件 content\blog\2025-02-19【EP40】0050要來1拆5了，如何讓小孩在25分鐘吃完飯.md 內容中提取到類別: Podcast節目
2025-02-19 10:31:30 - INFO - 開始處理Podcast節目: content\blog\2025-02-19【EP40】0050要來1拆5了，如何讓小孩在25分鐘吃完飯.md
2025-02-19 10:31:30 - DEBUG - 成功更新 YAML 內容
2025-02-19 10:31:30 - DEBUG - 成功寫入更新後的內容到文件
