2024-08-07 05:04:19 - INFO - 成功加載配置文件
2024-08-07 05:04:19 - INFO - 1. D:\marskingx.github.io\content\blog\2024-08-03【書單】《商業簡史 》閱讀心得.md
2024-08-07 05:04:19 - INFO - 2. D:\marskingx.github.io\content\blog\2024-08-01【理財】退休金沒有想像中的不夠，只要你現在開始投資，6個步驟開始你的退休金規劃！.md
2024-08-07 05:04:19 - INFO - 3. D:\marskingx.github.io\content\blog\2024-07-31【理財】知道多少才夠，比擁有多少錢更重要.md
2024-08-07 05:04:19 - INFO - 4. D:\marskingx.github.io\content\blog\2024-07-01【理財】3種自由都取得，才是真的財富自由：財務、時間、精神.md
2024-08-07 05:04:19 - INFO - 5. D:\marskingx.github.io\content\blog\2024-07-24【EP23】取乎其上，得乎其中。認識財務規劃的基礎3報表.md
2024-08-07 05:04:19 - INFO - 6. D:\marskingx.github.io\content\blog\2024-07-17【EP22】讓小孩有空間也讓自己學會珍惜時間，接著就取得3個財富自由的條件.md
2024-08-07 05:04:19 - INFO - 7. D:\marskingx.github.io\content\blog\2024-07-23【理財】個人財務規劃的3大財務報表：一張都不能少？.md
2024-08-07 05:04:19 - INFO - 8. D:\marskingx.github.io\content\blog\2024-07-22【書單】《開始分心，就是要變強了》閱讀心得.md
2024-08-07 05:04:19 - INFO - 9. D:\marskingx.github.io\content\blog\2024-07-20【嗑書】《給孩子的商業啟蒙》讀書心得.md
2024-08-07 05:04:19 - INFO - 10. D:\marskingx.github.io\content\blog\2023-10-28【嗑書】《商業書10倍高效》讀書心得.md
2024-08-07 05:04:30 - WARNING - 在文件 D:\marskingx.github.io\content\blog\2024-08-03【書單】《商業簡史 》閱讀心得.md 中未找到 YAML 前置數據
2024-08-07 05:04:30 - INFO - 開始處理書評: D:\marskingx.github.io\content\blog\2024-08-03【書單】《商業簡史 》閱讀心得.md
2024-08-07 05:04:30 - INFO - 成功提取書名: 商業簡史
2024-08-07 05:04:30 - INFO - 取得聯盟行銷連結，書名: 商業簡史
2024-08-07 05:04:30 - DEBUG - Selenium Manager binary found at: C:\Users\Mars\AppData\Local\Programs\Python\Python312\Lib\site-packages\selenium\webdriver\common\windows\selenium-manager.exe
2024-08-07 05:04:30 - DEBUG - Executing process: C:\Users\Mars\AppData\Local\Programs\Python\Python312\Lib\site-packages\selenium\webdriver\common\windows\selenium-manager.exe --browser chrome --debug --language-binding python --output json
2024-08-07 05:04:30 - DEBUG - Sending stats to Plausible: Props { browser: "chrome", browser_version: "", os: "windows", arch: "amd64", lang: "python", selenium_version: "4.22-nightly" }
2024-08-07 05:04:30 - DEBUG - chromedriver not found in PATH
2024-08-07 05:04:30 - DEBUG - chrome detected at C:\Program Files\Google\Chrome\Application\chrome.exe
2024-08-07 05:04:30 - DEBUG - Running command: wmic datafile where name='C:\\Program Files\\Google\\Chrome\\Application\\chrome.exe' get Version /value
2024-08-07 05:04:30 - DEBUG - Output: ""
2024-08-07 05:04:30 - DEBUG - Running command: REG QUERY HKCU\Software\Google\Chrome\BLBeacon /v version
2024-08-07 05:04:30 - DEBUG - Output: ""
2024-08-07 05:04:30 - DEBUG - chrome not found in the system
2024-08-07 05:04:30 - DEBUG - Required browser: chrome 127.0.6533.99
2024-08-07 05:04:30 - DEBUG - chrome 127.0.6533.99 already exists
2024-08-07 05:04:30 - DEBUG - chrome 127.0.6533.99 is available at C:\Users\Mars\.cache\selenium\chrome\win64\127.0.6533.99\chrome.exe
2024-08-07 05:04:30 - DEBUG - Required driver: chromedriver 127.0.6533.99
2024-08-07 05:04:30 - DEBUG - chromedriver 127.0.6533.99 already in the cache
2024-08-07 05:04:30 - DEBUG - Driver path: C:\Users\Mars\.cache\selenium\chromedriver\win64\127.0.6533.99\chromedriver.exe
2024-08-07 05:04:30 - DEBUG - Browser path: C:\Users\Mars\.cache\selenium\chrome\win64\127.0.6533.99\chrome.exe
2024-08-07 05:04:30 - DEBUG - Started executable: `C:\Users\Mars\.cache\selenium\chromedriver\win64\127.0.6533.99\chromedriver.exe` in a child process with pid: 9496 using 0 to output -3
2024-08-07 05:04:31 - DEBUG - POST http://localhost:55921/session {'capabilities': {'firstMatch': [{}], 'alwaysMatch': {'browserName': 'chrome', 'pageLoadStrategy': <PageLoadStrategy.normal: 'normal'>, 'browserVersion': None, 'goog:chromeOptions': {'extensions': [], 'binary': 'C:\\Users\\Mars\\.cache\\selenium\\chrome\\win64\\127.0.6533.99\\chrome.exe', 'args': ['--headless', '--disable-gpu', '--no-sandbox', '--disable-dev-shm-usage', 'user-agent=Mozilla/5.0 (Windows NT 10.0; Win64; x64) AppleWebKit/537.36 (KHTML, like Gecko) Chrome/91.0.4472.124 Safari/537.36']}}}}
2024-08-07 05:04:31 - DEBUG - Starting new HTTP connection (1): localhost:55921
2024-08-07 05:04:31 - DEBUG - http://localhost:55921 "POST /session HTTP/1.1" 200 895
2024-08-07 05:04:31 - DEBUG - Remote response: status=200 | data={"value":{"capabilities":{"acceptInsecureCerts":false,"browserName":"chrome-headless-shell","browserVersion":"127.0.6533.99","chrome":{"chromedriverVersion":"127.0.6533.99 (f31af5097d90ef5ae5bd7b8700199bc6189ba34d-refs/branch-heads/6533@{#1910})","userDataDir":"C:\\Users\\Mars\\AppData\\Local\\Temp\\scoped_dir9496_1165569772"},"fedcm:accounts":true,"goog:chromeOptions":{"debuggerAddress":"localhost:57323"},"networkConnectionEnabled":false,"pageLoadStrategy":"normal","platformName":"windows","proxy":{},"setWindowRect":true,"strictFileInteractability":false,"timeouts":{"implicit":0,"pageLoad":300000,"script":30000},"unhandledPromptBehavior":"dismiss and notify","webauthn:extension:credBlob":true,"webauthn:extension:largeBlob":true,"webauthn:extension:minPinLength":true,"webauthn:extension:prf":true,"webauthn:virtualAuthenticators":true},"sessionId":"531ec1664bce844d98852985afc49c35"}} | headers=HTTPHeaderDict({'Content-Length': '895', 'Content-Type': 'application/json; charset=utf-8', 'cache-control': 'no-cache'})
2024-08-07 05:04:31 - DEBUG - Finished Request
2024-08-07 05:04:31 - DEBUG - POST http://localhost:55921/session/531ec1664bce844d98852985afc49c35/timeouts {'pageLoad': 30000}
2024-08-07 05:04:31 - DEBUG - http://localhost:55921 "POST /session/531ec1664bce844d98852985afc49c35/timeouts HTTP/1.1" 200 14
2024-08-07 05:04:31 - DEBUG - Remote response: status=200 | data={"value":null} | headers=HTTPHeaderDict({'Content-Length': '14', 'Content-Type': 'application/json; charset=utf-8', 'cache-control': 'no-cache'})
2024-08-07 05:04:31 - DEBUG - Finished Request
2024-08-07 05:04:31 - DEBUG - 初始化 WebDriver 完成
2024-08-07 05:04:31 - DEBUG - POST http://localhost:55921/session/531ec1664bce844d98852985afc49c35/url {'url': 'https://www.books.com.tw/'}
2024-08-07 05:04:32 - DEBUG - http://localhost:55921 "POST /session/531ec1664bce844d98852985afc49c35/url HTTP/1.1" 200 14
2024-08-07 05:04:32 - DEBUG - Remote response: status=200 | data={"value":null} | headers=HTTPHeaderDict({'Content-Length': '14', 'Content-Type': 'application/json; charset=utf-8', 'cache-control': 'no-cache'})
2024-08-07 05:04:32 - DEBUG - Finished Request
2024-08-07 05:04:32 - DEBUG - POST http://localhost:55921/session/531ec1664bce844d98852985afc49c35/element {'using': 'css selector', 'value': '[id="close_top_banner"]'}
2024-08-07 05:04:32 - DEBUG - http://localhost:55921 "POST /session/531ec1664bce844d98852985afc49c35/element HTTP/1.1" 200 126
2024-08-07 05:04:32 - DEBUG - Remote response: status=200 | data={"value":{"element-6066-11e4-a52e-4f735466cecf":"f.4A2463454986F1CAFB1EB9E65C1BC820.d.BCECC000000FE20F2D2DFC6ACAE5A6EE.e.42"}} | headers=HTTPHeaderDict({'Content-Length': '126', 'Content-Type': 'application/json; charset=utf-8', 'cache-control': 'no-cache'})
2024-08-07 05:04:32 - DEBUG - Finished Request
2024-08-07 05:04:33 - DEBUG - POST http://localhost:55921/session/531ec1664bce844d98852985afc49c35/execute/sync {'script': '/* isDisplayed */return (function(){return (function(){var g=this||self;\nfunction aa(a){var b=typeof...', 'args': [{'element-6066-11e4-a52e-4f735466cecf': 'f.4A2463454986F1CAFB1EB9E65C1BC820.d.BCECC000000FE20F2D2DFC6ACAE5A6EE.e.42'}]}
2024-08-07 05:04:33 - DEBUG - http://localhost:55921 "POST /session/531ec1664bce844d98852985afc49c35/execute/sync HTTP/1.1" 200 14
2024-08-07 05:04:33 - DEBUG - Remote response: status=200 | data={"value":true} | headers=HTTPHeaderDict({'Content-Length': '14', 'Content-Type': 'application/json; charset=utf-8', 'cache-control': 'no-cache'})
2024-08-07 05:04:33 - DEBUG - Finished Request
2024-08-07 05:04:33 - DEBUG - GET http://localhost:55921/session/531ec1664bce844d98852985afc49c35/element/f.4A2463454986F1CAFB1EB9E65C1BC820.d.BCECC000000FE20F2D2DFC6ACAE5A6EE.e.42/enabled {}
2024-08-07 05:04:33 - DEBUG - http://localhost:55921 "GET /session/531ec1664bce844d98852985afc49c35/element/f.4A2463454986F1CAFB1EB9E65C1BC820.d.BCECC000000FE20F2D2DFC6ACAE5A6EE.e.42/enabled HTTP/1.1" 200 14
2024-08-07 05:04:33 - DEBUG - Remote response: status=200 | data={"value":true} | headers=HTTPHeaderDict({'Content-Length': '14', 'Content-Type': 'application/json; charset=utf-8', 'cache-control': 'no-cache'})
2024-08-07 05:04:33 - DEBUG - Finished Request
2024-08-07 05:04:33 - DEBUG - POST http://localhost:55921/session/531ec1664bce844d98852985afc49c35/element/f.4A2463454986F1CAFB1EB9E65C1BC820.d.BCECC000000FE20F2D2DFC6ACAE5A6EE.e.42/click {}
2024-08-07 05:04:33 - DEBUG - http://localhost:55921 "POST /session/531ec1664bce844d98852985afc49c35/element/f.4A2463454986F1CAFB1EB9E65C1BC820.d.BCECC000000FE20F2D2DFC6ACAE5A6EE.e.42/click HTTP/1.1" 200 14
2024-08-07 05:04:33 - DEBUG - Remote response: status=200 | data={"value":null} | headers=HTTPHeaderDict({'Content-Length': '14', 'Content-Type': 'application/json; charset=utf-8', 'cache-control': 'no-cache'})
2024-08-07 05:04:33 - DEBUG - Finished Request
2024-08-07 05:04:33 - DEBUG - 廣告橫幅已關閉
2024-08-07 05:04:33 - DEBUG - POST http://localhost:55921/session/531ec1664bce844d98852985afc49c35/element {'using': 'css selector', 'value': '[id="key"]'}
2024-08-07 05:04:33 - DEBUG - http://localhost:55921 "POST /session/531ec1664bce844d98852985afc49c35/element HTTP/1.1" 200 126
2024-08-07 05:04:33 - DEBUG - Remote response: status=200 | data={"value":{"element-6066-11e4-a52e-4f735466cecf":"f.4A2463454986F1CAFB1EB9E65C1BC820.d.BCECC000000FE20F2D2DFC6ACAE5A6EE.e.44"}} | headers=HTTPHeaderDict({'Content-Length': '126', 'Content-Type': 'application/json; charset=utf-8', 'cache-control': 'no-cache'})
2024-08-07 05:04:33 - DEBUG - Finished Request
2024-08-07 05:04:33 - DEBUG - POST http://localhost:55921/session/531ec1664bce844d98852985afc49c35/element/f.4A2463454986F1CAFB1EB9E65C1BC820.d.BCECC000000FE20F2D2DFC6ACAE5A6EE.e.44/clear {}
2024-08-07 05:04:33 - DEBUG - http://localhost:55921 "POST /session/531ec1664bce844d98852985afc49c35/element/f.4A2463454986F1CAFB1EB9E65C1BC820.d.BCECC000000FE20F2D2DFC6ACAE5A6EE.e.44/clear HTTP/1.1" 200 14
2024-08-07 05:04:33 - DEBUG - Remote response: status=200 | data={"value":null} | headers=HTTPHeaderDict({'Content-Length': '14', 'Content-Type': 'application/json; charset=utf-8', 'cache-control': 'no-cache'})
2024-08-07 05:04:33 - DEBUG - Finished Request
2024-08-07 05:04:33 - DEBUG - POST http://localhost:55921/session/531ec1664bce844d98852985afc49c35/element/f.4A2463454986F1CAFB1EB9E65C1BC820.d.BCECC000000FE20F2D2DFC6ACAE5A6EE.e.44/value {'text': '商業簡史', 'value': ['商', '業', '簡', '史']}
2024-08-07 05:04:33 - DEBUG - http://localhost:55921 "POST /session/531ec1664bce844d98852985afc49c35/element/f.4A2463454986F1CAFB1EB9E65C1BC820.d.BCECC000000FE20F2D2DFC6ACAE5A6EE.e.44/value HTTP/1.1" 200 14
2024-08-07 05:04:33 - DEBUG - Remote response: status=200 | data={"value":null} | headers=HTTPHeaderDict({'Content-Length': '14', 'Content-Type': 'application/json; charset=utf-8', 'cache-control': 'no-cache'})
2024-08-07 05:04:33 - DEBUG - Finished Request
2024-08-07 05:04:33 - DEBUG - POST http://localhost:55921/session/531ec1664bce844d98852985afc49c35/element {'using': 'css selector', 'value': '.search_btn'}
2024-08-07 05:04:33 - DEBUG - http://localhost:55921 "POST /session/531ec1664bce844d98852985afc49c35/element HTTP/1.1" 200 126
2024-08-07 05:04:33 - DEBUG - Remote response: status=200 | data={"value":{"element-6066-11e4-a52e-4f735466cecf":"f.4A2463454986F1CAFB1EB9E65C1BC820.d.BCECC000000FE20F2D2DFC6ACAE5A6EE.e.46"}} | headers=HTTPHeaderDict({'Content-Length': '126', 'Content-Type': 'application/json; charset=utf-8', 'cache-control': 'no-cache'})
2024-08-07 05:04:33 - DEBUG - Finished Request
2024-08-07 05:04:33 - DEBUG - POST http://localhost:55921/session/531ec1664bce844d98852985afc49c35/execute/sync {'script': '/* isDisplayed */return (function(){return (function(){var g=this||self;\nfunction aa(a){var b=typeof...', 'args': [{'element-6066-11e4-a52e-4f735466cecf': 'f.4A2463454986F1CAFB1EB9E65C1BC820.d.BCECC000000FE20F2D2DFC6ACAE5A6EE.e.46'}]}
2024-08-07 05:04:33 - DEBUG - http://localhost:55921 "POST /session/531ec1664bce844d98852985afc49c35/execute/sync HTTP/1.1" 200 14
2024-08-07 05:04:33 - DEBUG - Remote response: status=200 | data={"value":true} | headers=HTTPHeaderDict({'Content-Length': '14', 'Content-Type': 'application/json; charset=utf-8', 'cache-control': 'no-cache'})
2024-08-07 05:04:33 - DEBUG - Finished Request
2024-08-07 05:04:33 - DEBUG - GET http://localhost:55921/session/531ec1664bce844d98852985afc49c35/element/f.4A2463454986F1CAFB1EB9E65C1BC820.d.BCECC000000FE20F2D2DFC6ACAE5A6EE.e.46/enabled {}
2024-08-07 05:04:33 - DEBUG - http://localhost:55921 "GET /session/531ec1664bce844d98852985afc49c35/element/f.4A2463454986F1CAFB1EB9E65C1BC820.d.BCECC000000FE20F2D2DFC6ACAE5A6EE.e.46/enabled HTTP/1.1" 200 14
2024-08-07 05:04:33 - DEBUG - Remote response: status=200 | data={"value":true} | headers=HTTPHeaderDict({'Content-Length': '14', 'Content-Type': 'application/json; charset=utf-8', 'cache-control': 'no-cache'})
2024-08-07 05:04:33 - DEBUG - Finished Request
2024-08-07 05:04:33 - DEBUG - POST http://localhost:55921/session/531ec1664bce844d98852985afc49c35/element/f.4A2463454986F1CAFB1EB9E65C1BC820.d.BCECC000000FE20F2D2DFC6ACAE5A6EE.e.46/click {}
2024-08-07 05:04:35 - DEBUG - http://localhost:55921 "POST /session/531ec1664bce844d98852985afc49c35/element/f.4A2463454986F1CAFB1EB9E65C1BC820.d.BCECC000000FE20F2D2DFC6ACAE5A6EE.e.46/click HTTP/1.1" 200 14
2024-08-07 05:04:35 - DEBUG - Remote response: status=200 | data={"value":null} | headers=HTTPHeaderDict({'Content-Length': '14', 'Content-Type': 'application/json; charset=utf-8', 'cache-control': 'no-cache'})
2024-08-07 05:04:35 - DEBUG - Finished Request
2024-08-07 05:04:38 - DEBUG - DELETE http://localhost:55921/session/531ec1664bce844d98852985afc49c35 {}
2024-08-07 05:04:38 - DEBUG - Incremented Retry for (url='/session/531ec1664bce844d98852985afc49c35'): Retry(total=2, connect=None, read=None, redirect=None, status=None)
2024-08-07 05:04:38 - WARNING - Retrying (Retry(total=2, connect=None, read=None, redirect=None, status=None)) after connection broken by 'ProtocolError('Connection aborted.', ConnectionResetError(10054, '遠端主機已強制關閉一個現存的連線。', None, 10054, None))': /session/531ec1664bce844d98852985afc49c35
2024-08-07 05:04:38 - DEBUG - Starting new HTTP connection (2): localhost:55921
2024-08-07 05:04:42 - DEBUG - Incremented Retry for (url='/session/531ec1664bce844d98852985afc49c35'): Retry(total=1, connect=None, read=None, redirect=None, status=None)
2024-08-07 05:04:42 - WARNING - Retrying (Retry(total=1, connect=None, read=None, redirect=None, status=None)) after connection broken by 'NewConnectionError('<urllib3.connection.HTTPConnection object at 0x0000022E06BDF380>: Failed to establish a new connection: [WinError 10061] 無法連線，因為目標電腦拒絕連線。')': /session/531ec1664bce844d98852985afc49c35
2024-08-07 05:04:42 - DEBUG - Starting new HTTP connection (3): localhost:55921
2024-08-07 05:07:58 - INFO - 成功加載配置文件
2024-08-07 05:07:58 - INFO - 1. D:\marskingx.github.io\content\blog\2024-08-03【書單】《商業簡史 》閱讀心得.md
2024-08-07 05:07:58 - INFO - 2. D:\marskingx.github.io\content\blog\2024-08-01【理財】退休金沒有想像中的不夠，只要你現在開始投資，6個步驟開始你的退休金規劃！.md
2024-08-07 05:07:58 - INFO - 3. D:\marskingx.github.io\content\blog\2024-07-31【理財】知道多少才夠，比擁有多少錢更重要.md
2024-08-07 05:07:58 - INFO - 4. D:\marskingx.github.io\content\blog\2024-07-01【理財】3種自由都取得，才是真的財富自由：財務、時間、精神.md
2024-08-07 05:07:58 - INFO - 5. D:\marskingx.github.io\content\blog\2024-07-24【EP23】取乎其上，得乎其中。認識財務規劃的基礎3報表.md
2024-08-07 05:07:58 - INFO - 6. D:\marskingx.github.io\content\blog\2024-07-17【EP22】讓小孩有空間也讓自己學會珍惜時間，接著就取得3個財富自由的條件.md
2024-08-07 05:07:58 - INFO - 7. D:\marskingx.github.io\content\blog\2024-07-23【理財】個人財務規劃的3大財務報表：一張都不能少？.md
2024-08-07 05:07:58 - INFO - 8. D:\marskingx.github.io\content\blog\2024-07-22【書單】《開始分心，就是要變強了》閱讀心得.md
2024-08-07 05:07:58 - INFO - 9. D:\marskingx.github.io\content\blog\2024-07-20【嗑書】《給孩子的商業啟蒙》讀書心得.md
2024-08-07 05:07:58 - INFO - 10. D:\marskingx.github.io\content\blog\2023-10-28【嗑書】《商業書10倍高效》讀書心得.md
2024-08-07 05:08:01 - WARNING - 在文件 D:\marskingx.github.io\content\blog\2024-08-03【書單】《商業簡史 》閱讀心得.md 中未找到 YAML 前置數據
2024-08-07 05:08:01 - INFO - 開始處理書評: D:\marskingx.github.io\content\blog\2024-08-03【書單】《商業簡史 》閱讀心得.md
2024-08-07 05:08:01 - INFO - 成功提取書名: 商業簡史
2024-08-07 05:08:01 - INFO - 取得聯盟行銷連結，書名: 商業簡史
2024-08-07 05:08:01 - DEBUG - Selenium Manager binary found at: C:\Users\Mars\AppData\Local\Programs\Python\Python312\Lib\site-packages\selenium\webdriver\common\windows\selenium-manager.exe
2024-08-07 05:08:01 - DEBUG - Executing process: C:\Users\Mars\AppData\Local\Programs\Python\Python312\Lib\site-packages\selenium\webdriver\common\windows\selenium-manager.exe --browser chrome --debug --language-binding python --output json
2024-08-07 05:08:01 - DEBUG - chromedriver not found in PATH
2024-08-07 05:08:01 - DEBUG - chrome detected at C:\Program Files\Google\Chrome\Application\chrome.exe
2024-08-07 05:08:01 - DEBUG - Running command: wmic datafile where name='C:\\Program Files\\Google\\Chrome\\Application\\chrome.exe' get Version /value
2024-08-07 05:08:01 - DEBUG - Output: ""
2024-08-07 05:08:01 - DEBUG - Running command: REG QUERY HKCU\Software\Google\Chrome\BLBeacon /v version
2024-08-07 05:08:01 - DEBUG - Output: ""
2024-08-07 05:08:01 - DEBUG - chrome not found in the system
2024-08-07 05:08:01 - DEBUG - Required browser: chrome 127.0.6533.99
2024-08-07 05:08:01 - DEBUG - chrome 127.0.6533.99 already exists
2024-08-07 05:08:01 - DEBUG - chrome 127.0.6533.99 is available at C:\Users\Mars\.cache\selenium\chrome\win64\127.0.6533.99\chrome.exe
2024-08-07 05:08:01 - DEBUG - Required driver: chromedriver 127.0.6533.99
2024-08-07 05:08:01 - DEBUG - chromedriver 127.0.6533.99 already in the cache
2024-08-07 05:08:01 - DEBUG - Driver path: C:\Users\Mars\.cache\selenium\chromedriver\win64\127.0.6533.99\chromedriver.exe
2024-08-07 05:08:01 - DEBUG - Browser path: C:\Users\Mars\.cache\selenium\chrome\win64\127.0.6533.99\chrome.exe
2024-08-07 05:08:01 - DEBUG - Started executable: `C:\Users\Mars\.cache\selenium\chromedriver\win64\127.0.6533.99\chromedriver.exe` in a child process with pid: 50552 using 0 to output -3
2024-08-07 05:08:01 - DEBUG - POST http://localhost:55103/session {'capabilities': {'firstMatch': [{}], 'alwaysMatch': {'browserName': 'chrome', 'pageLoadStrategy': <PageLoadStrategy.normal: 'normal'>, 'browserVersion': None, 'goog:chromeOptions': {'extensions': [], 'binary': 'C:\\Users\\Mars\\.cache\\selenium\\chrome\\win64\\127.0.6533.99\\chrome.exe', 'args': ['--headless', '--disable-gpu', '--no-sandbox', '--disable-dev-shm-usage', 'user-agent=Mozilla/5.0 (Windows NT 10.0; Win64; x64) AppleWebKit/537.36 (KHTML, like Gecko) Chrome/91.0.4472.124 Safari/537.36']}}}}
2024-08-07 05:08:01 - DEBUG - Starting new HTTP connection (1): localhost:55103
2024-08-07 05:08:02 - DEBUG - http://localhost:55103 "POST /session HTTP/1.1" 200 896
2024-08-07 05:08:02 - DEBUG - Remote response: status=200 | data={"value":{"capabilities":{"acceptInsecureCerts":false,"browserName":"chrome-headless-shell","browserVersion":"127.0.6533.99","chrome":{"chromedriverVersion":"127.0.6533.99 (f31af5097d90ef5ae5bd7b8700199bc6189ba34d-refs/branch-heads/6533@{#1910})","userDataDir":"C:\\Users\\Mars\\AppData\\Local\\Temp\\scoped_dir50552_1373108619"},"fedcm:accounts":true,"goog:chromeOptions":{"debuggerAddress":"localhost:55106"},"networkConnectionEnabled":false,"pageLoadStrategy":"normal","platformName":"windows","proxy":{},"setWindowRect":true,"strictFileInteractability":false,"timeouts":{"implicit":0,"pageLoad":300000,"script":30000},"unhandledPromptBehavior":"dismiss and notify","webauthn:extension:credBlob":true,"webauthn:extension:largeBlob":true,"webauthn:extension:minPinLength":true,"webauthn:extension:prf":true,"webauthn:virtualAuthenticators":true},"sessionId":"454d2bab5e7367e4ec24fa1136cccf9d"}} | headers=HTTPHeaderDict({'Content-Length': '896', 'Content-Type': 'application/json; charset=utf-8', 'cache-control': 'no-cache'})
2024-08-07 05:08:02 - DEBUG - Finished Request
2024-08-07 05:08:02 - DEBUG - POST http://localhost:55103/session/454d2bab5e7367e4ec24fa1136cccf9d/timeouts {'pageLoad': 30000}
2024-08-07 05:08:02 - DEBUG - http://localhost:55103 "POST /session/454d2bab5e7367e4ec24fa1136cccf9d/timeouts HTTP/1.1" 200 14
2024-08-07 05:08:02 - DEBUG - Remote response: status=200 | data={"value":null} | headers=HTTPHeaderDict({'Content-Length': '14', 'Content-Type': 'application/json; charset=utf-8', 'cache-control': 'no-cache'})
2024-08-07 05:08:02 - DEBUG - Finished Request
2024-08-07 05:08:02 - DEBUG - 初始化 WebDriver 完成
2024-08-07 05:08:02 - DEBUG - POST http://localhost:55103/session/454d2bab5e7367e4ec24fa1136cccf9d/url {'url': 'https://www.books.com.tw/'}
2024-08-07 05:08:03 - DEBUG - http://localhost:55103 "POST /session/454d2bab5e7367e4ec24fa1136cccf9d/url HTTP/1.1" 200 14
2024-08-07 05:08:03 - DEBUG - Remote response: status=200 | data={"value":null} | headers=HTTPHeaderDict({'Content-Length': '14', 'Content-Type': 'application/json; charset=utf-8', 'cache-control': 'no-cache'})
2024-08-07 05:08:03 - DEBUG - Finished Request
2024-08-07 05:08:03 - DEBUG - POST http://localhost:55103/session/454d2bab5e7367e4ec24fa1136cccf9d/element {'using': 'css selector', 'value': '[id="close_top_banner"]'}
2024-08-07 05:08:03 - DEBUG - http://localhost:55103 "POST /session/454d2bab5e7367e4ec24fa1136cccf9d/element HTTP/1.1" 200 126
2024-08-07 05:08:03 - DEBUG - Remote response: status=200 | data={"value":{"element-6066-11e4-a52e-4f735466cecf":"f.6FCD7EF0B6D945F27119E878361BB69E.d.44DE2DBDFEC18ADCF4E2263D0D6B3D7C.e.44"}} | headers=HTTPHeaderDict({'Content-Length': '126', 'Content-Type': 'application/json; charset=utf-8', 'cache-control': 'no-cache'})
2024-08-07 05:08:03 - DEBUG - Finished Request
2024-08-07 05:08:03 - DEBUG - POST http://localhost:55103/session/454d2bab5e7367e4ec24fa1136cccf9d/execute/sync {'script': '/* isDisplayed */return (function(){return (function(){var g=this||self;\nfunction aa(a){var b=typeof...', 'args': [{'element-6066-11e4-a52e-4f735466cecf': 'f.6FCD7EF0B6D945F27119E878361BB69E.d.44DE2DBDFEC18ADCF4E2263D0D6B3D7C.e.44'}]}
2024-08-07 05:08:03 - DEBUG - http://localhost:55103 "POST /session/454d2bab5e7367e4ec24fa1136cccf9d/execute/sync HTTP/1.1" 200 14
2024-08-07 05:08:03 - DEBUG - Remote response: status=200 | data={"value":true} | headers=HTTPHeaderDict({'Content-Length': '14', 'Content-Type': 'application/json; charset=utf-8', 'cache-control': 'no-cache'})
2024-08-07 05:08:03 - DEBUG - Finished Request
2024-08-07 05:08:03 - DEBUG - GET http://localhost:55103/session/454d2bab5e7367e4ec24fa1136cccf9d/element/f.6FCD7EF0B6D945F27119E878361BB69E.d.44DE2DBDFEC18ADCF4E2263D0D6B3D7C.e.44/enabled {}
2024-08-07 05:08:03 - DEBUG - http://localhost:55103 "GET /session/454d2bab5e7367e4ec24fa1136cccf9d/element/f.6FCD7EF0B6D945F27119E878361BB69E.d.44DE2DBDFEC18ADCF4E2263D0D6B3D7C.e.44/enabled HTTP/1.1" 200 14
2024-08-07 05:08:03 - DEBUG - Remote response: status=200 | data={"value":true} | headers=HTTPHeaderDict({'Content-Length': '14', 'Content-Type': 'application/json; charset=utf-8', 'cache-control': 'no-cache'})
2024-08-07 05:08:03 - DEBUG - Finished Request
2024-08-07 05:08:03 - DEBUG - POST http://localhost:55103/session/454d2bab5e7367e4ec24fa1136cccf9d/element/f.6FCD7EF0B6D945F27119E878361BB69E.d.44DE2DBDFEC18ADCF4E2263D0D6B3D7C.e.44/click {}
2024-08-07 05:08:03 - DEBUG - http://localhost:55103 "POST /session/454d2bab5e7367e4ec24fa1136cccf9d/element/f.6FCD7EF0B6D945F27119E878361BB69E.d.44DE2DBDFEC18ADCF4E2263D0D6B3D7C.e.44/click HTTP/1.1" 200 14
2024-08-07 05:08:03 - DEBUG - Remote response: status=200 | data={"value":null} | headers=HTTPHeaderDict({'Content-Length': '14', 'Content-Type': 'application/json; charset=utf-8', 'cache-control': 'no-cache'})
2024-08-07 05:08:03 - DEBUG - Finished Request
2024-08-07 05:08:03 - DEBUG - 廣告橫幅已關閉
2024-08-07 05:08:03 - DEBUG - POST http://localhost:55103/session/454d2bab5e7367e4ec24fa1136cccf9d/element {'using': 'css selector', 'value': '[id="key"]'}
2024-08-07 05:08:03 - DEBUG - http://localhost:55103 "POST /session/454d2bab5e7367e4ec24fa1136cccf9d/element HTTP/1.1" 200 126
2024-08-07 05:08:03 - DEBUG - Remote response: status=200 | data={"value":{"element-6066-11e4-a52e-4f735466cecf":"f.6FCD7EF0B6D945F27119E878361BB69E.d.44DE2DBDFEC18ADCF4E2263D0D6B3D7C.e.45"}} | headers=HTTPHeaderDict({'Content-Length': '126', 'Content-Type': 'application/json; charset=utf-8', 'cache-control': 'no-cache'})
2024-08-07 05:08:03 - DEBUG - Finished Request
2024-08-07 05:08:03 - DEBUG - POST http://localhost:55103/session/454d2bab5e7367e4ec24fa1136cccf9d/element/f.6FCD7EF0B6D945F27119E878361BB69E.d.44DE2DBDFEC18ADCF4E2263D0D6B3D7C.e.45/clear {}
2024-08-07 05:08:03 - DEBUG - http://localhost:55103 "POST /session/454d2bab5e7367e4ec24fa1136cccf9d/element/f.6FCD7EF0B6D945F27119E878361BB69E.d.44DE2DBDFEC18ADCF4E2263D0D6B3D7C.e.45/clear HTTP/1.1" 200 14
2024-08-07 05:08:03 - DEBUG - Remote response: status=200 | data={"value":null} | headers=HTTPHeaderDict({'Content-Length': '14', 'Content-Type': 'application/json; charset=utf-8', 'cache-control': 'no-cache'})
2024-08-07 05:08:03 - DEBUG - Finished Request
2024-08-07 05:08:03 - DEBUG - POST http://localhost:55103/session/454d2bab5e7367e4ec24fa1136cccf9d/element/f.6FCD7EF0B6D945F27119E878361BB69E.d.44DE2DBDFEC18ADCF4E2263D0D6B3D7C.e.45/value {'text': '商業簡史', 'value': ['商', '業', '簡', '史']}
2024-08-07 05:08:03 - DEBUG - http://localhost:55103 "POST /session/454d2bab5e7367e4ec24fa1136cccf9d/element/f.6FCD7EF0B6D945F27119E878361BB69E.d.44DE2DBDFEC18ADCF4E2263D0D6B3D7C.e.45/value HTTP/1.1" 200 14
2024-08-07 05:08:03 - DEBUG - Remote response: status=200 | data={"value":null} | headers=HTTPHeaderDict({'Content-Length': '14', 'Content-Type': 'application/json; charset=utf-8', 'cache-control': 'no-cache'})
2024-08-07 05:08:03 - DEBUG - Finished Request
2024-08-07 05:08:03 - DEBUG - POST http://localhost:55103/session/454d2bab5e7367e4ec24fa1136cccf9d/element {'using': 'css selector', 'value': '.search_btn'}
2024-08-07 05:08:03 - DEBUG - http://localhost:55103 "POST /session/454d2bab5e7367e4ec24fa1136cccf9d/element HTTP/1.1" 200 126
2024-08-07 05:08:03 - DEBUG - Remote response: status=200 | data={"value":{"element-6066-11e4-a52e-4f735466cecf":"f.6FCD7EF0B6D945F27119E878361BB69E.d.44DE2DBDFEC18ADCF4E2263D0D6B3D7C.e.48"}} | headers=HTTPHeaderDict({'Content-Length': '126', 'Content-Type': 'application/json; charset=utf-8', 'cache-control': 'no-cache'})
2024-08-07 05:08:03 - DEBUG - Finished Request
2024-08-07 05:08:03 - DEBUG - POST http://localhost:55103/session/454d2bab5e7367e4ec24fa1136cccf9d/execute/sync {'script': '/* isDisplayed */return (function(){return (function(){var g=this||self;\nfunction aa(a){var b=typeof...', 'args': [{'element-6066-11e4-a52e-4f735466cecf': 'f.6FCD7EF0B6D945F27119E878361BB69E.d.44DE2DBDFEC18ADCF4E2263D0D6B3D7C.e.48'}]}
2024-08-07 05:08:03 - DEBUG - http://localhost:55103 "POST /session/454d2bab5e7367e4ec24fa1136cccf9d/execute/sync HTTP/1.1" 200 14
2024-08-07 05:08:03 - DEBUG - Remote response: status=200 | data={"value":true} | headers=HTTPHeaderDict({'Content-Length': '14', 'Content-Type': 'application/json; charset=utf-8', 'cache-control': 'no-cache'})
2024-08-07 05:08:03 - DEBUG - Finished Request
2024-08-07 05:08:03 - DEBUG - GET http://localhost:55103/session/454d2bab5e7367e4ec24fa1136cccf9d/element/f.6FCD7EF0B6D945F27119E878361BB69E.d.44DE2DBDFEC18ADCF4E2263D0D6B3D7C.e.48/enabled {}
2024-08-07 05:08:03 - DEBUG - http://localhost:55103 "GET /session/454d2bab5e7367e4ec24fa1136cccf9d/element/f.6FCD7EF0B6D945F27119E878361BB69E.d.44DE2DBDFEC18ADCF4E2263D0D6B3D7C.e.48/enabled HTTP/1.1" 200 14
2024-08-07 05:08:03 - DEBUG - Remote response: status=200 | data={"value":true} | headers=HTTPHeaderDict({'Content-Length': '14', 'Content-Type': 'application/json; charset=utf-8', 'cache-control': 'no-cache'})
2024-08-07 05:08:03 - DEBUG - Finished Request
2024-08-07 05:08:03 - DEBUG - POST http://localhost:55103/session/454d2bab5e7367e4ec24fa1136cccf9d/element/f.6FCD7EF0B6D945F27119E878361BB69E.d.44DE2DBDFEC18ADCF4E2263D0D6B3D7C.e.48/click {}
2024-08-07 05:08:04 - DEBUG - DELETE http://localhost:55103/session/454d2bab5e7367e4ec24fa1136cccf9d {}
2024-08-07 05:08:04 - DEBUG - Starting new HTTP connection (2): localhost:55103
2024-08-07 05:10:21 - INFO - 成功加載配置文件
2024-08-07 05:10:21 - INFO - 1. D:\marskingx.github.io\content\blog\2024-08-03【書單】《商業簡史 》閱讀心得.md
2024-08-07 05:10:21 - INFO - 2. D:\marskingx.github.io\content\blog\2024-08-01【理財】退休金沒有想像中的不夠，只要你現在開始投資，6個步驟開始你的退休金規劃！.md
2024-08-07 05:10:21 - INFO - 3. D:\marskingx.github.io\content\blog\2024-07-31【理財】知道多少才夠，比擁有多少錢更重要.md
2024-08-07 05:10:21 - INFO - 4. D:\marskingx.github.io\content\blog\2024-07-01【理財】3種自由都取得，才是真的財富自由：財務、時間、精神.md
2024-08-07 05:10:21 - INFO - 5. D:\marskingx.github.io\content\blog\2024-07-24【EP23】取乎其上，得乎其中。認識財務規劃的基礎3報表.md
2024-08-07 05:10:21 - INFO - 6. D:\marskingx.github.io\content\blog\2024-07-17【EP22】讓小孩有空間也讓自己學會珍惜時間，接著就取得3個財富自由的條件.md
2024-08-07 05:10:21 - INFO - 7. D:\marskingx.github.io\content\blog\2024-07-23【理財】個人財務規劃的3大財務報表：一張都不能少？.md
2024-08-07 05:10:21 - INFO - 8. D:\marskingx.github.io\content\blog\2024-07-22【書單】《開始分心，就是要變強了》閱讀心得.md
2024-08-07 05:10:21 - INFO - 9. D:\marskingx.github.io\content\blog\2024-07-20【嗑書】《給孩子的商業啟蒙》讀書心得.md
2024-08-07 05:10:21 - INFO - 10. D:\marskingx.github.io\content\blog\2023-10-28【嗑書】《商業書10倍高效》讀書心得.md
2024-08-07 05:10:23 - WARNING - 在文件 D:\marskingx.github.io\content\blog\2024-08-03【書單】《商業簡史 》閱讀心得.md 的 YAML 前置數據中未找到 categories 字段
2024-08-07 05:10:23 - INFO - 開始處理書評: D:\marskingx.github.io\content\blog\2024-08-03【書單】《商業簡史 》閱讀心得.md
2024-08-07 05:10:23 - INFO - 成功提取書名: 商業簡史
2024-08-07 05:10:23 - INFO - 取得聯盟行銷連結，書名: 商業簡史
2024-08-07 05:10:23 - DEBUG - Selenium Manager binary found at: C:\Users\Mars\AppData\Local\Programs\Python\Python312\Lib\site-packages\selenium\webdriver\common\windows\selenium-manager.exe
2024-08-07 05:10:23 - DEBUG - Executing process: C:\Users\Mars\AppData\Local\Programs\Python\Python312\Lib\site-packages\selenium\webdriver\common\windows\selenium-manager.exe --browser chrome --debug --language-binding python --output json
2024-08-07 05:10:23 - DEBUG - chromedriver not found in PATH
2024-08-07 05:10:23 - DEBUG - chrome detected at C:\Program Files\Google\Chrome\Application\chrome.exe
2024-08-07 05:10:23 - DEBUG - Running command: wmic datafile where name='C:\\Program Files\\Google\\Chrome\\Application\\chrome.exe' get Version /value
2024-08-07 05:10:23 - DEBUG - Output: ""
2024-08-07 05:10:23 - DEBUG - Running command: REG QUERY HKCU\Software\Google\Chrome\BLBeacon /v version
2024-08-07 05:10:23 - DEBUG - Output: ""
2024-08-07 05:10:23 - DEBUG - chrome not found in the system
2024-08-07 05:10:23 - DEBUG - Required browser: chrome 127.0.6533.99
2024-08-07 05:10:23 - DEBUG - chrome 127.0.6533.99 already exists
2024-08-07 05:10:23 - DEBUG - chrome 127.0.6533.99 is available at C:\Users\Mars\.cache\selenium\chrome\win64\127.0.6533.99\chrome.exe
2024-08-07 05:10:23 - DEBUG - Required driver: chromedriver 127.0.6533.99
2024-08-07 05:10:23 - DEBUG - chromedriver 127.0.6533.99 already in the cache
2024-08-07 05:10:23 - DEBUG - Driver path: C:\Users\Mars\.cache\selenium\chromedriver\win64\127.0.6533.99\chromedriver.exe
2024-08-07 05:10:23 - DEBUG - Browser path: C:\Users\Mars\.cache\selenium\chrome\win64\127.0.6533.99\chrome.exe
2024-08-07 05:10:23 - DEBUG - Started executable: `C:\Users\Mars\.cache\selenium\chromedriver\win64\127.0.6533.99\chromedriver.exe` in a child process with pid: 50684 using 0 to output -3
2024-08-07 05:10:24 - DEBUG - POST http://localhost:55253/session {'capabilities': {'firstMatch': [{}], 'alwaysMatch': {'browserName': 'chrome', 'pageLoadStrategy': <PageLoadStrategy.normal: 'normal'>, 'browserVersion': None, 'goog:chromeOptions': {'extensions': [], 'binary': 'C:\\Users\\Mars\\.cache\\selenium\\chrome\\win64\\127.0.6533.99\\chrome.exe', 'args': ['--headless', '--disable-gpu', '--no-sandbox', '--disable-dev-shm-usage', 'user-agent=Mozilla/5.0 (Windows NT 10.0; Win64; x64) AppleWebKit/537.36 (KHTML, like Gecko) Chrome/91.0.4472.124 Safari/537.36']}}}}
2024-08-07 05:10:24 - DEBUG - Starting new HTTP connection (1): localhost:55253
2024-08-07 05:10:24 - DEBUG - http://localhost:55253 "POST /session HTTP/1.1" 200 895
2024-08-07 05:10:24 - DEBUG - Remote response: status=200 | data={"value":{"capabilities":{"acceptInsecureCerts":false,"browserName":"chrome-headless-shell","browserVersion":"127.0.6533.99","chrome":{"chromedriverVersion":"127.0.6533.99 (f31af5097d90ef5ae5bd7b8700199bc6189ba34d-refs/branch-heads/6533@{#1910})","userDataDir":"C:\\Users\\Mars\\AppData\\Local\\Temp\\scoped_dir50684_313117088"},"fedcm:accounts":true,"goog:chromeOptions":{"debuggerAddress":"localhost:55256"},"networkConnectionEnabled":false,"pageLoadStrategy":"normal","platformName":"windows","proxy":{},"setWindowRect":true,"strictFileInteractability":false,"timeouts":{"implicit":0,"pageLoad":300000,"script":30000},"unhandledPromptBehavior":"dismiss and notify","webauthn:extension:credBlob":true,"webauthn:extension:largeBlob":true,"webauthn:extension:minPinLength":true,"webauthn:extension:prf":true,"webauthn:virtualAuthenticators":true},"sessionId":"70f1883b42ba9b68f903765ecb3f799e"}} | headers=HTTPHeaderDict({'Content-Length': '895', 'Content-Type': 'application/json; charset=utf-8', 'cache-control': 'no-cache'})
2024-08-07 05:10:24 - DEBUG - Finished Request
2024-08-07 05:10:24 - DEBUG - POST http://localhost:55253/session/70f1883b42ba9b68f903765ecb3f799e/timeouts {'pageLoad': 30000}
2024-08-07 05:10:24 - DEBUG - http://localhost:55253 "POST /session/70f1883b42ba9b68f903765ecb3f799e/timeouts HTTP/1.1" 200 14
2024-08-07 05:10:24 - DEBUG - Remote response: status=200 | data={"value":null} | headers=HTTPHeaderDict({'Content-Length': '14', 'Content-Type': 'application/json; charset=utf-8', 'cache-control': 'no-cache'})
2024-08-07 05:10:24 - DEBUG - Finished Request
2024-08-07 05:10:24 - DEBUG - 初始化 WebDriver 完成
2024-08-07 05:10:24 - DEBUG - POST http://localhost:55253/session/70f1883b42ba9b68f903765ecb3f799e/url {'url': 'https://www.books.com.tw/'}
2024-08-07 05:10:26 - DEBUG - http://localhost:55253 "POST /session/70f1883b42ba9b68f903765ecb3f799e/url HTTP/1.1" 200 14
2024-08-07 05:10:26 - DEBUG - Remote response: status=200 | data={"value":null} | headers=HTTPHeaderDict({'Content-Length': '14', 'Content-Type': 'application/json; charset=utf-8', 'cache-control': 'no-cache'})
2024-08-07 05:10:26 - DEBUG - Finished Request
2024-08-07 05:10:26 - DEBUG - POST http://localhost:55253/session/70f1883b42ba9b68f903765ecb3f799e/element {'using': 'css selector', 'value': '[id="close_top_banner"]'}
2024-08-07 05:10:26 - DEBUG - http://localhost:55253 "POST /session/70f1883b42ba9b68f903765ecb3f799e/element HTTP/1.1" 200 126
2024-08-07 05:10:26 - DEBUG - Remote response: status=200 | data={"value":{"element-6066-11e4-a52e-4f735466cecf":"f.2D29C1E5FA03F969D731A9D1B7D066ED.d.F2FB38BF509EE4D224948CD806D71D08.e.41"}} | headers=HTTPHeaderDict({'Content-Length': '126', 'Content-Type': 'application/json; charset=utf-8', 'cache-control': 'no-cache'})
2024-08-07 05:10:26 - DEBUG - Finished Request
2024-08-07 05:10:26 - DEBUG - POST http://localhost:55253/session/70f1883b42ba9b68f903765ecb3f799e/execute/sync {'script': '/* isDisplayed */return (function(){return (function(){var g=this||self;\nfunction aa(a){var b=typeof...', 'args': [{'element-6066-11e4-a52e-4f735466cecf': 'f.2D29C1E5FA03F969D731A9D1B7D066ED.d.F2FB38BF509EE4D224948CD806D71D08.e.41'}]}
2024-08-07 05:10:26 - DEBUG - http://localhost:55253 "POST /session/70f1883b42ba9b68f903765ecb3f799e/execute/sync HTTP/1.1" 200 14
2024-08-07 05:10:26 - DEBUG - Remote response: status=200 | data={"value":true} | headers=HTTPHeaderDict({'Content-Length': '14', 'Content-Type': 'application/json; charset=utf-8', 'cache-control': 'no-cache'})
2024-08-07 05:10:26 - DEBUG - Finished Request
2024-08-07 05:10:26 - DEBUG - GET http://localhost:55253/session/70f1883b42ba9b68f903765ecb3f799e/element/f.2D29C1E5FA03F969D731A9D1B7D066ED.d.F2FB38BF509EE4D224948CD806D71D08.e.41/enabled {}
2024-08-07 05:10:26 - DEBUG - http://localhost:55253 "GET /session/70f1883b42ba9b68f903765ecb3f799e/element/f.2D29C1E5FA03F969D731A9D1B7D066ED.d.F2FB38BF509EE4D224948CD806D71D08.e.41/enabled HTTP/1.1" 200 14
2024-08-07 05:10:26 - DEBUG - Remote response: status=200 | data={"value":true} | headers=HTTPHeaderDict({'Content-Length': '14', 'Content-Type': 'application/json; charset=utf-8', 'cache-control': 'no-cache'})
2024-08-07 05:10:26 - DEBUG - Finished Request
2024-08-07 05:10:26 - DEBUG - POST http://localhost:55253/session/70f1883b42ba9b68f903765ecb3f799e/element/f.2D29C1E5FA03F969D731A9D1B7D066ED.d.F2FB38BF509EE4D224948CD806D71D08.e.41/click {}
2024-08-07 05:10:26 - DEBUG - http://localhost:55253 "POST /session/70f1883b42ba9b68f903765ecb3f799e/element/f.2D29C1E5FA03F969D731A9D1B7D066ED.d.F2FB38BF509EE4D224948CD806D71D08.e.41/click HTTP/1.1" 200 14
2024-08-07 05:10:26 - DEBUG - Remote response: status=200 | data={"value":null} | headers=HTTPHeaderDict({'Content-Length': '14', 'Content-Type': 'application/json; charset=utf-8', 'cache-control': 'no-cache'})
2024-08-07 05:10:26 - DEBUG - Finished Request
2024-08-07 05:10:26 - DEBUG - 廣告橫幅已關閉
2024-08-07 05:10:26 - DEBUG - POST http://localhost:55253/session/70f1883b42ba9b68f903765ecb3f799e/element {'using': 'css selector', 'value': '[id="key"]'}
2024-08-07 05:10:26 - DEBUG - http://localhost:55253 "POST /session/70f1883b42ba9b68f903765ecb3f799e/element HTTP/1.1" 200 126
2024-08-07 05:10:26 - DEBUG - Remote response: status=200 | data={"value":{"element-6066-11e4-a52e-4f735466cecf":"f.2D29C1E5FA03F969D731A9D1B7D066ED.d.F2FB38BF509EE4D224948CD806D71D08.e.42"}} | headers=HTTPHeaderDict({'Content-Length': '126', 'Content-Type': 'application/json; charset=utf-8', 'cache-control': 'no-cache'})
2024-08-07 05:10:26 - DEBUG - Finished Request
2024-08-07 05:10:26 - DEBUG - POST http://localhost:55253/session/70f1883b42ba9b68f903765ecb3f799e/element/f.2D29C1E5FA03F969D731A9D1B7D066ED.d.F2FB38BF509EE4D224948CD806D71D08.e.42/clear {}
2024-08-07 05:10:26 - DEBUG - http://localhost:55253 "POST /session/70f1883b42ba9b68f903765ecb3f799e/element/f.2D29C1E5FA03F969D731A9D1B7D066ED.d.F2FB38BF509EE4D224948CD806D71D08.e.42/clear HTTP/1.1" 200 14
2024-08-07 05:10:26 - DEBUG - Remote response: status=200 | data={"value":null} | headers=HTTPHeaderDict({'Content-Length': '14', 'Content-Type': 'application/json; charset=utf-8', 'cache-control': 'no-cache'})
2024-08-07 05:10:26 - DEBUG - Finished Request
2024-08-07 05:10:26 - DEBUG - POST http://localhost:55253/session/70f1883b42ba9b68f903765ecb3f799e/element/f.2D29C1E5FA03F969D731A9D1B7D066ED.d.F2FB38BF509EE4D224948CD806D71D08.e.42/value {'text': '商業簡史', 'value': ['商', '業', '簡', '史']}
2024-08-07 05:10:26 - DEBUG - http://localhost:55253 "POST /session/70f1883b42ba9b68f903765ecb3f799e/element/f.2D29C1E5FA03F969D731A9D1B7D066ED.d.F2FB38BF509EE4D224948CD806D71D08.e.42/value HTTP/1.1" 200 14
2024-08-07 05:10:26 - DEBUG - Remote response: status=200 | data={"value":null} | headers=HTTPHeaderDict({'Content-Length': '14', 'Content-Type': 'application/json; charset=utf-8', 'cache-control': 'no-cache'})
2024-08-07 05:10:26 - DEBUG - Finished Request
2024-08-07 05:10:26 - DEBUG - POST http://localhost:55253/session/70f1883b42ba9b68f903765ecb3f799e/element {'using': 'css selector', 'value': '.search_btn'}
2024-08-07 05:10:26 - DEBUG - http://localhost:55253 "POST /session/70f1883b42ba9b68f903765ecb3f799e/element HTTP/1.1" 200 126
2024-08-07 05:10:26 - DEBUG - Remote response: status=200 | data={"value":{"element-6066-11e4-a52e-4f735466cecf":"f.2D29C1E5FA03F969D731A9D1B7D066ED.d.F2FB38BF509EE4D224948CD806D71D08.e.45"}} | headers=HTTPHeaderDict({'Content-Length': '126', 'Content-Type': 'application/json; charset=utf-8', 'cache-control': 'no-cache'})
2024-08-07 05:10:26 - DEBUG - Finished Request
2024-08-07 05:10:26 - DEBUG - POST http://localhost:55253/session/70f1883b42ba9b68f903765ecb3f799e/execute/sync {'script': '/* isDisplayed */return (function(){return (function(){var g=this||self;\nfunction aa(a){var b=typeof...', 'args': [{'element-6066-11e4-a52e-4f735466cecf': 'f.2D29C1E5FA03F969D731A9D1B7D066ED.d.F2FB38BF509EE4D224948CD806D71D08.e.45'}]}
2024-08-07 05:10:26 - DEBUG - http://localhost:55253 "POST /session/70f1883b42ba9b68f903765ecb3f799e/execute/sync HTTP/1.1" 200 14
2024-08-07 05:10:26 - DEBUG - Remote response: status=200 | data={"value":true} | headers=HTTPHeaderDict({'Content-Length': '14', 'Content-Type': 'application/json; charset=utf-8', 'cache-control': 'no-cache'})
2024-08-07 05:10:26 - DEBUG - Finished Request
2024-08-07 05:10:26 - DEBUG - GET http://localhost:55253/session/70f1883b42ba9b68f903765ecb3f799e/element/f.2D29C1E5FA03F969D731A9D1B7D066ED.d.F2FB38BF509EE4D224948CD806D71D08.e.45/enabled {}
2024-08-07 05:10:26 - DEBUG - http://localhost:55253 "GET /session/70f1883b42ba9b68f903765ecb3f799e/element/f.2D29C1E5FA03F969D731A9D1B7D066ED.d.F2FB38BF509EE4D224948CD806D71D08.e.45/enabled HTTP/1.1" 200 14
2024-08-07 05:10:26 - DEBUG - Remote response: status=200 | data={"value":true} | headers=HTTPHeaderDict({'Content-Length': '14', 'Content-Type': 'application/json; charset=utf-8', 'cache-control': 'no-cache'})
2024-08-07 05:10:26 - DEBUG - Finished Request
2024-08-07 05:10:26 - DEBUG - POST http://localhost:55253/session/70f1883b42ba9b68f903765ecb3f799e/element/f.2D29C1E5FA03F969D731A9D1B7D066ED.d.F2FB38BF509EE4D224948CD806D71D08.e.45/click {}
2024-08-07 05:10:27 - DEBUG - http://localhost:55253 "POST /session/70f1883b42ba9b68f903765ecb3f799e/element/f.2D29C1E5FA03F969D731A9D1B7D066ED.d.F2FB38BF509EE4D224948CD806D71D08.e.45/click HTTP/1.1" 200 14
2024-08-07 05:10:27 - DEBUG - Remote response: status=200 | data={"value":null} | headers=HTTPHeaderDict({'Content-Length': '14', 'Content-Type': 'application/json; charset=utf-8', 'cache-control': 'no-cache'})
2024-08-07 05:10:27 - DEBUG - Finished Request
2024-08-07 05:10:30 - DEBUG - DELETE http://localhost:55253/session/70f1883b42ba9b68f903765ecb3f799e {}
2024-08-07 05:10:30 - DEBUG - Incremented Retry for (url='/session/70f1883b42ba9b68f903765ecb3f799e'): Retry(total=2, connect=None, read=None, redirect=None, status=None)
2024-08-07 05:10:30 - WARNING - Retrying (Retry(total=2, connect=None, read=None, redirect=None, status=None)) after connection broken by 'ProtocolError('Connection aborted.', ConnectionResetError(10054, '遠端主機已強制關閉一個現存的連線。', None, 10054, None))': /session/70f1883b42ba9b68f903765ecb3f799e
2024-08-07 05:10:30 - DEBUG - Starting new HTTP connection (2): localhost:55253
2024-08-07 05:10:35 - DEBUG - Incremented Retry for (url='/session/70f1883b42ba9b68f903765ecb3f799e'): Retry(total=1, connect=None, read=None, redirect=None, status=None)
2024-08-07 05:10:35 - WARNING - Retrying (Retry(total=1, connect=None, read=None, redirect=None, status=None)) after connection broken by 'NewConnectionError('<urllib3.connection.HTTPConnection object at 0x0000017C665B3230>: Failed to establish a new connection: [WinError 10061] 無法連線，因為目標電腦拒絕連線。')': /session/70f1883b42ba9b68f903765ecb3f799e
2024-08-07 05:10:35 - DEBUG - Starting new HTTP connection (3): localhost:55253
