2024-08-01 20:41:54 - INFO - 成功加載配置文件
2024-08-01 20:41:54 - INFO - 1. D:\marskingx.github.io\content\blog\2024-07-31【理財】知道多少才夠，比擁有多少錢更重要.md
2024-08-01 20:41:54 - INFO - 2. D:\marskingx.github.io\content\blog\2024-08-01【理財】退休金沒有想像中的不夠，只要你現在開始投資，6個步驟開始你的退休金規劃！.md
2024-08-01 20:41:54 - INFO - 3. D:\marskingx.github.io\content\blog\2024-07-01【理財】3種自由都取得，才是真的財富自由：財務、時間、精神.md
2024-08-01 20:41:54 - INFO - 4. D:\marskingx.github.io\content\blog\2024-07-24【EP23】取乎其上，得乎其中。認識財務規劃的基礎3報表.md
2024-08-01 20:41:54 - INFO - 5. D:\marskingx.github.io\content\blog\2024-07-17【EP22】讓小孩有空間也讓自己學會珍惜時間，接著就取得3個財富自由的條件.md
2024-08-01 20:41:54 - INFO - 6. D:\marskingx.github.io\content\blog\2024-07-23【理財】個人財務規劃的3大財務報表：一張都不能少？.md
2024-08-01 20:41:54 - INFO - 7. D:\marskingx.github.io\content\blog\2024-07-22【書單】《開始分心，就是要變強了》閱讀心得.md
2024-08-01 20:41:54 - INFO - 8. D:\marskingx.github.io\content\blog\2024-07-20【嗑書】《給孩子的商業啟蒙》讀書心得.md
2024-08-01 20:41:54 - INFO - 9. D:\marskingx.github.io\content\blog\2023-10-28【嗑書】《商業書10倍高效》讀書心得.md
2024-08-01 20:41:54 - INFO - 10. D:\marskingx.github.io\content\blog\2023-11-09【保險】信用卡回饋繳保費真的有比較省嗎算出來虧大了!.md
2024-08-01 20:41:56 - WARNING - 在文件 D:\marskingx.github.io\content\blog\2024-07-31【理財】知道多少才夠，比擁有多少錢更重要.md 中未找到 YAML 前置數據
2024-08-01 20:41:56 - INFO - 開始處理財務心態: D:\marskingx.github.io\content\blog\2024-07-31【理財】知道多少才夠，比擁有多少錢更重要.md
2024-08-01 20:41:56 - DEBUG - 成功更新 YAML 內容
2024-08-01 20:41:56 - DEBUG - 成功寫入更新後的內容到文件
2024-08-01 20:45:17 - INFO - 成功加載配置文件
2024-08-01 20:45:17 - INFO - 1. D:\marskingx.github.io\content\blog\2024-07-31【理財】知道多少才夠，比擁有多少錢更重要.md
2024-08-01 20:45:17 - INFO - 2. D:\marskingx.github.io\content\blog\2024-08-01【理財】退休金沒有想像中的不夠，只要你現在開始投資，6個步驟開始你的退休金規劃！.md
2024-08-01 20:45:17 - INFO - 3. D:\marskingx.github.io\content\blog\2024-07-01【理財】3種自由都取得，才是真的財富自由：財務、時間、精神.md
2024-08-01 20:45:17 - INFO - 4. D:\marskingx.github.io\content\blog\2024-07-24【EP23】取乎其上，得乎其中。認識財務規劃的基礎3報表.md
2024-08-01 20:45:17 - INFO - 5. D:\marskingx.github.io\content\blog\2024-07-17【EP22】讓小孩有空間也讓自己學會珍惜時間，接著就取得3個財富自由的條件.md
2024-08-01 20:45:17 - INFO - 6. D:\marskingx.github.io\content\blog\2024-07-23【理財】個人財務規劃的3大財務報表：一張都不能少？.md
2024-08-01 20:45:17 - INFO - 7. D:\marskingx.github.io\content\blog\2024-07-22【書單】《開始分心，就是要變強了》閱讀心得.md
2024-08-01 20:45:17 - INFO - 8. D:\marskingx.github.io\content\blog\2024-07-20【嗑書】《給孩子的商業啟蒙》讀書心得.md
2024-08-01 20:45:17 - INFO - 9. D:\marskingx.github.io\content\blog\2023-10-28【嗑書】《商業書10倍高效》讀書心得.md
2024-08-01 20:45:17 - INFO - 10. D:\marskingx.github.io\content\blog\2023-11-09【保險】信用卡回饋繳保費真的有比較省嗎算出來虧大了!.md
2024-08-01 20:45:22 - WARNING - 在文件 D:\marskingx.github.io\content\blog\2024-08-01【理財】退休金沒有想像中的不夠，只要你現在開始投資，6個步驟開始你的退休金規劃！.md 的 YAML 前置數據中未找到 categories 字段
2024-08-01 20:45:22 - INFO - 開始處理財務心態: D:\marskingx.github.io\content\blog\2024-08-01【理財】退休金沒有想像中的不夠，只要你現在開始投資，6個步驟開始你的退休金規劃！.md
2024-08-01 20:45:22 - DEBUG - 成功更新 YAML 內容
2024-08-01 20:45:22 - DEBUG - 成功寫入更新後的內容到文件
