2024-08-16 06:23:37 - INFO - 成功加載配置文件
2024-08-16 06:23:37 - INFO - 1. D:\marskingx.github.io\content\blog\2024-08-14【EP25】如何擁有好的投資心態，又過了一次回憶無窮的父親節.md
2024-08-16 06:23:37 - INFO - 2. D:\marskingx.github.io\content\blog\2024-08-15【書單】《極客之道》閱讀心得.md
2024-08-16 06:23:37 - INFO - 3. D:\marskingx.github.io\content\blog\2024-08-14【投資】2024 VTI完整分析，誰適合投資VTI.md
2024-08-16 06:23:37 - INFO - 4. D:\marskingx.github.io\content\blog\2024-08-07【EP24】台股下跌!刀刀見股!不要問!問就是買!歡慶麟洋金牌!股票大特賣!.md
2024-08-16 06:23:37 - INFO - 5. D:\marskingx.github.io\content\blog\2024-07-24【EP23】取乎其上，得乎其中。認識財務規劃的基礎3報表.md
2024-08-16 06:23:37 - INFO - 6. D:\marskingx.github.io\content\blog\2024-08-03【書單】《商業簡史 》閱讀心得.md
2024-08-16 06:23:37 - INFO - 7. D:\marskingx.github.io\content\blog\2024-07-22【書單】《開始分心，就是要變強了》閱讀心得.md
2024-08-16 06:23:37 - INFO - 8. D:\marskingx.github.io\content\blog\2024-08-01【理財】退休金沒有想像中的不夠，只要你現在開始投資，6個步驟開始你的退休金規劃！.md
2024-08-16 06:23:37 - INFO - 9. D:\marskingx.github.io\content\blog\2024-07-31【理財】知道多少才夠，比擁有多少錢更重要.md
2024-08-16 06:23:37 - INFO - 10. D:\marskingx.github.io\content\blog\2024-07-01【理財】3種自由都取得，才是真的財富自由：財務、時間、精神.md
2024-08-16 06:24:53 - INFO - 成功加載配置文件
2024-08-16 06:24:53 - INFO - 1. D:\marskingx.github.io\content\blog\【投資】2024 QQQ完整分析介紹，誰又適合投資VTI f43844df047e45b097b7269de3db4e4e.md
2024-08-16 06:24:53 - INFO - 2. D:\marskingx.github.io\content\blog\2024-08-14【EP25】如何擁有好的投資心態，又過了一次回憶無窮的父親節.md
2024-08-16 06:24:53 - INFO - 3. D:\marskingx.github.io\content\blog\2024-08-15【書單】《極客之道》閱讀心得.md
2024-08-16 06:24:53 - INFO - 4. D:\marskingx.github.io\content\blog\2024-08-14【投資】2024 VTI完整分析，誰適合投資VTI.md
2024-08-16 06:24:53 - INFO - 5. D:\marskingx.github.io\content\blog\2024-08-07【EP24】台股下跌!刀刀見股!不要問!問就是買!歡慶麟洋金牌!股票大特賣!.md
2024-08-16 06:24:53 - INFO - 6. D:\marskingx.github.io\content\blog\2024-07-24【EP23】取乎其上，得乎其中。認識財務規劃的基礎3報表.md
2024-08-16 06:24:53 - INFO - 7. D:\marskingx.github.io\content\blog\2024-08-03【書單】《商業簡史 》閱讀心得.md
2024-08-16 06:24:53 - INFO - 8. D:\marskingx.github.io\content\blog\2024-07-22【書單】《開始分心，就是要變強了》閱讀心得.md
2024-08-16 06:24:53 - INFO - 9. D:\marskingx.github.io\content\blog\2024-08-01【理財】退休金沒有想像中的不夠，只要你現在開始投資，6個步驟開始你的退休金規劃！.md
2024-08-16 06:24:53 - INFO - 10. D:\marskingx.github.io\content\blog\2024-07-31【理財】知道多少才夠，比擁有多少錢更重要.md
2024-08-16 06:24:57 - INFO - 從文件 D:\marskingx.github.io\content\blog\【投資】2024 QQQ完整分析介紹，誰又適合投資VTI f43844df047e45b097b7269de3db4e4e.md 內容中提取到類別: 理財工具與金融商品
2024-08-16 06:24:57 - INFO - 開始處理金融工具: D:\marskingx.github.io\content\blog\【投資】2024 QQQ完整分析介紹，誰又適合投資VTI f43844df047e45b097b7269de3db4e4e.md
2024-08-16 06:24:57 - DEBUG - 成功寫入更新後的內容到文件
