2024-08-04 07:47:13 - INFO - 成功加載配置文件
2024-08-04 07:47:13 - INFO - 1. D:\marskingx.github.io\content\blog\2024-08-03【書單】《商業簡史 》閱讀心得.md
2024-08-04 07:47:13 - INFO - 2. D:\marskingx.github.io\content\blog\2024-08-01【理財】退休金沒有想像中的不夠，只要你現在開始投資，6個步驟開始你的退休金規劃！.md
2024-08-04 07:47:13 - INFO - 3. D:\marskingx.github.io\content\blog\2024-07-31【理財】知道多少才夠，比擁有多少錢更重要.md
2024-08-04 07:47:13 - INFO - 4. D:\marskingx.github.io\content\blog\2024-07-01【理財】3種自由都取得，才是真的財富自由：財務、時間、精神.md
2024-08-04 07:47:13 - INFO - 5. D:\marskingx.github.io\content\blog\2024-07-24【EP23】取乎其上，得乎其中。認識財務規劃的基礎3報表.md
2024-08-04 07:47:13 - INFO - 6. D:\marskingx.github.io\content\blog\2024-07-17【EP22】讓小孩有空間也讓自己學會珍惜時間，接著就取得3個財富自由的條件.md
2024-08-04 07:47:13 - INFO - 7. D:\marskingx.github.io\content\blog\2024-07-23【理財】個人財務規劃的3大財務報表：一張都不能少？.md
2024-08-04 07:47:13 - INFO - 8. D:\marskingx.github.io\content\blog\2024-07-22【書單】《開始分心，就是要變強了》閱讀心得.md
2024-08-04 07:47:13 - INFO - 9. D:\marskingx.github.io\content\blog\2024-07-20【嗑書】《給孩子的商業啟蒙》讀書心得.md
2024-08-04 07:47:13 - INFO - 10. D:\marskingx.github.io\content\blog\2023-10-28【嗑書】《商業書10倍高效》讀書心得.md
2024-08-04 07:47:16 - WARNING - 在文件 D:\marskingx.github.io\content\blog\2024-08-03【書單】《商業簡史 》閱讀心得.md 中未找到 YAML 前置數據
2024-08-04 07:47:16 - INFO - 開始處理書評: D:\marskingx.github.io\content\blog\2024-08-03【書單】《商業簡史 》閱讀心得.md
2024-08-04 07:47:16 - INFO - 成功提取書名: 商業簡史
2024-08-04 07:47:16 - INFO - 取得聯盟行銷連結，書名: 商業簡史
2024-08-04 07:47:16 - DEBUG - Selenium Manager binary found at: C:\Users\Mars\AppData\Local\Programs\Python\Python312\Lib\site-packages\selenium\webdriver\common\windows\selenium-manager.exe
2024-08-04 07:47:16 - DEBUG - Executing process: C:\Users\Mars\AppData\Local\Programs\Python\Python312\Lib\site-packages\selenium\webdriver\common\windows\selenium-manager.exe --browser chrome --debug --language-binding python --output json
2024-08-04 07:47:16 - DEBUG - Sending stats to Plausible: Props { browser: "chrome", browser_version: "", os: "windows", arch: "amd64", lang: "python", selenium_version: "4.22-nightly" }
2024-08-04 07:47:16 - DEBUG - chromedriver not found in PATH
2024-08-04 07:47:16 - DEBUG - chrome detected at C:\Program Files\Google\Chrome\Application\chrome.exe
2024-08-04 07:47:16 - DEBUG - Running command: wmic datafile where name='C:\\Program Files\\Google\\Chrome\\Application\\chrome.exe' get Version /value
2024-08-04 07:47:16 - DEBUG - Output: ""
2024-08-04 07:47:16 - DEBUG - Running command: REG QUERY HKCU\Software\Google\Chrome\BLBeacon /v version
2024-08-04 07:47:16 - DEBUG - Output: ""
2024-08-04 07:47:16 - DEBUG - chrome not found in the system
2024-08-04 07:47:16 - DEBUG - Required browser: chrome 127.0.6533.88
2024-08-04 07:47:16 - DEBUG - chrome 127.0.6533.88 already exists
2024-08-04 07:47:16 - DEBUG - chrome 127.0.6533.88 is available at C:\Users\Mars\.cache\selenium\chrome\win64\127.0.6533.88\chrome.exe
2024-08-04 07:47:16 - DEBUG - Required driver: chromedriver 127.0.6533.88
2024-08-04 07:47:16 - DEBUG - chromedriver 127.0.6533.88 already in the cache
2024-08-04 07:47:16 - DEBUG - Driver path: C:\Users\Mars\.cache\selenium\chromedriver\win64\127.0.6533.88\chromedriver.exe
2024-08-04 07:47:16 - DEBUG - Browser path: C:\Users\Mars\.cache\selenium\chrome\win64\127.0.6533.88\chrome.exe
2024-08-04 07:47:16 - DEBUG - Started executable: `C:\Users\Mars\.cache\selenium\chromedriver\win64\127.0.6533.88\chromedriver.exe` in a child process with pid: 39780 using 0 to output -3
2024-08-04 07:47:17 - DEBUG - POST http://localhost:58982/session {'capabilities': {'firstMatch': [{}], 'alwaysMatch': {'browserName': 'chrome', 'pageLoadStrategy': <PageLoadStrategy.normal: 'normal'>, 'browserVersion': None, 'goog:chromeOptions': {'extensions': [], 'binary': 'C:\\Users\\Mars\\.cache\\selenium\\chrome\\win64\\127.0.6533.88\\chrome.exe', 'args': ['--headless', '--disable-gpu', '--no-sandbox', '--disable-dev-shm-usage', 'user-agent=Mozilla/5.0 (Windows NT 10.0; Win64; x64) AppleWebKit/537.36 (KHTML, like Gecko) Chrome/91.0.4472.124 Safari/537.36']}}}}
2024-08-04 07:47:17 - DEBUG - Starting new HTTP connection (1): localhost:58982
2024-08-04 07:47:17 - DEBUG - http://localhost:58982 "POST /session HTTP/1.1" 200 896
2024-08-04 07:47:17 - DEBUG - Remote response: status=200 | data={"value":{"capabilities":{"acceptInsecureCerts":false,"browserName":"chrome-headless-shell","browserVersion":"127.0.6533.88","chrome":{"chromedriverVersion":"127.0.6533.88 (a2d0cb026721e4644e489b8ebb07038ca4e4351c-refs/branch-heads/6533@{#1846})","userDataDir":"C:\\Users\\Mars\\AppData\\Local\\Temp\\scoped_dir39780_1904513060"},"fedcm:accounts":true,"goog:chromeOptions":{"debuggerAddress":"localhost:58986"},"networkConnectionEnabled":false,"pageLoadStrategy":"normal","platformName":"windows","proxy":{},"setWindowRect":true,"strictFileInteractability":false,"timeouts":{"implicit":0,"pageLoad":300000,"script":30000},"unhandledPromptBehavior":"dismiss and notify","webauthn:extension:credBlob":true,"webauthn:extension:largeBlob":true,"webauthn:extension:minPinLength":true,"webauthn:extension:prf":true,"webauthn:virtualAuthenticators":true},"sessionId":"b9927a9956c777a83888cb40c959cfa6"}} | headers=HTTPHeaderDict({'Content-Length': '896', 'Content-Type': 'application/json; charset=utf-8', 'cache-control': 'no-cache'})
2024-08-04 07:47:17 - DEBUG - Finished Request
2024-08-04 07:47:17 - DEBUG - POST http://localhost:58982/session/b9927a9956c777a83888cb40c959cfa6/timeouts {'pageLoad': 30000}
2024-08-04 07:47:17 - DEBUG - http://localhost:58982 "POST /session/b9927a9956c777a83888cb40c959cfa6/timeouts HTTP/1.1" 200 14
2024-08-04 07:47:17 - DEBUG - Remote response: status=200 | data={"value":null} | headers=HTTPHeaderDict({'Content-Length': '14', 'Content-Type': 'application/json; charset=utf-8', 'cache-control': 'no-cache'})
2024-08-04 07:47:17 - DEBUG - Finished Request
2024-08-04 07:47:17 - DEBUG - 初始化 WebDriver 完成
2024-08-04 07:47:17 - DEBUG - POST http://localhost:58982/session/b9927a9956c777a83888cb40c959cfa6/url {'url': 'https://www.books.com.tw/'}
2024-08-04 07:47:19 - DEBUG - http://localhost:58982 "POST /session/b9927a9956c777a83888cb40c959cfa6/url HTTP/1.1" 200 14
2024-08-04 07:47:19 - DEBUG - Remote response: status=200 | data={"value":null} | headers=HTTPHeaderDict({'Content-Length': '14', 'Content-Type': 'application/json; charset=utf-8', 'cache-control': 'no-cache'})
2024-08-04 07:47:19 - DEBUG - Finished Request
2024-08-04 07:47:19 - DEBUG - POST http://localhost:58982/session/b9927a9956c777a83888cb40c959cfa6/element {'using': 'css selector', 'value': '[id="close_top_banner"]'}
2024-08-04 07:47:19 - DEBUG - http://localhost:58982 "POST /session/b9927a9956c777a83888cb40c959cfa6/element HTTP/1.1" 200 126
2024-08-04 07:47:19 - DEBUG - Remote response: status=200 | data={"value":{"element-6066-11e4-a52e-4f735466cecf":"f.00C1237EBED985632E9619949D617FB6.d.C6A4C149B6790A5765521DCB17E7CCBB.e.41"}} | headers=HTTPHeaderDict({'Content-Length': '126', 'Content-Type': 'application/json; charset=utf-8', 'cache-control': 'no-cache'})
2024-08-04 07:47:19 - DEBUG - Finished Request
2024-08-04 07:47:19 - DEBUG - POST http://localhost:58982/session/b9927a9956c777a83888cb40c959cfa6/execute/sync {'script': '/* isDisplayed */return (function(){return (function(){var g=this||self;\nfunction aa(a){var b=typeof...', 'args': [{'element-6066-11e4-a52e-4f735466cecf': 'f.00C1237EBED985632E9619949D617FB6.d.C6A4C149B6790A5765521DCB17E7CCBB.e.41'}]}
2024-08-04 07:47:19 - DEBUG - http://localhost:58982 "POST /session/b9927a9956c777a83888cb40c959cfa6/execute/sync HTTP/1.1" 200 14
2024-08-04 07:47:19 - DEBUG - Remote response: status=200 | data={"value":true} | headers=HTTPHeaderDict({'Content-Length': '14', 'Content-Type': 'application/json; charset=utf-8', 'cache-control': 'no-cache'})
2024-08-04 07:47:19 - DEBUG - Finished Request
2024-08-04 07:47:19 - DEBUG - GET http://localhost:58982/session/b9927a9956c777a83888cb40c959cfa6/element/f.00C1237EBED985632E9619949D617FB6.d.C6A4C149B6790A5765521DCB17E7CCBB.e.41/enabled {}
2024-08-04 07:47:19 - DEBUG - http://localhost:58982 "GET /session/b9927a9956c777a83888cb40c959cfa6/element/f.00C1237EBED985632E9619949D617FB6.d.C6A4C149B6790A5765521DCB17E7CCBB.e.41/enabled HTTP/1.1" 200 14
2024-08-04 07:47:19 - DEBUG - Remote response: status=200 | data={"value":true} | headers=HTTPHeaderDict({'Content-Length': '14', 'Content-Type': 'application/json; charset=utf-8', 'cache-control': 'no-cache'})
2024-08-04 07:47:19 - DEBUG - Finished Request
2024-08-04 07:47:19 - DEBUG - POST http://localhost:58982/session/b9927a9956c777a83888cb40c959cfa6/element/f.00C1237EBED985632E9619949D617FB6.d.C6A4C149B6790A5765521DCB17E7CCBB.e.41/click {}
2024-08-04 07:47:19 - DEBUG - http://localhost:58982 "POST /session/b9927a9956c777a83888cb40c959cfa6/element/f.00C1237EBED985632E9619949D617FB6.d.C6A4C149B6790A5765521DCB17E7CCBB.e.41/click HTTP/1.1" 200 14
2024-08-04 07:47:19 - DEBUG - Remote response: status=200 | data={"value":null} | headers=HTTPHeaderDict({'Content-Length': '14', 'Content-Type': 'application/json; charset=utf-8', 'cache-control': 'no-cache'})
2024-08-04 07:47:19 - DEBUG - Finished Request
2024-08-04 07:47:19 - DEBUG - 廣告橫幅已關閉
2024-08-04 07:47:19 - DEBUG - POST http://localhost:58982/session/b9927a9956c777a83888cb40c959cfa6/element {'using': 'css selector', 'value': '[id="key"]'}
2024-08-04 07:47:19 - DEBUG - http://localhost:58982 "POST /session/b9927a9956c777a83888cb40c959cfa6/element HTTP/1.1" 200 126
2024-08-04 07:47:19 - DEBUG - Remote response: status=200 | data={"value":{"element-6066-11e4-a52e-4f735466cecf":"f.00C1237EBED985632E9619949D617FB6.d.C6A4C149B6790A5765521DCB17E7CCBB.e.42"}} | headers=HTTPHeaderDict({'Content-Length': '126', 'Content-Type': 'application/json; charset=utf-8', 'cache-control': 'no-cache'})
2024-08-04 07:47:19 - DEBUG - Finished Request
2024-08-04 07:47:19 - DEBUG - POST http://localhost:58982/session/b9927a9956c777a83888cb40c959cfa6/element/f.00C1237EBED985632E9619949D617FB6.d.C6A4C149B6790A5765521DCB17E7CCBB.e.42/clear {}
2024-08-04 07:47:19 - DEBUG - http://localhost:58982 "POST /session/b9927a9956c777a83888cb40c959cfa6/element/f.00C1237EBED985632E9619949D617FB6.d.C6A4C149B6790A5765521DCB17E7CCBB.e.42/clear HTTP/1.1" 200 14
2024-08-04 07:47:19 - DEBUG - Remote response: status=200 | data={"value":null} | headers=HTTPHeaderDict({'Content-Length': '14', 'Content-Type': 'application/json; charset=utf-8', 'cache-control': 'no-cache'})
2024-08-04 07:47:19 - DEBUG - Finished Request
2024-08-04 07:47:19 - DEBUG - POST http://localhost:58982/session/b9927a9956c777a83888cb40c959cfa6/element/f.00C1237EBED985632E9619949D617FB6.d.C6A4C149B6790A5765521DCB17E7CCBB.e.42/value {'text': '商業簡史', 'value': ['商', '業', '簡', '史']}
2024-08-04 07:47:19 - DEBUG - http://localhost:58982 "POST /session/b9927a9956c777a83888cb40c959cfa6/element/f.00C1237EBED985632E9619949D617FB6.d.C6A4C149B6790A5765521DCB17E7CCBB.e.42/value HTTP/1.1" 200 14
2024-08-04 07:47:19 - DEBUG - Remote response: status=200 | data={"value":null} | headers=HTTPHeaderDict({'Content-Length': '14', 'Content-Type': 'application/json; charset=utf-8', 'cache-control': 'no-cache'})
2024-08-04 07:47:19 - DEBUG - Finished Request
2024-08-04 07:47:19 - DEBUG - POST http://localhost:58982/session/b9927a9956c777a83888cb40c959cfa6/element {'using': 'css selector', 'value': '.search_btn'}
2024-08-04 07:47:19 - DEBUG - http://localhost:58982 "POST /session/b9927a9956c777a83888cb40c959cfa6/element HTTP/1.1" 200 126
2024-08-04 07:47:19 - DEBUG - Remote response: status=200 | data={"value":{"element-6066-11e4-a52e-4f735466cecf":"f.00C1237EBED985632E9619949D617FB6.d.C6A4C149B6790A5765521DCB17E7CCBB.e.45"}} | headers=HTTPHeaderDict({'Content-Length': '126', 'Content-Type': 'application/json; charset=utf-8', 'cache-control': 'no-cache'})
2024-08-04 07:47:19 - DEBUG - Finished Request
2024-08-04 07:47:19 - DEBUG - POST http://localhost:58982/session/b9927a9956c777a83888cb40c959cfa6/execute/sync {'script': '/* isDisplayed */return (function(){return (function(){var g=this||self;\nfunction aa(a){var b=typeof...', 'args': [{'element-6066-11e4-a52e-4f735466cecf': 'f.00C1237EBED985632E9619949D617FB6.d.C6A4C149B6790A5765521DCB17E7CCBB.e.45'}]}
2024-08-04 07:47:19 - DEBUG - http://localhost:58982 "POST /session/b9927a9956c777a83888cb40c959cfa6/execute/sync HTTP/1.1" 200 14
2024-08-04 07:47:19 - DEBUG - Remote response: status=200 | data={"value":true} | headers=HTTPHeaderDict({'Content-Length': '14', 'Content-Type': 'application/json; charset=utf-8', 'cache-control': 'no-cache'})
2024-08-04 07:47:19 - DEBUG - Finished Request
2024-08-04 07:47:19 - DEBUG - GET http://localhost:58982/session/b9927a9956c777a83888cb40c959cfa6/element/f.00C1237EBED985632E9619949D617FB6.d.C6A4C149B6790A5765521DCB17E7CCBB.e.45/enabled {}
2024-08-04 07:47:19 - DEBUG - http://localhost:58982 "GET /session/b9927a9956c777a83888cb40c959cfa6/element/f.00C1237EBED985632E9619949D617FB6.d.C6A4C149B6790A5765521DCB17E7CCBB.e.45/enabled HTTP/1.1" 200 14
2024-08-04 07:47:19 - DEBUG - Remote response: status=200 | data={"value":true} | headers=HTTPHeaderDict({'Content-Length': '14', 'Content-Type': 'application/json; charset=utf-8', 'cache-control': 'no-cache'})
2024-08-04 07:47:19 - DEBUG - Finished Request
2024-08-04 07:47:19 - DEBUG - POST http://localhost:58982/session/b9927a9956c777a83888cb40c959cfa6/element/f.00C1237EBED985632E9619949D617FB6.d.C6A4C149B6790A5765521DCB17E7CCBB.e.45/click {}
2024-08-04 07:47:20 - DEBUG - http://localhost:58982 "POST /session/b9927a9956c777a83888cb40c959cfa6/element/f.00C1237EBED985632E9619949D617FB6.d.C6A4C149B6790A5765521DCB17E7CCBB.e.45/click HTTP/1.1" 200 14
2024-08-04 07:47:20 - DEBUG - Remote response: status=200 | data={"value":null} | headers=HTTPHeaderDict({'Content-Length': '14', 'Content-Type': 'application/json; charset=utf-8', 'cache-control': 'no-cache'})
2024-08-04 07:47:20 - DEBUG - Finished Request
2024-08-04 07:47:26 - DEBUG - POST http://localhost:58982/session/b9927a9956c777a83888cb40c959cfa6/element {'using': 'css selector', 'value': '.table-td'}
2024-08-04 07:47:26 - DEBUG - http://localhost:58982 "POST /session/b9927a9956c777a83888cb40c959cfa6/element HTTP/1.1" 200 126
2024-08-04 07:47:26 - DEBUG - Remote response: status=200 | data={"value":{"element-6066-11e4-a52e-4f735466cecf":"f.00C1237EBED985632E9619949D617FB6.d.F868F97155E53751E7D88861BADAFD7B.e.70"}} | headers=HTTPHeaderDict({'Content-Length': '126', 'Content-Type': 'application/json; charset=utf-8', 'cache-control': 'no-cache'})
2024-08-04 07:47:26 - DEBUG - Finished Request
2024-08-04 07:47:26 - DEBUG - POST http://localhost:58982/session/b9927a9956c777a83888cb40c959cfa6/elements {'using': 'css selector', 'value': '.table-td'}
2024-08-04 07:47:26 - DEBUG - http://localhost:58982 "POST /session/b9927a9956c777a83888cb40c959cfa6/elements HTTP/1.1" 200 14141
2024-08-04 07:47:26 - DEBUG - Remote response: status=200 | data={"value":[{"element-6066-11e4-a52e-4f735466cecf":"f.00C1237EBED985632E9619949D617FB6.d.F868F97155E53751E7D88861BADAFD7B.e.70"},{"element-6066-11e4-a52e-4f735466cecf":"f.00C1237EBED985632E9619949D617FB6.d.F868F97155E53751E7D88861BADAFD7B.e.71"},{"element-6066-11e4-a52e-4f735466cecf":"f.00C1237EBED985632E9619949D617FB6.d.F868F97155E53751E7D88861BADAFD7B.e.72"},{"element-6066-11e4-a52e-4f735466cecf":"f.00C1237EBED985632E9619949D617FB6.d.F868F97155E53751E7D88861BADAFD7B.e.73"},{"element-6066-11e4-a52e-4f735466cecf":"f.00C1237EBED985632E9619949D617FB6.d.F868F97155E53751E7D88861BADAFD7B.e.74"},{"element-6066-11e4-a52e-4f735466cecf":"f.00C1237EBED985632E9619949D617FB6.d.F868F97155E53751E7D88861BADAFD7B.e.75"},{"element-6066-11e4-a52e-4f735466cecf":"f.00C1237EBED985632E9619949D617FB6.d.F868F97155E53751E7D88861BADAFD7B.e.76"},{"element-6066-11e4-a52e-4f735466cecf":"f.00C1237EBED985632E9619949D617FB6.d.F868F97155E53751E7D88861BADAFD7B.e.77"},{"element-6066-11e4-a52e-4f735466cecf":"f.00C1237EBED985632E9619949D617FB6.d.F868F97155E53751E7D88861BADAFD7B.e.78"},{"element-6066-11e4-a52e-4f735466cecf":"f.00C1237EBED985632E9619949D617FB6.d.F868F97155E53751E7D88861BADAFD7B.e.79"},{"element-6066-11e4-a52e-4f735466cecf":"f.00C1237EBED985632E9619949D617FB6.d.F868F97155E53751E7D88861BADAFD7B.e.80"},{"element-6066-11e4-a52e-4f735466cecf":"f.00C1237EBED985632E9619949D617FB6.d.F868F97155E53751E7D88861BADAFD7B.e.81"},{"element-6066-11e4-a52e-4f735466cecf":"f.00C1237EBED985632E9619949D617FB6.d.F868F97155E53751E7D88861BADAFD7B.e.82"},{"element-6066-11e4-a52e-4f735466cecf":"f.00C1237EBED985632E9619949D617FB6.d.F868F97155E53751E7D88861BADAFD7B.e.83"},{"element-6066-11e4-a52e-4f735466cecf":"f.00C1237EBED985632E9619949D617FB6.d.F868F97155E53751E7D88861BADAFD7B.e.84"},{"element-6066-11e4-a52e-4f735466cecf":"f.00C1237EBED985632E9619949D617FB6.d.F868F97155E53751E7D88861BADAFD7B.e.85"},{"element-6066-11e4-a52e-4f735466cecf":"f.00C1237EBED985632E9619949D617FB6.d.F868F97155E53751E7D88861BADAFD7B.e.86"},{"element-6066-11e4-a52e-4f735466cecf":"f.00C1237EBED985632E9619949D617FB6.d.F868F97155E53751E7D88861BADAFD7B.e.87"},{"element-6066-11e4-a52e-4f735466cecf":"f.00C1237EBED985632E9619949D617FB6.d.F868F97155E53751E7D88861BADAFD7B.e.88"},{"element-6066-11e4-a52e-4f735466cecf":"f.00C1237EBED985632E9619949D617FB6.d.F868F97155E53751E7D88861BADAFD7B.e.89"},{"element-6066-11e4-a52e-4f735466cecf":"f.00C1237EBED985632E9619949D617FB6.d.F868F97155E53751E7D88861BADAFD7B.e.90"},{"element-6066-11e4-a52e-4f735466cecf":"f.00C1237EBED985632E9619949D617FB6.d.F868F97155E53751E7D88861BADAFD7B.e.91"},{"element-6066-11e4-a52e-4f735466cecf":"f.00C1237EBED985632E9619949D617FB6.d.F868F97155E53751E7D88861BADAFD7B.e.92"},{"element-6066-11e4-a52e-4f735466cecf":"f.00C1237EBED985632E9619949D617FB6.d.F868F97155E53751E7D88861BADAFD7B.e.93"},{"element-6066-11e4-a52e-4f735466cecf":"f.00C1237EBED985632E9619949D617FB6.d.F868F97155E53751E7D88861BADAFD7B.e.94"},{"element-6066-11e4-a52e-4f735466cecf":"f.00C1237EBED985632E9619949D617FB6.d.F868F97155E53751E7D88861BADAFD7B.e.95"},{"element-6066-11e4-a52e-4f735466cecf":"f.00C1237EBED985632E9619949D617FB6.d.F868F97155E53751E7D88861BADAFD7B.e.96"},{"element-6066-11e4-a52e-4f735466cecf":"f.00C1237EBED985632E9619949D617FB6.d.F868F97155E53751E7D88861BADAFD7B.e.97"},{"element-6066-11e4-a52e-4f735466cecf":"f.00C1237EBED985632E9619949D617FB6.d.F868F97155E53751E7D88861BADAFD7B.e.98"},{"element-6066-11e4-a52e-4f735466cecf":"f.00C1237EBED985632E9619949D617FB6.d.F868F97155E53751E7D88861BADAFD7B.e.99"},{"element-6066-11e4-a52e-4f735466cecf":"f.00C1237EBED985632E9619949D617FB6.d.F868F97155E53751E7D88861BADAFD7B.e.100"},{"element-6066-11e4-a52e-4f735466cecf":"f.00C1237EBED985632E9619949D617FB6.d.F868F97155E53751E7D88861BADAFD7B.e.101"},{"element-6066-11e4-a52e-4f735466cecf":"f.00C1237EBED985632E9619949D617FB6.d.F868F97155E53751E7D88861BADAFD7B.e.102"},{"element-6066-11e4-a52e-4f735466cecf":"f.00C1237EBED985632E9619949D617FB6.d.F868F97155E53751E7D88861BADAFD7B.e.103"},{"element-6066-11e4-a52e-4f735466cecf":"f.00C1237EBED985632E9619949D617FB6.d.F868F97155E53751E7D88861BADAFD7B.e.104"},{"element-6066-11e4-a52e-4f735466cecf":"f.00C1237EBED985632E9619949D617FB6.d.F868F97155E53751E7D88861BADAFD7B.e.105"},{"element-6066-11e4-a52e-4f735466cecf":"f.00C1237EBED985632E9619949D617FB6.d.F868F97155E53751E7D88861BADAFD7B.e.106"},{"element-6066-11e4-a52e-4f735466cecf":"f.00C1237EBED985632E9619949D617FB6.d.F868F97155E53751E7D88861BADAFD7B.e.107"},{"element-6066-11e4-a52e-4f735466cecf":"f.00C1237EBED985632E9619949D617FB6.d.F868F97155E53751E7D88861BADAFD7B.e.108"},{"element-6066-11e4-a52e-4f735466cecf":"f.00C1237EBED985632E9619949D617FB6.d.F868F97155E53751E7D88861BADAFD7B.e.109"},{"element-6066-11e4-a52e-4f735466cecf":"f.00C1237EBED985632E9619949D617FB6.d.F868F97155E53751E7D88861BADAFD7B.e.110"},{"element-6066-11e4-a52e-4f735466cecf":"f.00C1237EBED985632E9619949D617FB6.d.F868F97155E53751E7D88861BADAFD7B.e.111"},{"element-6066-11e4-a52e-4f735466cecf":"f.00C1237EBED985632E9619949D617FB6.d.F868F97155E53751E7D88861BADAFD7B.e.112"},{"element-6066-11e4-a52e-4f735466cecf":"f.00C1237EBED985632E9619949D617FB6.d.F868F97155E53751E7D88861BADAFD7B.e.113"},{"element-6066-11e4-a52e-4f735466cecf":"f.00C1237EBED985632E9619949D617FB6.d.F868F97155E53751E7D88861BADAFD7B.e.114"},{"element-6066-11e4-a52e-4f735466cecf":"f.00C1237EBED985632E9619949D617FB6.d.F868F97155E53751E7D88861BADAFD7B.e.115"},{"element-6066-11e4-a52e-4f735466cecf":"f.00C1237EBED985632E9619949D617FB6.d.F868F97155E53751E7D88861BADAFD7B.e.116"},{"element-6066-11e4-a52e-4f735466cecf":"f.00C1237EBED985632E9619949D617FB6.d.F868F97155E53751E7D88861BADAFD7B.e.117"},{"element-6066-11e4-a52e-4f735466cecf":"f.00C1237EBED985632E9619949D617FB6.d.F868F97155E53751E7D88861BADAFD7B.e.118"},{"element-6066-11e4-a52e-4f735466cecf":"f.00C1237EBED985632E9619949D617FB6.d.F868F97155E53751E7D88861BADAFD7B.e.119"},{"element-6066-11e4-a52e-4f735466cecf":"f.00C1237EBED985632E9619949D617FB6.d.F868F97155E53751E7D88861BADAFD7B.e.120"},{"element-6066-11e4-a52e-4f735466cecf":"f.00C1237EBED985632E9619949D617FB6.d.F868F97155E53751E7D88861BADAFD7B.e.121"},{"element-6066-11e4-a52e-4f735466cecf":"f.00C1237EBED985632E9619949D617FB6.d.F868F97155E53751E7D88861BADAFD7B.e.122"},{"element-6066-11e4-a52e-4f735466cecf":"f.00C1237EBED985632E9619949D617FB6.d.F868F97155E53751E7D88861BADAFD7B.e.123"},{"element-6066-11e4-a52e-4f735466cecf":"f.00C1237EBED985632E9619949D617FB6.d.F868F97155E53751E7D88861BADAFD7B.e.124"},{"element-6066-11e4-a52e-4f735466cecf":"f.00C1237EBED985632E9619949D617FB6.d.F868F97155E53751E7D88861BADAFD7B.e.125"},{"element-6066-11e4-a52e-4f735466cecf":"f.00C1237EBED985632E9619949D617FB6.d.F868F97155E53751E7D88861BADAFD7B.e.126"},{"element-6066-11e4-a52e-4f735466cecf":"f.00C1237EBED985632E9619949D617FB6.d.F868F97155E53751E7D88861BADAFD7B.e.127"},{"element-6066-11e4-a52e-4f735466cecf":"f.00C1237EBED985632E9619949D617FB6.d.F868F97155E53751E7D88861BADAFD7B.e.128"},{"element-6066-11e4-a52e-4f735466cecf":"f.00C1237EBED985632E9619949D617FB6.d.F868F97155E53751E7D88861BADAFD7B.e.129"},{"element-6066-11e4-a52e-4f735466cecf":"f.00C1237EBED985632E9619949D617FB6.d.F868F97155E53751E7D88861BADAFD7B.e.130"},{"element-6066-11e4-a52e-4f735466cecf":"f.00C1237EBED985632E9619949D617FB6.d.F868F97155E53751E7D88861BADAFD7B.e.131"},{"element-6066-11e4-a52e-4f735466cecf":"f.00C1237EBED985632E9619949D617FB6.d.F868F97155E53751E7D88861BADAFD7B.e.132"},{"element-6066-11e4-a52e-4f735466cecf":"f.00C1237EBED985632E9619949D617FB6.d.F868F97155E53751E7D88861BADAFD7B.e.133"},{"element-6066-11e4-a52e-4f735466cecf":"f.00C1237EBED985632E9619949D617FB6.d.F868F97155E53751E7D88861BADAFD7B.e.134"},{"element-6066-11e4-a52e-4f735466cecf":"f.00C1237EBED985632E9619949D617FB6.d.F868F97155E53751E7D88861BADAFD7B.e.135"},{"element-6066-11e4-a52e-4f735466cecf":"f.00C1237EBED985632E9619949D617FB6.d.F868F97155E53751E7D88861BADAFD7B.e.136"},{"element-6066-11e4-a52e-4f735466cecf":"f.00C1237EBED985632E9619949D617FB6.d.F868F97155E53751E7D88861BADAFD7B.e.137"},{"element-6066-11e4-a52e-4f735466cecf":"f.00C1237EBED985632E9619949D617FB6.d.F868F97155E53751E7D88861BADAFD7B.e.138"},{"element-6066-11e4-a52e-4f735466cecf":"f.00C1237EBED985632E9619949D617FB6.d.F868F97155E53751E7D88861BADAFD7B.e.139"},{"element-6066-11e4-a52e-4f735466cecf":"f.00C1237EBED985632E9619949D617FB6.d.F868F97155E53751E7D88861BADAFD7B.e.140"},{"element-6066-11e4-a52e-4f735466cecf":"f.00C1237EBED985632E9619949D617FB6.d.F868F97155E53751E7D88861BADAFD7B.e.141"},{"element-6066-11e4-a52e-4f735466cecf":"f.00C1237EBED985632E9619949D617FB6.d.F868F97155E53751E7D88861BADAFD7B.e.142"},{"element-6066-11e4-a52e-4f735466cecf":"f.00C1237EBED985632E9619949D617FB6.d.F868F97155E53751E7D88861BADAFD7B.e.143"},{"element-6066-11e4-a52e-4f735466cecf":"f.00C1237EBED985632E9619949D617FB6.d.F868F97155E53751E7D88861BADAFD7B.e.144"},{"element-6066-11e4-a52e-4f735466cecf":"f.00C1237EBED985632E9619949D617FB6.d.F868F97155E53751E7D88861BADAFD7B.e.145"},{"element-6066-11e4-a52e-4f735466cecf":"f.00C1237EBED985632E9619949D617FB6.d.F868F97155E53751E7D88861BADAFD7B.e.146"},{"element-6066-11e4-a52e-4f735466cecf":"f.00C1237EBED985632E9619949D617FB6.d.F868F97155E53751E7D88861BADAFD7B.e.147"},{"element-6066-11e4-a52e-4f735466cecf":"f.00C1237EBED985632E9619949D617FB6.d.F868F97155E53751E7D88861BADAFD7B.e.148"},{"element-6066-11e4-a52e-4f735466cecf":"f.00C1237EBED985632E9619949D617FB6.d.F868F97155E53751E7D88861BADAFD7B.e.149"},{"element-6066-11e4-a52e-4f735466cecf":"f.00C1237EBED985632E9619949D617FB6.d.F868F97155E53751E7D88861BADAFD7B.e.150"},{"element-6066-11e4-a52e-4f735466cecf":"f.00C1237EBED985632E9619949D617FB6.d.F868F97155E53751E7D88861BADAFD7B.e.151"},{"element-6066-11e4-a52e-4f735466cecf":"f.00C1237EBED985632E9619949D617FB6.d.F868F97155E53751E7D88861BADAFD7B.e.152"},{"element-6066-11e4-a52e-4f735466cecf":"f.00C1237EBED985632E9619949D617FB6.d.F868F97155E53751E7D88861BADAFD7B.e.153"},{"element-6066-11e4-a52e-4f735466cecf":"f.00C1237EBED985632E9619949D617FB6.d.F868F97155E53751E7D88861BADAFD7B.e.154"},{"element-6066-11e4-a52e-4f735466cecf":"f.00C1237EBED985632E9619949D617FB6.d.F868F97155E53751E7D88861BADAFD7B.e.155"},{"element-6066-11e4-a52e-4f735466cecf":"f.00C1237EBED985632E9619949D617FB6.d.F868F97155E53751E7D88861BADAFD7B.e.156"},{"element-6066-11e4-a52e-4f735466cecf":"f.00C1237EBED985632E9619949D617FB6.d.F868F97155E53751E7D88861BADAFD7B.e.157"},{"element-6066-11e4-a52e-4f735466cecf":"f.00C1237EBED985632E9619949D617FB6.d.F868F97155E53751E7D88861BADAFD7B.e.158"},{"element-6066-11e4-a52e-4f735466cecf":"f.00C1237EBED985632E9619949D617FB6.d.F868F97155E53751E7D88861BADAFD7B.e.159"},{"element-6066-11e4-a52e-4f735466cecf":"f.00C1237EBED985632E9619949D617FB6.d.F868F97155E53751E7D88861BADAFD7B.e.160"},{"element-6066-11e4-a52e-4f735466cecf":"f.00C1237EBED985632E9619949D617FB6.d.F868F97155E53751E7D88861BADAFD7B.e.161"},{"element-6066-11e4-a52e-4f735466cecf":"f.00C1237EBED985632E9619949D617FB6.d.F868F97155E53751E7D88861BADAFD7B.e.162"},{"element-6066-11e4-a52e-4f735466cecf":"f.00C1237EBED985632E9619949D617FB6.d.F868F97155E53751E7D88861BADAFD7B.e.163"},{"element-6066-11e4-a52e-4f735466cecf":"f.00C1237EBED985632E9619949D617FB6.d.F868F97155E53751E7D88861BADAFD7B.e.164"},{"element-6066-11e4-a52e-4f735466cecf":"f.00C1237EBED985632E9619949D617FB6.d.F868F97155E53751E7D88861BADAFD7B.e.165"},{"element-6066-11e4-a52e-4f735466cecf":"f.00C1237EBED985632E9619949D617FB6.d.F868F97155E53751E7D88861BADAFD7B.e.166"},{"element-6066-11e4-a52e-4f735466cecf":"f.00C1237EBED985632E9619949D617FB6.d.F868F97155E53751E7D88861BADAFD7B.e.167"},{"element-6066-11e4-a52e-4f735466cecf":"f.00C1237EBED985632E9619949D617FB6.d.F868F97155E53751E7D88861BADAFD7B.e.168"},{"element-6066-11e4-a52e-4f735466cecf":"f.00C1237EBED985632E9619949D617FB6.d.F868F97155E53751E7D88861BADAFD7B.e.169"},{"element-6066-11e4-a52e-4f735466cecf":"f.00C1237EBED985632E9619949D617FB6.d.F868F97155E53751E7D88861BADAFD7B.e.170"},{"element-6066-11e4-a52e-4f735466cecf":"f.00C1237EBED985632E9619949D617FB6.d.F868F97155E53751E7D88861BADAFD7B.e.171"},{"element-6066-11e4-a52e-4f735466cecf":"f.00C1237EBED985632E9619949D617FB6.d.F868F97155E53751E7D88861BADAFD7B.e.172"},{"element-6066-11e4-a52e-4f735466cecf":"f.00C1237EBED985632E9619949D617FB6.d.F868F97155E53751E7D88861BADAFD7B.e.173"},{"element-6066-11e4-a52e-4f735466cecf":"f.00C1237EBED985632E9619949D617FB6.d.F868F97155E53751E7D88861BADAFD7B.e.174"},{"element-6066-11e4-a52e-4f735466cecf":"f.00C1237EBED985632E9619949D617FB6.d.F868F97155E53751E7D88861BADAFD7B.e.175"},{"element-6066-11e4-a52e-4f735466cecf":"f.00C1237EBED985632E9619949D617FB6.d.F868F97155E53751E7D88861BADAFD7B.e.176"},{"element-6066-11e4-a52e-4f735466cecf":"f.00C1237EBED985632E9619949D617FB6.d.F868F97155E53751E7D88861BADAFD7B.e.177"},{"element-6066-11e4-a52e-4f735466cecf":"f.00C1237EBED985632E9619949D617FB6.d.F868F97155E53751E7D88861BADAFD7B.e.178"},{"element-6066-11e4-a52e-4f735466cecf":"f.00C1237EBED985632E9619949D617FB6.d.F868F97155E53751E7D88861BADAFD7B.e.179"},{"element-6066-11e4-a52e-4f735466cecf":"f.00C1237EBED985632E9619949D617FB6.d.F868F97155E53751E7D88861BADAFD7B.e.180"},{"element-6066-11e4-a52e-4f735466cecf":"f.00C1237EBED985632E9619949D617FB6.d.F868F97155E53751E7D88861BADAFD7B.e.181"},{"element-6066-11e4-a52e-4f735466cecf":"f.00C1237EBED985632E9619949D617FB6.d.F868F97155E53751E7D88861BADAFD7B.e.182"},{"element-6066-11e4-a52e-4f735466cecf":"f.00C1237EBED985632E9619949D617FB6.d.F868F97155E53751E7D88861BADAFD7B.e.183"},{"element-6066-11e4-a52e-4f735466cecf":"f.00C1237EBED985632E9619949D617FB6.d.F868F97155E53751E7D88861BADAFD7B.e.184"},{"element-6066-11e4-a52e-4f735466cecf":"f.00C1237EBED985632E9619949D617FB6.d.F868F97155E53751E7D88861BADAFD7B.e.185"},{"element-6066-11e4-a52e-4f735466cecf":"f.00C1237EBED985632E9619949D617FB6.d.F868F97155E53751E7D88861BADAFD7B.e.186"},{"element-6066-11e4-a52e-4f735466cecf":"f.00C1237EBED985632E9619949D617FB6.d.F868F97155E53751E7D88861BADAFD7B.e.187"},{"element-6066-11e4-a52e-4f735466cecf":"f.00C1237EBED985632E9619949D617FB6.d.F868F97155E53751E7D88861BADAFD7B.e.188"},{"element-6066-11e4-a52e-4f735466cecf":"f.00C1237EBED985632E9619949D617FB6.d.F868F97155E53751E7D88861BADAFD7B.e.189"}]} | headers=HTTPHeaderDict({'Content-Length': '14141', 'Content-Type': 'application/json; charset=utf-8', 'cache-control': 'no-cache'})
2024-08-04 07:47:26 - DEBUG - Finished Request
2024-08-04 07:47:26 - DEBUG - POST http://localhost:58982/session/b9927a9956c777a83888cb40c959cfa6/execute/sync {'script': '/* getAttribute */return (function(){return (function(){var d=this||self;function f(a,b){function c(...', 'args': [{'element-6066-11e4-a52e-4f735466cecf': 'f.00C1237EBED985632E9619949D617FB6.d.F868F97155E53751E7D88861BADAFD7B.e.70'}, 'id']}
2024-08-04 07:47:26 - DEBUG - http://localhost:58982 "POST /session/b9927a9956c777a83888cb40c959cfa6/execute/sync HTTP/1.1" 200 36
2024-08-04 07:47:26 - DEBUG - Remote response: status=200 | data={"value":"prod-itemlist-0010949733"} | headers=HTTPHeaderDict({'Content-Length': '36', 'Content-Type': 'application/json; charset=utf-8', 'cache-control': 'no-cache'})
2024-08-04 07:47:26 - DEBUG - Finished Request
2024-08-04 07:47:26 - DEBUG - POST http://localhost:58982/session/b9927a9956c777a83888cb40c959cfa6/element/f.00C1237EBED985632E9619949D617FB6.d.F868F97155E53751E7D88861BADAFD7B.e.70/element {'using': 'css selector', 'value': 'h4 a'}
2024-08-04 07:47:26 - DEBUG - http://localhost:58982 "POST /session/b9927a9956c777a83888cb40c959cfa6/element/f.00C1237EBED985632E9619949D617FB6.d.F868F97155E53751E7D88861BADAFD7B.e.70/element HTTP/1.1" 200 127
2024-08-04 07:47:26 - DEBUG - Remote response: status=200 | data={"value":{"element-6066-11e4-a52e-4f735466cecf":"f.00C1237EBED985632E9619949D617FB6.d.F868F97155E53751E7D88861BADAFD7B.e.190"}} | headers=HTTPHeaderDict({'Content-Length': '127', 'Content-Type': 'application/json; charset=utf-8', 'cache-control': 'no-cache'})
2024-08-04 07:47:26 - DEBUG - Finished Request
2024-08-04 07:47:26 - DEBUG - GET http://localhost:58982/session/b9927a9956c777a83888cb40c959cfa6/element/f.00C1237EBED985632E9619949D617FB6.d.F868F97155E53751E7D88861BADAFD7B.e.190/text {}
2024-08-04 07:47:26 - DEBUG - http://localhost:58982 "GET /session/b9927a9956c777a83888cb40c959cfa6/element/f.00C1237EBED985632E9619949D617FB6.d.F868F97155E53751E7D88861BADAFD7B.e.190/text HTTP/1.1" 200 72
2024-08-04 07:47:26 - DEBUG - Remote response: status=200 | data={"value":"商業簡史：看透商業進化，比別人先看到未來"} | headers=HTTPHeaderDict({'Content-Length': '72', 'Content-Type': 'application/json; charset=utf-8', 'cache-control': 'no-cache'})
2024-08-04 07:47:26 - DEBUG - Finished Request
2024-08-04 07:47:26 - DEBUG - POST http://localhost:58982/session/b9927a9956c777a83888cb40c959cfa6/element/f.00C1237EBED985632E9619949D617FB6.d.F868F97155E53751E7D88861BADAFD7B.e.70/element {'using': 'css selector', 'value': 'ul.price li b:last-child'}
2024-08-04 07:47:26 - DEBUG - http://localhost:58982 "POST /session/b9927a9956c777a83888cb40c959cfa6/element/f.00C1237EBED985632E9619949D617FB6.d.F868F97155E53751E7D88861BADAFD7B.e.70/element HTTP/1.1" 200 127
2024-08-04 07:47:26 - DEBUG - Remote response: status=200 | data={"value":{"element-6066-11e4-a52e-4f735466cecf":"f.00C1237EBED985632E9619949D617FB6.d.F868F97155E53751E7D88861BADAFD7B.e.191"}} | headers=HTTPHeaderDict({'Content-Length': '127', 'Content-Type': 'application/json; charset=utf-8', 'cache-control': 'no-cache'})
2024-08-04 07:47:26 - DEBUG - Finished Request
2024-08-04 07:47:26 - DEBUG - GET http://localhost:58982/session/b9927a9956c777a83888cb40c959cfa6/element/f.00C1237EBED985632E9619949D617FB6.d.F868F97155E53751E7D88861BADAFD7B.e.191/text {}
2024-08-04 07:47:26 - DEBUG - http://localhost:58982 "GET /session/b9927a9956c777a83888cb40c959cfa6/element/f.00C1237EBED985632E9619949D617FB6.d.F868F97155E53751E7D88861BADAFD7B.e.191/text HTTP/1.1" 200 15
2024-08-04 07:47:26 - DEBUG - Remote response: status=200 | data={"value":"300"} | headers=HTTPHeaderDict({'Content-Length': '15', 'Content-Type': 'application/json; charset=utf-8', 'cache-control': 'no-cache'})
2024-08-04 07:47:26 - DEBUG - Finished Request
2024-08-04 07:47:26 - DEBUG - 找到書籍 1: 商業簡史：看透商業進化，比別人先看到未來, 價格: 300, 商品代碼: 0010949733
2024-08-04 07:47:26 - DEBUG - POST http://localhost:58982/session/b9927a9956c777a83888cb40c959cfa6/execute/sync {'script': '/* getAttribute */return (function(){return (function(){var d=this||self;function f(a,b){function c(...', 'args': [{'element-6066-11e4-a52e-4f735466cecf': 'f.00C1237EBED985632E9619949D617FB6.d.F868F97155E53751E7D88861BADAFD7B.e.71'}, 'id']}
2024-08-04 07:47:26 - DEBUG - http://localhost:58982 "POST /session/b9927a9956c777a83888cb40c959cfa6/execute/sync HTTP/1.1" 200 36
2024-08-04 07:47:26 - DEBUG - Remote response: status=200 | data={"value":"prod-itemlist-CN11718257"} | headers=HTTPHeaderDict({'Content-Length': '36', 'Content-Type': 'application/json; charset=utf-8', 'cache-control': 'no-cache'})
2024-08-04 07:47:26 - DEBUG - Finished Request
2024-08-04 07:47:26 - DEBUG - POST http://localhost:58982/session/b9927a9956c777a83888cb40c959cfa6/element/f.00C1237EBED985632E9619949D617FB6.d.F868F97155E53751E7D88861BADAFD7B.e.71/element {'using': 'css selector', 'value': 'h4 a'}
2024-08-04 07:47:26 - DEBUG - http://localhost:58982 "POST /session/b9927a9956c777a83888cb40c959cfa6/element/f.00C1237EBED985632E9619949D617FB6.d.F868F97155E53751E7D88861BADAFD7B.e.71/element HTTP/1.1" 200 127
2024-08-04 07:47:26 - DEBUG - Remote response: status=200 | data={"value":{"element-6066-11e4-a52e-4f735466cecf":"f.00C1237EBED985632E9619949D617FB6.d.F868F97155E53751E7D88861BADAFD7B.e.192"}} | headers=HTTPHeaderDict({'Content-Length': '127', 'Content-Type': 'application/json; charset=utf-8', 'cache-control': 'no-cache'})
2024-08-04 07:47:26 - DEBUG - Finished Request
2024-08-04 07:47:26 - DEBUG - GET http://localhost:58982/session/b9927a9956c777a83888cb40c959cfa6/element/f.00C1237EBED985632E9619949D617FB6.d.F868F97155E53751E7D88861BADAFD7B.e.192/text {}
2024-08-04 07:47:26 - DEBUG - http://localhost:58982 "GET /session/b9927a9956c777a83888cb40c959cfa6/element/f.00C1237EBED985632E9619949D617FB6.d.F868F97155E53751E7D88861BADAFD7B.e.192/text HTTP/1.1" 200 24
2024-08-04 07:47:26 - DEBUG - Remote response: status=200 | data={"value":"商業簡史"} | headers=HTTPHeaderDict({'Content-Length': '24', 'Content-Type': 'application/json; charset=utf-8', 'cache-control': 'no-cache'})
2024-08-04 07:47:26 - DEBUG - Finished Request
2024-08-04 07:47:26 - DEBUG - POST http://localhost:58982/session/b9927a9956c777a83888cb40c959cfa6/element/f.00C1237EBED985632E9619949D617FB6.d.F868F97155E53751E7D88861BADAFD7B.e.71/element {'using': 'css selector', 'value': 'ul.price li b:last-child'}
2024-08-04 07:47:26 - DEBUG - http://localhost:58982 "POST /session/b9927a9956c777a83888cb40c959cfa6/element/f.00C1237EBED985632E9619949D617FB6.d.F868F97155E53751E7D88861BADAFD7B.e.71/element HTTP/1.1" 200 127
2024-08-04 07:47:26 - DEBUG - Remote response: status=200 | data={"value":{"element-6066-11e4-a52e-4f735466cecf":"f.00C1237EBED985632E9619949D617FB6.d.F868F97155E53751E7D88861BADAFD7B.e.193"}} | headers=HTTPHeaderDict({'Content-Length': '127', 'Content-Type': 'application/json; charset=utf-8', 'cache-control': 'no-cache'})
2024-08-04 07:47:26 - DEBUG - Finished Request
2024-08-04 07:47:26 - DEBUG - GET http://localhost:58982/session/b9927a9956c777a83888cb40c959cfa6/element/f.00C1237EBED985632E9619949D617FB6.d.F868F97155E53751E7D88861BADAFD7B.e.193/text {}
2024-08-04 07:47:26 - DEBUG - http://localhost:58982 "GET /session/b9927a9956c777a83888cb40c959cfa6/element/f.00C1237EBED985632E9619949D617FB6.d.F868F97155E53751E7D88861BADAFD7B.e.193/text HTTP/1.1" 200 15
2024-08-04 07:47:26 - DEBUG - Remote response: status=200 | data={"value":"360"} | headers=HTTPHeaderDict({'Content-Length': '15', 'Content-Type': 'application/json; charset=utf-8', 'cache-control': 'no-cache'})
2024-08-04 07:47:26 - DEBUG - Finished Request
2024-08-04 07:47:26 - DEBUG - 找到書籍 2: 商業簡史, 價格: 360, 商品代碼: CN11718257
2024-08-04 07:47:26 - DEBUG - DELETE http://localhost:58982/session/b9927a9956c777a83888cb40c959cfa6 {}
2024-08-04 07:47:26 - DEBUG - http://localhost:58982 "DELETE /session/b9927a9956c777a83888cb40c959cfa6 HTTP/1.1" 200 14
2024-08-04 07:47:26 - DEBUG - Remote response: status=200 | data={"value":null} | headers=HTTPHeaderDict({'Content-Length': '14', 'Content-Type': 'application/json; charset=utf-8', 'cache-control': 'no-cache'})
2024-08-04 07:47:26 - DEBUG - Finished Request
2024-08-04 07:47:32 - DEBUG - Selenium Manager binary found at: C:\Users\Mars\AppData\Local\Programs\Python\Python312\Lib\site-packages\selenium\webdriver\common\windows\selenium-manager.exe
2024-08-04 07:47:32 - DEBUG - Executing process: C:\Users\Mars\AppData\Local\Programs\Python\Python312\Lib\site-packages\selenium\webdriver\common\windows\selenium-manager.exe --browser chrome --debug --language-binding python --output json
2024-08-04 07:47:32 - DEBUG - chromedriver not found in PATH
2024-08-04 07:47:32 - DEBUG - chrome detected at C:\Program Files\Google\Chrome\Application\chrome.exe
2024-08-04 07:47:32 - DEBUG - Running command: wmic datafile where name='C:\\Program Files\\Google\\Chrome\\Application\\chrome.exe' get Version /value
2024-08-04 07:47:32 - DEBUG - Output: ""
2024-08-04 07:47:32 - DEBUG - Running command: REG QUERY HKCU\Software\Google\Chrome\BLBeacon /v version
2024-08-04 07:47:32 - DEBUG - Output: ""
2024-08-04 07:47:32 - DEBUG - chrome not found in the system
2024-08-04 07:47:32 - DEBUG - Required browser: chrome 127.0.6533.88
2024-08-04 07:47:32 - DEBUG - chrome 127.0.6533.88 already exists
2024-08-04 07:47:32 - DEBUG - chrome 127.0.6533.88 is available at C:\Users\Mars\.cache\selenium\chrome\win64\127.0.6533.88\chrome.exe
2024-08-04 07:47:32 - DEBUG - Required driver: chromedriver 127.0.6533.88
2024-08-04 07:47:32 - DEBUG - chromedriver 127.0.6533.88 already in the cache
2024-08-04 07:47:32 - DEBUG - Driver path: C:\Users\Mars\.cache\selenium\chromedriver\win64\127.0.6533.88\chromedriver.exe
2024-08-04 07:47:32 - DEBUG - Browser path: C:\Users\Mars\.cache\selenium\chrome\win64\127.0.6533.88\chrome.exe
2024-08-04 07:47:32 - DEBUG - Started executable: `C:\Users\Mars\.cache\selenium\chromedriver\win64\127.0.6533.88\chromedriver.exe` in a child process with pid: 40032 using 0 to output -3
2024-08-04 07:47:32 - DEBUG - POST http://localhost:59085/session {'capabilities': {'firstMatch': [{}], 'alwaysMatch': {'browserName': 'chrome', 'pageLoadStrategy': <PageLoadStrategy.normal: 'normal'>, 'browserVersion': None, 'goog:chromeOptions': {'extensions': [], 'binary': 'C:\\Users\\Mars\\.cache\\selenium\\chrome\\win64\\127.0.6533.88\\chrome.exe', 'args': ['--headless', '--disable-gpu', '--no-sandbox', '--disable-dev-shm-usage', 'user-agent=Mozilla/5.0 (Windows NT 10.0; Win64; x64) AppleWebKit/537.36 (KHTML, like Gecko) Chrome/91.0.4472.124 Safari/537.36']}}}}
2024-08-04 07:47:32 - DEBUG - Starting new HTTP connection (1): localhost:59085
2024-08-04 07:47:33 - DEBUG - http://localhost:59085 "POST /session HTTP/1.1" 200 895
2024-08-04 07:47:33 - DEBUG - Remote response: status=200 | data={"value":{"capabilities":{"acceptInsecureCerts":false,"browserName":"chrome-headless-shell","browserVersion":"127.0.6533.88","chrome":{"chromedriverVersion":"127.0.6533.88 (a2d0cb026721e4644e489b8ebb07038ca4e4351c-refs/branch-heads/6533@{#1846})","userDataDir":"C:\\Users\\Mars\\AppData\\Local\\Temp\\scoped_dir40032_926416965"},"fedcm:accounts":true,"goog:chromeOptions":{"debuggerAddress":"localhost:59088"},"networkConnectionEnabled":false,"pageLoadStrategy":"normal","platformName":"windows","proxy":{},"setWindowRect":true,"strictFileInteractability":false,"timeouts":{"implicit":0,"pageLoad":300000,"script":30000},"unhandledPromptBehavior":"dismiss and notify","webauthn:extension:credBlob":true,"webauthn:extension:largeBlob":true,"webauthn:extension:minPinLength":true,"webauthn:extension:prf":true,"webauthn:virtualAuthenticators":true},"sessionId":"da45407a999cbc2915c9f9c360d28b86"}} | headers=HTTPHeaderDict({'Content-Length': '895', 'Content-Type': 'application/json; charset=utf-8', 'cache-control': 'no-cache'})
2024-08-04 07:47:33 - DEBUG - Finished Request
2024-08-04 07:47:33 - DEBUG - POST http://localhost:59085/session/da45407a999cbc2915c9f9c360d28b86/timeouts {'pageLoad': 30000}
2024-08-04 07:47:33 - DEBUG - http://localhost:59085 "POST /session/da45407a999cbc2915c9f9c360d28b86/timeouts HTTP/1.1" 200 14
2024-08-04 07:47:33 - DEBUG - Remote response: status=200 | data={"value":null} | headers=HTTPHeaderDict({'Content-Length': '14', 'Content-Type': 'application/json; charset=utf-8', 'cache-control': 'no-cache'})
2024-08-04 07:47:33 - DEBUG - Finished Request
2024-08-04 07:47:33 - DEBUG - 初始化 WebDriver 完成
2024-08-04 07:47:33 - DEBUG - 開始搜索關鍵字: 商業簡史
2024-08-04 07:47:33 - DEBUG - POST http://localhost:59085/session/da45407a999cbc2915c9f9c360d28b86/url {'url': 'https://www.momoshop.com.tw/search/searchShop.jsp?keyword=商業簡史&searchType=1&curPage=1&showType=chess...'}
2024-08-04 07:47:35 - DEBUG - http://localhost:59085 "POST /session/da45407a999cbc2915c9f9c360d28b86/url HTTP/1.1" 200 14
2024-08-04 07:47:35 - DEBUG - Remote response: status=200 | data={"value":null} | headers=HTTPHeaderDict({'Content-Length': '14', 'Content-Type': 'application/json; charset=utf-8', 'cache-control': 'no-cache'})
2024-08-04 07:47:35 - DEBUG - Finished Request
2024-08-04 07:47:35 - DEBUG - POST http://localhost:59085/session/da45407a999cbc2915c9f9c360d28b86/element {'using': 'css selector', 'value': 'li[gcode]'}
2024-08-04 07:47:35 - DEBUG - http://localhost:59085 "POST /session/da45407a999cbc2915c9f9c360d28b86/element HTTP/1.1" 200 126
2024-08-04 07:47:35 - DEBUG - Remote response: status=200 | data={"value":{"element-6066-11e4-a52e-4f735466cecf":"f.A126F8D0D683A88451866DC8B43D24EF.d.D3CA422EFFCCD4ADF695B8BCB55334D5.e.38"}} | headers=HTTPHeaderDict({'Content-Length': '126', 'Content-Type': 'application/json; charset=utf-8', 'cache-control': 'no-cache'})
2024-08-04 07:47:35 - DEBUG - Finished Request
2024-08-04 07:47:35 - DEBUG - POST http://localhost:59085/session/da45407a999cbc2915c9f9c360d28b86/elements {'using': 'css selector', 'value': 'li[gcode]'}
2024-08-04 07:47:35 - DEBUG - http://localhost:59085 "POST /session/da45407a999cbc2915c9f9c360d28b86/elements HTTP/1.1" 200 830
2024-08-04 07:47:35 - DEBUG - Remote response: status=200 | data={"value":[{"element-6066-11e4-a52e-4f735466cecf":"f.A126F8D0D683A88451866DC8B43D24EF.d.D3CA422EFFCCD4ADF695B8BCB55334D5.e.38"},{"element-6066-11e4-a52e-4f735466cecf":"f.A126F8D0D683A88451866DC8B43D24EF.d.D3CA422EFFCCD4ADF695B8BCB55334D5.e.39"},{"element-6066-11e4-a52e-4f735466cecf":"f.A126F8D0D683A88451866DC8B43D24EF.d.D3CA422EFFCCD4ADF695B8BCB55334D5.e.40"},{"element-6066-11e4-a52e-4f735466cecf":"f.A126F8D0D683A88451866DC8B43D24EF.d.D3CA422EFFCCD4ADF695B8BCB55334D5.e.41"},{"element-6066-11e4-a52e-4f735466cecf":"f.A126F8D0D683A88451866DC8B43D24EF.d.D3CA422EFFCCD4ADF695B8BCB55334D5.e.42"},{"element-6066-11e4-a52e-4f735466cecf":"f.A126F8D0D683A88451866DC8B43D24EF.d.D3CA422EFFCCD4ADF695B8BCB55334D5.e.43"},{"element-6066-11e4-a52e-4f735466cecf":"f.A126F8D0D683A88451866DC8B43D24EF.d.D3CA422EFFCCD4ADF695B8BCB55334D5.e.44"}]} | headers=HTTPHeaderDict({'Content-Length': '830', 'Content-Type': 'application/json; charset=utf-8', 'cache-control': 'no-cache'})
2024-08-04 07:47:35 - DEBUG - Finished Request
2024-08-04 07:47:35 - DEBUG - POST http://localhost:59085/session/da45407a999cbc2915c9f9c360d28b86/execute/sync {'script': '/* getAttribute */return (function(){return (function(){var d=this||self;function f(a,b){function c(...', 'args': [{'element-6066-11e4-a52e-4f735466cecf': 'f.A126F8D0D683A88451866DC8B43D24EF.d.D3CA422EFFCCD4ADF695B8BCB55334D5.e.38'}, 'gcode']}
2024-08-04 07:47:35 - DEBUG - http://localhost:59085 "POST /session/da45407a999cbc2915c9f9c360d28b86/execute/sync HTTP/1.1" 200 20
2024-08-04 07:47:35 - DEBUG - Remote response: status=200 | data={"value":"11068579"} | headers=HTTPHeaderDict({'Content-Length': '20', 'Content-Type': 'application/json; charset=utf-8', 'cache-control': 'no-cache'})
2024-08-04 07:47:35 - DEBUG - Finished Request
2024-08-04 07:47:35 - DEBUG - POST http://localhost:59085/session/da45407a999cbc2915c9f9c360d28b86/element/f.A126F8D0D683A88451866DC8B43D24EF.d.D3CA422EFFCCD4ADF695B8BCB55334D5.e.38/element {'using': 'css selector', 'value': '.prdName'}
2024-08-04 07:47:35 - DEBUG - http://localhost:59085 "POST /session/da45407a999cbc2915c9f9c360d28b86/element/f.A126F8D0D683A88451866DC8B43D24EF.d.D3CA422EFFCCD4ADF695B8BCB55334D5.e.38/element HTTP/1.1" 200 126
2024-08-04 07:47:35 - DEBUG - Remote response: status=200 | data={"value":{"element-6066-11e4-a52e-4f735466cecf":"f.A126F8D0D683A88451866DC8B43D24EF.d.D3CA422EFFCCD4ADF695B8BCB55334D5.e.45"}} | headers=HTTPHeaderDict({'Content-Length': '126', 'Content-Type': 'application/json; charset=utf-8', 'cache-control': 'no-cache'})
2024-08-04 07:47:35 - DEBUG - Finished Request
2024-08-04 07:47:35 - DEBUG - GET http://localhost:59085/session/da45407a999cbc2915c9f9c360d28b86/element/f.A126F8D0D683A88451866DC8B43D24EF.d.D3CA422EFFCCD4ADF695B8BCB55334D5.e.45/text {}
2024-08-04 07:47:35 - DEBUG - http://localhost:59085 "GET /session/da45407a999cbc2915c9f9c360d28b86/element/f.A126F8D0D683A88451866DC8B43D24EF.d.D3CA422EFFCCD4ADF695B8BCB55334D5.e.45/text HTTP/1.1" 200 61
2024-08-04 07:47:35 - DEBUG - Remote response: status=200 | data={"value":"劉潤暢銷書合購：商業簡史+底層邏輯"} | headers=HTTPHeaderDict({'Content-Length': '61', 'Content-Type': 'application/json; charset=utf-8', 'cache-control': 'no-cache'})
2024-08-04 07:47:35 - DEBUG - Finished Request
2024-08-04 07:47:35 - DEBUG - 找到書籍 1: 劉潤暢銷書合購：商業簡史+底層邏輯
2024-08-04 07:47:35 - DEBUG - POST http://localhost:59085/session/da45407a999cbc2915c9f9c360d28b86/execute/sync {'script': '/* getAttribute */return (function(){return (function(){var d=this||self;function f(a,b){function c(...', 'args': [{'element-6066-11e4-a52e-4f735466cecf': 'f.A126F8D0D683A88451866DC8B43D24EF.d.D3CA422EFFCCD4ADF695B8BCB55334D5.e.39'}, 'gcode']}
2024-08-04 07:47:35 - DEBUG - http://localhost:59085 "POST /session/da45407a999cbc2915c9f9c360d28b86/execute/sync HTTP/1.1" 200 20
2024-08-04 07:47:35 - DEBUG - Remote response: status=200 | data={"value":"11037726"} | headers=HTTPHeaderDict({'Content-Length': '20', 'Content-Type': 'application/json; charset=utf-8', 'cache-control': 'no-cache'})
2024-08-04 07:47:35 - DEBUG - Finished Request
2024-08-04 07:47:35 - DEBUG - POST http://localhost:59085/session/da45407a999cbc2915c9f9c360d28b86/element/f.A126F8D0D683A88451866DC8B43D24EF.d.D3CA422EFFCCD4ADF695B8BCB55334D5.e.39/element {'using': 'css selector', 'value': '.prdName'}
2024-08-04 07:47:35 - DEBUG - http://localhost:59085 "POST /session/da45407a999cbc2915c9f9c360d28b86/element/f.A126F8D0D683A88451866DC8B43D24EF.d.D3CA422EFFCCD4ADF695B8BCB55334D5.e.39/element HTTP/1.1" 200 126
2024-08-04 07:47:35 - DEBUG - Remote response: status=200 | data={"value":{"element-6066-11e4-a52e-4f735466cecf":"f.A126F8D0D683A88451866DC8B43D24EF.d.D3CA422EFFCCD4ADF695B8BCB55334D5.e.46"}} | headers=HTTPHeaderDict({'Content-Length': '126', 'Content-Type': 'application/json; charset=utf-8', 'cache-control': 'no-cache'})
2024-08-04 07:47:35 - DEBUG - Finished Request
2024-08-04 07:47:35 - DEBUG - GET http://localhost:59085/session/da45407a999cbc2915c9f9c360d28b86/element/f.A126F8D0D683A88451866DC8B43D24EF.d.D3CA422EFFCCD4ADF695B8BCB55334D5.e.46/text {}
2024-08-04 07:47:35 - DEBUG - http://localhost:59085 "GET /session/da45407a999cbc2915c9f9c360d28b86/element/f.A126F8D0D683A88451866DC8B43D24EF.d.D3CA422EFFCCD4ADF695B8BCB55334D5.e.46/text HTTP/1.1" 200 72
2024-08-04 07:47:35 - DEBUG - Remote response: status=200 | data={"value":"商業簡史：看透商業進化，比別人先看到未來"} | headers=HTTPHeaderDict({'Content-Length': '72', 'Content-Type': 'application/json; charset=utf-8', 'cache-control': 'no-cache'})
2024-08-04 07:47:35 - DEBUG - Finished Request
2024-08-04 07:47:35 - DEBUG - 找到書籍 2: 商業簡史：看透商業進化，比別人先看到未來
2024-08-04 07:47:35 - DEBUG - 正在關閉瀏覽器
2024-08-04 07:47:35 - DEBUG - DELETE http://localhost:59085/session/da45407a999cbc2915c9f9c360d28b86 {}
2024-08-04 07:47:35 - DEBUG - http://localhost:59085 "DELETE /session/da45407a999cbc2915c9f9c360d28b86 HTTP/1.1" 200 14
2024-08-04 07:47:35 - DEBUG - Remote response: status=200 | data={"value":null} | headers=HTTPHeaderDict({'Content-Length': '14', 'Content-Type': 'application/json; charset=utf-8', 'cache-control': 'no-cache'})
2024-08-04 07:47:35 - DEBUG - Finished Request
2024-08-04 07:47:37 - DEBUG - 瀏覽器已關閉
2024-08-04 07:47:41 - INFO - Books: 商業簡史：看透商業進化，比別人先看到未來, URL: https://www.books.com.tw/products/0010949733?utm_source=shamangels&utm_medium=ap-books&utm_content=recommend&utm_campaign=ap-202408
2024-08-04 07:47:41 - INFO - Momo: 劉潤暢銷書合購：商業簡史+底層邏輯, URL: https://www.momoshop.com.tw/goods/GoodsDetail.jsp?i_code=11068579&memid=6000021729&cid=apuad&oid=1&osm=league
2024-08-04 07:47:41 - INFO - 開始更新購書連結
2024-08-04 07:47:41 - INFO - 購書連結更新完成
2024-08-04 07:47:41 - INFO - 更新閱讀列表
2024-08-04 07:47:41 - INFO - 書評文件處理完成
