2024-09-06 06:44:33 - INFO - 成功加載配置文件
2024-09-06 06:44:33 - INFO - 1. D:\marskingx.github.io\content\blog\2024-09-06【理財】單筆投資大勝定期定額，附上3個大勝的實證.md
2024-09-06 06:44:33 - INFO - 2. D:\marskingx.github.io\content\blog\2024-09-02【EP29】財富自由是觀念，財務規劃是技術，學會什麼是「元認知」就讓大腦再升級！.md
2024-09-06 06:44:33 - INFO - 3. D:\marskingx.github.io\content\blog\2024-08-28【書單】《把時間當做朋友》閱讀心得.md
2024-09-06 06:44:33 - INFO - 4. D:\marskingx.github.io\content\blog\2024-08-23【書單】《卡片盒筆記》閱讀心得.md
2024-09-06 06:44:33 - INFO - 5. D:\marskingx.github.io\content\blog\2024-08-29【EP28】這周真的2更，觀察、體驗、試錯、閱讀是學習的4個底層邏輯，但不容易套用在理財這件事! .md
2024-09-06 06:44:33 - INFO - 6. D:\marskingx.github.io\content\blog\2024-08-26【EP27】嚐試一周2更，《把時間當朋友》讓財務規劃成為人生導航的地圖.md
2024-09-06 06:44:33 - INFO - 7. D:\marskingx.github.io\content\blog\2024-08-15【書單】《王永福》閱讀心得.md
2024-09-06 06:44:33 - INFO - 8. D:\marskingx.github.io\content\blog\2024-08-21【EP26】為什麼股票下跌的痛苦大過於股票上漲時的快樂.md
2024-09-06 06:44:33 - INFO - 9. D:\marskingx.github.io\content\blog\2024-08-16【投資】2024 QQQ完整分析介紹，誰又適合投資QQQ.md
2024-09-06 06:44:33 - INFO - 10. D:\marskingx.github.io\content\blog\2024-08-19【理財】財務規劃怎麼做 一張圖完整告訴你!.md
2024-09-06 06:44:35 - INFO - 從文件 D:\marskingx.github.io\content\blog\2024-09-06【理財】單筆投資大勝定期定額，附上3個大勝的實證.md 內容中提取到類別: 財務規劃與心態
2024-09-06 06:44:35 - INFO - 開始處理財務心態: D:\marskingx.github.io\content\blog\2024-09-06【理財】單筆投資大勝定期定額，附上3個大勝的實證.md
2024-09-06 06:44:35 - DEBUG - 成功更新 YAML 內容
2024-09-06 06:44:35 - DEBUG - 成功寫入更新後的內容到文件
2024-09-06 06:57:43 - INFO - 成功加載配置文件
2024-09-06 06:57:43 - INFO - 1. D:\marskingx.github.io\content\blog\2024-09-06【理財】單筆投資大勝定期定額，附上3個大勝的實證.md
2024-09-06 06:57:43 - INFO - 2. D:\marskingx.github.io\content\blog\2024-09-05【EP30】成功80%是運氣20%是努力，分享什麼叫做不需要停損的投資策略.md
2024-09-06 06:57:43 - INFO - 3. D:\marskingx.github.io\content\blog\2024-09-02【EP29】財富自由是觀念，財務規劃是技術，學會什麼是「元認知」就讓大腦再升級！.md
2024-09-06 06:57:43 - INFO - 4. D:\marskingx.github.io\content\blog\2024-08-28【書單】《把時間當做朋友》閱讀心得.md
2024-09-06 06:57:43 - INFO - 5. D:\marskingx.github.io\content\blog\2024-08-23【書單】《卡片盒筆記》閱讀心得.md
2024-09-06 06:57:43 - INFO - 6. D:\marskingx.github.io\content\blog\2024-08-29【EP28】這周真的2更，觀察、體驗、試錯、閱讀是學習的4個底層邏輯，但不容易套用在理財這件事! .md
2024-09-06 06:57:43 - INFO - 7. D:\marskingx.github.io\content\blog\2024-08-26【EP27】嚐試一周2更，《把時間當朋友》讓財務規劃成為人生導航的地圖.md
2024-09-06 06:57:43 - INFO - 8. D:\marskingx.github.io\content\blog\2024-08-15【書單】《王永福》閱讀心得.md
2024-09-06 06:57:43 - INFO - 9. D:\marskingx.github.io\content\blog\2024-08-21【EP26】為什麼股票下跌的痛苦大過於股票上漲時的快樂.md
2024-09-06 06:57:43 - INFO - 10. D:\marskingx.github.io\content\blog\2024-08-16【投資】2024 QQQ完整分析介紹，誰又適合投資QQQ.md
2024-09-06 06:57:46 - INFO - 從文件 D:\marskingx.github.io\content\blog\2024-09-05【EP30】成功80%是運氣20%是努力，分享什麼叫做不需要停損的投資策略.md 內容中提取到類別: Podcast節目
2024-09-06 06:57:46 - INFO - 開始處理Podcast節目: D:\marskingx.github.io\content\blog\2024-09-05【EP30】成功80%是運氣20%是努力，分享什麼叫做不需要停損的投資策略.md
2024-09-06 06:57:46 - DEBUG - 成功更新 YAML 內容
2024-09-06 06:57:46 - DEBUG - 成功寫入更新後的內容到文件
