2025-02-17 16:55:16 - INFO - 1. D:\marskingx.github.io\content\blog\2025-02-14【投資】0050、VOO、QQQ 2024年度報酬率比較：為什麼差異這麼大？.md
2025-02-17 16:55:16 - INFO - 2. D:\marskingx.github.io\content\blog\2025-02-17【投資】0050即將1拆5，這些事情你一定要知道！ 19da0a9d347980209335e3f3e7cf9fce.md
2025-02-17 16:55:16 - INFO - 3. D:\marskingx.github.io\content\blog\2024-05-08【EP15】小資族該怎麼理財 多跟你的錢說謝謝 他就會一直變多.md
2025-02-17 16:55:16 - INFO - 4. D:\marskingx.github.io\content\blog\2024-03-30【EP10】00940買了對不對？我用這個價差想減少一個負二代!.md
2025-02-17 16:55:16 - INFO - 5. D:\marskingx.github.io\content\blog\2024-06-26【EP20】勞退自提是什麼，賺錢的能力與投資報酬率的差異.md
2025-02-17 16:55:16 - INFO - 6. D:\marskingx.github.io\content\blog\2024-02-01【EP9】達成財富自由的五大步驟：心態、理財、投資、債務與生活平衡！.md
2025-02-17 16:55:16 - INFO - 7. D:\marskingx.github.io\content\blog\2024-10-07【EP35】如果理財只做一件事，那就來統計淨資產，有小孩的你淨資產一定是這個值.md
2025-02-17 16:55:16 - INFO - 8. D:\marskingx.github.io\content\blog\2024-06-19【EP19】新網站上線了，實支實付該怎麼買才對.md
2025-02-17 16:55:16 - INFO - 9. D:\marskingx.github.io\content\blog\2024-04-24【EP13】如何建立股市漲跌都開心的理財法!做好這件事就可以!.md
2025-02-17 16:55:16 - INFO - 10. D:\marskingx.github.io\content\blog\2024-09-24【EP34】星期一是美食沙漠嗎，買0050不如買台積電真心，其實不用辯!! .md
2025-02-17 16:55:19 - INFO - 從文件 D:\marskingx.github.io\content\blog\2025-02-14【投資】0050、VOO、QQQ 2024年度報酬率比較：為什麼差異這麼大？.md 中提取到類別: 財務工具與金融商品
2025-02-17 16:55:19 - ERROR - 沒有對應的處理器用於類別: 財務工具與金融商品
2025-02-17 16:58:00 - INFO - 1. D:\marskingx.github.io\content\blog\2025-02-17【投資】0050即將1拆5，這些事情你一定要知道！ 19da0a9d347980209335e3f3e7cf9fce.md
2025-02-17 16:58:00 - INFO - 2. D:\marskingx.github.io\content\blog\2025-02-14【投資】0050、VOO、QQQ 2024年度報酬率比較：為什麼差異這麼大？.md
2025-02-17 16:58:00 - INFO - 3. D:\marskingx.github.io\content\blog\2024-05-08【EP15】小資族該怎麼理財 多跟你的錢說謝謝 他就會一直變多.md
2025-02-17 16:58:00 - INFO - 4. D:\marskingx.github.io\content\blog\2024-03-30【EP10】00940買了對不對？我用這個價差想減少一個負二代!.md
2025-02-17 16:58:00 - INFO - 5. D:\marskingx.github.io\content\blog\2024-06-26【EP20】勞退自提是什麼，賺錢的能力與投資報酬率的差異.md
2025-02-17 16:58:00 - INFO - 6. D:\marskingx.github.io\content\blog\2024-02-01【EP9】達成財富自由的五大步驟：心態、理財、投資、債務與生活平衡！.md
2025-02-17 16:58:00 - INFO - 7. D:\marskingx.github.io\content\blog\2024-10-07【EP35】如果理財只做一件事，那就來統計淨資產，有小孩的你淨資產一定是這個值.md
2025-02-17 16:58:00 - INFO - 8. D:\marskingx.github.io\content\blog\2024-06-19【EP19】新網站上線了，實支實付該怎麼買才對.md
2025-02-17 16:58:00 - INFO - 9. D:\marskingx.github.io\content\blog\2024-04-24【EP13】如何建立股市漲跌都開心的理財法!做好這件事就可以!.md
2025-02-17 16:58:00 - INFO - 10. D:\marskingx.github.io\content\blog\2024-09-24【EP34】星期一是美食沙漠嗎，買0050不如買台積電真心，其實不用辯!! .md
2025-02-17 16:58:02 - INFO - 從文件 D:\marskingx.github.io\content\blog\2025-02-17【投資】0050即將1拆5，這些事情你一定要知道！ 19da0a9d347980209335e3f3e7cf9fce.md 內容中提取到類別: 財務工具與金融商品
2025-02-17 16:58:02 - ERROR - 沒有對應的處理器用於類別: 財務工具與金融商品
2025-02-17 16:58:43 - INFO - 1. D:\marskingx.github.io\content\blog\2025-02-17【投資】0050即將1拆5，這些事情你一定要知道！ 19da0a9d347980209335e3f3e7cf9fce.md
2025-02-17 16:58:43 - INFO - 2. D:\marskingx.github.io\content\blog\2025-02-14【投資】0050、VOO、QQQ 2024年度報酬率比較：為什麼差異這麼大？.md
2025-02-17 16:58:43 - INFO - 3. D:\marskingx.github.io\content\blog\2024-05-08【EP15】小資族該怎麼理財 多跟你的錢說謝謝 他就會一直變多.md
2025-02-17 16:58:43 - INFO - 4. D:\marskingx.github.io\content\blog\2024-03-30【EP10】00940買了對不對？我用這個價差想減少一個負二代!.md
2025-02-17 16:58:43 - INFO - 5. D:\marskingx.github.io\content\blog\2024-06-26【EP20】勞退自提是什麼，賺錢的能力與投資報酬率的差異.md
2025-02-17 16:58:43 - INFO - 6. D:\marskingx.github.io\content\blog\2024-02-01【EP9】達成財富自由的五大步驟：心態、理財、投資、債務與生活平衡！.md
2025-02-17 16:58:43 - INFO - 7. D:\marskingx.github.io\content\blog\2024-10-07【EP35】如果理財只做一件事，那就來統計淨資產，有小孩的你淨資產一定是這個值.md
2025-02-17 16:58:43 - INFO - 8. D:\marskingx.github.io\content\blog\2024-06-19【EP19】新網站上線了，實支實付該怎麼買才對.md
2025-02-17 16:58:43 - INFO - 9. D:\marskingx.github.io\content\blog\2024-04-24【EP13】如何建立股市漲跌都開心的理財法!做好這件事就可以!.md
2025-02-17 16:58:43 - INFO - 10. D:\marskingx.github.io\content\blog\2024-09-24【EP34】星期一是美食沙漠嗎，買0050不如買台積電真心，其實不用辯!! .md
2025-02-17 16:58:44 - INFO - 從文件 D:\marskingx.github.io\content\blog\2025-02-17【投資】0050即將1拆5，這些事情你一定要知道！ 19da0a9d347980209335e3f3e7cf9fce.md 內容中提取到類別: 財務工具與金融商品
2025-02-17 16:58:44 - INFO - 開始處理金融工具: D:\marskingx.github.io\content\blog\2025-02-17【投資】0050即將1拆5，這些事情你一定要知道！ 19da0a9d347980209335e3f3e7cf9fce.md
2025-02-17 16:58:44 - DEBUG - 成功寫入更新後的內容到文件
