INFO:root:成功加載配置文件
INFO:root:1. D:\marskingx.github.io\content\blog\2024-07-22【書單】《開始分心，就是要變強了》閱讀心得.md
INFO:root:2. D:\marskingx.github.io\content\blog\2024-07-20【嗑書】《給孩子的商業啟蒙》讀書心得.md
INFO:root:3. D:\marskingx.github.io\content\blog\2023-10-28【嗑書】《商業書10倍高效》讀書心得.md
INFO:root:4. D:\marskingx.github.io\content\blog\2023-11-09【保險】信用卡回饋繳保費真的有比較省嗎算出來虧大了!.md
INFO:root:5. D:\marskingx.github.io\content\blog\2023-11-16【嗑書】《賺錢也賺幸福》.md
INFO:root:6. D:\marskingx.github.io\content\blog\2023-11-18【嗑書】《FIRE致富實踐》.md
INFO:root:7. D:\marskingx.github.io\content\blog\2023-11-23【投資】平價ETFvs奢華ETF誰更適合你長期投資.md
INFO:root:8. D:\marskingx.github.io\content\blog\2024-04-24【理財】如何享受美股大漲：專注你能控制的.md
INFO:root:9. D:\marskingx.github.io\content\blog\2023-11-10【EP6】財務規劃怎麼會把規劃放後面!談談財務決策_財務信心_財務信仰!.md
INFO:root:10. D:\marskingx.github.io\content\blog\2023-08-29【保險】保險是理性分析，感性決定.md
WARNING:root:在文件 D:\marskingx.github.io\content\blog\2024-07-22【書單】《開始分心，就是要變強了》閱讀心得.md 中未找到 YAML 前置數據
INFO:root:開始處理書評文件
INFO:root:成功寫入文件: D:\marskingx.github.io\content\blog\2024-07-22【書單】《開始分心，就是要變強了》閱讀心得.md
INFO:root:成功提取書名: 開始分心，就是快要變強了
INFO:root:取得聯盟行銷連結，書名: 開始分心，就是快要變強了
DEBUG:selenium.webdriver.common.selenium_manager:Selenium Manager binary found at: C:\Users\Mars\AppData\Local\Programs\Python\Python312\Lib\site-packages\selenium\webdriver\common\windows\selenium-manager.exe
DEBUG:selenium.webdriver.common.selenium_manager:Executing process: C:\Users\Mars\AppData\Local\Programs\Python\Python312\Lib\site-packages\selenium\webdriver\common\windows\selenium-manager.exe --browser chrome --debug --language-binding python --output json
DEBUG:selenium.webdriver.common.selenium_manager:chromedriver not found in PATH
DEBUG:selenium.webdriver.common.selenium_manager:chrome detected at C:\Program Files\Google\Chrome\Application\chrome.exe
DEBUG:selenium.webdriver.common.selenium_manager:Running command: wmic datafile where name='C:\\Program Files\\Google\\Chrome\\Application\\chrome.exe' get Version /value
DEBUG:selenium.webdriver.common.selenium_manager:Output: ""
DEBUG:selenium.webdriver.common.selenium_manager:Running command: REG QUERY HKCU\Software\Google\Chrome\BLBeacon /v version
DEBUG:selenium.webdriver.common.selenium_manager:Output: ""
DEBUG:selenium.webdriver.common.selenium_manager:chrome not found in the system
DEBUG:selenium.webdriver.common.selenium_manager:Required browser: chrome 126.0.6478.182
DEBUG:selenium.webdriver.common.selenium_manager:chrome 126.0.6478.182 already exists
DEBUG:selenium.webdriver.common.selenium_manager:chrome 126.0.6478.182 is available at C:\Users\Mars\.cache\selenium\chrome\win64\126.0.6478.182\chrome.exe
DEBUG:selenium.webdriver.common.selenium_manager:Required driver: chromedriver 126.0.6478.182
DEBUG:selenium.webdriver.common.selenium_manager:chromedriver 126.0.6478.182 already in the cache
DEBUG:selenium.webdriver.common.selenium_manager:Driver path: C:\Users\Mars\.cache\selenium\chromedriver\win64\126.0.6478.182\chromedriver.exe
DEBUG:selenium.webdriver.common.selenium_manager:Browser path: C:\Users\Mars\.cache\selenium\chrome\win64\126.0.6478.182\chrome.exe
DEBUG:selenium.webdriver.common.service:Started executable: `C:\Users\Mars\.cache\selenium\chromedriver\win64\126.0.6478.182\chromedriver.exe` in a child process with pid: 47976 using 0 to output -3
DEBUG:selenium.webdriver.remote.remote_connection:POST http://localhost:53719/session {'capabilities': {'firstMatch': [{}], 'alwaysMatch': {'browserName': 'chrome', 'pageLoadStrategy': <PageLoadStrategy.normal: 'normal'>, 'browserVersion': None, 'goog:chromeOptions': {'extensions': [], 'binary': 'C:\\Users\\Mars\\.cache\\selenium\\chrome\\win64\\126.0.6478.182\\chrome.exe', 'args': ['--headless']}}}}
DEBUG:urllib3.connectionpool:Starting new HTTP connection (1): localhost:53719
DEBUG:urllib3.connectionpool:http://localhost:53719 "POST /session HTTP/1.1" 200 898
DEBUG:selenium.webdriver.remote.remote_connection:Remote response: status=200 | data={"value":{"capabilities":{"acceptInsecureCerts":false,"browserName":"chrome-headless-shell","browserVersion":"126.0.6478.182","chrome":{"chromedriverVersion":"126.0.6478.182 (5b5d8292ddf182f8b2096fa665b473b6317906d5-refs/branch-heads/6478@{#1776})","userDataDir":"C:\\Users\\Mars\\AppData\\Local\\Temp\\scoped_dir47976_2071293156"},"fedcm:accounts":true,"goog:chromeOptions":{"debuggerAddress":"localhost:53725"},"networkConnectionEnabled":false,"pageLoadStrategy":"normal","platformName":"windows","proxy":{},"setWindowRect":true,"strictFileInteractability":false,"timeouts":{"implicit":0,"pageLoad":300000,"script":30000},"unhandledPromptBehavior":"dismiss and notify","webauthn:extension:credBlob":true,"webauthn:extension:largeBlob":true,"webauthn:extension:minPinLength":true,"webauthn:extension:prf":true,"webauthn:virtualAuthenticators":true},"sessionId":"545e2be29b0e1925bb97672934101383"}} | headers=HTTPHeaderDict({'Content-Length': '898', 'Content-Type': 'application/json; charset=utf-8', 'cache-control': 'no-cache'})
DEBUG:selenium.webdriver.remote.remote_connection:Finished Request
DEBUG:root:初始化 WebDriver 完成
DEBUG:root:打開博客來網站
DEBUG:selenium.webdriver.remote.remote_connection:POST http://localhost:53719/session/545e2be29b0e1925bb97672934101383/url {'url': 'https://www.books.com.tw/'}
DEBUG:urllib3.connectionpool:http://localhost:53719 "POST /session/545e2be29b0e1925bb97672934101383/url HTTP/1.1" 200 14
DEBUG:selenium.webdriver.remote.remote_connection:Remote response: status=200 | data={"value":null} | headers=HTTPHeaderDict({'Content-Length': '14', 'Content-Type': 'application/json; charset=utf-8', 'cache-control': 'no-cache'})
DEBUG:selenium.webdriver.remote.remote_connection:Finished Request
DEBUG:selenium.webdriver.remote.remote_connection:POST http://localhost:53719/session/545e2be29b0e1925bb97672934101383/element {'using': 'css selector', 'value': '[id="close_top_banner"]'}
DEBUG:urllib3.connectionpool:http://localhost:53719 "POST /session/545e2be29b0e1925bb97672934101383/element HTTP/1.1" 200 126
DEBUG:selenium.webdriver.remote.remote_connection:Remote response: status=200 | data={"value":{"element-6066-11e4-a52e-4f735466cecf":"f.C616DB4859560BF75FF898FEC64B1C2A.d.03D9EA4DC8844EDBAABBCDB3D13ACD33.e.39"}} | headers=HTTPHeaderDict({'Content-Length': '126', 'Content-Type': 'application/json; charset=utf-8', 'cache-control': 'no-cache'})
DEBUG:selenium.webdriver.remote.remote_connection:Finished Request
DEBUG:selenium.webdriver.remote.remote_connection:POST http://localhost:53719/session/545e2be29b0e1925bb97672934101383/execute/sync {'script': '/* isDisplayed */return (function(){return (function(){var g=this||self;\nfunction aa(a){var b=typeof...', 'args': [{'element-6066-11e4-a52e-4f735466cecf': 'f.C616DB4859560BF75FF898FEC64B1C2A.d.03D9EA4DC8844EDBAABBCDB3D13ACD33.e.39'}]}
DEBUG:urllib3.connectionpool:http://localhost:53719 "POST /session/545e2be29b0e1925bb97672934101383/execute/sync HTTP/1.1" 200 14
DEBUG:selenium.webdriver.remote.remote_connection:Remote response: status=200 | data={"value":true} | headers=HTTPHeaderDict({'Content-Length': '14', 'Content-Type': 'application/json; charset=utf-8', 'cache-control': 'no-cache'})
DEBUG:selenium.webdriver.remote.remote_connection:Finished Request
DEBUG:selenium.webdriver.remote.remote_connection:GET http://localhost:53719/session/545e2be29b0e1925bb97672934101383/element/f.C616DB4859560BF75FF898FEC64B1C2A.d.03D9EA4DC8844EDBAABBCDB3D13ACD33.e.39/enabled {}
DEBUG:urllib3.connectionpool:http://localhost:53719 "GET /session/545e2be29b0e1925bb97672934101383/element/f.C616DB4859560BF75FF898FEC64B1C2A.d.03D9EA4DC8844EDBAABBCDB3D13ACD33.e.39/enabled HTTP/1.1" 200 14
DEBUG:selenium.webdriver.remote.remote_connection:Remote response: status=200 | data={"value":true} | headers=HTTPHeaderDict({'Content-Length': '14', 'Content-Type': 'application/json; charset=utf-8', 'cache-control': 'no-cache'})
DEBUG:selenium.webdriver.remote.remote_connection:Finished Request
DEBUG:selenium.webdriver.remote.remote_connection:POST http://localhost:53719/session/545e2be29b0e1925bb97672934101383/element/f.C616DB4859560BF75FF898FEC64B1C2A.d.03D9EA4DC8844EDBAABBCDB3D13ACD33.e.39/click {}
DEBUG:urllib3.connectionpool:http://localhost:53719 "POST /session/545e2be29b0e1925bb97672934101383/element/f.C616DB4859560BF75FF898FEC64B1C2A.d.03D9EA4DC8844EDBAABBCDB3D13ACD33.e.39/click HTTP/1.1" 200 14
DEBUG:selenium.webdriver.remote.remote_connection:Remote response: status=200 | data={"value":null} | headers=HTTPHeaderDict({'Content-Length': '14', 'Content-Type': 'application/json; charset=utf-8', 'cache-control': 'no-cache'})
DEBUG:selenium.webdriver.remote.remote_connection:Finished Request
DEBUG:root:廣告橫幅已關閉
DEBUG:selenium.webdriver.remote.remote_connection:POST http://localhost:53719/session/545e2be29b0e1925bb97672934101383/element {'using': 'css selector', 'value': '[id="key"]'}
DEBUG:urllib3.connectionpool:http://localhost:53719 "POST /session/545e2be29b0e1925bb97672934101383/element HTTP/1.1" 200 126
DEBUG:selenium.webdriver.remote.remote_connection:Remote response: status=200 | data={"value":{"element-6066-11e4-a52e-4f735466cecf":"f.C616DB4859560BF75FF898FEC64B1C2A.d.03D9EA4DC8844EDBAABBCDB3D13ACD33.e.41"}} | headers=HTTPHeaderDict({'Content-Length': '126', 'Content-Type': 'application/json; charset=utf-8', 'cache-control': 'no-cache'})
DEBUG:selenium.webdriver.remote.remote_connection:Finished Request
DEBUG:selenium.webdriver.remote.remote_connection:POST http://localhost:53719/session/545e2be29b0e1925bb97672934101383/element {'using': 'css selector', 'value': '[id="key"]'}
DEBUG:urllib3.connectionpool:http://localhost:53719 "POST /session/545e2be29b0e1925bb97672934101383/element HTTP/1.1" 200 126
DEBUG:selenium.webdriver.remote.remote_connection:Remote response: status=200 | data={"value":{"element-6066-11e4-a52e-4f735466cecf":"f.C616DB4859560BF75FF898FEC64B1C2A.d.03D9EA4DC8844EDBAABBCDB3D13ACD33.e.41"}} | headers=HTTPHeaderDict({'Content-Length': '126', 'Content-Type': 'application/json; charset=utf-8', 'cache-control': 'no-cache'})
DEBUG:selenium.webdriver.remote.remote_connection:Finished Request
DEBUG:root:輸入關鍵字: 開始分心，就是快要變強了
DEBUG:selenium.webdriver.remote.remote_connection:POST http://localhost:53719/session/545e2be29b0e1925bb97672934101383/element/f.C616DB4859560BF75FF898FEC64B1C2A.d.03D9EA4DC8844EDBAABBCDB3D13ACD33.e.41/value {'text': '開始分心，就是快要變強了', 'value': ['開', '始', '分', '心', '，', '就', '是', '快', '要', '變', '強', '了']}
DEBUG:urllib3.connectionpool:http://localhost:53719 "POST /session/545e2be29b0e1925bb97672934101383/element/f.C616DB4859560BF75FF898FEC64B1C2A.d.03D9EA4DC8844EDBAABBCDB3D13ACD33.e.41/value HTTP/1.1" 200 14
DEBUG:selenium.webdriver.remote.remote_connection:Remote response: status=200 | data={"value":null} | headers=HTTPHeaderDict({'Content-Length': '14', 'Content-Type': 'application/json; charset=utf-8', 'cache-control': 'no-cache'})
DEBUG:selenium.webdriver.remote.remote_connection:Finished Request
DEBUG:selenium.webdriver.remote.remote_connection:POST http://localhost:53719/session/545e2be29b0e1925bb97672934101383/element {'using': 'css selector', 'value': '.search_btn'}
DEBUG:urllib3.connectionpool:http://localhost:53719 "POST /session/545e2be29b0e1925bb97672934101383/element HTTP/1.1" 200 126
DEBUG:selenium.webdriver.remote.remote_connection:Remote response: status=200 | data={"value":{"element-6066-11e4-a52e-4f735466cecf":"f.C616DB4859560BF75FF898FEC64B1C2A.d.03D9EA4DC8844EDBAABBCDB3D13ACD33.e.43"}} | headers=HTTPHeaderDict({'Content-Length': '126', 'Content-Type': 'application/json; charset=utf-8', 'cache-control': 'no-cache'})
DEBUG:selenium.webdriver.remote.remote_connection:Finished Request
DEBUG:selenium.webdriver.remote.remote_connection:POST http://localhost:53719/session/545e2be29b0e1925bb97672934101383/execute/sync {'script': '/* isDisplayed */return (function(){return (function(){var g=this||self;\nfunction aa(a){var b=typeof...', 'args': [{'element-6066-11e4-a52e-4f735466cecf': 'f.C616DB4859560BF75FF898FEC64B1C2A.d.03D9EA4DC8844EDBAABBCDB3D13ACD33.e.43'}]}
DEBUG:urllib3.connectionpool:http://localhost:53719 "POST /session/545e2be29b0e1925bb97672934101383/execute/sync HTTP/1.1" 200 14
DEBUG:selenium.webdriver.remote.remote_connection:Remote response: status=200 | data={"value":true} | headers=HTTPHeaderDict({'Content-Length': '14', 'Content-Type': 'application/json; charset=utf-8', 'cache-control': 'no-cache'})
DEBUG:selenium.webdriver.remote.remote_connection:Finished Request
DEBUG:selenium.webdriver.remote.remote_connection:GET http://localhost:53719/session/545e2be29b0e1925bb97672934101383/element/f.C616DB4859560BF75FF898FEC64B1C2A.d.03D9EA4DC8844EDBAABBCDB3D13ACD33.e.43/enabled {}
DEBUG:urllib3.connectionpool:http://localhost:53719 "GET /session/545e2be29b0e1925bb97672934101383/element/f.C616DB4859560BF75FF898FEC64B1C2A.d.03D9EA4DC8844EDBAABBCDB3D13ACD33.e.43/enabled HTTP/1.1" 200 14
DEBUG:selenium.webdriver.remote.remote_connection:Remote response: status=200 | data={"value":true} | headers=HTTPHeaderDict({'Content-Length': '14', 'Content-Type': 'application/json; charset=utf-8', 'cache-control': 'no-cache'})
DEBUG:selenium.webdriver.remote.remote_connection:Finished Request
DEBUG:selenium.webdriver.remote.remote_connection:POST http://localhost:53719/session/545e2be29b0e1925bb97672934101383/execute/sync {'script': 'arguments[0].click();', 'args': [{'element-6066-11e4-a52e-4f735466cecf': 'f.C616DB4859560BF75FF898FEC64B1C2A.d.03D9EA4DC8844EDBAABBCDB3D13ACD33.e.43'}]}
DEBUG:urllib3.connectionpool:http://localhost:53719 "POST /session/545e2be29b0e1925bb97672934101383/execute/sync HTTP/1.1" 200 14
DEBUG:selenium.webdriver.remote.remote_connection:Remote response: status=200 | data={"value":null} | headers=HTTPHeaderDict({'Content-Length': '14', 'Content-Type': 'application/json; charset=utf-8', 'cache-control': 'no-cache'})
DEBUG:selenium.webdriver.remote.remote_connection:Finished Request
DEBUG:selenium.webdriver.remote.remote_connection:POST http://localhost:53719/session/545e2be29b0e1925bb97672934101383/element {'using': 'css selector', 'value': '.mod2 .table-td'}
DEBUG:urllib3.connectionpool:http://localhost:53719 "POST /session/545e2be29b0e1925bb97672934101383/element HTTP/1.1" 200 126
DEBUG:selenium.webdriver.remote.remote_connection:Remote response: status=200 | data={"value":{"element-6066-11e4-a52e-4f735466cecf":"f.C616DB4859560BF75FF898FEC64B1C2A.d.C3534A304D1E6AA48E0A28B25CFD63A4.e.68"}} | headers=HTTPHeaderDict({'Content-Length': '126', 'Content-Type': 'application/json; charset=utf-8', 'cache-control': 'no-cache'})
DEBUG:selenium.webdriver.remote.remote_connection:Finished Request
DEBUG:selenium.webdriver.remote.remote_connection:POST http://localhost:53719/session/545e2be29b0e1925bb97672934101383/elements {'using': 'css selector', 'value': '.mod2 .table-td'}
DEBUG:urllib3.connectionpool:http://localhost:53719 "POST /session/545e2be29b0e1925bb97672934101383/elements HTTP/1.1" 200 479
DEBUG:selenium.webdriver.remote.remote_connection:Remote response: status=200 | data={"value":[{"element-6066-11e4-a52e-4f735466cecf":"f.C616DB4859560BF75FF898FEC64B1C2A.d.C3534A304D1E6AA48E0A28B25CFD63A4.e.68"},{"element-6066-11e4-a52e-4f735466cecf":"f.C616DB4859560BF75FF898FEC64B1C2A.d.C3534A304D1E6AA48E0A28B25CFD63A4.e.69"},{"element-6066-11e4-a52e-4f735466cecf":"f.C616DB4859560BF75FF898FEC64B1C2A.d.C3534A304D1E6AA48E0A28B25CFD63A4.e.70"},{"element-6066-11e4-a52e-4f735466cecf":"f.C616DB4859560BF75FF898FEC64B1C2A.d.C3534A304D1E6AA48E0A28B25CFD63A4.e.71"}]} | headers=HTTPHeaderDict({'Content-Length': '479', 'Content-Type': 'application/json; charset=utf-8', 'cache-control': 'no-cache'})
DEBUG:selenium.webdriver.remote.remote_connection:Finished Request
DEBUG:root:找到 4 個結果
DEBUG:selenium.webdriver.remote.remote_connection:POST http://localhost:53719/session/545e2be29b0e1925bb97672934101383/execute/sync {'script': '/* getAttribute */return (function(){return (function(){var d=this||self;function f(a,b){function c(...', 'args': [{'element-6066-11e4-a52e-4f735466cecf': 'f.C616DB4859560BF75FF898FEC64B1C2A.d.C3534A304D1E6AA48E0A28B25CFD63A4.e.68'}, 'outerHTML']}
DEBUG:urllib3.connectionpool:http://localhost:53719 "POST /session/545e2be29b0e1925bb97672934101383/execute/sync HTTP/1.1" 200 2468
DEBUG:selenium.webdriver.remote.remote_connection:Remote response: status=200 | data={"value":"\u003Cdiv class=\"table-td\" id=\"prod-itemlist-0010946776\">\n\u003Cdiv class=\"box\">\n\u003Ca target=\"_blank\" href=\"//search.books.com.tw/redirect/move/key/%E9%96%8B%E5%A7%8B%E5%88%86%E5%BF%83%EF%BC%8C%E5%B0%B1%E6%98%AF%E5%BF%AB%E8%A6%81%E8%AE%8A%E5%BC%B7%E4%BA%86/area/mid/item/0010946776/page/1/idx/1/cat/001/pdf/1/spell/3\" title=\"開始分心，就是快要變強了：哈佛醫學院的「思緒漫遊」講座，如何用分心提升思想的廣度與創造力，還能使心情平靜而愉快\">\u003Cimg class=\"b-lazy b-loaded\" src=\"https://im1.book.com.tw/image/getImage?i=https://www.books.com.tw/img/001/094/67/0010946776.jpg&amp;w=187&amp;h=187&amp;v=63b555fa\" alt=\"開始分心，就是快要變強了：哈佛醫學院的「思緒漫遊」講座，如何用分心提升思想的廣度與創造力，還能使心情平靜而愉快\" srcset=\"https://im1.book.com.tw/image/getImage?i=https://www.books.com.tw/img/001/094/67/0010946776.jpg&amp;w=374&amp;h=374&amp;v=63b555fa 2x\">\u003C/a>\n\u003C/div>\n\u003Ch4>\u003Ca target=\"_blank\" href=\"//search.books.com.tw/redirect/move/key/%E9%96%8B%E5%A7%8B%E5%88%86%E5%BF%83%EF%BC%8C%E5%B0%B1%E6%98%AF%E5%BF%AB%E8%A6%81%E8%AE%8A%E5%BC%B7%E4%BA%86/area/mid/item/0010946776/page/1/idx/1/cat/001/pdf/1/spell/3\" title=\"開始分心，就是快要變強了：哈佛醫學院的「思緒漫遊」講座，如何用分心提升思想的廣度與創造力，還能使心情平靜而愉快\">\u003Cem>開始\u003C/em>\u003Cem>分心\u003C/em>，\u003Cem>就是\u003C/em>\u003Cem>快要\u003C/em>變\u003Cem>強了\u003C/em>：哈佛醫學院的「思緒漫遊」講座，如何用\u003Cem>分心\u003C/em>提升思想的廣度與創造力，還能使心情平靜而愉快\u003C/a>\u003C/h4>\n\u003Cdiv class=\"type clearfix\">\n\u003Cp>中文書\u003C/p>\n\u003Cp class=\"author\">\n\u003Ca rel=\"go_author\" href=\"//search.books.com.tw/search/query/cat/all/v/1/adv_author/1/key/%E5%A2%A8%E5%AF%A6%EF%BC%8E%E5%B7%B4%E7%88%BE%E5%8D%9A%E5%A3%AB\" title=\"墨實．巴爾博士\">墨實．巴爾博士\u003C/a>&nbsp;&nbsp;\u003Ca rel=\"go_author\" href=\"//search.books.com.tw/search/query/cat/all/v/1/adv_author/1/key/%E6%9D%8E%E5%A9%89%E5%A6%82\" title=\"李婉如\">李婉如\u003C/a>\u003C/p>\n\u003C/div>\n\u003Cul class=\"price clearfix\">\n\u003Cli>優惠價: \u003Cb>7\u003C/b> 折, \u003Cb>294\u003C/b> 元\u003C/li>\n\u003C/ul>\n\u003Cdiv class=\"paster-0\">\n\u003C/div>\n\u003C/div>"} | headers=HTTPHeaderDict({'Content-Length': '2468', 'Content-Type': 'application/json; charset=utf-8', 'cache-control': 'no-cache'})
DEBUG:selenium.webdriver.remote.remote_connection:Finished Request
DEBUG:selenium.webdriver.remote.remote_connection:POST http://localhost:53719/session/545e2be29b0e1925bb97672934101383/element/f.C616DB4859560BF75FF898FEC64B1C2A.d.C3534A304D1E6AA48E0A28B25CFD63A4.e.68/element {'using': 'css selector', 'value': 'h4 a'}
DEBUG:urllib3.connectionpool:http://localhost:53719 "POST /session/545e2be29b0e1925bb97672934101383/element/f.C616DB4859560BF75FF898FEC64B1C2A.d.C3534A304D1E6AA48E0A28B25CFD63A4.e.68/element HTTP/1.1" 200 126
DEBUG:selenium.webdriver.remote.remote_connection:Remote response: status=200 | data={"value":{"element-6066-11e4-a52e-4f735466cecf":"f.C616DB4859560BF75FF898FEC64B1C2A.d.C3534A304D1E6AA48E0A28B25CFD63A4.e.72"}} | headers=HTTPHeaderDict({'Content-Length': '126', 'Content-Type': 'application/json; charset=utf-8', 'cache-control': 'no-cache'})
DEBUG:selenium.webdriver.remote.remote_connection:Finished Request
DEBUG:selenium.webdriver.remote.remote_connection:GET http://localhost:53719/session/545e2be29b0e1925bb97672934101383/element/f.C616DB4859560BF75FF898FEC64B1C2A.d.C3534A304D1E6AA48E0A28B25CFD63A4.e.72/text {}
DEBUG:urllib3.connectionpool:http://localhost:53719 "GET /session/545e2be29b0e1925bb97672934101383/element/f.C616DB4859560BF75FF898FEC64B1C2A.d.C3534A304D1E6AA48E0A28B25CFD63A4.e.72/text HTTP/1.1" 200 177
DEBUG:selenium.webdriver.remote.remote_connection:Remote response: status=200 | data={"value":"開始分心，就是快要變強了：哈佛醫學院的「思緒漫遊」講座，如何用分心提升思想的廣度與創造力，還能使心情平靜而愉快"} | headers=HTTPHeaderDict({'Content-Length': '177', 'Content-Type': 'application/json; charset=utf-8', 'cache-control': 'no-cache'})
DEBUG:selenium.webdriver.remote.remote_connection:Finished Request
DEBUG:selenium.webdriver.remote.remote_connection:POST http://localhost:53719/session/545e2be29b0e1925bb97672934101383/execute/sync {'script': '/* getAttribute */return (function(){return (function(){var d=this||self;function f(a,b){function c(...', 'args': [{'element-6066-11e4-a52e-4f735466cecf': 'f.C616DB4859560BF75FF898FEC64B1C2A.d.C3534A304D1E6AA48E0A28B25CFD63A4.e.68'}, 'id']}
DEBUG:urllib3.connectionpool:http://localhost:53719 "POST /session/545e2be29b0e1925bb97672934101383/execute/sync HTTP/1.1" 200 36
DEBUG:selenium.webdriver.remote.remote_connection:Remote response: status=200 | data={"value":"prod-itemlist-0010946776"} | headers=HTTPHeaderDict({'Content-Length': '36', 'Content-Type': 'application/json; charset=utf-8', 'cache-control': 'no-cache'})
DEBUG:selenium.webdriver.remote.remote_connection:Finished Request
DEBUG:root:1: 開始分心，就是快要變強了：哈佛醫學院的「思緒漫遊」講座，如何用分心提升思想的廣度與創造力，還能使心情平靜而愉快
DEBUG:selenium.webdriver.remote.remote_connection:POST http://localhost:53719/session/545e2be29b0e1925bb97672934101383/execute/sync {'script': '/* getAttribute */return (function(){return (function(){var d=this||self;function f(a,b){function c(...', 'args': [{'element-6066-11e4-a52e-4f735466cecf': 'f.C616DB4859560BF75FF898FEC64B1C2A.d.C3534A304D1E6AA48E0A28B25CFD63A4.e.69'}, 'outerHTML']}
DEBUG:urllib3.connectionpool:http://localhost:53719 "POST /session/545e2be29b0e1925bb97672934101383/execute/sync HTTP/1.1" 200 2538
DEBUG:selenium.webdriver.remote.remote_connection:Remote response: status=200 | data={"value":"\u003Cdiv class=\"table-td\" id=\"prod-itemlist-E050152322\">\n\u003Cdiv class=\"box\">\n\u003Ci class=\"sign_ebook\">\u003C/i>\n\u003Ca target=\"_blank\" href=\"//search.books.com.tw/redirect/move/key/%E9%96%8B%E5%A7%8B%E5%88%86%E5%BF%83%EF%BC%8C%E5%B0%B1%E6%98%AF%E5%BF%AB%E8%A6%81%E8%AE%8A%E5%BC%B7%E4%BA%86/area/mid/item/E050152322/page/1/idx/2/cat/E05/pdf/1/spell/3\" title=\"開始分心，就是快要變強了：哈佛醫學院的「思緒漫遊」講座，如何用分心提升思想的廣度與創造力，還能使心情平靜而愉快 (電子書)\">\u003Cimg class=\"b-lazy b-loaded\" src=\"https://im1.book.com.tw/image/getImage?i=https://www.books.com.tw/img/E05/015/23/E050152322.jpg&amp;w=187&amp;h=187&amp;v=63c7a162\" alt=\"開始分心，就是快要變強了：哈佛醫學院的「思緒漫遊」講座，如何用分心提升思想的廣度與創造力，還能使心情平靜而愉快 (電子書)\" srcset=\"https://im1.book.com.tw/image/getImage?i=https://www.books.com.tw/img/E05/015/23/E050152322.jpg&amp;w=374&amp;h=374&amp;v=63c7a162 2x\">\u003C/a>\n\u003C/div>\n\u003Ch4>\u003Ca target=\"_blank\" href=\"//search.books.com.tw/redirect/move/key/%E9%96%8B%E5%A7%8B%E5%88%86%E5%BF%83%EF%BC%8C%E5%B0%B1%E6%98%AF%E5%BF%AB%E8%A6%81%E8%AE%8A%E5%BC%B7%E4%BA%86/area/mid/item/E050152322/page/1/idx/2/cat/E05/pdf/1/spell/3\" title=\"開始分心，就是快要變強了：哈佛醫學院的「思緒漫遊」講座，如何用分心提升思想的廣度與創造力，還能使心情平靜而愉快 (電子書)\">\u003Cem>開始\u003C/em>\u003Cem>分心\u003C/em>，\u003Cem>就是\u003C/em>\u003Cem>快要\u003C/em>變\u003Cem>強了\u003C/em>：哈佛醫學院的「思緒漫遊」講座，如何用\u003Cem>分心\u003C/em>提升思想的廣度與創造力，還能使心情平靜而愉快 (電子書)\u003C/a>\u003C/h4>\n\u003Cdiv class=\"type clearfix\">\n\u003Cp>中文電子書\u003C/p>\n\u003Cp class=\"author\">\n\u003Ca rel=\"go_author\" href=\"//search.books.com.tw/search/query/cat/all/v/1/adv_author/1/key/%E5%A2%A8%E5%AF%A6%EF%BC%8E%E5%B7%B4%E7%88%BE%E5%8D%9A%E5%A3%AB\" title=\"墨實．巴爾博士\">墨實．巴爾博士\u003C/a>&nbsp;&nbsp;\u003Ca rel=\"go_author\" href=\"//search.books.com.tw/search/query/cat/all/v/1/adv_author/1/key/%E6%9D%8E%E5%A9%89%E5%A6%82\" title=\"李婉如\">李婉如\u003C/a>\u003C/p>\n\u003C/div>\n\u003Cul class=\"price clearfix\">\n\u003Cli>優惠價: \u003Cb>332\u003C/b> 元\u003C/li>\n\u003C/ul>\n\u003Cdiv class=\"paster-0\">\n\u003C/div>\n\u003C/div>"} | headers=HTTPHeaderDict({'Content-Length': '2538', 'Content-Type': 'application/json; charset=utf-8', 'cache-control': 'no-cache'})
DEBUG:selenium.webdriver.remote.remote_connection:Finished Request
DEBUG:selenium.webdriver.remote.remote_connection:POST http://localhost:53719/session/545e2be29b0e1925bb97672934101383/element/f.C616DB4859560BF75FF898FEC64B1C2A.d.C3534A304D1E6AA48E0A28B25CFD63A4.e.69/element {'using': 'css selector', 'value': 'h4 a'}
DEBUG:urllib3.connectionpool:http://localhost:53719 "POST /session/545e2be29b0e1925bb97672934101383/element/f.C616DB4859560BF75FF898FEC64B1C2A.d.C3534A304D1E6AA48E0A28B25CFD63A4.e.69/element HTTP/1.1" 200 126
DEBUG:selenium.webdriver.remote.remote_connection:Remote response: status=200 | data={"value":{"element-6066-11e4-a52e-4f735466cecf":"f.C616DB4859560BF75FF898FEC64B1C2A.d.C3534A304D1E6AA48E0A28B25CFD63A4.e.73"}} | headers=HTTPHeaderDict({'Content-Length': '126', 'Content-Type': 'application/json; charset=utf-8', 'cache-control': 'no-cache'})
DEBUG:selenium.webdriver.remote.remote_connection:Finished Request
DEBUG:selenium.webdriver.remote.remote_connection:GET http://localhost:53719/session/545e2be29b0e1925bb97672934101383/element/f.C616DB4859560BF75FF898FEC64B1C2A.d.C3534A304D1E6AA48E0A28B25CFD63A4.e.73/text {}
DEBUG:urllib3.connectionpool:http://localhost:53719 "GET /session/545e2be29b0e1925bb97672934101383/element/f.C616DB4859560BF75FF898FEC64B1C2A.d.C3534A304D1E6AA48E0A28B25CFD63A4.e.73/text HTTP/1.1" 200 189
DEBUG:selenium.webdriver.remote.remote_connection:Remote response: status=200 | data={"value":"開始分心，就是快要變強了：哈佛醫學院的「思緒漫遊」講座，如何用分心提升思想的廣度與創造力，還能使心情平靜而愉快 (電子書)"} | headers=HTTPHeaderDict({'Content-Length': '189', 'Content-Type': 'application/json; charset=utf-8', 'cache-control': 'no-cache'})
DEBUG:selenium.webdriver.remote.remote_connection:Finished Request
DEBUG:selenium.webdriver.remote.remote_connection:POST http://localhost:53719/session/545e2be29b0e1925bb97672934101383/execute/sync {'script': '/* getAttribute */return (function(){return (function(){var d=this||self;function f(a,b){function c(...', 'args': [{'element-6066-11e4-a52e-4f735466cecf': 'f.C616DB4859560BF75FF898FEC64B1C2A.d.C3534A304D1E6AA48E0A28B25CFD63A4.e.69'}, 'id']}
DEBUG:urllib3.connectionpool:http://localhost:53719 "POST /session/545e2be29b0e1925bb97672934101383/execute/sync HTTP/1.1" 200 36
DEBUG:selenium.webdriver.remote.remote_connection:Remote response: status=200 | data={"value":"prod-itemlist-E050152322"} | headers=HTTPHeaderDict({'Content-Length': '36', 'Content-Type': 'application/json; charset=utf-8', 'cache-control': 'no-cache'})
DEBUG:selenium.webdriver.remote.remote_connection:Finished Request
DEBUG:root:2: 開始分心，就是快要變強了：哈佛醫學院的「思緒漫遊」講座，如何用分心提升思想的廣度與創造力，還能使心情平靜而愉快 (電子書)
DEBUG:selenium.webdriver.remote.remote_connection:POST http://localhost:53719/session/545e2be29b0e1925bb97672934101383/execute/sync {'script': '/* getAttribute */return (function(){return (function(){var d=this||self;function f(a,b){function c(...', 'args': [{'element-6066-11e4-a52e-4f735466cecf': 'f.C616DB4859560BF75FF898FEC64B1C2A.d.C3534A304D1E6AA48E0A28B25CFD63A4.e.70'}, 'outerHTML']}
DEBUG:urllib3.connectionpool:http://localhost:53719 "POST /session/545e2be29b0e1925bb97672934101383/execute/sync HTTP/1.1" 200 908
DEBUG:selenium.webdriver.remote.remote_connection:Remote response: status=200 | data={"value":"\u003Cdiv class=\"table-td\">\n\u003Cdiv class=\"footer-wrap\">\n\u003Cdiv class=\"floated-btn-wrap\" id=\"prod-itemlist-footer-0010946776\">\n\u003Ca class=\"button type-01\" href=\"javascript:void(0)\" onclick=\"reopen('//search.books.com.tw/redirect/move/key/%E9%96%8B%E5%A7%8B%E5%88%86%E5%BF%83%EF%BC%8C%E5%B0%B1%E6%98%AF%E5%BF%AB%E8%A6%81%E8%AE%8A%E5%BC%B7%E4%BA%86/area/mid_epub/item/0010946776/page/1/epub/1/idx/1/cat/001/pdf/1/spell/3', 'booksearch')\">試閱\u003C/a>\n\u003Ca class=\"button type-01\" href=\"javascript:void(0)\" onclick=\"putAjaxCart('0010946776', '1', '001', '294')\">\u003Ci class=\"icon-shoppingcart\">\u003C/i>\u003C/a>\n\u003Ca class=\"button type-01\" href=\"javascript:void(0)\" onclick=\"putAjaxNextBuy('0010946776', 'search-pc', 1, this)\" title=\"下次再買\"> \n\u003Ci class=\"icon-heart-empty\">\u003C/i>\n\u003C/a>\n\u003C/div>\n\u003C/div>\n\u003C/div>"} | headers=HTTPHeaderDict({'Content-Length': '908', 'Content-Type': 'application/json; charset=utf-8', 'cache-control': 'no-cache'})
DEBUG:selenium.webdriver.remote.remote_connection:Finished Request
DEBUG:selenium.webdriver.remote.remote_connection:POST http://localhost:53719/session/545e2be29b0e1925bb97672934101383/execute/sync {'script': '/* getAttribute */return (function(){return (function(){var d=this||self;function f(a,b){function c(...', 'args': [{'element-6066-11e4-a52e-4f735466cecf': 'f.C616DB4859560BF75FF898FEC64B1C2A.d.C3534A304D1E6AA48E0A28B25CFD63A4.e.71'}, 'outerHTML']}
DEBUG:urllib3.connectionpool:http://localhost:53719 "POST /session/545e2be29b0e1925bb97672934101383/execute/sync HTTP/1.1" 200 908
DEBUG:selenium.webdriver.remote.remote_connection:Remote response: status=200 | data={"value":"\u003Cdiv class=\"table-td\">\n\u003Cdiv class=\"footer-wrap\">\n\u003Cdiv class=\"floated-btn-wrap\" id=\"prod-itemlist-footer-E050152322\">\n\u003Ca class=\"button type-01\" href=\"javascript:void(0)\" onclick=\"reopen('//search.books.com.tw/redirect/move/key/%E9%96%8B%E5%A7%8B%E5%88%86%E5%BF%83%EF%BC%8C%E5%B0%B1%E6%98%AF%E5%BF%AB%E8%A6%81%E8%AE%8A%E5%BC%B7%E4%BA%86/area/mid_epub/item/E050152322/page/1/epub/1/idx/2/cat/E05/pdf/1/spell/3', 'booksearch')\">試閱\u003C/a>\n\u003Ca class=\"button type-01\" href=\"javascript:void(0)\" onclick=\"putAjaxCart('E050152322', '2', 'E05', '332')\">\u003Ci class=\"icon-shoppingcart\">\u003C/i>\u003C/a>\n\u003Ca class=\"button type-01\" href=\"javascript:void(0)\" onclick=\"putAjaxNextBuy('E050152322', 'search-pc', 1, this)\" title=\"下次再買\"> \n\u003Ci class=\"icon-heart-empty\">\u003C/i>\n\u003C/a>\n\u003C/div>\n\u003C/div>\n\u003C/div>"} | headers=HTTPHeaderDict({'Content-Length': '908', 'Content-Type': 'application/json; charset=utf-8', 'cache-control': 'no-cache'})
DEBUG:selenium.webdriver.remote.remote_connection:Finished Request
DEBUG:selenium.webdriver.remote.remote_connection:POST http://localhost:53719/session/545e2be29b0e1925bb97672934101383/element/f.C616DB4859560BF75FF898FEC64B1C2A.d.C3534A304D1E6AA48E0A28B25CFD63A4.e.68/element {'using': 'css selector', 'value': 'h4 a'}
DEBUG:urllib3.connectionpool:http://localhost:53719 "POST /session/545e2be29b0e1925bb97672934101383/element/f.C616DB4859560BF75FF898FEC64B1C2A.d.C3534A304D1E6AA48E0A28B25CFD63A4.e.68/element HTTP/1.1" 200 126
DEBUG:selenium.webdriver.remote.remote_connection:Remote response: status=200 | data={"value":{"element-6066-11e4-a52e-4f735466cecf":"f.C616DB4859560BF75FF898FEC64B1C2A.d.C3534A304D1E6AA48E0A28B25CFD63A4.e.72"}} | headers=HTTPHeaderDict({'Content-Length': '126', 'Content-Type': 'application/json; charset=utf-8', 'cache-control': 'no-cache'})
DEBUG:selenium.webdriver.remote.remote_connection:Finished Request
DEBUG:selenium.webdriver.remote.remote_connection:GET http://localhost:53719/session/545e2be29b0e1925bb97672934101383/element/f.C616DB4859560BF75FF898FEC64B1C2A.d.C3534A304D1E6AA48E0A28B25CFD63A4.e.72/text {}
DEBUG:urllib3.connectionpool:http://localhost:53719 "GET /session/545e2be29b0e1925bb97672934101383/element/f.C616DB4859560BF75FF898FEC64B1C2A.d.C3534A304D1E6AA48E0A28B25CFD63A4.e.72/text HTTP/1.1" 200 177
DEBUG:selenium.webdriver.remote.remote_connection:Remote response: status=200 | data={"value":"開始分心，就是快要變強了：哈佛醫學院的「思緒漫遊」講座，如何用分心提升思想的廣度與創造力，還能使心情平靜而愉快"} | headers=HTTPHeaderDict({'Content-Length': '177', 'Content-Type': 'application/json; charset=utf-8', 'cache-control': 'no-cache'})
DEBUG:selenium.webdriver.remote.remote_connection:Finished Request
DEBUG:selenium.webdriver.remote.remote_connection:POST http://localhost:53719/session/545e2be29b0e1925bb97672934101383/execute/sync {'script': '/* getAttribute */return (function(){return (function(){var d=this||self;function f(a,b){function c(...', 'args': [{'element-6066-11e4-a52e-4f735466cecf': 'f.C616DB4859560BF75FF898FEC64B1C2A.d.C3534A304D1E6AA48E0A28B25CFD63A4.e.68'}, 'id']}
DEBUG:urllib3.connectionpool:http://localhost:53719 "POST /session/545e2be29b0e1925bb97672934101383/execute/sync HTTP/1.1" 200 36
DEBUG:selenium.webdriver.remote.remote_connection:Remote response: status=200 | data={"value":"prod-itemlist-0010946776"} | headers=HTTPHeaderDict({'Content-Length': '36', 'Content-Type': 'application/json; charset=utf-8', 'cache-control': 'no-cache'})
DEBUG:selenium.webdriver.remote.remote_connection:Finished Request
ERROR:root:獲取博客來推廣鏈接時發生錯誤: name 'datetime' is not defined
Traceback (most recent call last):
  File "D:\marskingx.github.io\reindex\processors\books_review_processor.py", line 155, in safe_get_books_promotion_link
    return get_books_promotion_link(book_title)
           ^^^^^^^^^^^^^^^^^^^^^^^^^^^^^^^^^^^^
  File "D:\marskingx.github.io\reindex\scripts\search_books_url.py", line 156, in get_books_promotion_link
    title, url = search_books(driver, keyword)
                 ^^^^^^^^^^^^^^^^^^^^^^^^^^^^^
  File "D:\marskingx.github.io\reindex\scripts\search_books_url.py", line 67, in search_books
    selected_title, product_url = get_selected_result_url(selected_result)
                                  ^^^^^^^^^^^^^^^^^^^^^^^^^^^^^^^^^^^^^^^^
  File "D:\marskingx.github.io\reindex\scripts\search_books_url.py", line 137, in get_selected_result_url
    current_date = datetime.now().strftime('%Y%m')
                   ^^^^^^^^
NameError: name 'datetime' is not defined. Did you forget to import 'datetime'
DEBUG:selenium.webdriver.common.selenium_manager:Selenium Manager binary found at: C:\Users\Mars\AppData\Local\Programs\Python\Python312\Lib\site-packages\selenium\webdriver\common\windows\selenium-manager.exe
DEBUG:selenium.webdriver.common.selenium_manager:Executing process: C:\Users\Mars\AppData\Local\Programs\Python\Python312\Lib\site-packages\selenium\webdriver\common\windows\selenium-manager.exe --browser chrome --debug --language-binding python --output json
DEBUG:selenium.webdriver.common.selenium_manager:chromedriver not found in PATH
DEBUG:selenium.webdriver.common.selenium_manager:chrome detected at C:\Program Files\Google\Chrome\Application\chrome.exe
DEBUG:selenium.webdriver.common.selenium_manager:Running command: wmic datafile where name='C:\\Program Files\\Google\\Chrome\\Application\\chrome.exe' get Version /value
DEBUG:selenium.webdriver.common.selenium_manager:Output: ""
DEBUG:selenium.webdriver.common.selenium_manager:Running command: REG QUERY HKCU\Software\Google\Chrome\BLBeacon /v version
DEBUG:selenium.webdriver.common.selenium_manager:Output: ""
DEBUG:selenium.webdriver.common.selenium_manager:chrome not found in the system
DEBUG:selenium.webdriver.common.selenium_manager:Required browser: chrome 126.0.6478.182
DEBUG:selenium.webdriver.common.selenium_manager:chrome 126.0.6478.182 already exists
DEBUG:selenium.webdriver.common.selenium_manager:chrome 126.0.6478.182 is available at C:\Users\Mars\.cache\selenium\chrome\win64\126.0.6478.182\chrome.exe
DEBUG:selenium.webdriver.common.selenium_manager:Required driver: chromedriver 126.0.6478.182
DEBUG:selenium.webdriver.common.selenium_manager:chromedriver 126.0.6478.182 already in the cache
DEBUG:selenium.webdriver.common.selenium_manager:Driver path: C:\Users\Mars\.cache\selenium\chromedriver\win64\126.0.6478.182\chromedriver.exe
DEBUG:selenium.webdriver.common.selenium_manager:Browser path: C:\Users\Mars\.cache\selenium\chrome\win64\126.0.6478.182\chrome.exe
DEBUG:selenium.webdriver.common.service:Started executable: `C:\Users\Mars\.cache\selenium\chromedriver\win64\126.0.6478.182\chromedriver.exe` in a child process with pid: 10920 using 0 to output -3
DEBUG:selenium.webdriver.remote.remote_connection:POST http://localhost:53796/session {'capabilities': {'firstMatch': [{}], 'alwaysMatch': {'browserName': 'chrome', 'pageLoadStrategy': <PageLoadStrategy.normal: 'normal'>, 'browserVersion': None, 'goog:chromeOptions': {'extensions': [], 'binary': 'C:\\Users\\Mars\\.cache\\selenium\\chrome\\win64\\126.0.6478.182\\chrome.exe', 'args': ['--headless', '--disable-gpu', '--no-sandbox', '--disable-dev-shm-usage', 'user-agent=Mozilla/5.0 (Windows NT 10.0; Win64; x64) AppleWebKit/537.36 (KHTML, like Gecko) Chrome/91.0.4472.124 Safari/537.36']}}}}
DEBUG:urllib3.connectionpool:Starting new HTTP connection (1): localhost:53796
DEBUG:urllib3.connectionpool:http://localhost:53796 "POST /session HTTP/1.1" 200 897
DEBUG:selenium.webdriver.remote.remote_connection:Remote response: status=200 | data={"value":{"capabilities":{"acceptInsecureCerts":false,"browserName":"chrome-headless-shell","browserVersion":"126.0.6478.182","chrome":{"chromedriverVersion":"126.0.6478.182 (5b5d8292ddf182f8b2096fa665b473b6317906d5-refs/branch-heads/6478@{#1776})","userDataDir":"C:\\Users\\Mars\\AppData\\Local\\Temp\\scoped_dir10920_988483649"},"fedcm:accounts":true,"goog:chromeOptions":{"debuggerAddress":"localhost:53799"},"networkConnectionEnabled":false,"pageLoadStrategy":"normal","platformName":"windows","proxy":{},"setWindowRect":true,"strictFileInteractability":false,"timeouts":{"implicit":0,"pageLoad":300000,"script":30000},"unhandledPromptBehavior":"dismiss and notify","webauthn:extension:credBlob":true,"webauthn:extension:largeBlob":true,"webauthn:extension:minPinLength":true,"webauthn:extension:prf":true,"webauthn:virtualAuthenticators":true},"sessionId":"365a46db0d4e56135375cfa4d91d97df"}} | headers=HTTPHeaderDict({'Content-Length': '897', 'Content-Type': 'application/json; charset=utf-8', 'cache-control': 'no-cache'})
DEBUG:selenium.webdriver.remote.remote_connection:Finished Request
DEBUG:selenium.webdriver.remote.remote_connection:POST http://localhost:53796/session/365a46db0d4e56135375cfa4d91d97df/timeouts {'pageLoad': 30000}
DEBUG:urllib3.connectionpool:http://localhost:53796 "POST /session/365a46db0d4e56135375cfa4d91d97df/timeouts HTTP/1.1" 200 14
DEBUG:selenium.webdriver.remote.remote_connection:Remote response: status=200 | data={"value":null} | headers=HTTPHeaderDict({'Content-Length': '14', 'Content-Type': 'application/json; charset=utf-8', 'cache-control': 'no-cache'})
DEBUG:selenium.webdriver.remote.remote_connection:Finished Request
DEBUG:root:初始化 WebDriver 完成
DEBUG:root:開始搜索關鍵字: 開始分心，就是快要變強了
DEBUG:selenium.webdriver.remote.remote_connection:POST http://localhost:53796/session/365a46db0d4e56135375cfa4d91d97df/url {'url': 'https://www.momoshop.com.tw/search/searchShop.jsp?keyword=開始分心，就是快要變強了&searchType=1&curPage=1&showTy...'}
DEBUG:urllib3.connectionpool:http://localhost:53796 "POST /session/365a46db0d4e56135375cfa4d91d97df/url HTTP/1.1" 200 14
DEBUG:selenium.webdriver.remote.remote_connection:Remote response: status=200 | data={"value":null} | headers=HTTPHeaderDict({'Content-Length': '14', 'Content-Type': 'application/json; charset=utf-8', 'cache-control': 'no-cache'})
DEBUG:selenium.webdriver.remote.remote_connection:Finished Request
DEBUG:selenium.webdriver.remote.remote_connection:POST http://localhost:53796/session/365a46db0d4e56135375cfa4d91d97df/element {'using': 'css selector', 'value': 'li[gcode]'}
DEBUG:urllib3.connectionpool:http://localhost:53796 "POST /session/365a46db0d4e56135375cfa4d91d97df/element HTTP/1.1" 200 126
DEBUG:selenium.webdriver.remote.remote_connection:Remote response: status=200 | data={"value":{"element-6066-11e4-a52e-4f735466cecf":"f.C727105E1DFE48CF1006EC3A20B77064.d.959FAED026E3254ECD12440021ACCD6D.e.37"}} | headers=HTTPHeaderDict({'Content-Length': '126', 'Content-Type': 'application/json; charset=utf-8', 'cache-control': 'no-cache'})
DEBUG:selenium.webdriver.remote.remote_connection:Finished Request
DEBUG:selenium.webdriver.remote.remote_connection:POST http://localhost:53796/session/365a46db0d4e56135375cfa4d91d97df/elements {'using': 'css selector', 'value': 'li[gcode]'}
DEBUG:urllib3.connectionpool:http://localhost:53796 "POST /session/365a46db0d4e56135375cfa4d91d97df/elements HTTP/1.1" 200 128
DEBUG:selenium.webdriver.remote.remote_connection:Remote response: status=200 | data={"value":[{"element-6066-11e4-a52e-4f735466cecf":"f.C727105E1DFE48CF1006EC3A20B77064.d.959FAED026E3254ECD12440021ACCD6D.e.37"}]} | headers=HTTPHeaderDict({'Content-Length': '128', 'Content-Type': 'application/json; charset=utf-8', 'cache-control': 'no-cache'})
DEBUG:selenium.webdriver.remote.remote_connection:Finished Request
DEBUG:selenium.webdriver.remote.remote_connection:POST http://localhost:53796/session/365a46db0d4e56135375cfa4d91d97df/execute/sync {'script': '/* getAttribute */return (function(){return (function(){var d=this||self;function f(a,b){function c(...', 'args': [{'element-6066-11e4-a52e-4f735466cecf': 'f.C727105E1DFE48CF1006EC3A20B77064.d.959FAED026E3254ECD12440021ACCD6D.e.37'}, 'gcode']}
DEBUG:urllib3.connectionpool:http://localhost:53796 "POST /session/365a46db0d4e56135375cfa4d91d97df/execute/sync HTTP/1.1" 200 20
DEBUG:selenium.webdriver.remote.remote_connection:Remote response: status=200 | data={"value":"10947398"} | headers=HTTPHeaderDict({'Content-Length': '20', 'Content-Type': 'application/json; charset=utf-8', 'cache-control': 'no-cache'})
DEBUG:selenium.webdriver.remote.remote_connection:Finished Request
DEBUG:selenium.webdriver.remote.remote_connection:POST http://localhost:53796/session/365a46db0d4e56135375cfa4d91d97df/element/f.C727105E1DFE48CF1006EC3A20B77064.d.959FAED026E3254ECD12440021ACCD6D.e.37/element {'using': 'css selector', 'value': '.prdName'}
DEBUG:urllib3.connectionpool:http://localhost:53796 "POST /session/365a46db0d4e56135375cfa4d91d97df/element/f.C727105E1DFE48CF1006EC3A20B77064.d.959FAED026E3254ECD12440021ACCD6D.e.37/element HTTP/1.1" 200 126
DEBUG:selenium.webdriver.remote.remote_connection:Remote response: status=200 | data={"value":{"element-6066-11e4-a52e-4f735466cecf":"f.C727105E1DFE48CF1006EC3A20B77064.d.959FAED026E3254ECD12440021ACCD6D.e.38"}} | headers=HTTPHeaderDict({'Content-Length': '126', 'Content-Type': 'application/json; charset=utf-8', 'cache-control': 'no-cache'})
DEBUG:selenium.webdriver.remote.remote_connection:Finished Request
DEBUG:selenium.webdriver.remote.remote_connection:GET http://localhost:53796/session/365a46db0d4e56135375cfa4d91d97df/element/f.C727105E1DFE48CF1006EC3A20B77064.d.959FAED026E3254ECD12440021ACCD6D.e.38/text {}
DEBUG:urllib3.connectionpool:http://localhost:53796 "GET /session/365a46db0d4e56135375cfa4d91d97df/element/f.C727105E1DFE48CF1006EC3A20B77064.d.959FAED026E3254ECD12440021ACCD6D.e.38/text HTTP/1.1" 200 140
DEBUG:selenium.webdriver.remote.remote_connection:Remote response: status=200 | data={"value":"開始分心 就是快要變強了：哈佛醫學院的「思緒漫遊」講座 如何用分心提升思想的廣度與創造力"} | headers=HTTPHeaderDict({'Content-Length': '140', 'Content-Type': 'application/json; charset=utf-8', 'cache-control': 'no-cache'})
DEBUG:selenium.webdriver.remote.remote_connection:Finished Request
DEBUG:root:找到書籍 1: 開始分心 就是快要變強了：哈佛醫學院的「思緒漫遊」講座 如何用分心提升思想的廣度與創造力
DEBUG:root:正在關閉瀏覽器
DEBUG:selenium.webdriver.remote.remote_connection:DELETE http://localhost:53796/session/365a46db0d4e56135375cfa4d91d97df {}
DEBUG:urllib3.connectionpool:http://localhost:53796 "DELETE /session/365a46db0d4e56135375cfa4d91d97df HTTP/1.1" 200 14
DEBUG:selenium.webdriver.remote.remote_connection:Remote response: status=200 | data={"value":null} | headers=HTTPHeaderDict({'Content-Length': '14', 'Content-Type': 'application/json; charset=utf-8', 'cache-control': 'no-cache'})
DEBUG:selenium.webdriver.remote.remote_connection:Finished Request
DEBUG:root:瀏覽器已關閉
ERROR:root:處理書評文件時發生錯誤: not enough values to unpack (expected 2, got 1)
Traceback (most recent call last):
  File "D:\marskingx.github.io\reindex\processors\books_review_processor.py", line 199, in process_book_review
    momo_title, momo_url = self.safe_get_momo_promotion_link(book_title)
    ^^^^^^^^^^^^^^^^^^^^
ValueError: not enough values to unpack (expected 2, got 1)
