2024-07-22 15:33:54 - INFO - 開始搜索關鍵字: 平衡心態
2024-07-22 15:33:54 - DEBUG - Selenium Manager binary found at: C:\Users\Mars\AppData\Local\Programs\Python\Python312\Lib\site-packages\selenium\webdriver\common\windows\selenium-manager.exe
2024-07-22 15:33:54 - DEBUG - Executing process: C:\Users\Mars\AppData\Local\Programs\Python\Python312\Lib\site-packages\selenium\webdriver\common\windows\selenium-manager.exe --browser chrome --debug --language-binding python --output json
2024-07-22 15:33:54 - DEBUG - chromedriver not found in PATH
2024-07-22 15:33:54 - DEBUG - chrome detected at C:\Program Files\Google\Chrome\Application\chrome.exe
2024-07-22 15:33:54 - DEBUG - Running command: wmic datafile where name='C:\\Program Files\\Google\\Chrome\\Application\\chrome.exe' get Version /value
2024-07-22 15:33:54 - DEBUG - Output: ""
2024-07-22 15:33:54 - DEBUG - Running command: REG QUERY HKCU\Software\Google\Chrome\BLBeacon /v version
2024-07-22 15:33:54 - DEBUG - Output: ""
2024-07-22 15:33:54 - DEBUG - chrome not found in the system
2024-07-22 15:33:54 - DEBUG - Required browser: chrome 126.0.6478.182
2024-07-22 15:33:54 - DEBUG - chrome 126.0.6478.182 already exists
2024-07-22 15:33:54 - DEBUG - chrome 126.0.6478.182 is available at C:\Users\Mars\.cache\selenium\chrome\win64\126.0.6478.182\chrome.exe
2024-07-22 15:33:54 - DEBUG - Required driver: chromedriver 126.0.6478.182
2024-07-22 15:33:54 - DEBUG - chromedriver 126.0.6478.182 already in the cache
2024-07-22 15:33:54 - DEBUG - Driver path: C:\Users\Mars\.cache\selenium\chromedriver\win64\126.0.6478.182\chromedriver.exe
2024-07-22 15:33:54 - DEBUG - Browser path: C:\Users\Mars\.cache\selenium\chrome\win64\126.0.6478.182\chrome.exe
2024-07-22 15:33:54 - DEBUG - Started executable: `C:\Users\Mars\.cache\selenium\chromedriver\win64\126.0.6478.182\chromedriver.exe` in a child process with pid: 21540 using 0 to output -3
2024-07-22 15:33:55 - DEBUG - POST http://localhost:58866/session {'capabilities': {'firstMatch': [{}], 'alwaysMatch': {'browserName': 'chrome', 'pageLoadStrategy': <PageLoadStrategy.normal: 'normal'>, 'browserVersion': None, 'goog:chromeOptions': {'extensions': [], 'binary': 'C:\\Users\\Mars\\.cache\\selenium\\chrome\\win64\\126.0.6478.182\\chrome.exe', 'args': ['--headless', '--disable-gpu', '--no-sandbox', '--disable-dev-shm-usage', 'user-agent=Mozilla/5.0 (Windows NT 10.0; Win64; x64) AppleWebKit/537.36 (KHTML, like Gecko) Chrome/91.0.4472.124 Safari/537.36']}}}}
2024-07-22 15:33:55 - DEBUG - Starting new HTTP connection (1): localhost:58866
2024-07-22 15:33:55 - DEBUG - http://localhost:58866 "POST /session HTTP/1.1" 200 898
2024-07-22 15:33:55 - DEBUG - Remote response: status=200 | data={"value":{"capabilities":{"acceptInsecureCerts":false,"browserName":"chrome-headless-shell","browserVersion":"126.0.6478.182","chrome":{"chromedriverVersion":"126.0.6478.182 (5b5d8292ddf182f8b2096fa665b473b6317906d5-refs/branch-heads/6478@{#1776})","userDataDir":"C:\\Users\\Mars\\AppData\\Local\\Temp\\scoped_dir21540_1651836410"},"fedcm:accounts":true,"goog:chromeOptions":{"debuggerAddress":"localhost:58869"},"networkConnectionEnabled":false,"pageLoadStrategy":"normal","platformName":"windows","proxy":{},"setWindowRect":true,"strictFileInteractability":false,"timeouts":{"implicit":0,"pageLoad":300000,"script":30000},"unhandledPromptBehavior":"dismiss and notify","webauthn:extension:credBlob":true,"webauthn:extension:largeBlob":true,"webauthn:extension:minPinLength":true,"webauthn:extension:prf":true,"webauthn:virtualAuthenticators":true},"sessionId":"ae6409fc0c11351cfaf304e3fce2db6e"}} | headers=HTTPHeaderDict({'Content-Length': '898', 'Content-Type': 'application/json; charset=utf-8', 'cache-control': 'no-cache'})
2024-07-22 15:33:55 - DEBUG - Finished Request
2024-07-22 15:33:55 - DEBUG - POST http://localhost:58866/session/ae6409fc0c11351cfaf304e3fce2db6e/timeouts {'pageLoad': 30000}
2024-07-22 15:33:55 - DEBUG - http://localhost:58866 "POST /session/ae6409fc0c11351cfaf304e3fce2db6e/timeouts HTTP/1.1" 200 14
2024-07-22 15:33:55 - DEBUG - Remote response: status=200 | data={"value":null} | headers=HTTPHeaderDict({'Content-Length': '14', 'Content-Type': 'application/json; charset=utf-8', 'cache-control': 'no-cache'})
2024-07-22 15:33:55 - DEBUG - Finished Request
2024-07-22 15:33:55 - DEBUG - 初始化 WebDriver 完成
2024-07-22 15:33:55 - DEBUG - 開始搜索關鍵字: 平衡心態
2024-07-22 15:33:55 - DEBUG - POST http://localhost:58866/session/ae6409fc0c11351cfaf304e3fce2db6e/url {'url': 'https://www.momoshop.com.tw/search/searchShop.jsp?keyword=平衡心態&searchType=1&curPage=1&showType=chess...'}
2024-07-22 15:33:57 - DEBUG - http://localhost:58866 "POST /session/ae6409fc0c11351cfaf304e3fce2db6e/url HTTP/1.1" 200 14
2024-07-22 15:33:57 - DEBUG - Remote response: status=200 | data={"value":null} | headers=HTTPHeaderDict({'Content-Length': '14', 'Content-Type': 'application/json; charset=utf-8', 'cache-control': 'no-cache'})
2024-07-22 15:33:57 - DEBUG - Finished Request
2024-07-22 15:33:57 - DEBUG - POST http://localhost:58866/session/ae6409fc0c11351cfaf304e3fce2db6e/element {'using': 'css selector', 'value': 'li[gcode]'}
2024-07-22 15:33:57 - DEBUG - http://localhost:58866 "POST /session/ae6409fc0c11351cfaf304e3fce2db6e/element HTTP/1.1" 200 126
2024-07-22 15:33:57 - DEBUG - Remote response: status=200 | data={"value":{"element-6066-11e4-a52e-4f735466cecf":"f.C846A4A7FC831695AB618BAC9638145D.d.86376924572EADCC9C3132B00A9F2F30.e.28"}} | headers=HTTPHeaderDict({'Content-Length': '126', 'Content-Type': 'application/json; charset=utf-8', 'cache-control': 'no-cache'})
2024-07-22 15:33:57 - DEBUG - Finished Request
2024-07-22 15:33:57 - DEBUG - POST http://localhost:58866/session/ae6409fc0c11351cfaf304e3fce2db6e/elements {'using': 'css selector', 'value': 'li[gcode]'}
2024-07-22 15:33:57 - DEBUG - http://localhost:58866 "POST /session/ae6409fc0c11351cfaf304e3fce2db6e/elements HTTP/1.1" 200 830
2024-07-22 15:33:57 - DEBUG - Remote response: status=200 | data={"value":[{"element-6066-11e4-a52e-4f735466cecf":"f.C846A4A7FC831695AB618BAC9638145D.d.86376924572EADCC9C3132B00A9F2F30.e.28"},{"element-6066-11e4-a52e-4f735466cecf":"f.C846A4A7FC831695AB618BAC9638145D.d.86376924572EADCC9C3132B00A9F2F30.e.29"},{"element-6066-11e4-a52e-4f735466cecf":"f.C846A4A7FC831695AB618BAC9638145D.d.86376924572EADCC9C3132B00A9F2F30.e.30"},{"element-6066-11e4-a52e-4f735466cecf":"f.C846A4A7FC831695AB618BAC9638145D.d.86376924572EADCC9C3132B00A9F2F30.e.31"},{"element-6066-11e4-a52e-4f735466cecf":"f.C846A4A7FC831695AB618BAC9638145D.d.86376924572EADCC9C3132B00A9F2F30.e.32"},{"element-6066-11e4-a52e-4f735466cecf":"f.C846A4A7FC831695AB618BAC9638145D.d.86376924572EADCC9C3132B00A9F2F30.e.33"},{"element-6066-11e4-a52e-4f735466cecf":"f.C846A4A7FC831695AB618BAC9638145D.d.86376924572EADCC9C3132B00A9F2F30.e.34"}]} | headers=HTTPHeaderDict({'Content-Length': '830', 'Content-Type': 'application/json; charset=utf-8', 'cache-control': 'no-cache'})
2024-07-22 15:33:57 - DEBUG - Finished Request
2024-07-22 15:33:57 - DEBUG - POST http://localhost:58866/session/ae6409fc0c11351cfaf304e3fce2db6e/execute/sync {'script': '/* getAttribute */return (function(){return (function(){var d=this||self;function f(a,b){function c(...', 'args': [{'element-6066-11e4-a52e-4f735466cecf': 'f.C846A4A7FC831695AB618BAC9638145D.d.86376924572EADCC9C3132B00A9F2F30.e.28'}, 'gcode']}
2024-07-22 15:33:57 - DEBUG - http://localhost:58866 "POST /session/ae6409fc0c11351cfaf304e3fce2db6e/execute/sync HTTP/1.1" 200 20
2024-07-22 15:33:57 - DEBUG - Remote response: status=200 | data={"value":"11062008"} | headers=HTTPHeaderDict({'Content-Length': '20', 'Content-Type': 'application/json; charset=utf-8', 'cache-control': 'no-cache'})
2024-07-22 15:33:57 - DEBUG - Finished Request
2024-07-22 15:33:57 - DEBUG - POST http://localhost:58866/session/ae6409fc0c11351cfaf304e3fce2db6e/element/f.C846A4A7FC831695AB618BAC9638145D.d.86376924572EADCC9C3132B00A9F2F30.e.28/element {'using': 'css selector', 'value': '.prdName'}
2024-07-22 15:33:57 - DEBUG - http://localhost:58866 "POST /session/ae6409fc0c11351cfaf304e3fce2db6e/element/f.C846A4A7FC831695AB618BAC9638145D.d.86376924572EADCC9C3132B00A9F2F30.e.28/element HTTP/1.1" 200 126
2024-07-22 15:33:57 - DEBUG - Remote response: status=200 | data={"value":{"element-6066-11e4-a52e-4f735466cecf":"f.C846A4A7FC831695AB618BAC9638145D.d.86376924572EADCC9C3132B00A9F2F30.e.35"}} | headers=HTTPHeaderDict({'Content-Length': '126', 'Content-Type': 'application/json; charset=utf-8', 'cache-control': 'no-cache'})
2024-07-22 15:33:57 - DEBUG - Finished Request
2024-07-22 15:33:57 - DEBUG - GET http://localhost:58866/session/ae6409fc0c11351cfaf304e3fce2db6e/element/f.C846A4A7FC831695AB618BAC9638145D.d.86376924572EADCC9C3132B00A9F2F30.e.35/text {}
2024-07-22 15:33:57 - DEBUG - http://localhost:58866 "GET /session/ae6409fc0c11351cfaf304e3fce2db6e/element/f.C846A4A7FC831695AB618BAC9638145D.d.86376924572EADCC9C3132B00A9F2F30.e.35/text HTTP/1.1" 200 102
2024-07-22 15:33:57 - DEBUG - Remote response: status=200 | data={"value":"平衡心態：掌握成功的四腳桌法則，穩步累積你的財富、幸福與健康"} | headers=HTTPHeaderDict({'Content-Length': '102', 'Content-Type': 'application/json; charset=utf-8', 'cache-control': 'no-cache'})
2024-07-22 15:33:57 - DEBUG - Finished Request
2024-07-22 15:33:57 - DEBUG - 找到書籍 1: 平衡心態：掌握成功的四腳桌法則，穩步累積你的財富、幸福與健康
2024-07-22 15:33:57 - DEBUG - POST http://localhost:58866/session/ae6409fc0c11351cfaf304e3fce2db6e/execute/sync {'script': '/* getAttribute */return (function(){return (function(){var d=this||self;function f(a,b){function c(...', 'args': [{'element-6066-11e4-a52e-4f735466cecf': 'f.C846A4A7FC831695AB618BAC9638145D.d.86376924572EADCC9C3132B00A9F2F30.e.29'}, 'gcode']}
2024-07-22 15:33:57 - DEBUG - http://localhost:58866 "POST /session/ae6409fc0c11351cfaf304e3fce2db6e/execute/sync HTTP/1.1" 200 20
2024-07-22 15:33:57 - DEBUG - Remote response: status=200 | data={"value":"12411076"} | headers=HTTPHeaderDict({'Content-Length': '20', 'Content-Type': 'application/json; charset=utf-8', 'cache-control': 'no-cache'})
2024-07-22 15:33:57 - DEBUG - Finished Request
2024-07-22 15:33:57 - DEBUG - POST http://localhost:58866/session/ae6409fc0c11351cfaf304e3fce2db6e/element/f.C846A4A7FC831695AB618BAC9638145D.d.86376924572EADCC9C3132B00A9F2F30.e.29/element {'using': 'css selector', 'value': '.prdName'}
2024-07-22 15:33:57 - DEBUG - http://localhost:58866 "POST /session/ae6409fc0c11351cfaf304e3fce2db6e/element/f.C846A4A7FC831695AB618BAC9638145D.d.86376924572EADCC9C3132B00A9F2F30.e.29/element HTTP/1.1" 200 126
2024-07-22 15:33:57 - DEBUG - Remote response: status=200 | data={"value":{"element-6066-11e4-a52e-4f735466cecf":"f.C846A4A7FC831695AB618BAC9638145D.d.86376924572EADCC9C3132B00A9F2F30.e.36"}} | headers=HTTPHeaderDict({'Content-Length': '126', 'Content-Type': 'application/json; charset=utf-8', 'cache-control': 'no-cache'})
2024-07-22 15:33:57 - DEBUG - Finished Request
2024-07-22 15:33:57 - DEBUG - GET http://localhost:58866/session/ae6409fc0c11351cfaf304e3fce2db6e/element/f.C846A4A7FC831695AB618BAC9638145D.d.86376924572EADCC9C3132B00A9F2F30.e.36/text {}
2024-07-22 15:33:57 - DEBUG - http://localhost:58866 "GET /session/ae6409fc0c11351cfaf304e3fce2db6e/element/f.C846A4A7FC831695AB618BAC9638145D.d.86376924572EADCC9C3132B00A9F2F30.e.36/text HTTP/1.1" 200 125
2024-07-22 15:33:57 - DEBUG - Remote response: status=200 | data={"value":"【MyBook】平衡心態：掌握成功的四腳桌法則，穩步累積你的財富、幸福與健康(電子書)"} | headers=HTTPHeaderDict({'Content-Length': '125', 'Content-Type': 'application/json; charset=utf-8', 'cache-control': 'no-cache'})
2024-07-22 15:33:57 - DEBUG - Finished Request
2024-07-22 15:33:57 - DEBUG - 找到書籍 2: 【MyBook】平衡心態：掌握成功的四腳桌法則，穩步累積你的財富、幸福與健康(電子書)
2024-07-22 15:33:57 - DEBUG - POST http://localhost:58866/session/ae6409fc0c11351cfaf304e3fce2db6e/execute/sync {'script': '/* getAttribute */return (function(){return (function(){var d=this||self;function f(a,b){function c(...', 'args': [{'element-6066-11e4-a52e-4f735466cecf': 'f.C846A4A7FC831695AB618BAC9638145D.d.86376924572EADCC9C3132B00A9F2F30.e.30'}, 'gcode']}
2024-07-22 15:33:57 - DEBUG - http://localhost:58866 "POST /session/ae6409fc0c11351cfaf304e3fce2db6e/execute/sync HTTP/1.1" 200 20
2024-07-22 15:33:57 - DEBUG - Remote response: status=200 | data={"value":"12417597"} | headers=HTTPHeaderDict({'Content-Length': '20', 'Content-Type': 'application/json; charset=utf-8', 'cache-control': 'no-cache'})
2024-07-22 15:33:57 - DEBUG - Finished Request
2024-07-22 15:33:57 - DEBUG - POST http://localhost:58866/session/ae6409fc0c11351cfaf304e3fce2db6e/element/f.C846A4A7FC831695AB618BAC9638145D.d.86376924572EADCC9C3132B00A9F2F30.e.30/element {'using': 'css selector', 'value': '.prdName'}
2024-07-22 15:33:57 - DEBUG - http://localhost:58866 "POST /session/ae6409fc0c11351cfaf304e3fce2db6e/element/f.C846A4A7FC831695AB618BAC9638145D.d.86376924572EADCC9C3132B00A9F2F30.e.30/element HTTP/1.1" 200 126
2024-07-22 15:33:57 - DEBUG - Remote response: status=200 | data={"value":{"element-6066-11e4-a52e-4f735466cecf":"f.C846A4A7FC831695AB618BAC9638145D.d.86376924572EADCC9C3132B00A9F2F30.e.37"}} | headers=HTTPHeaderDict({'Content-Length': '126', 'Content-Type': 'application/json; charset=utf-8', 'cache-control': 'no-cache'})
2024-07-22 15:33:57 - DEBUG - Finished Request
2024-07-22 15:33:57 - DEBUG - GET http://localhost:58866/session/ae6409fc0c11351cfaf304e3fce2db6e/element/f.C846A4A7FC831695AB618BAC9638145D.d.86376924572EADCC9C3132B00A9F2F30.e.37/text {}
2024-07-22 15:33:57 - DEBUG - http://localhost:58866 "GET /session/ae6409fc0c11351cfaf304e3fce2db6e/element/f.C846A4A7FC831695AB618BAC9638145D.d.86376924572EADCC9C3132B00A9F2F30.e.37/text HTTP/1.1" 200 150
2024-07-22 15:33:57 - DEBUG - Remote response: status=200 | data={"value":"【MyBook】個性磁場，締造非凡魅力：心態平衡×人格魅力×意志主導，無法避免外在缺陷，可以從(電子書)"} | headers=HTTPHeaderDict({'Content-Length': '150', 'Content-Type': 'application/json; charset=utf-8', 'cache-control': 'no-cache'})
2024-07-22 15:33:57 - DEBUG - Finished Request
2024-07-22 15:33:57 - DEBUG - 找到書籍 3: 【MyBook】個性磁場，締造非凡魅力：心態平衡×人格魅力×意志主導，無法避免外在缺陷，可以從(電子書)
2024-07-22 15:33:57 - DEBUG - POST http://localhost:58866/session/ae6409fc0c11351cfaf304e3fce2db6e/execute/sync {'script': '/* getAttribute */return (function(){return (function(){var d=this||self;function f(a,b){function c(...', 'args': [{'element-6066-11e4-a52e-4f735466cecf': 'f.C846A4A7FC831695AB618BAC9638145D.d.86376924572EADCC9C3132B00A9F2F30.e.31'}, 'gcode']}
2024-07-22 15:33:57 - DEBUG - http://localhost:58866 "POST /session/ae6409fc0c11351cfaf304e3fce2db6e/execute/sync HTTP/1.1" 200 20
2024-07-22 15:33:57 - DEBUG - Remote response: status=200 | data={"value":"11173915"} | headers=HTTPHeaderDict({'Content-Length': '20', 'Content-Type': 'application/json; charset=utf-8', 'cache-control': 'no-cache'})
2024-07-22 15:33:57 - DEBUG - Finished Request
2024-07-22 15:33:57 - DEBUG - POST http://localhost:58866/session/ae6409fc0c11351cfaf304e3fce2db6e/element/f.C846A4A7FC831695AB618BAC9638145D.d.86376924572EADCC9C3132B00A9F2F30.e.31/element {'using': 'css selector', 'value': '.prdName'}
2024-07-22 15:33:57 - DEBUG - http://localhost:58866 "POST /session/ae6409fc0c11351cfaf304e3fce2db6e/element/f.C846A4A7FC831695AB618BAC9638145D.d.86376924572EADCC9C3132B00A9F2F30.e.31/element HTTP/1.1" 200 126
2024-07-22 15:33:57 - DEBUG - Remote response: status=200 | data={"value":{"element-6066-11e4-a52e-4f735466cecf":"f.C846A4A7FC831695AB618BAC9638145D.d.86376924572EADCC9C3132B00A9F2F30.e.38"}} | headers=HTTPHeaderDict({'Content-Length': '126', 'Content-Type': 'application/json; charset=utf-8', 'cache-control': 'no-cache'})
2024-07-22 15:33:57 - DEBUG - Finished Request
2024-07-22 15:33:57 - DEBUG - GET http://localhost:58866/session/ae6409fc0c11351cfaf304e3fce2db6e/element/f.C846A4A7FC831695AB618BAC9638145D.d.86376924572EADCC9C3132B00A9F2F30.e.38/text {}
2024-07-22 15:33:57 - DEBUG - http://localhost:58866 "GET /session/ae6409fc0c11351cfaf304e3fce2db6e/element/f.C846A4A7FC831695AB618BAC9638145D.d.86376924572EADCC9C3132B00A9F2F30.e.38/text HTTP/1.1" 200 84
2024-07-22 15:33:57 - DEBUG - Remote response: status=200 | data={"value":"會微笑的果樹：人類與世界開心共處，生態平衡的智慧"} | headers=HTTPHeaderDict({'Content-Length': '84', 'Content-Type': 'application/json; charset=utf-8', 'cache-control': 'no-cache'})
2024-07-22 15:33:57 - DEBUG - Finished Request
2024-07-22 15:33:57 - DEBUG - 找到書籍 4: 會微笑的果樹：人類與世界開心共處，生態平衡的智慧
2024-07-22 15:33:57 - DEBUG - POST http://localhost:58866/session/ae6409fc0c11351cfaf304e3fce2db6e/execute/sync {'script': '/* getAttribute */return (function(){return (function(){var d=this||self;function f(a,b){function c(...', 'args': [{'element-6066-11e4-a52e-4f735466cecf': 'f.C846A4A7FC831695AB618BAC9638145D.d.86376924572EADCC9C3132B00A9F2F30.e.32'}, 'gcode']}
2024-07-22 15:33:57 - DEBUG - http://localhost:58866 "POST /session/ae6409fc0c11351cfaf304e3fce2db6e/execute/sync HTTP/1.1" 200 19
2024-07-22 15:33:57 - DEBUG - Remote response: status=200 | data={"value":"8565066"} | headers=HTTPHeaderDict({'Content-Length': '19', 'Content-Type': 'application/json; charset=utf-8', 'cache-control': 'no-cache'})
2024-07-22 15:33:57 - DEBUG - Finished Request
2024-07-22 15:33:57 - DEBUG - POST http://localhost:58866/session/ae6409fc0c11351cfaf304e3fce2db6e/element/f.C846A4A7FC831695AB618BAC9638145D.d.86376924572EADCC9C3132B00A9F2F30.e.32/element {'using': 'css selector', 'value': '.prdName'}
2024-07-22 15:33:57 - DEBUG - http://localhost:58866 "POST /session/ae6409fc0c11351cfaf304e3fce2db6e/element/f.C846A4A7FC831695AB618BAC9638145D.d.86376924572EADCC9C3132B00A9F2F30.e.32/element HTTP/1.1" 200 126
2024-07-22 15:33:57 - DEBUG - Remote response: status=200 | data={"value":{"element-6066-11e4-a52e-4f735466cecf":"f.C846A4A7FC831695AB618BAC9638145D.d.86376924572EADCC9C3132B00A9F2F30.e.39"}} | headers=HTTPHeaderDict({'Content-Length': '126', 'Content-Type': 'application/json; charset=utf-8', 'cache-control': 'no-cache'})
2024-07-22 15:33:57 - DEBUG - Finished Request
2024-07-22 15:33:57 - DEBUG - GET http://localhost:58866/session/ae6409fc0c11351cfaf304e3fce2db6e/element/f.C846A4A7FC831695AB618BAC9638145D.d.86376924572EADCC9C3132B00A9F2F30.e.39/text {}
2024-07-22 15:33:57 - DEBUG - http://localhost:58866 "GET /session/ae6409fc0c11351cfaf304e3fce2db6e/element/f.C846A4A7FC831695AB618BAC9638145D.d.86376924572EADCC9C3132B00A9F2F30.e.39/text HTTP/1.1" 200 130
2024-07-22 15:33:57 - DEBUG - Remote response: status=200 | data={"value":"不節食的美好生活提案：直覺飲食再升級！打破節食的惡性循環 吃出身心平衡的健康體態"} | headers=HTTPHeaderDict({'Content-Length': '130', 'Content-Type': 'application/json; charset=utf-8', 'cache-control': 'no-cache'})
2024-07-22 15:33:57 - DEBUG - Finished Request
2024-07-22 15:33:57 - DEBUG - 找到書籍 5: 不節食的美好生活提案：直覺飲食再升級！打破節食的惡性循環 吃出身心平衡的健康體態
2024-07-22 15:33:57 - DEBUG - 正在關閉瀏覽器
2024-07-22 15:33:57 - DEBUG - DELETE http://localhost:58866/session/ae6409fc0c11351cfaf304e3fce2db6e {}
2024-07-22 15:33:57 - DEBUG - http://localhost:58866 "DELETE /session/ae6409fc0c11351cfaf304e3fce2db6e HTTP/1.1" 200 14
2024-07-22 15:33:57 - DEBUG - Remote response: status=200 | data={"value":null} | headers=HTTPHeaderDict({'Content-Length': '14', 'Content-Type': 'application/json; charset=utf-8', 'cache-control': 'no-cache'})
2024-07-22 15:33:57 - DEBUG - Finished Request
2024-07-22 15:33:59 - DEBUG - 瀏覽器已關閉
2024-07-22 15:34:03 - INFO - 搜索完成
2024-07-22 16:02:26 - INFO - 開始搜索關鍵字: 開始分心，就是快要變強了
2024-07-22 16:02:38 - INFO - 開始搜索關鍵字: 開始分心，就是快要變強了
2024-07-22 16:03:26 - INFO - 開始搜索關鍵字: 開始分心，就是快要變強了
2024-07-22 16:03:26 - DEBUG - Selenium Manager binary found at: C:\Users\Mars\AppData\Local\Programs\Python\Python312\Lib\site-packages\selenium\webdriver\common\windows\selenium-manager.exe
2024-07-22 16:03:26 - DEBUG - Executing process: C:\Users\Mars\AppData\Local\Programs\Python\Python312\Lib\site-packages\selenium\webdriver\common\windows\selenium-manager.exe --browser chrome --debug --language-binding python --output json
2024-07-22 16:03:26 - DEBUG - chromedriver not found in PATH
2024-07-22 16:03:26 - DEBUG - chrome detected at C:\Program Files\Google\Chrome\Application\chrome.exe
2024-07-22 16:03:26 - DEBUG - Running command: wmic datafile where name='C:\\Program Files\\Google\\Chrome\\Application\\chrome.exe' get Version /value
2024-07-22 16:03:26 - DEBUG - Output: ""
2024-07-22 16:03:26 - DEBUG - Running command: REG QUERY HKCU\Software\Google\Chrome\BLBeacon /v version
2024-07-22 16:03:26 - DEBUG - Output: ""
2024-07-22 16:03:26 - DEBUG - chrome not found in the system
2024-07-22 16:03:26 - DEBUG - Required browser: chrome 126.0.6478.182
2024-07-22 16:03:26 - DEBUG - chrome 126.0.6478.182 already exists
2024-07-22 16:03:26 - DEBUG - chrome 126.0.6478.182 is available at C:\Users\Mars\.cache\selenium\chrome\win64\126.0.6478.182\chrome.exe
2024-07-22 16:03:26 - DEBUG - Required driver: chromedriver 126.0.6478.182
2024-07-22 16:03:26 - DEBUG - chromedriver 126.0.6478.182 already in the cache
2024-07-22 16:03:26 - DEBUG - Driver path: C:\Users\Mars\.cache\selenium\chromedriver\win64\126.0.6478.182\chromedriver.exe
2024-07-22 16:03:26 - DEBUG - Browser path: C:\Users\Mars\.cache\selenium\chrome\win64\126.0.6478.182\chrome.exe
2024-07-22 16:03:26 - DEBUG - Started executable: `C:\Users\Mars\.cache\selenium\chromedriver\win64\126.0.6478.182\chromedriver.exe` in a child process with pid: 49776 using 0 to output -3
2024-07-22 16:03:27 - DEBUG - POST http://localhost:53189/session {'capabilities': {'firstMatch': [{}], 'alwaysMatch': {'browserName': 'chrome', 'pageLoadStrategy': <PageLoadStrategy.normal: 'normal'>, 'browserVersion': None, 'goog:chromeOptions': {'extensions': [], 'binary': 'C:\\Users\\Mars\\.cache\\selenium\\chrome\\win64\\126.0.6478.182\\chrome.exe', 'args': ['--headless', '--disable-gpu', '--no-sandbox', '--disable-dev-shm-usage', 'user-agent=Mozilla/5.0 (Windows NT 10.0; Win64; x64) AppleWebKit/537.36 (KHTML, like Gecko) Chrome/91.0.4472.124 Safari/537.36']}}}}
2024-07-22 16:03:27 - DEBUG - Starting new HTTP connection (1): localhost:53189
2024-07-22 16:03:27 - DEBUG - http://localhost:53189 "POST /session HTTP/1.1" 200 897
2024-07-22 16:03:27 - DEBUG - Remote response: status=200 | data={"value":{"capabilities":{"acceptInsecureCerts":false,"browserName":"chrome-headless-shell","browserVersion":"126.0.6478.182","chrome":{"chromedriverVersion":"126.0.6478.182 (5b5d8292ddf182f8b2096fa665b473b6317906d5-refs/branch-heads/6478@{#1776})","userDataDir":"C:\\Users\\Mars\\AppData\\Local\\Temp\\scoped_dir49776_411475915"},"fedcm:accounts":true,"goog:chromeOptions":{"debuggerAddress":"localhost:53192"},"networkConnectionEnabled":false,"pageLoadStrategy":"normal","platformName":"windows","proxy":{},"setWindowRect":true,"strictFileInteractability":false,"timeouts":{"implicit":0,"pageLoad":300000,"script":30000},"unhandledPromptBehavior":"dismiss and notify","webauthn:extension:credBlob":true,"webauthn:extension:largeBlob":true,"webauthn:extension:minPinLength":true,"webauthn:extension:prf":true,"webauthn:virtualAuthenticators":true},"sessionId":"45ffbb671a48c5e9c8b69c4559b6cf9b"}} | headers=HTTPHeaderDict({'Content-Length': '897', 'Content-Type': 'application/json; charset=utf-8', 'cache-control': 'no-cache'})
2024-07-22 16:03:27 - DEBUG - Finished Request
2024-07-22 16:03:27 - DEBUG - POST http://localhost:53189/session/45ffbb671a48c5e9c8b69c4559b6cf9b/timeouts {'pageLoad': 30000}
2024-07-22 16:03:27 - DEBUG - http://localhost:53189 "POST /session/45ffbb671a48c5e9c8b69c4559b6cf9b/timeouts HTTP/1.1" 200 14
2024-07-22 16:03:27 - DEBUG - Remote response: status=200 | data={"value":null} | headers=HTTPHeaderDict({'Content-Length': '14', 'Content-Type': 'application/json; charset=utf-8', 'cache-control': 'no-cache'})
2024-07-22 16:03:27 - DEBUG - Finished Request
2024-07-22 16:03:27 - DEBUG - 初始化 WebDriver 完成
2024-07-22 16:03:27 - DEBUG - 開始搜索關鍵字: 開始分心，就是快要變強了
2024-07-22 16:03:27 - DEBUG - POST http://localhost:53189/session/45ffbb671a48c5e9c8b69c4559b6cf9b/url {'url': 'https://www.momoshop.com.tw/search/searchShop.jsp?keyword=開始分心，就是快要變強了&searchType=1&curPage=1&showTy...'}
2024-07-22 16:03:29 - DEBUG - http://localhost:53189 "POST /session/45ffbb671a48c5e9c8b69c4559b6cf9b/url HTTP/1.1" 200 14
2024-07-22 16:03:29 - DEBUG - Remote response: status=200 | data={"value":null} | headers=HTTPHeaderDict({'Content-Length': '14', 'Content-Type': 'application/json; charset=utf-8', 'cache-control': 'no-cache'})
2024-07-22 16:03:29 - DEBUG - Finished Request
2024-07-22 16:03:29 - DEBUG - POST http://localhost:53189/session/45ffbb671a48c5e9c8b69c4559b6cf9b/element {'using': 'css selector', 'value': 'li[gcode]'}
2024-07-22 16:03:29 - DEBUG - http://localhost:53189 "POST /session/45ffbb671a48c5e9c8b69c4559b6cf9b/element HTTP/1.1" 200 126
2024-07-22 16:03:29 - DEBUG - Remote response: status=200 | data={"value":{"element-6066-11e4-a52e-4f735466cecf":"f.8C99A6DEB7E62852A9B7812FBF3142CA.d.250E685B7709FEDFEC5F7FE4EB2CE1D0.e.45"}} | headers=HTTPHeaderDict({'Content-Length': '126', 'Content-Type': 'application/json; charset=utf-8', 'cache-control': 'no-cache'})
2024-07-22 16:03:29 - DEBUG - Finished Request
2024-07-22 16:03:29 - DEBUG - POST http://localhost:53189/session/45ffbb671a48c5e9c8b69c4559b6cf9b/elements {'using': 'css selector', 'value': 'li[gcode]'}
2024-07-22 16:03:29 - DEBUG - http://localhost:53189 "POST /session/45ffbb671a48c5e9c8b69c4559b6cf9b/elements HTTP/1.1" 200 128
2024-07-22 16:03:29 - DEBUG - Remote response: status=200 | data={"value":[{"element-6066-11e4-a52e-4f735466cecf":"f.8C99A6DEB7E62852A9B7812FBF3142CA.d.250E685B7709FEDFEC5F7FE4EB2CE1D0.e.45"}]} | headers=HTTPHeaderDict({'Content-Length': '128', 'Content-Type': 'application/json; charset=utf-8', 'cache-control': 'no-cache'})
2024-07-22 16:03:29 - DEBUG - Finished Request
2024-07-22 16:03:29 - DEBUG - POST http://localhost:53189/session/45ffbb671a48c5e9c8b69c4559b6cf9b/execute/sync {'script': '/* getAttribute */return (function(){return (function(){var d=this||self;function f(a,b){function c(...', 'args': [{'element-6066-11e4-a52e-4f735466cecf': 'f.8C99A6DEB7E62852A9B7812FBF3142CA.d.250E685B7709FEDFEC5F7FE4EB2CE1D0.e.45'}, 'gcode']}
2024-07-22 16:03:29 - DEBUG - http://localhost:53189 "POST /session/45ffbb671a48c5e9c8b69c4559b6cf9b/execute/sync HTTP/1.1" 200 20
2024-07-22 16:03:29 - DEBUG - Remote response: status=200 | data={"value":"10947398"} | headers=HTTPHeaderDict({'Content-Length': '20', 'Content-Type': 'application/json; charset=utf-8', 'cache-control': 'no-cache'})
2024-07-22 16:03:29 - DEBUG - Finished Request
2024-07-22 16:03:29 - DEBUG - POST http://localhost:53189/session/45ffbb671a48c5e9c8b69c4559b6cf9b/element/f.8C99A6DEB7E62852A9B7812FBF3142CA.d.250E685B7709FEDFEC5F7FE4EB2CE1D0.e.45/element {'using': 'css selector', 'value': '.prdName'}
2024-07-22 16:03:29 - DEBUG - http://localhost:53189 "POST /session/45ffbb671a48c5e9c8b69c4559b6cf9b/element/f.8C99A6DEB7E62852A9B7812FBF3142CA.d.250E685B7709FEDFEC5F7FE4EB2CE1D0.e.45/element HTTP/1.1" 200 126
2024-07-22 16:03:29 - DEBUG - Remote response: status=200 | data={"value":{"element-6066-11e4-a52e-4f735466cecf":"f.8C99A6DEB7E62852A9B7812FBF3142CA.d.250E685B7709FEDFEC5F7FE4EB2CE1D0.e.46"}} | headers=HTTPHeaderDict({'Content-Length': '126', 'Content-Type': 'application/json; charset=utf-8', 'cache-control': 'no-cache'})
2024-07-22 16:03:29 - DEBUG - Finished Request
2024-07-22 16:03:29 - DEBUG - GET http://localhost:53189/session/45ffbb671a48c5e9c8b69c4559b6cf9b/element/f.8C99A6DEB7E62852A9B7812FBF3142CA.d.250E685B7709FEDFEC5F7FE4EB2CE1D0.e.46/text {}
2024-07-22 16:03:29 - DEBUG - http://localhost:53189 "GET /session/45ffbb671a48c5e9c8b69c4559b6cf9b/element/f.8C99A6DEB7E62852A9B7812FBF3142CA.d.250E685B7709FEDFEC5F7FE4EB2CE1D0.e.46/text HTTP/1.1" 200 140
2024-07-22 16:03:29 - DEBUG - Remote response: status=200 | data={"value":"開始分心 就是快要變強了：哈佛醫學院的「思緒漫遊」講座 如何用分心提升思想的廣度與創造力"} | headers=HTTPHeaderDict({'Content-Length': '140', 'Content-Type': 'application/json; charset=utf-8', 'cache-control': 'no-cache'})
2024-07-22 16:03:29 - DEBUG - Finished Request
2024-07-22 16:03:29 - DEBUG - 找到書籍 1: 開始分心 就是快要變強了：哈佛醫學院的「思緒漫遊」講座 如何用分心提升思想的廣度與創造力
2024-07-22 16:03:29 - DEBUG - 正在關閉瀏覽器
2024-07-22 16:03:29 - DEBUG - DELETE http://localhost:53189/session/45ffbb671a48c5e9c8b69c4559b6cf9b {}
2024-07-22 16:03:29 - DEBUG - http://localhost:53189 "DELETE /session/45ffbb671a48c5e9c8b69c4559b6cf9b HTTP/1.1" 200 14
2024-07-22 16:03:29 - DEBUG - Remote response: status=200 | data={"value":null} | headers=HTTPHeaderDict({'Content-Length': '14', 'Content-Type': 'application/json; charset=utf-8', 'cache-control': 'no-cache'})
2024-07-22 16:03:29 - DEBUG - Finished Request
2024-07-22 16:03:31 - DEBUG - 瀏覽器已關閉
