2025-02-16 10:18:56 - INFO - 成功加載配置文件
2025-02-16 10:18:56 - INFO - 1. D:\marskingx.github.io\content\blog\2024-11-04【EP38】道奇用執行力摧毀洋基的天賦，財務規劃除了天賦更要執行力! .md
2025-02-16 10:18:56 - INFO - 2. D:\marskingx.github.io\content\blog\2024-10-28【EP37】帶小孩游泳也學到理財的核心，談專款專用的財務配置.md
2025-02-16 10:18:56 - INFO - 3. D:\marskingx.github.io\content\blog\2025-02-14【EP39】復更後如何持續! 從投資這件事情談起!.md
2025-02-16 10:18:56 - INFO - 4. D:\marskingx.github.io\content\blog\2025-02-14【投資】0050、VOO、QQQ 2024年度報酬率比較：為什麼差異這麼大？.md
2025-02-16 10:18:56 - INFO - 5. D:\marskingx.github.io\content\blog\2024-09-17【投資】2024 平價ETFvs奢華ETF誰更適合你長期投資.md
2025-02-16 10:18:56 - INFO - 6. D:\marskingx.github.io\content\blog\2024-11-18【理財】ETF投資的最佳賣出時機：讓需求引導投資決策.md
2025-02-16 10:18:56 - INFO - 7. D:\marskingx.github.io\content\blog\2024-10-07【EP35】如果理財只做一件事，那就來統計淨資產，有小孩的你淨資產一定是這個值.md
2025-02-16 10:18:56 - INFO - 8. D:\marskingx.github.io\content\blog\2024-09-24【EP34】星期一是美食沙漠嗎，買0050不如買台積電真心，其實不用辯!! .md
2025-02-16 10:18:56 - INFO - 9. D:\marskingx.github.io\content\blog\2024-09-19【EP33】Threads寫出爆文了!粉絲翻倍，存錢不會有錢!存股才會!.md
2025-02-16 10:18:56 - INFO - 10. D:\marskingx.github.io\content\blog\2024-09-12【EP31】為什麼投資最好是《持續買進》，要定期定額還是單筆投入好呢.md
2025-02-16 10:19:01 - INFO - 從文件 D:\marskingx.github.io\content\blog\2024-10-28【EP37】帶小孩游泳也學到理財的核心，談專款專用的財務配置.md 內容中提取到類別: Podcast節目
2025-02-16 10:19:01 - INFO - 開始處理Podcast節目: D:\marskingx.github.io\content\blog\2024-10-28【EP37】帶小孩游泳也學到理財的核心，談專款專用的財務配置.md
2025-02-16 10:19:01 - DEBUG - 成功更新 YAML 內容
2025-02-16 10:19:01 - DEBUG - 成功寫入更新後的內容到文件
2025-02-16 10:19:04 - INFO - 成功加載配置文件
2025-02-16 10:19:04 - INFO - 1. D:\marskingx.github.io\content\blog\2024-10-28【EP37】帶小孩游泳也學到理財的核心，談專款專用的財務配置.md
2025-02-16 10:19:04 - INFO - 2. D:\marskingx.github.io\content\blog\2024-11-04【EP38】道奇用執行力摧毀洋基的天賦，財務規劃除了天賦更要執行力! .md
2025-02-16 10:19:04 - INFO - 3. D:\marskingx.github.io\content\blog\2025-02-14【EP39】復更後如何持續! 從投資這件事情談起!.md
2025-02-16 10:19:04 - INFO - 4. D:\marskingx.github.io\content\blog\2025-02-14【投資】0050、VOO、QQQ 2024年度報酬率比較：為什麼差異這麼大？.md
2025-02-16 10:19:04 - INFO - 5. D:\marskingx.github.io\content\blog\2024-09-17【投資】2024 平價ETFvs奢華ETF誰更適合你長期投資.md
2025-02-16 10:19:04 - INFO - 6. D:\marskingx.github.io\content\blog\2024-11-18【理財】ETF投資的最佳賣出時機：讓需求引導投資決策.md
2025-02-16 10:19:04 - INFO - 7. D:\marskingx.github.io\content\blog\2024-10-07【EP35】如果理財只做一件事，那就來統計淨資產，有小孩的你淨資產一定是這個值.md
2025-02-16 10:19:04 - INFO - 8. D:\marskingx.github.io\content\blog\2024-09-24【EP34】星期一是美食沙漠嗎，買0050不如買台積電真心，其實不用辯!! .md
2025-02-16 10:19:04 - INFO - 9. D:\marskingx.github.io\content\blog\2024-09-19【EP33】Threads寫出爆文了!粉絲翻倍，存錢不會有錢!存股才會!.md
2025-02-16 10:19:04 - INFO - 10. D:\marskingx.github.io\content\blog\2024-09-12【EP31】為什麼投資最好是《持續買進》，要定期定額還是單筆投入好呢.md
2025-02-16 10:19:09 - INFO - 從文件 D:\marskingx.github.io\content\blog\2024-11-04【EP38】道奇用執行力摧毀洋基的天賦，財務規劃除了天賦更要執行力! .md 內容中提取到類別: Podcast節目
2025-02-16 10:19:09 - INFO - 開始處理Podcast節目: D:\marskingx.github.io\content\blog\2024-11-04【EP38】道奇用執行力摧毀洋基的天賦，財務規劃除了天賦更要執行力! .md
2025-02-16 10:19:09 - DEBUG - 成功更新 YAML 內容
2025-02-16 10:19:09 - DEBUG - 成功寫入更新後的內容到文件
2025-02-16 10:19:24 - INFO - 成功加載配置文件
2025-02-16 10:19:24 - INFO - 1. D:\marskingx.github.io\content\blog\2024-11-04【EP38】道奇用執行力摧毀洋基的天賦，財務規劃除了天賦更要執行力! .md
2025-02-16 10:19:24 - INFO - 2. D:\marskingx.github.io\content\blog\2024-10-28【EP37】帶小孩游泳也學到理財的核心，談專款專用的財務配置.md
2025-02-16 10:19:24 - INFO - 3. D:\marskingx.github.io\content\blog\2025-02-14【EP39】復更後如何持續! 從投資這件事情談起!.md
2025-02-16 10:19:24 - INFO - 4. D:\marskingx.github.io\content\blog\2025-02-14【投資】0050、VOO、QQQ 2024年度報酬率比較：為什麼差異這麼大？.md
2025-02-16 10:19:24 - INFO - 5. D:\marskingx.github.io\content\blog\2024-09-17【投資】2024 平價ETFvs奢華ETF誰更適合你長期投資.md
2025-02-16 10:19:24 - INFO - 6. D:\marskingx.github.io\content\blog\2024-11-18【理財】ETF投資的最佳賣出時機：讓需求引導投資決策.md
2025-02-16 10:19:24 - INFO - 7. D:\marskingx.github.io\content\blog\2024-10-07【EP35】如果理財只做一件事，那就來統計淨資產，有小孩的你淨資產一定是這個值.md
2025-02-16 10:19:24 - INFO - 8. D:\marskingx.github.io\content\blog\2024-09-24【EP34】星期一是美食沙漠嗎，買0050不如買台積電真心，其實不用辯!! .md
2025-02-16 10:19:24 - INFO - 9. D:\marskingx.github.io\content\blog\2024-09-19【EP33】Threads寫出爆文了!粉絲翻倍，存錢不會有錢!存股才會!.md
2025-02-16 10:19:24 - INFO - 10. D:\marskingx.github.io\content\blog\2024-09-12【EP31】為什麼投資最好是《持續買進》，要定期定額還是單筆投入好呢.md
2025-02-16 10:19:28 - INFO - 從文件 D:\marskingx.github.io\content\blog\2025-02-14【EP39】復更後如何持續! 從投資這件事情談起!.md 內容中提取到類別: Podcast節目
2025-02-16 10:19:28 - INFO - 開始處理Podcast節目: D:\marskingx.github.io\content\blog\2025-02-14【EP39】復更後如何持續! 從投資這件事情談起!.md
2025-02-16 10:19:28 - DEBUG - 成功更新 YAML 內容
2025-02-16 10:19:28 - DEBUG - 成功寫入更新後的內容到文件
2025-02-16 10:20:11 - INFO - 成功加載配置文件
2025-02-16 10:20:11 - INFO - 1. D:\marskingx.github.io\content\blog\2024-11-04【EP38】道奇用執行力摧毀洋基的天賦，財務規劃除了天賦更要執行力! .md
2025-02-16 10:20:11 - INFO - 2. D:\marskingx.github.io\content\blog\2024-10-28【EP37】帶小孩游泳也學到理財的核心，談專款專用的財務配置.md
2025-02-16 10:20:11 - INFO - 3. D:\marskingx.github.io\content\blog\2025-02-14【EP39】復更後如何持續! 從投資這件事情談起!.md
2025-02-16 10:20:11 - INFO - 4. D:\marskingx.github.io\content\blog\2025-02-14【投資】0050、VOO、QQQ 2024年度報酬率比較：為什麼差異這麼大？.md
2025-02-16 10:20:11 - INFO - 5. D:\marskingx.github.io\content\blog\2024-09-17【投資】2024 平價ETFvs奢華ETF誰更適合你長期投資.md
2025-02-16 10:20:11 - INFO - 6. D:\marskingx.github.io\content\blog\2024-11-18【理財】ETF投資的最佳賣出時機：讓需求引導投資決策.md
2025-02-16 10:20:11 - INFO - 7. D:\marskingx.github.io\content\blog\2024-10-07【EP35】如果理財只做一件事，那就來統計淨資產，有小孩的你淨資產一定是這個值.md
2025-02-16 10:20:11 - INFO - 8. D:\marskingx.github.io\content\blog\2024-09-24【EP34】星期一是美食沙漠嗎，買0050不如買台積電真心，其實不用辯!! .md
2025-02-16 10:20:11 - INFO - 9. D:\marskingx.github.io\content\blog\2024-09-19【EP33】Threads寫出爆文了!粉絲翻倍，存錢不會有錢!存股才會!.md
2025-02-16 10:20:11 - INFO - 10. D:\marskingx.github.io\content\blog\2024-09-12【EP31】為什麼投資最好是《持續買進》，要定期定額還是單筆投入好呢.md
2025-02-16 10:20:16 - INFO - 從文件 D:\marskingx.github.io\content\blog\2024-10-28【EP37】帶小孩游泳也學到理財的核心，談專款專用的財務配置.md 中提取到類別: Podcast節目
2025-02-16 10:20:16 - INFO - 開始處理Podcast節目: D:\marskingx.github.io\content\blog\2024-10-28【EP37】帶小孩游泳也學到理財的核心，談專款專用的財務配置.md
2025-02-16 10:20:16 - DEBUG - 成功更新 YAML 內容
2025-02-16 10:20:16 - DEBUG - 成功寫入更新後的內容到文件
2025-02-16 10:20:24 - INFO - 成功加載配置文件
2025-02-16 10:20:24 - INFO - 1. D:\marskingx.github.io\content\blog\2024-10-28【EP37】帶小孩游泳也學到理財的核心，談專款專用的財務配置.md
2025-02-16 10:20:24 - INFO - 2. D:\marskingx.github.io\content\blog\2024-11-04【EP38】道奇用執行力摧毀洋基的天賦，財務規劃除了天賦更要執行力! .md
2025-02-16 10:20:24 - INFO - 3. D:\marskingx.github.io\content\blog\2025-02-14【EP39】復更後如何持續! 從投資這件事情談起!.md
2025-02-16 10:20:24 - INFO - 4. D:\marskingx.github.io\content\blog\2025-02-14【投資】0050、VOO、QQQ 2024年度報酬率比較：為什麼差異這麼大？.md
2025-02-16 10:20:24 - INFO - 5. D:\marskingx.github.io\content\blog\2024-09-17【投資】2024 平價ETFvs奢華ETF誰更適合你長期投資.md
2025-02-16 10:20:24 - INFO - 6. D:\marskingx.github.io\content\blog\2024-11-18【理財】ETF投資的最佳賣出時機：讓需求引導投資決策.md
2025-02-16 10:20:24 - INFO - 7. D:\marskingx.github.io\content\blog\2024-10-07【EP35】如果理財只做一件事，那就來統計淨資產，有小孩的你淨資產一定是這個值.md
2025-02-16 10:20:24 - INFO - 8. D:\marskingx.github.io\content\blog\2024-09-24【EP34】星期一是美食沙漠嗎，買0050不如買台積電真心，其實不用辯!! .md
2025-02-16 10:20:24 - INFO - 9. D:\marskingx.github.io\content\blog\2024-09-19【EP33】Threads寫出爆文了!粉絲翻倍，存錢不會有錢!存股才會!.md
2025-02-16 10:20:24 - INFO - 10. D:\marskingx.github.io\content\blog\2024-09-12【EP31】為什麼投資最好是《持續買進》，要定期定額還是單筆投入好呢.md
2025-02-16 10:20:26 - INFO - 從文件 D:\marskingx.github.io\content\blog\2024-11-04【EP38】道奇用執行力摧毀洋基的天賦，財務規劃除了天賦更要執行力! .md 中提取到類別: Podcast節目
2025-02-16 10:20:26 - INFO - 開始處理Podcast節目: D:\marskingx.github.io\content\blog\2024-11-04【EP38】道奇用執行力摧毀洋基的天賦，財務規劃除了天賦更要執行力! .md
2025-02-16 10:20:26 - DEBUG - 成功更新 YAML 內容
2025-02-16 10:20:26 - DEBUG - 成功寫入更新後的內容到文件
2025-02-16 10:20:30 - INFO - 成功加載配置文件
2025-02-16 10:20:30 - INFO - 1. D:\marskingx.github.io\content\blog\2024-11-04【EP38】道奇用執行力摧毀洋基的天賦，財務規劃除了天賦更要執行力! .md
2025-02-16 10:20:30 - INFO - 2. D:\marskingx.github.io\content\blog\2024-10-28【EP37】帶小孩游泳也學到理財的核心，談專款專用的財務配置.md
2025-02-16 10:20:30 - INFO - 3. D:\marskingx.github.io\content\blog\2025-02-14【EP39】復更後如何持續! 從投資這件事情談起!.md
2025-02-16 10:20:30 - INFO - 4. D:\marskingx.github.io\content\blog\2025-02-14【投資】0050、VOO、QQQ 2024年度報酬率比較：為什麼差異這麼大？.md
2025-02-16 10:20:30 - INFO - 5. D:\marskingx.github.io\content\blog\2024-09-17【投資】2024 平價ETFvs奢華ETF誰更適合你長期投資.md
2025-02-16 10:20:30 - INFO - 6. D:\marskingx.github.io\content\blog\2024-11-18【理財】ETF投資的最佳賣出時機：讓需求引導投資決策.md
2025-02-16 10:20:30 - INFO - 7. D:\marskingx.github.io\content\blog\2024-10-07【EP35】如果理財只做一件事，那就來統計淨資產，有小孩的你淨資產一定是這個值.md
2025-02-16 10:20:30 - INFO - 8. D:\marskingx.github.io\content\blog\2024-09-24【EP34】星期一是美食沙漠嗎，買0050不如買台積電真心，其實不用辯!! .md
2025-02-16 10:20:30 - INFO - 9. D:\marskingx.github.io\content\blog\2024-09-19【EP33】Threads寫出爆文了!粉絲翻倍，存錢不會有錢!存股才會!.md
2025-02-16 10:20:30 - INFO - 10. D:\marskingx.github.io\content\blog\2024-09-12【EP31】為什麼投資最好是《持續買進》，要定期定額還是單筆投入好呢.md
2025-02-16 10:20:32 - INFO - 從文件 D:\marskingx.github.io\content\blog\2024-11-04【EP38】道奇用執行力摧毀洋基的天賦，財務規劃除了天賦更要執行力! .md 中提取到類別: Podcast節目
2025-02-16 10:20:32 - INFO - 開始處理Podcast節目: D:\marskingx.github.io\content\blog\2024-11-04【EP38】道奇用執行力摧毀洋基的天賦，財務規劃除了天賦更要執行力! .md
2025-02-16 10:20:32 - DEBUG - 成功更新 YAML 內容
2025-02-16 10:20:32 - DEBUG - 成功寫入更新後的內容到文件
2025-02-16 10:20:45 - INFO - 成功加載配置文件
2025-02-16 10:20:45 - INFO - 1. D:\marskingx.github.io\content\blog\2024-11-04【EP38】道奇用執行力摧毀洋基的天賦，財務規劃除了天賦更要執行力! .md
2025-02-16 10:20:45 - INFO - 2. D:\marskingx.github.io\content\blog\2024-10-28【EP37】帶小孩游泳也學到理財的核心，談專款專用的財務配置.md
2025-02-16 10:20:45 - INFO - 3. D:\marskingx.github.io\content\blog\2025-02-14【EP39】復更後如何持續! 從投資這件事情談起!.md
2025-02-16 10:20:45 - INFO - 4. D:\marskingx.github.io\content\blog\2025-02-14【投資】0050、VOO、QQQ 2024年度報酬率比較：為什麼差異這麼大？.md
2025-02-16 10:20:45 - INFO - 5. D:\marskingx.github.io\content\blog\2024-09-17【投資】2024 平價ETFvs奢華ETF誰更適合你長期投資.md
2025-02-16 10:20:45 - INFO - 6. D:\marskingx.github.io\content\blog\2024-11-18【理財】ETF投資的最佳賣出時機：讓需求引導投資決策.md
2025-02-16 10:20:45 - INFO - 7. D:\marskingx.github.io\content\blog\2024-10-07【EP35】如果理財只做一件事，那就來統計淨資產，有小孩的你淨資產一定是這個值.md
2025-02-16 10:20:45 - INFO - 8. D:\marskingx.github.io\content\blog\2024-09-24【EP34】星期一是美食沙漠嗎，買0050不如買台積電真心，其實不用辯!! .md
2025-02-16 10:20:45 - INFO - 9. D:\marskingx.github.io\content\blog\2024-09-19【EP33】Threads寫出爆文了!粉絲翻倍，存錢不會有錢!存股才會!.md
2025-02-16 10:20:45 - INFO - 10. D:\marskingx.github.io\content\blog\2024-09-12【EP31】為什麼投資最好是《持續買進》，要定期定額還是單筆投入好呢.md
2025-02-16 10:20:48 - INFO - 從文件 D:\marskingx.github.io\content\blog\2024-11-04【EP38】道奇用執行力摧毀洋基的天賦，財務規劃除了天賦更要執行力! .md 中提取到類別: Podcast節目
2025-02-16 10:20:48 - INFO - 開始處理Podcast節目: D:\marskingx.github.io\content\blog\2024-11-04【EP38】道奇用執行力摧毀洋基的天賦，財務規劃除了天賦更要執行力! .md
2025-02-16 10:20:48 - DEBUG - 成功更新 YAML 內容
2025-02-16 10:20:48 - DEBUG - 成功寫入更新後的內容到文件
2025-02-16 10:21:22 - INFO - 成功加載配置文件
2025-02-16 10:21:22 - INFO - 1. D:\marskingx.github.io\content\blog\2024-10-28【EP37】帶小孩游泳也學到理財的核心，談專款專用的財務配置.md
2025-02-16 10:21:22 - INFO - 2. D:\marskingx.github.io\content\blog\2024-11-04【EP38】道奇用執行力摧毀洋基的天賦，財務規劃除了天賦更要執行力! .md
2025-02-16 10:21:22 - INFO - 3. D:\marskingx.github.io\content\blog\2025-02-14【EP39】復更後如何持續! 從投資這件事情談起!.md
2025-02-16 10:21:22 - INFO - 4. D:\marskingx.github.io\content\blog\2025-02-14【投資】0050、VOO、QQQ 2024年度報酬率比較：為什麼差異這麼大？.md
2025-02-16 10:21:22 - INFO - 5. D:\marskingx.github.io\content\blog\2024-09-17【投資】2024 平價ETFvs奢華ETF誰更適合你長期投資.md
2025-02-16 10:21:22 - INFO - 6. D:\marskingx.github.io\content\blog\2024-11-18【理財】ETF投資的最佳賣出時機：讓需求引導投資決策.md
2025-02-16 10:21:22 - INFO - 7. D:\marskingx.github.io\content\blog\2024-10-07【EP35】如果理財只做一件事，那就來統計淨資產，有小孩的你淨資產一定是這個值.md
2025-02-16 10:21:22 - INFO - 8. D:\marskingx.github.io\content\blog\2024-09-24【EP34】星期一是美食沙漠嗎，買0050不如買台積電真心，其實不用辯!! .md
2025-02-16 10:21:22 - INFO - 9. D:\marskingx.github.io\content\blog\2024-09-19【EP33】Threads寫出爆文了!粉絲翻倍，存錢不會有錢!存股才會!.md
2025-02-16 10:21:22 - INFO - 10. D:\marskingx.github.io\content\blog\2024-09-12【EP31】為什麼投資最好是《持續買進》，要定期定額還是單筆投入好呢.md
2025-02-16 10:21:24 - INFO - 從文件 D:\marskingx.github.io\content\blog\2024-10-28【EP37】帶小孩游泳也學到理財的核心，談專款專用的財務配置.md 中提取到類別: Podcast節目
2025-02-16 10:21:24 - INFO - 開始處理Podcast節目: D:\marskingx.github.io\content\blog\2024-10-28【EP37】帶小孩游泳也學到理財的核心，談專款專用的財務配置.md
2025-02-16 10:21:24 - DEBUG - 成功更新 YAML 內容
2025-02-16 10:21:24 - DEBUG - 成功寫入更新後的內容到文件
2025-02-16 10:22:48 - INFO - 成功加載配置文件
2025-02-16 10:22:48 - INFO - 1. D:\marskingx.github.io\content\blog\2025-02-14【EP39】復更後如何持續! 從投資這件事情談起!.md
2025-02-16 10:22:48 - INFO - 2. D:\marskingx.github.io\content\blog\2024-10-28【EP37】帶小孩游泳也學到理財的核心，談專款專用的財務配置.md
2025-02-16 10:22:48 - INFO - 3. D:\marskingx.github.io\content\blog\2024-11-04【EP38】道奇用執行力摧毀洋基的天賦，財務規劃除了天賦更要執行力! .md
2025-02-16 10:22:48 - INFO - 4. D:\marskingx.github.io\content\blog\2025-02-14【投資】0050、VOO、QQQ 2024年度報酬率比較：為什麼差異這麼大？.md
2025-02-16 10:22:48 - INFO - 5. D:\marskingx.github.io\content\blog\2024-09-17【投資】2024 平價ETFvs奢華ETF誰更適合你長期投資.md
2025-02-16 10:22:48 - INFO - 6. D:\marskingx.github.io\content\blog\2024-11-18【理財】ETF投資的最佳賣出時機：讓需求引導投資決策.md
2025-02-16 10:22:48 - INFO - 7. D:\marskingx.github.io\content\blog\2024-10-07【EP35】如果理財只做一件事，那就來統計淨資產，有小孩的你淨資產一定是這個值.md
2025-02-16 10:22:48 - INFO - 8. D:\marskingx.github.io\content\blog\2024-09-24【EP34】星期一是美食沙漠嗎，買0050不如買台積電真心，其實不用辯!! .md
2025-02-16 10:22:48 - INFO - 9. D:\marskingx.github.io\content\blog\2024-09-19【EP33】Threads寫出爆文了!粉絲翻倍，存錢不會有錢!存股才會!.md
2025-02-16 10:22:48 - INFO - 10. D:\marskingx.github.io\content\blog\2024-09-12【EP31】為什麼投資最好是《持續買進》，要定期定額還是單筆投入好呢.md
2025-02-16 10:22:53 - INFO - 從文件 D:\marskingx.github.io\content\blog\2024-11-04【EP38】道奇用執行力摧毀洋基的天賦，財務規劃除了天賦更要執行力! .md 中提取到類別: Podcast節目
2025-02-16 10:22:53 - INFO - 開始處理Podcast節目: D:\marskingx.github.io\content\blog\2024-11-04【EP38】道奇用執行力摧毀洋基的天賦，財務規劃除了天賦更要執行力! .md
2025-02-16 10:22:53 - DEBUG - 成功更新 YAML 內容
2025-02-16 10:22:53 - DEBUG - 成功寫入更新後的內容到文件
2025-02-16 10:23:44 - INFO - 成功加載配置文件
2025-02-16 10:23:44 - INFO - 1. D:\marskingx.github.io\content\blog\2024-11-04【EP38】道奇用執行力摧毀洋基的天賦，財務規劃除了天賦更要執行力! .md
2025-02-16 10:23:44 - INFO - 2. D:\marskingx.github.io\content\blog\2025-02-14【EP39】復更後如何持續! 從投資這件事情談起!.md
2025-02-16 10:23:44 - INFO - 3. D:\marskingx.github.io\content\blog\2024-10-28【EP37】帶小孩游泳也學到理財的核心，談專款專用的財務配置.md
2025-02-16 10:23:44 - INFO - 4. D:\marskingx.github.io\content\blog\2025-02-14【投資】0050、VOO、QQQ 2024年度報酬率比較：為什麼差異這麼大？.md
2025-02-16 10:23:44 - INFO - 5. D:\marskingx.github.io\content\blog\2024-09-17【投資】2024 平價ETFvs奢華ETF誰更適合你長期投資.md
2025-02-16 10:23:44 - INFO - 6. D:\marskingx.github.io\content\blog\2024-11-18【理財】ETF投資的最佳賣出時機：讓需求引導投資決策.md
2025-02-16 10:23:44 - INFO - 7. D:\marskingx.github.io\content\blog\2024-10-07【EP35】如果理財只做一件事，那就來統計淨資產，有小孩的你淨資產一定是這個值.md
2025-02-16 10:23:44 - INFO - 8. D:\marskingx.github.io\content\blog\2024-09-24【EP34】星期一是美食沙漠嗎，買0050不如買台積電真心，其實不用辯!! .md
2025-02-16 10:23:44 - INFO - 9. D:\marskingx.github.io\content\blog\2024-09-19【EP33】Threads寫出爆文了!粉絲翻倍，存錢不會有錢!存股才會!.md
2025-02-16 10:23:44 - INFO - 10. D:\marskingx.github.io\content\blog\2024-09-12【EP31】為什麼投資最好是《持續買進》，要定期定額還是單筆投入好呢.md
2025-02-16 10:23:47 - INFO - 從文件 D:\marskingx.github.io\content\blog\2024-11-04【EP38】道奇用執行力摧毀洋基的天賦，財務規劃除了天賦更要執行力! .md 中提取到類別: Podcast節目
2025-02-16 10:23:47 - INFO - 開始處理Podcast節目: D:\marskingx.github.io\content\blog\2024-11-04【EP38】道奇用執行力摧毀洋基的天賦，財務規劃除了天賦更要執行力! .md
2025-02-16 10:23:47 - DEBUG - 成功更新 YAML 內容
2025-02-16 10:23:47 - DEBUG - 成功寫入更新後的內容到文件
2025-02-16 10:24:33 - INFO - 成功加載配置文件
2025-02-16 10:24:33 - INFO - 1. D:\marskingx.github.io\content\blog\2024-10-28【EP37】帶小孩游泳也學到理財的核心，談專款專用的財務配置.md
2025-02-16 10:24:33 - INFO - 2. D:\marskingx.github.io\content\blog\2024-11-04【EP38】道奇用執行力摧毀洋基的天賦，財務規劃除了天賦更要執行力! .md
2025-02-16 10:24:33 - INFO - 3. D:\marskingx.github.io\content\blog\2025-02-14【EP39】復更後如何持續! 從投資這件事情談起!.md
2025-02-16 10:24:33 - INFO - 4. D:\marskingx.github.io\content\blog\2025-02-14【投資】0050、VOO、QQQ 2024年度報酬率比較：為什麼差異這麼大？.md
2025-02-16 10:24:33 - INFO - 5. D:\marskingx.github.io\content\blog\2024-09-17【投資】2024 平價ETFvs奢華ETF誰更適合你長期投資.md
2025-02-16 10:24:33 - INFO - 6. D:\marskingx.github.io\content\blog\2024-11-18【理財】ETF投資的最佳賣出時機：讓需求引導投資決策.md
2025-02-16 10:24:33 - INFO - 7. D:\marskingx.github.io\content\blog\2024-10-07【EP35】如果理財只做一件事，那就來統計淨資產，有小孩的你淨資產一定是這個值.md
2025-02-16 10:24:33 - INFO - 8. D:\marskingx.github.io\content\blog\2024-09-24【EP34】星期一是美食沙漠嗎，買0050不如買台積電真心，其實不用辯!! .md
2025-02-16 10:24:33 - INFO - 9. D:\marskingx.github.io\content\blog\2024-09-19【EP33】Threads寫出爆文了!粉絲翻倍，存錢不會有錢!存股才會!.md
2025-02-16 10:24:33 - INFO - 10. D:\marskingx.github.io\content\blog\2024-09-12【EP31】為什麼投資最好是《持續買進》，要定期定額還是單筆投入好呢.md
2025-02-16 10:24:36 - INFO - 從文件 D:\marskingx.github.io\content\blog\2024-10-28【EP37】帶小孩游泳也學到理財的核心，談專款專用的財務配置.md 中提取到類別: Podcast節目
2025-02-16 10:24:36 - INFO - 開始處理Podcast節目: D:\marskingx.github.io\content\blog\2024-10-28【EP37】帶小孩游泳也學到理財的核心，談專款專用的財務配置.md
2025-02-16 10:24:36 - DEBUG - 成功更新 YAML 內容
2025-02-16 10:24:36 - DEBUG - 成功寫入更新後的內容到文件
2025-02-16 10:47:11 - INFO - 成功加載配置文件
2025-02-16 10:47:11 - INFO - 1. D:\marskingx.github.io\content\blog\2024-10-21【EP36】時間夠長，市場必漲!不用單押個股也能有10%年化報酬!.md
2025-02-16 10:47:11 - INFO - 2. D:\marskingx.github.io\content\blog\2024-11-04【EP38】道奇用執行力摧毀洋基的天賦，財務規劃除了天賦更要執行力! .md
2025-02-16 10:47:11 - INFO - 3. D:\marskingx.github.io\content\blog\2024-10-28【EP37】帶小孩游泳也學到理財的核心，談專款專用的財務配置.md
2025-02-16 10:47:11 - INFO - 4. D:\marskingx.github.io\content\blog\2025-02-14【EP39】復更後如何持續! 從投資這件事情談起!.md
2025-02-16 10:47:11 - INFO - 5. D:\marskingx.github.io\content\blog\2025-02-14【投資】0050、VOO、QQQ 2024年度報酬率比較：為什麼差異這麼大？.md
2025-02-16 10:47:11 - INFO - 6. D:\marskingx.github.io\content\blog\2024-09-17【投資】2024 平價ETFvs奢華ETF誰更適合你長期投資.md
2025-02-16 10:47:11 - INFO - 7. D:\marskingx.github.io\content\blog\2024-11-18【理財】ETF投資的最佳賣出時機：讓需求引導投資決策.md
2025-02-16 10:47:11 - INFO - 8. D:\marskingx.github.io\content\blog\2024-10-07【EP35】如果理財只做一件事，那就來統計淨資產，有小孩的你淨資產一定是這個值.md
2025-02-16 10:47:11 - INFO - 9. D:\marskingx.github.io\content\blog\2024-09-24【EP34】星期一是美食沙漠嗎，買0050不如買台積電真心，其實不用辯!! .md
2025-02-16 10:47:11 - INFO - 10. D:\marskingx.github.io\content\blog\2024-09-19【EP33】Threads寫出爆文了!粉絲翻倍，存錢不會有錢!存股才會!.md
2025-02-16 10:47:13 - INFO - 從文件 D:\marskingx.github.io\content\blog\2024-10-21【EP36】時間夠長，市場必漲!不用單押個股也能有10%年化報酬!.md 內容中提取到類別: Podcast節目
2025-02-16 10:47:13 - INFO - 開始處理Podcast節目: D:\marskingx.github.io\content\blog\2024-10-21【EP36】時間夠長，市場必漲!不用單押個股也能有10%年化報酬!.md
2025-02-16 10:47:13 - DEBUG - 成功更新 YAML 內容
2025-02-16 10:47:13 - DEBUG - 成功寫入更新後的內容到文件
