ERROR:root:Error finding element in result 3: Message: 
Stacktrace:
	GetHandleVerifier [0x00007FF71D251F52+60322]
	(No symbol) [0x00007FF71D1CCEC9]
	(No symbol) [0x00007FF71D087EBA]
	(No symbol) [0x00007FF71D0D7676]
	(No symbol) [0x00007FF71D0D773C]
	(No symbol) [0x00007FF71D0CAEEC]
	(No symbol) [0x00007FF71D0FC25F]
	(No symbol) [0x00007FF71D0CADB6]
	(No symbol) [0x00007FF71D0FC430]
	(No symbol) [0x00007FF71D11BC80]
	(No symbol) [0x00007FF71D0FBFC3]
	(No symbol) [0x00007FF71D0C9617]
	(No symbol) [0x00007FF71D0CA211]
	GetHandleVerifier [0x00007FF71D5694AD+3301629]
	GetHandleVerifier [0x00007FF71D5B36D3+3605283]
	GetHandleVerifier [0x00007FF71D5A9450+3563680]
	GetHandleVerifier [0x00007FF71D304326+790390]
	(No symbol) [0x00007FF71D1D750F]
	(No symbol) [0x00007FF71D1D3404]
	(No symbol) [0x00007FF71D1D3592]
	(No symbol) [0x00007FF71D1C2F9F]
	BaseThreadInitThunk [0x00007FFA21E8257D+29]
	RtlUserThreadStart [0x00007FFA23BAAA48+40]

ERROR:root:Error finding element in result 4: Message: 
Stacktrace:
	GetHandleVerifier [0x00007FF71D251F52+60322]
	(No symbol) [0x00007FF71D1CCEC9]
	(No symbol) [0x00007FF71D087EBA]
	(No symbol) [0x00007FF71D0D7676]
	(No symbol) [0x00007FF71D0D773C]
	(No symbol) [0x00007FF71D0CAEEC]
	(No symbol) [0x00007FF71D0FC25F]
	(No symbol) [0x00007FF71D0CADB6]
	(No symbol) [0x00007FF71D0FC430]
	(No symbol) [0x00007FF71D11BC80]
	(No symbol) [0x00007FF71D0FBFC3]
	(No symbol) [0x00007FF71D0C9617]
	(No symbol) [0x00007FF71D0CA211]
	GetHandleVerifier [0x00007FF71D5694AD+3301629]
	GetHandleVerifier [0x00007FF71D5B36D3+3605283]
	GetHandleVerifier [0x00007FF71D5A9450+3563680]
	GetHandleVerifier [0x00007FF71D304326+790390]
	(No symbol) [0x00007FF71D1D750F]
	(No symbol) [0x00007FF71D1D3404]
	(No symbol) [0x00007FF71D1D3592]
	(No symbol) [0x00007FF71D1C2F9F]
	BaseThreadInitThunk [0x00007FFA21E8257D+29]
	RtlUserThreadStart [0x00007FFA23BAAA48+40]

ERROR:root:Error finding element in result 3: Message: 
Stacktrace:
	GetHandleVerifier [0x00007FF71D251F52+60322]
	(No symbol) [0x00007FF71D1CCEC9]
	(No symbol) [0x00007FF71D087EBA]
	(No symbol) [0x00007FF71D0D7676]
	(No symbol) [0x00007FF71D0D773C]
	(No symbol) [0x00007FF71D0CAEEC]
	(No symbol) [0x00007FF71D0FC25F]
	(No symbol) [0x00007FF71D0CADB6]
	(No symbol) [0x00007FF71D0FC430]
	(No symbol) [0x00007FF71D11BC80]
	(No symbol) [0x00007FF71D0FBFC3]
	(No symbol) [0x00007FF71D0C9617]
	(No symbol) [0x00007FF71D0CA211]
	GetHandleVerifier [0x00007FF71D5694AD+3301629]
	GetHandleVerifier [0x00007FF71D5B36D3+3605283]
	GetHandleVerifier [0x00007FF71D5A9450+3563680]
	GetHandleVerifier [0x00007FF71D304326+790390]
	(No symbol) [0x00007FF71D1D750F]
	(No symbol) [0x00007FF71D1D3404]
	(No symbol) [0x00007FF71D1D3592]
	(No symbol) [0x00007FF71D1C2F9F]
	BaseThreadInitThunk [0x00007FFA21E8257D+29]
	RtlUserThreadStart [0x00007FFA23BAAA48+40]

ERROR:root:Error finding element in result 4: Message: 
Stacktrace:
	GetHandleVerifier [0x00007FF71D251F52+60322]
	(No symbol) [0x00007FF71D1CCEC9]
	(No symbol) [0x00007FF71D087EBA]
	(No symbol) [0x00007FF71D0D7676]
	(No symbol) [0x00007FF71D0D773C]
	(No symbol) [0x00007FF71D0CAEEC]
	(No symbol) [0x00007FF71D0FC25F]
	(No symbol) [0x00007FF71D0CADB6]
	(No symbol) [0x00007FF71D0FC430]
	(No symbol) [0x00007FF71D11BC80]
	(No symbol) [0x00007FF71D0FBFC3]
	(No symbol) [0x00007FF71D0C9617]
	(No symbol) [0x00007FF71D0CA211]
	GetHandleVerifier [0x00007FF71D5694AD+3301629]
	GetHandleVerifier [0x00007FF71D5B36D3+3605283]
	GetHandleVerifier [0x00007FF71D5A9450+3563680]
	GetHandleVerifier [0x00007FF71D304326+790390]
	(No symbol) [0x00007FF71D1D750F]
	(No symbol) [0x00007FF71D1D3404]
	(No symbol) [0x00007FF71D1D3592]
	(No symbol) [0x00007FF71D1C2F9F]
	BaseThreadInitThunk [0x00007FFA21E8257D+29]
	RtlUserThreadStart [0x00007FFA23BAAA48+40]

ERROR:root:Error finding element in result 3: Message: 
Stacktrace:
	GetHandleVerifier [0x00007FF71D251F52+60322]
	(No symbol) [0x00007FF71D1CCEC9]
	(No symbol) [0x00007FF71D087EBA]
	(No symbol) [0x00007FF71D0D7676]
	(No symbol) [0x00007FF71D0D773C]
	(No symbol) [0x00007FF71D0CAEEC]
	(No symbol) [0x00007FF71D0FC25F]
	(No symbol) [0x00007FF71D0CADB6]
	(No symbol) [0x00007FF71D0FC430]
	(No symbol) [0x00007FF71D11BC80]
	(No symbol) [0x00007FF71D0FBFC3]
	(No symbol) [0x00007FF71D0C9617]
	(No symbol) [0x00007FF71D0CA211]
	GetHandleVerifier [0x00007FF71D5694AD+3301629]
	GetHandleVerifier [0x00007FF71D5B36D3+3605283]
	GetHandleVerifier [0x00007FF71D5A9450+3563680]
	GetHandleVerifier [0x00007FF71D304326+790390]
	(No symbol) [0x00007FF71D1D750F]
	(No symbol) [0x00007FF71D1D3404]
	(No symbol) [0x00007FF71D1D3592]
	(No symbol) [0x00007FF71D1C2F9F]
	BaseThreadInitThunk [0x00007FFA21E8257D+29]
	RtlUserThreadStart [0x00007FFA23BAAA48+40]

ERROR:root:Error finding element in result 4: Message: 
Stacktrace:
	GetHandleVerifier [0x00007FF71D251F52+60322]
	(No symbol) [0x00007FF71D1CCEC9]
	(No symbol) [0x00007FF71D087EBA]
	(No symbol) [0x00007FF71D0D7676]
	(No symbol) [0x00007FF71D0D773C]
	(No symbol) [0x00007FF71D0CAEEC]
	(No symbol) [0x00007FF71D0FC25F]
	(No symbol) [0x00007FF71D0CADB6]
	(No symbol) [0x00007FF71D0FC430]
	(No symbol) [0x00007FF71D11BC80]
	(No symbol) [0x00007FF71D0FBFC3]
	(No symbol) [0x00007FF71D0C9617]
	(No symbol) [0x00007FF71D0CA211]
	GetHandleVerifier [0x00007FF71D5694AD+3301629]
	GetHandleVerifier [0x00007FF71D5B36D3+3605283]
	GetHandleVerifier [0x00007FF71D5A9450+3563680]
	GetHandleVerifier [0x00007FF71D304326+790390]
	(No symbol) [0x00007FF71D1D750F]
	(No symbol) [0x00007FF71D1D3404]
	(No symbol) [0x00007FF71D1D3592]
	(No symbol) [0x00007FF71D1C2F9F]
	BaseThreadInitThunk [0x00007FFA21E8257D+29]
	RtlUserThreadStart [0x00007FFA23BAAA48+40]

ERROR:root:Error finding element in result 3: Message: 
Stacktrace:
	GetHandleVerifier [0x00007FF71D251F52+60322]
	(No symbol) [0x00007FF71D1CCEC9]
	(No symbol) [0x00007FF71D087EBA]
	(No symbol) [0x00007FF71D0D7676]
	(No symbol) [0x00007FF71D0D773C]
	(No symbol) [0x00007FF71D0CAEEC]
	(No symbol) [0x00007FF71D0FC25F]
	(No symbol) [0x00007FF71D0CADB6]
	(No symbol) [0x00007FF71D0FC430]
	(No symbol) [0x00007FF71D11BC80]
	(No symbol) [0x00007FF71D0FBFC3]
	(No symbol) [0x00007FF71D0C9617]
	(No symbol) [0x00007FF71D0CA211]
	GetHandleVerifier [0x00007FF71D5694AD+3301629]
	GetHandleVerifier [0x00007FF71D5B36D3+3605283]
	GetHandleVerifier [0x00007FF71D5A9450+3563680]
	GetHandleVerifier [0x00007FF71D304326+790390]
	(No symbol) [0x00007FF71D1D750F]
	(No symbol) [0x00007FF71D1D3404]
	(No symbol) [0x00007FF71D1D3592]
	(No symbol) [0x00007FF71D1C2F9F]
	BaseThreadInitThunk [0x00007FFA21E8257D+29]
	RtlUserThreadStart [0x00007FFA23BAAA48+40]

ERROR:root:Error finding element in result 4: Message: 
Stacktrace:
	GetHandleVerifier [0x00007FF71D251F52+60322]
	(No symbol) [0x00007FF71D1CCEC9]
	(No symbol) [0x00007FF71D087EBA]
	(No symbol) [0x00007FF71D0D7676]
	(No symbol) [0x00007FF71D0D773C]
	(No symbol) [0x00007FF71D0CAEEC]
	(No symbol) [0x00007FF71D0FC25F]
	(No symbol) [0x00007FF71D0CADB6]
	(No symbol) [0x00007FF71D0FC430]
	(No symbol) [0x00007FF71D11BC80]
	(No symbol) [0x00007FF71D0FBFC3]
	(No symbol) [0x00007FF71D0C9617]
	(No symbol) [0x00007FF71D0CA211]
	GetHandleVerifier [0x00007FF71D5694AD+3301629]
	GetHandleVerifier [0x00007FF71D5B36D3+3605283]
	GetHandleVerifier [0x00007FF71D5A9450+3563680]
	GetHandleVerifier [0x00007FF71D304326+790390]
	(No symbol) [0x00007FF71D1D750F]
	(No symbol) [0x00007FF71D1D3404]
	(No symbol) [0x00007FF71D1D3592]
	(No symbol) [0x00007FF71D1C2F9F]
	BaseThreadInitThunk [0x00007FFA21E8257D+29]
	RtlUserThreadStart [0x00007FFA23BAAA48+40]

ERROR:root:Error finding element in result 3: Message: 
Stacktrace:
	GetHandleVerifier [0x00007FF71D251F52+60322]
	(No symbol) [0x00007FF71D1CCEC9]
	(No symbol) [0x00007FF71D087EBA]
	(No symbol) [0x00007FF71D0D7676]
	(No symbol) [0x00007FF71D0D773C]
	(No symbol) [0x00007FF71D0CAEEC]
	(No symbol) [0x00007FF71D0FC25F]
	(No symbol) [0x00007FF71D0CADB6]
	(No symbol) [0x00007FF71D0FC430]
	(No symbol) [0x00007FF71D11BC80]
	(No symbol) [0x00007FF71D0FBFC3]
	(No symbol) [0x00007FF71D0C9617]
	(No symbol) [0x00007FF71D0CA211]
	GetHandleVerifier [0x00007FF71D5694AD+3301629]
	GetHandleVerifier [0x00007FF71D5B36D3+3605283]
	GetHandleVerifier [0x00007FF71D5A9450+3563680]
	GetHandleVerifier [0x00007FF71D304326+790390]
	(No symbol) [0x00007FF71D1D750F]
	(No symbol) [0x00007FF71D1D3404]
	(No symbol) [0x00007FF71D1D3592]
	(No symbol) [0x00007FF71D1C2F9F]
	BaseThreadInitThunk [0x00007FFA21E8257D+29]
	RtlUserThreadStart [0x00007FFA23BAAA48+40]

ERROR:root:Error finding element in result 4: Message: 
Stacktrace:
	GetHandleVerifier [0x00007FF71D251F52+60322]
	(No symbol) [0x00007FF71D1CCEC9]
	(No symbol) [0x00007FF71D087EBA]
	(No symbol) [0x00007FF71D0D7676]
	(No symbol) [0x00007FF71D0D773C]
	(No symbol) [0x00007FF71D0CAEEC]
	(No symbol) [0x00007FF71D0FC25F]
	(No symbol) [0x00007FF71D0CADB6]
	(No symbol) [0x00007FF71D0FC430]
	(No symbol) [0x00007FF71D11BC80]
	(No symbol) [0x00007FF71D0FBFC3]
	(No symbol) [0x00007FF71D0C9617]
	(No symbol) [0x00007FF71D0CA211]
	GetHandleVerifier [0x00007FF71D5694AD+3301629]
	GetHandleVerifier [0x00007FF71D5B36D3+3605283]
	GetHandleVerifier [0x00007FF71D5A9450+3563680]
	GetHandleVerifier [0x00007FF71D304326+790390]
	(No symbol) [0x00007FF71D1D750F]
	(No symbol) [0x00007FF71D1D3404]
	(No symbol) [0x00007FF71D1D3592]
	(No symbol) [0x00007FF71D1C2F9F]
	BaseThreadInitThunk [0x00007FFA21E8257D+29]
	RtlUserThreadStart [0x00007FFA23BAAA48+40]

ERROR:root:Error finding element in result 3: Message: 
Stacktrace:
	GetHandleVerifier [0x00007FF71D251F52+60322]
	(No symbol) [0x00007FF71D1CCEC9]
	(No symbol) [0x00007FF71D087EBA]
	(No symbol) [0x00007FF71D0D7676]
	(No symbol) [0x00007FF71D0D773C]
	(No symbol) [0x00007FF71D0CAEEC]
	(No symbol) [0x00007FF71D0FC25F]
	(No symbol) [0x00007FF71D0CADB6]
	(No symbol) [0x00007FF71D0FC430]
	(No symbol) [0x00007FF71D11BC80]
	(No symbol) [0x00007FF71D0FBFC3]
	(No symbol) [0x00007FF71D0C9617]
	(No symbol) [0x00007FF71D0CA211]
	GetHandleVerifier [0x00007FF71D5694AD+3301629]
	GetHandleVerifier [0x00007FF71D5B36D3+3605283]
	GetHandleVerifier [0x00007FF71D5A9450+3563680]
	GetHandleVerifier [0x00007FF71D304326+790390]
	(No symbol) [0x00007FF71D1D750F]
	(No symbol) [0x00007FF71D1D3404]
	(No symbol) [0x00007FF71D1D3592]
	(No symbol) [0x00007FF71D1C2F9F]
	BaseThreadInitThunk [0x00007FFA21E8257D+29]
	RtlUserThreadStart [0x00007FFA23BAAA48+40]

ERROR:root:Error finding element in result 4: Message: 
Stacktrace:
	GetHandleVerifier [0x00007FF71D251F52+60322]
	(No symbol) [0x00007FF71D1CCEC9]
	(No symbol) [0x00007FF71D087EBA]
	(No symbol) [0x00007FF71D0D7676]
	(No symbol) [0x00007FF71D0D773C]
	(No symbol) [0x00007FF71D0CAEEC]
	(No symbol) [0x00007FF71D0FC25F]
	(No symbol) [0x00007FF71D0CADB6]
	(No symbol) [0x00007FF71D0FC430]
	(No symbol) [0x00007FF71D11BC80]
	(No symbol) [0x00007FF71D0FBFC3]
	(No symbol) [0x00007FF71D0C9617]
	(No symbol) [0x00007FF71D0CA211]
	GetHandleVerifier [0x00007FF71D5694AD+3301629]
	GetHandleVerifier [0x00007FF71D5B36D3+3605283]
	GetHandleVerifier [0x00007FF71D5A9450+3563680]
	GetHandleVerifier [0x00007FF71D304326+790390]
	(No symbol) [0x00007FF71D1D750F]
	(No symbol) [0x00007FF71D1D3404]
	(No symbol) [0x00007FF71D1D3592]
	(No symbol) [0x00007FF71D1C2F9F]
	BaseThreadInitThunk [0x00007FFA21E8257D+29]
	RtlUserThreadStart [0x00007FFA23BAAA48+40]

ERROR:root:Error finding element in result 3: Message: 
Stacktrace:
	GetHandleVerifier [0x00007FF71D251F52+60322]
	(No symbol) [0x00007FF71D1CCEC9]
	(No symbol) [0x00007FF71D087EBA]
	(No symbol) [0x00007FF71D0D7676]
	(No symbol) [0x00007FF71D0D773C]
	(No symbol) [0x00007FF71D0CAEEC]
	(No symbol) [0x00007FF71D0FC25F]
	(No symbol) [0x00007FF71D0CADB6]
	(No symbol) [0x00007FF71D0FC430]
	(No symbol) [0x00007FF71D11BC80]
	(No symbol) [0x00007FF71D0FBFC3]
	(No symbol) [0x00007FF71D0C9617]
	(No symbol) [0x00007FF71D0CA211]
	GetHandleVerifier [0x00007FF71D5694AD+3301629]
	GetHandleVerifier [0x00007FF71D5B36D3+3605283]
	GetHandleVerifier [0x00007FF71D5A9450+3563680]
	GetHandleVerifier [0x00007FF71D304326+790390]
	(No symbol) [0x00007FF71D1D750F]
	(No symbol) [0x00007FF71D1D3404]
	(No symbol) [0x00007FF71D1D3592]
	(No symbol) [0x00007FF71D1C2F9F]
	BaseThreadInitThunk [0x00007FFA21E8257D+29]
	RtlUserThreadStart [0x00007FFA23BAAA48+40]

ERROR:root:Error finding element in result 4: Message: 
Stacktrace:
	GetHandleVerifier [0x00007FF71D251F52+60322]
	(No symbol) [0x00007FF71D1CCEC9]
	(No symbol) [0x00007FF71D087EBA]
	(No symbol) [0x00007FF71D0D7676]
	(No symbol) [0x00007FF71D0D773C]
	(No symbol) [0x00007FF71D0CAEEC]
	(No symbol) [0x00007FF71D0FC25F]
	(No symbol) [0x00007FF71D0CADB6]
	(No symbol) [0x00007FF71D0FC430]
	(No symbol) [0x00007FF71D11BC80]
	(No symbol) [0x00007FF71D0FBFC3]
	(No symbol) [0x00007FF71D0C9617]
	(No symbol) [0x00007FF71D0CA211]
	GetHandleVerifier [0x00007FF71D5694AD+3301629]
	GetHandleVerifier [0x00007FF71D5B36D3+3605283]
	GetHandleVerifier [0x00007FF71D5A9450+3563680]
	GetHandleVerifier [0x00007FF71D304326+790390]
	(No symbol) [0x00007FF71D1D750F]
	(No symbol) [0x00007FF71D1D3404]
	(No symbol) [0x00007FF71D1D3592]
	(No symbol) [0x00007FF71D1C2F9F]
	BaseThreadInitThunk [0x00007FFA21E8257D+29]
	RtlUserThreadStart [0x00007FFA23BAAA48+40]

ERROR:root:Error finding element in result 3: Message: 
Stacktrace:
	GetHandleVerifier [0x00007FF71D251F52+60322]
	(No symbol) [0x00007FF71D1CCEC9]
	(No symbol) [0x00007FF71D087EBA]
	(No symbol) [0x00007FF71D0D7676]
	(No symbol) [0x00007FF71D0D773C]
	(No symbol) [0x00007FF71D0CAEEC]
	(No symbol) [0x00007FF71D0FC25F]
	(No symbol) [0x00007FF71D0CADB6]
	(No symbol) [0x00007FF71D0FC430]
	(No symbol) [0x00007FF71D11BC80]
	(No symbol) [0x00007FF71D0FBFC3]
	(No symbol) [0x00007FF71D0C9617]
	(No symbol) [0x00007FF71D0CA211]
	GetHandleVerifier [0x00007FF71D5694AD+3301629]
	GetHandleVerifier [0x00007FF71D5B36D3+3605283]
	GetHandleVerifier [0x00007FF71D5A9450+3563680]
	GetHandleVerifier [0x00007FF71D304326+790390]
	(No symbol) [0x00007FF71D1D750F]
	(No symbol) [0x00007FF71D1D3404]
	(No symbol) [0x00007FF71D1D3592]
	(No symbol) [0x00007FF71D1C2F9F]
	BaseThreadInitThunk [0x00007FFA21E8257D+29]
	RtlUserThreadStart [0x00007FFA23BAAA48+40]

ERROR:root:Error finding element in result 4: Message: 
Stacktrace:
	GetHandleVerifier [0x00007FF71D251F52+60322]
	(No symbol) [0x00007FF71D1CCEC9]
	(No symbol) [0x00007FF71D087EBA]
	(No symbol) [0x00007FF71D0D7676]
	(No symbol) [0x00007FF71D0D773C]
	(No symbol) [0x00007FF71D0CAEEC]
	(No symbol) [0x00007FF71D0FC25F]
	(No symbol) [0x00007FF71D0CADB6]
	(No symbol) [0x00007FF71D0FC430]
	(No symbol) [0x00007FF71D11BC80]
	(No symbol) [0x00007FF71D0FBFC3]
	(No symbol) [0x00007FF71D0C9617]
	(No symbol) [0x00007FF71D0CA211]
	GetHandleVerifier [0x00007FF71D5694AD+3301629]
	GetHandleVerifier [0x00007FF71D5B36D3+3605283]
	GetHandleVerifier [0x00007FF71D5A9450+3563680]
	GetHandleVerifier [0x00007FF71D304326+790390]
	(No symbol) [0x00007FF71D1D750F]
	(No symbol) [0x00007FF71D1D3404]
	(No symbol) [0x00007FF71D1D3592]
	(No symbol) [0x00007FF71D1C2F9F]
	BaseThreadInitThunk [0x00007FFA21E8257D+29]
	RtlUserThreadStart [0x00007FFA23BAAA48+40]

ERROR:root:Error finding element in result 3: Message: 
Stacktrace:
	GetHandleVerifier [0x00007FF71D251F52+60322]
	(No symbol) [0x00007FF71D1CCEC9]
	(No symbol) [0x00007FF71D087EBA]
	(No symbol) [0x00007FF71D0D7676]
	(No symbol) [0x00007FF71D0D773C]
	(No symbol) [0x00007FF71D0CAEEC]
	(No symbol) [0x00007FF71D0FC25F]
	(No symbol) [0x00007FF71D0CADB6]
	(No symbol) [0x00007FF71D0FC430]
	(No symbol) [0x00007FF71D11BC80]
	(No symbol) [0x00007FF71D0FBFC3]
	(No symbol) [0x00007FF71D0C9617]
	(No symbol) [0x00007FF71D0CA211]
	GetHandleVerifier [0x00007FF71D5694AD+3301629]
	GetHandleVerifier [0x00007FF71D5B36D3+3605283]
	GetHandleVerifier [0x00007FF71D5A9450+3563680]
	GetHandleVerifier [0x00007FF71D304326+790390]
	(No symbol) [0x00007FF71D1D750F]
	(No symbol) [0x00007FF71D1D3404]
	(No symbol) [0x00007FF71D1D3592]
	(No symbol) [0x00007FF71D1C2F9F]
	BaseThreadInitThunk [0x00007FFA21E8257D+29]
	RtlUserThreadStart [0x00007FFA23BAAA48+40]

HTML Content: <div class="table-td">
<div class="footer-wrap">
<div class="floated-btn-wrap" id="prod-itemlist-footer-0010914697">
<a class="button type-01" href="javascript:void(0)" onclick="putAjaxCart('0010914697', '1', '001', '355')"><i class="icon-shoppingcart"></i></a>
<a class="button type-01" href="javascript:void(0)" onclick="putAjaxNextBuy('0010914697', 'search-pc', 1, this)" title="下次再買"> 
<i class="icon-heart-empty"></i>
</a>
</div>
</div>
</div>
ERROR:root:Error finding element in result 4: Message: 
Stacktrace:
	GetHandleVerifier [0x00007FF71D251F52+60322]
	(No symbol) [0x00007FF71D1CCEC9]
	(No symbol) [0x00007FF71D087EBA]
	(No symbol) [0x00007FF71D0D7676]
	(No symbol) [0x00007FF71D0D773C]
	(No symbol) [0x00007FF71D0CAEEC]
	(No symbol) [0x00007FF71D0FC25F]
	(No symbol) [0x00007FF71D0CADB6]
	(No symbol) [0x00007FF71D0FC430]
	(No symbol) [0x00007FF71D11BC80]
	(No symbol) [0x00007FF71D0FBFC3]
	(No symbol) [0x00007FF71D0C9617]
	(No symbol) [0x00007FF71D0CA211]
	GetHandleVerifier [0x00007FF71D5694AD+3301629]
	GetHandleVerifier [0x00007FF71D5B36D3+3605283]
	GetHandleVerifier [0x00007FF71D5A9450+3563680]
	GetHandleVerifier [0x00007FF71D304326+790390]
	(No symbol) [0x00007FF71D1D750F]
	(No symbol) [0x00007FF71D1D3404]
	(No symbol) [0x00007FF71D1D3592]
	(No symbol) [0x00007FF71D1C2F9F]
	BaseThreadInitThunk [0x00007FFA21E8257D+29]
	RtlUserThreadStart [0x00007FFA23BAAA48+40]

HTML Content: <div class="table-td">
<div class="footer-wrap">
<div class="floated-btn-wrap" id="prod-itemlist-footer-E050121499">
<a class="button type-01" href="javascript:void(0)" onclick="reopen('//search.books.com.tw/redirect/move/key/%E6%99%AE%E9%80%9A%E4%BA%BA%E7%9A%84%E8%B2%A1%E5%AF%8C%E8%87%AA%E7%94%B1%E4%B9%8B%E9%81%93/area/mid_epub/item/E050121499/page/1/epub/1/idx/2/cat/E05/pdf/1/spell/3', 'booksearch')">試閱</a>
<a class="button type-01" href="javascript:void(0)" onclick="putAjaxCart('E050121499', '2', 'E05', '281')"><i class="icon-shoppingcart"></i></a>
<a class="button type-01" href="javascript:void(0)" onclick="putAjaxNextBuy('E050121499', 'search-pc', 1, this)" title="下次再買"> 
<i class="icon-heart-empty"></i>
</a>
</div>
</div>
</div>
ERROR:root:Error finding element in result 3: Message: 
Stacktrace:
	GetHandleVerifier [0x00007FF71D251F52+60322]
	(No symbol) [0x00007FF71D1CCEC9]
	(No symbol) [0x00007FF71D087EBA]
	(No symbol) [0x00007FF71D0D7676]
	(No symbol) [0x00007FF71D0D773C]
	(No symbol) [0x00007FF71D0CAEEC]
	(No symbol) [0x00007FF71D0FC25F]
	(No symbol) [0x00007FF71D0CADB6]
	(No symbol) [0x00007FF71D0FC430]
	(No symbol) [0x00007FF71D11BC80]
	(No symbol) [0x00007FF71D0FBFC3]
	(No symbol) [0x00007FF71D0C9617]
	(No symbol) [0x00007FF71D0CA211]
	GetHandleVerifier [0x00007FF71D5694AD+3301629]
	GetHandleVerifier [0x00007FF71D5B36D3+3605283]
	GetHandleVerifier [0x00007FF71D5A9450+3563680]
	GetHandleVerifier [0x00007FF71D304326+790390]
	(No symbol) [0x00007FF71D1D750F]
	(No symbol) [0x00007FF71D1D3404]
	(No symbol) [0x00007FF71D1D3592]
	(No symbol) [0x00007FF71D1C2F9F]
	BaseThreadInitThunk [0x00007FFA21E8257D+29]
	RtlUserThreadStart [0x00007FFA23BAAA48+40]

HTML Content: <div class="table-td">
<div class="footer-wrap">
<div class="floated-btn-wrap" id="prod-itemlist-footer-0010914697">
<a class="button type-01" href="javascript:void(0)" onclick="putAjaxCart('0010914697', '1', '001', '355')"><i class="icon-shoppingcart"></i></a>
<a class="button type-01" href="javascript:void(0)" onclick="putAjaxNextBuy('0010914697', 'search-pc', 1, this)" title="下次再買"> 
<i class="icon-heart-empty"></i>
</a>
</div>
</div>
</div>
ERROR:root:Error finding element in result 4: Message: 
Stacktrace:
	GetHandleVerifier [0x00007FF71D251F52+60322]
	(No symbol) [0x00007FF71D1CCEC9]
	(No symbol) [0x00007FF71D087EBA]
	(No symbol) [0x00007FF71D0D7676]
	(No symbol) [0x00007FF71D0D773C]
	(No symbol) [0x00007FF71D0CAEEC]
	(No symbol) [0x00007FF71D0FC25F]
	(No symbol) [0x00007FF71D0CADB6]
	(No symbol) [0x00007FF71D0FC430]
	(No symbol) [0x00007FF71D11BC80]
	(No symbol) [0x00007FF71D0FBFC3]
	(No symbol) [0x00007FF71D0C9617]
	(No symbol) [0x00007FF71D0CA211]
	GetHandleVerifier [0x00007FF71D5694AD+3301629]
	GetHandleVerifier [0x00007FF71D5B36D3+3605283]
	GetHandleVerifier [0x00007FF71D5A9450+3563680]
	GetHandleVerifier [0x00007FF71D304326+790390]
	(No symbol) [0x00007FF71D1D750F]
	(No symbol) [0x00007FF71D1D3404]
	(No symbol) [0x00007FF71D1D3592]
	(No symbol) [0x00007FF71D1C2F9F]
	BaseThreadInitThunk [0x00007FFA21E8257D+29]
	RtlUserThreadStart [0x00007FFA23BAAA48+40]

HTML Content: <div class="table-td">
<div class="footer-wrap">
<div class="floated-btn-wrap" id="prod-itemlist-footer-E050121499">
<a class="button type-01" href="javascript:void(0)" onclick="reopen('//search.books.com.tw/redirect/move/key/%E6%99%AE%E9%80%9A%E4%BA%BA%E7%9A%84%E8%B2%A1%E5%AF%8C%E8%87%AA%E7%94%B1%E4%B9%8B%E9%81%93/area/mid_epub/item/E050121499/page/1/epub/1/idx/2/cat/E05/pdf/1/spell/3', 'booksearch')">試閱</a>
<a class="button type-01" href="javascript:void(0)" onclick="putAjaxCart('E050121499', '2', 'E05', '281')"><i class="icon-shoppingcart"></i></a>
<a class="button type-01" href="javascript:void(0)" onclick="putAjaxNextBuy('E050121499', 'search-pc', 1, this)" title="下次再買"> 
<i class="icon-heart-empty"></i>
</a>
</div>
</div>
</div>
ERROR:root:Error finding element in result 3: Message: 
Stacktrace:
	GetHandleVerifier [0x00007FF71D251F52+60322]
	(No symbol) [0x00007FF71D1CCEC9]
	(No symbol) [0x00007FF71D087EBA]
	(No symbol) [0x00007FF71D0D7676]
	(No symbol) [0x00007FF71D0D773C]
	(No symbol) [0x00007FF71D0CAEEC]
	(No symbol) [0x00007FF71D0FC25F]
	(No symbol) [0x00007FF71D0CADB6]
	(No symbol) [0x00007FF71D0FC430]
	(No symbol) [0x00007FF71D11BC80]
	(No symbol) [0x00007FF71D0FBFC3]
	(No symbol) [0x00007FF71D0C9617]
	(No symbol) [0x00007FF71D0CA211]
	GetHandleVerifier [0x00007FF71D5694AD+3301629]
	GetHandleVerifier [0x00007FF71D5B36D3+3605283]
	GetHandleVerifier [0x00007FF71D5A9450+3563680]
	GetHandleVerifier [0x00007FF71D304326+790390]
	(No symbol) [0x00007FF71D1D750F]
	(No symbol) [0x00007FF71D1D3404]
	(No symbol) [0x00007FF71D1D3592]
	(No symbol) [0x00007FF71D1C2F9F]
	BaseThreadInitThunk [0x00007FFA21E8257D+29]
	RtlUserThreadStart [0x00007FFA23BAAA48+40]

HTML Content: <div class="table-td">
<div class="footer-wrap">
<div class="floated-btn-wrap" id="prod-itemlist-footer-0010914697">
<a class="button type-01" href="javascript:void(0)" onclick="putAjaxCart('0010914697', '1', '001', '355')"><i class="icon-shoppingcart"></i></a>
<a class="button type-01" href="javascript:void(0)" onclick="putAjaxNextBuy('0010914697', 'search-pc', 1, this)" title="下次再買"> 
<i class="icon-heart-empty"></i>
</a>
</div>
</div>
</div>
ERROR:root:Error finding element in result 4: Message: 
Stacktrace:
	GetHandleVerifier [0x00007FF71D251F52+60322]
	(No symbol) [0x00007FF71D1CCEC9]
	(No symbol) [0x00007FF71D087EBA]
	(No symbol) [0x00007FF71D0D7676]
	(No symbol) [0x00007FF71D0D773C]
	(No symbol) [0x00007FF71D0CAEEC]
	(No symbol) [0x00007FF71D0FC25F]
	(No symbol) [0x00007FF71D0CADB6]
	(No symbol) [0x00007FF71D0FC430]
	(No symbol) [0x00007FF71D11BC80]
	(No symbol) [0x00007FF71D0FBFC3]
	(No symbol) [0x00007FF71D0C9617]
	(No symbol) [0x00007FF71D0CA211]
	GetHandleVerifier [0x00007FF71D5694AD+3301629]
	GetHandleVerifier [0x00007FF71D5B36D3+3605283]
	GetHandleVerifier [0x00007FF71D5A9450+3563680]
	GetHandleVerifier [0x00007FF71D304326+790390]
	(No symbol) [0x00007FF71D1D750F]
	(No symbol) [0x00007FF71D1D3404]
	(No symbol) [0x00007FF71D1D3592]
	(No symbol) [0x00007FF71D1C2F9F]
	BaseThreadInitThunk [0x00007FFA21E8257D+29]
	RtlUserThreadStart [0x00007FFA23BAAA48+40]

HTML Content: <div class="table-td">
<div class="footer-wrap">
<div class="floated-btn-wrap" id="prod-itemlist-footer-E050121499">
<a class="button type-01" href="javascript:void(0)" onclick="reopen('//search.books.com.tw/redirect/move/key/%E6%99%AE%E9%80%9A%E4%BA%BA%E7%9A%84%E8%B2%A1%E5%AF%8C%E8%87%AA%E7%94%B1%E4%B9%8B%E9%81%93/area/mid_epub/item/E050121499/page/1/epub/1/idx/2/cat/E05/pdf/1/spell/3', 'booksearch')">試閱</a>
<a class="button type-01" href="javascript:void(0)" onclick="putAjaxCart('E050121499', '2', 'E05', '281')"><i class="icon-shoppingcart"></i></a>
<a class="button type-01" href="javascript:void(0)" onclick="putAjaxNextBuy('E050121499', 'search-pc', 1, this)" title="下次再買"> 
<i class="icon-heart-empty"></i>
</a>
</div>
</div>
</div>
ERROR:root:Error finding element in result 3: Message: 
Stacktrace:
	GetHandleVerifier [0x00007FF71D251F52+60322]
	(No symbol) [0x00007FF71D1CCEC9]
	(No symbol) [0x00007FF71D087EBA]
	(No symbol) [0x00007FF71D0D7676]
	(No symbol) [0x00007FF71D0D773C]
	(No symbol) [0x00007FF71D0CAEEC]
	(No symbol) [0x00007FF71D0FC25F]
	(No symbol) [0x00007FF71D0CADB6]
	(No symbol) [0x00007FF71D0FC430]
	(No symbol) [0x00007FF71D11BC80]
	(No symbol) [0x00007FF71D0FBFC3]
	(No symbol) [0x00007FF71D0C9617]
	(No symbol) [0x00007FF71D0CA211]
	GetHandleVerifier [0x00007FF71D5694AD+3301629]
	GetHandleVerifier [0x00007FF71D5B36D3+3605283]
	GetHandleVerifier [0x00007FF71D5A9450+3563680]
	GetHandleVerifier [0x00007FF71D304326+790390]
	(No symbol) [0x00007FF71D1D750F]
	(No symbol) [0x00007FF71D1D3404]
	(No symbol) [0x00007FF71D1D3592]
	(No symbol) [0x00007FF71D1C2F9F]
	BaseThreadInitThunk [0x00007FFA21E8257D+29]
	RtlUserThreadStart [0x00007FFA23BAAA48+40]

HTML Content: <div class="table-td">
<div class="footer-wrap">
<div class="floated-btn-wrap" id="prod-itemlist-footer-0010914697">
<a class="button type-01" href="javascript:void(0)" onclick="putAjaxCart('0010914697', '1', '001', '355')"><i class="icon-shoppingcart"></i></a>
<a class="button type-01" href="javascript:void(0)" onclick="putAjaxNextBuy('0010914697', 'search-pc', 1, this)" title="下次再買"> 
<i class="icon-heart-empty"></i>
</a>
</div>
</div>
</div>
ERROR:root:Error finding element in result 4: Message: 
Stacktrace:
	GetHandleVerifier [0x00007FF71D251F52+60322]
	(No symbol) [0x00007FF71D1CCEC9]
	(No symbol) [0x00007FF71D087EBA]
	(No symbol) [0x00007FF71D0D7676]
	(No symbol) [0x00007FF71D0D773C]
	(No symbol) [0x00007FF71D0CAEEC]
	(No symbol) [0x00007FF71D0FC25F]
	(No symbol) [0x00007FF71D0CADB6]
	(No symbol) [0x00007FF71D0FC430]
	(No symbol) [0x00007FF71D11BC80]
	(No symbol) [0x00007FF71D0FBFC3]
	(No symbol) [0x00007FF71D0C9617]
	(No symbol) [0x00007FF71D0CA211]
	GetHandleVerifier [0x00007FF71D5694AD+3301629]
	GetHandleVerifier [0x00007FF71D5B36D3+3605283]
	GetHandleVerifier [0x00007FF71D5A9450+3563680]
	GetHandleVerifier [0x00007FF71D304326+790390]
	(No symbol) [0x00007FF71D1D750F]
	(No symbol) [0x00007FF71D1D3404]
	(No symbol) [0x00007FF71D1D3592]
	(No symbol) [0x00007FF71D1C2F9F]
	BaseThreadInitThunk [0x00007FFA21E8257D+29]
	RtlUserThreadStart [0x00007FFA23BAAA48+40]

HTML Content: <div class="table-td">
<div class="footer-wrap">
<div class="floated-btn-wrap" id="prod-itemlist-footer-E050121499">
<a class="button type-01" href="javascript:void(0)" onclick="reopen('//search.books.com.tw/redirect/move/key/%E6%99%AE%E9%80%9A%E4%BA%BA%E7%9A%84%E8%B2%A1%E5%AF%8C%E8%87%AA%E7%94%B1%E4%B9%8B%E9%81%93/area/mid_epub/item/E050121499/page/1/epub/1/idx/2/cat/E05/pdf/1/spell/3', 'booksearch')">試閱</a>
<a class="button type-01" href="javascript:void(0)" onclick="putAjaxCart('E050121499', '2', 'E05', '281')"><i class="icon-shoppingcart"></i></a>
<a class="button type-01" href="javascript:void(0)" onclick="putAjaxNextBuy('E050121499', 'search-pc', 1, this)" title="下次再買"> 
<i class="icon-heart-empty"></i>
</a>
</div>
</div>
</div>
ERROR:root:Error finding element in result 3: Message: no such element: Unable to locate element: {"method":"css selector","selector":"h4 a"}
  (Session info: chrome=125.0.6422.141); For documentation on this error, please visit: https://www.selenium.dev/documentation/webdriver/troubleshooting/errors#no-such-element-exception
Stacktrace:
	GetHandleVerifier [0x00007FF71D251F52+60322]
	(No symbol) [0x00007FF71D1CCEC9]
	(No symbol) [0x00007FF71D087EBA]
	(No symbol) [0x00007FF71D0D7676]
	(No symbol) [0x00007FF71D0D773C]
	(No symbol) [0x00007FF71D0CAEEC]
	(No symbol) [0x00007FF71D0FC25F]
	(No symbol) [0x00007FF71D0CADB6]
	(No symbol) [0x00007FF71D0FC430]
	(No symbol) [0x00007FF71D11BC80]
	(No symbol) [0x00007FF71D0FBFC3]
	(No symbol) [0x00007FF71D0C9617]
	(No symbol) [0x00007FF71D0CA211]
	GetHandleVerifier [0x00007FF71D5694AD+3301629]
	GetHandleVerifier [0x00007FF71D5B36D3+3605283]
	GetHandleVerifier [0x00007FF71D5A9450+3563680]
	GetHandleVerifier [0x00007FF71D304326+790390]
	(No symbol) [0x00007FF71D1D750F]
	(No symbol) [0x00007FF71D1D3404]
	(No symbol) [0x00007FF71D1D3592]
	(No symbol) [0x00007FF71D1C2F9F]
	BaseThreadInitThunk [0x00007FFA21E8257D+29]
	RtlUserThreadStart [0x00007FFA23BAAA48+40]

HTML Content: <div class="table-td">
<div class="footer-wrap">
<div class="floated-btn-wrap" id="prod-itemlist-footer-0010914697">
<a class="button type-01" href="javascript:void(0)" onclick="putAjaxCart('0010914697', '1', '001', '355')"><i class="icon-shoppingcart"></i></a>
<a class="button type-01" href="javascript:void(0)" onclick="putAjaxNextBuy('0010914697', 'search-pc', 1, this)" title="下次再買"> 
<i class="icon-heart-empty"></i>
</a>
</div>
</div>
</div>
ERROR:root:Error finding element in result 4: Message: no such element: Unable to locate element: {"method":"css selector","selector":"h4 a"}
  (Session info: chrome=125.0.6422.141); For documentation on this error, please visit: https://www.selenium.dev/documentation/webdriver/troubleshooting/errors#no-such-element-exception
Stacktrace:
	GetHandleVerifier [0x00007FF71D251F52+60322]
	(No symbol) [0x00007FF71D1CCEC9]
	(No symbol) [0x00007FF71D087EBA]
	(No symbol) [0x00007FF71D0D7676]
	(No symbol) [0x00007FF71D0D773C]
	(No symbol) [0x00007FF71D0CAEEC]
	(No symbol) [0x00007FF71D0FC25F]
	(No symbol) [0x00007FF71D0CADB6]
	(No symbol) [0x00007FF71D0FC430]
	(No symbol) [0x00007FF71D11BC80]
	(No symbol) [0x00007FF71D0FBFC3]
	(No symbol) [0x00007FF71D0C9617]
	(No symbol) [0x00007FF71D0CA211]
	GetHandleVerifier [0x00007FF71D5694AD+3301629]
	GetHandleVerifier [0x00007FF71D5B36D3+3605283]
	GetHandleVerifier [0x00007FF71D5A9450+3563680]
	GetHandleVerifier [0x00007FF71D304326+790390]
	(No symbol) [0x00007FF71D1D750F]
	(No symbol) [0x00007FF71D1D3404]
	(No symbol) [0x00007FF71D1D3592]
	(No symbol) [0x00007FF71D1C2F9F]
	BaseThreadInitThunk [0x00007FFA21E8257D+29]
	RtlUserThreadStart [0x00007FFA23BAAA48+40]

HTML Content: <div class="table-td">
<div class="footer-wrap">
<div class="floated-btn-wrap" id="prod-itemlist-footer-E050121499">
<a class="button type-01" href="javascript:void(0)" onclick="reopen('//search.books.com.tw/redirect/move/key/%E6%99%AE%E9%80%9A%E4%BA%BA%E7%9A%84%E8%B2%A1%E5%AF%8C%E8%87%AA%E7%94%B1%E4%B9%8B%E9%81%93/area/mid_epub/item/E050121499/page/1/epub/1/idx/2/cat/E05/pdf/1/spell/3', 'booksearch')">試閱</a>
<a class="button type-01" href="javascript:void(0)" onclick="putAjaxCart('E050121499', '2', 'E05', '281')"><i class="icon-shoppingcart"></i></a>
<a class="button type-01" href="javascript:void(0)" onclick="putAjaxNextBuy('E050121499', 'search-pc', 1, this)" title="下次再買"> 
<i class="icon-heart-empty"></i>
</a>
</div>
</div>
</div>
ERROR:root:Error finding element in result 3: Message: no such element: Unable to locate element: {"method":"css selector","selector":"h4 a"}
  (Session info: chrome=125.0.6422.141); For documentation on this error, please visit: https://www.selenium.dev/documentation/webdriver/troubleshooting/errors#no-such-element-exception
Stacktrace:
	GetHandleVerifier [0x00007FF71D251F52+60322]
	(No symbol) [0x00007FF71D1CCEC9]
	(No symbol) [0x00007FF71D087EBA]
	(No symbol) [0x00007FF71D0D7676]
	(No symbol) [0x00007FF71D0D773C]
	(No symbol) [0x00007FF71D0CAEEC]
	(No symbol) [0x00007FF71D0FC25F]
	(No symbol) [0x00007FF71D0CADB6]
	(No symbol) [0x00007FF71D0FC430]
	(No symbol) [0x00007FF71D11BC80]
	(No symbol) [0x00007FF71D0FBFC3]
	(No symbol) [0x00007FF71D0C9617]
	(No symbol) [0x00007FF71D0CA211]
	GetHandleVerifier [0x00007FF71D5694AD+3301629]
	GetHandleVerifier [0x00007FF71D5B36D3+3605283]
	GetHandleVerifier [0x00007FF71D5A9450+3563680]
	GetHandleVerifier [0x00007FF71D304326+790390]
	(No symbol) [0x00007FF71D1D750F]
	(No symbol) [0x00007FF71D1D3404]
	(No symbol) [0x00007FF71D1D3592]
	(No symbol) [0x00007FF71D1C2F9F]
	BaseThreadInitThunk [0x00007FFA21E8257D+29]
	RtlUserThreadStart [0x00007FFA23BAAA48+40]

HTML Content: <div class="table-td">
<div class="footer-wrap">
<div class="floated-btn-wrap" id="prod-itemlist-footer-0010914697">
<a class="button type-01" href="javascript:void(0)" onclick="putAjaxCart('0010914697', '1', '001', '355')"><i class="icon-shoppingcart"></i></a>
<a class="button type-01" href="javascript:void(0)" onclick="putAjaxNextBuy('0010914697', 'search-pc', 1, this)" title="下次再買"> 
<i class="icon-heart-empty"></i>
</a>
</div>
</div>
</div>
ERROR:root:Error finding element in result 4: Message: no such element: Unable to locate element: {"method":"css selector","selector":"h4 a"}
  (Session info: chrome=125.0.6422.141); For documentation on this error, please visit: https://www.selenium.dev/documentation/webdriver/troubleshooting/errors#no-such-element-exception
Stacktrace:
	GetHandleVerifier [0x00007FF71D251F52+60322]
	(No symbol) [0x00007FF71D1CCEC9]
	(No symbol) [0x00007FF71D087EBA]
	(No symbol) [0x00007FF71D0D7676]
	(No symbol) [0x00007FF71D0D773C]
	(No symbol) [0x00007FF71D0CAEEC]
	(No symbol) [0x00007FF71D0FC25F]
	(No symbol) [0x00007FF71D0CADB6]
	(No symbol) [0x00007FF71D0FC430]
	(No symbol) [0x00007FF71D11BC80]
	(No symbol) [0x00007FF71D0FBFC3]
	(No symbol) [0x00007FF71D0C9617]
	(No symbol) [0x00007FF71D0CA211]
	GetHandleVerifier [0x00007FF71D5694AD+3301629]
	GetHandleVerifier [0x00007FF71D5B36D3+3605283]
	GetHandleVerifier [0x00007FF71D5A9450+3563680]
	GetHandleVerifier [0x00007FF71D304326+790390]
	(No symbol) [0x00007FF71D1D750F]
	(No symbol) [0x00007FF71D1D3404]
	(No symbol) [0x00007FF71D1D3592]
	(No symbol) [0x00007FF71D1C2F9F]
	BaseThreadInitThunk [0x00007FFA21E8257D+29]
	RtlUserThreadStart [0x00007FFA23BAAA48+40]

HTML Content: <div class="table-td">
<div class="footer-wrap">
<div class="floated-btn-wrap" id="prod-itemlist-footer-E050121499">
<a class="button type-01" href="javascript:void(0)" onclick="reopen('//search.books.com.tw/redirect/move/key/%E6%99%AE%E9%80%9A%E4%BA%BA%E7%9A%84%E8%B2%A1%E5%AF%8C%E8%87%AA%E7%94%B1%E4%B9%8B%E9%81%93/area/mid_epub/item/E050121499/page/1/epub/1/idx/2/cat/E05/pdf/1/spell/3', 'booksearch')">試閱</a>
<a class="button type-01" href="javascript:void(0)" onclick="putAjaxCart('E050121499', '2', 'E05', '281')"><i class="icon-shoppingcart"></i></a>
<a class="button type-01" href="javascript:void(0)" onclick="putAjaxNextBuy('E050121499', 'search-pc', 1, this)" title="下次再買"> 
<i class="icon-heart-empty"></i>
</a>
</div>
</div>
</div>
ERROR:root:Error searching book on momo: Message: unknown error: cannot determine loading status
from target frame detached
  (Session info: chrome=125.0.6422.141)
Stacktrace:
	GetHandleVerifier [0x00007FF71D251F52+60322]
	(No symbol) [0x00007FF71D1CCEC9]
	(No symbol) [0x00007FF71D087CE9]
	(No symbol) [0x00007FF71D0703B1]
	(No symbol) [0x00007FF71D06E39D]
	(No symbol) [0x00007FF71D06EBAF]
	(No symbol) [0x00007FF71D07E220]
	(No symbol) [0x00007FF71D095C6F]
	(No symbol) [0x00007FF71D09B67A]
	(No symbol) [0x00007FF71D06F33A]
	(No symbol) [0x00007FF71D09584F]
	(No symbol) [0x00007FF71D11BFDE]
	(No symbol) [0x00007FF71D0FBFC3]
	(No symbol) [0x00007FF71D0C9617]
	(No symbol) [0x00007FF71D0CA211]
	GetHandleVerifier [0x00007FF71D5694AD+3301629]
	GetHandleVerifier [0x00007FF71D5B36D3+3605283]
	GetHandleVerifier [0x00007FF71D5A9450+3563680]
	GetHandleVerifier [0x00007FF71D304326+790390]
	(No symbol) [0x00007FF71D1D750F]
	(No symbol) [0x00007FF71D1D3404]
	(No symbol) [0x00007FF71D1D3592]
	(No symbol) [0x00007FF71D1C2F9F]
	BaseThreadInitThunk [0x00007FFA21E8257D+29]
	RtlUserThreadStart [0x00007FFA23BAAA48+40]

ERROR:root:Error finding element in result 3: Message: no such element: Unable to locate element: {"method":"css selector","selector":"h4 a"}
  (Session info: chrome=125.0.6422.141); For documentation on this error, please visit: https://www.selenium.dev/documentation/webdriver/troubleshooting/errors#no-such-element-exception
Stacktrace:
	GetHandleVerifier [0x00007FF71D251F52+60322]
	(No symbol) [0x00007FF71D1CCEC9]
	(No symbol) [0x00007FF71D087EBA]
	(No symbol) [0x00007FF71D0D7676]
	(No symbol) [0x00007FF71D0D773C]
	(No symbol) [0x00007FF71D0CAEEC]
	(No symbol) [0x00007FF71D0FC25F]
	(No symbol) [0x00007FF71D0CADB6]
	(No symbol) [0x00007FF71D0FC430]
	(No symbol) [0x00007FF71D11BC80]
	(No symbol) [0x00007FF71D0FBFC3]
	(No symbol) [0x00007FF71D0C9617]
	(No symbol) [0x00007FF71D0CA211]
	GetHandleVerifier [0x00007FF71D5694AD+3301629]
	GetHandleVerifier [0x00007FF71D5B36D3+3605283]
	GetHandleVerifier [0x00007FF71D5A9450+3563680]
	GetHandleVerifier [0x00007FF71D304326+790390]
	(No symbol) [0x00007FF71D1D750F]
	(No symbol) [0x00007FF71D1D3404]
	(No symbol) [0x00007FF71D1D3592]
	(No symbol) [0x00007FF71D1C2F9F]
	BaseThreadInitThunk [0x00007FFA21E8257D+29]
	RtlUserThreadStart [0x00007FFA23BAAA48+40]

HTML Content: <div class="table-td">
<div class="footer-wrap">
<div class="floated-btn-wrap" id="prod-itemlist-footer-0010914697">
<a class="button type-01" href="javascript:void(0)" onclick="putAjaxCart('0010914697', '1', '001', '355')"><i class="icon-shoppingcart"></i></a>
<a class="button type-01" href="javascript:void(0)" onclick="putAjaxNextBuy('0010914697', 'search-pc', 1, this)" title="下次再買"> 
<i class="icon-heart-empty"></i>
</a>
</div>
</div>
</div>
ERROR:root:Error finding element in result 4: Message: no such element: Unable to locate element: {"method":"css selector","selector":"h4 a"}
  (Session info: chrome=125.0.6422.141); For documentation on this error, please visit: https://www.selenium.dev/documentation/webdriver/troubleshooting/errors#no-such-element-exception
Stacktrace:
	GetHandleVerifier [0x00007FF71D251F52+60322]
	(No symbol) [0x00007FF71D1CCEC9]
	(No symbol) [0x00007FF71D087EBA]
	(No symbol) [0x00007FF71D0D7676]
	(No symbol) [0x00007FF71D0D773C]
	(No symbol) [0x00007FF71D0CAEEC]
	(No symbol) [0x00007FF71D0FC25F]
	(No symbol) [0x00007FF71D0CADB6]
	(No symbol) [0x00007FF71D0FC430]
	(No symbol) [0x00007FF71D11BC80]
	(No symbol) [0x00007FF71D0FBFC3]
	(No symbol) [0x00007FF71D0C9617]
	(No symbol) [0x00007FF71D0CA211]
	GetHandleVerifier [0x00007FF71D5694AD+3301629]
	GetHandleVerifier [0x00007FF71D5B36D3+3605283]
	GetHandleVerifier [0x00007FF71D5A9450+3563680]
	GetHandleVerifier [0x00007FF71D304326+790390]
	(No symbol) [0x00007FF71D1D750F]
	(No symbol) [0x00007FF71D1D3404]
	(No symbol) [0x00007FF71D1D3592]
	(No symbol) [0x00007FF71D1C2F9F]
	BaseThreadInitThunk [0x00007FFA21E8257D+29]
	RtlUserThreadStart [0x00007FFA23BAAA48+40]

HTML Content: <div class="table-td">
<div class="footer-wrap">
<div class="floated-btn-wrap" id="prod-itemlist-footer-E050121499">
<a class="button type-01" href="javascript:void(0)" onclick="reopen('//search.books.com.tw/redirect/move/key/%E6%99%AE%E9%80%9A%E4%BA%BA%E7%9A%84%E8%B2%A1%E5%AF%8C%E8%87%AA%E7%94%B1%E4%B9%8B%E9%81%93/area/mid_epub/item/E050121499/page/1/epub/1/idx/2/cat/E05/pdf/1/spell/3', 'booksearch')">試閱</a>
<a class="button type-01" href="javascript:void(0)" onclick="putAjaxCart('E050121499', '2', 'E05', '281')"><i class="icon-shoppingcart"></i></a>
<a class="button type-01" href="javascript:void(0)" onclick="putAjaxNextBuy('E050121499', 'search-pc', 1, this)" title="下次再買"> 
<i class="icon-heart-empty"></i>
</a>
</div>
</div>
</div>
