2024-07-20 14:20:28 - INFO - 開始搜索關鍵字: 給孩子的商業啟蒙
2024-07-20 14:20:28 - DEBUG - Selenium Manager binary found at: C:\Users\Mars\AppData\Local\Programs\Python\Python312\Lib\site-packages\selenium\webdriver\common\windows\selenium-manager.exe
2024-07-20 14:20:28 - DEBUG - Executing process: C:\Users\Mars\AppData\Local\Programs\Python\Python312\Lib\site-packages\selenium\webdriver\common\windows\selenium-manager.exe --browser chrome --debug --language-binding python --output json
2024-07-20 14:20:28 - DEBUG - Sending stats to Plausible: Props { browser: "chrome", browser_version: "", os: "windows", arch: "amd64", lang: "python", selenium_version: "4.22-nightly" }
2024-07-20 14:20:28 - DEBUG - chromedriver not found in PATH
2024-07-20 14:20:28 - DEBUG - chrome detected at C:\Program Files\Google\Chrome\Application\chrome.exe
2024-07-20 14:20:28 - DEBUG - Running command: wmic datafile where name='C:\\Program Files\\Google\\Chrome\\Application\\chrome.exe' get Version /value
2024-07-20 14:20:28 - DEBUG - Output: ""
2024-07-20 14:20:28 - DEBUG - Running command: REG QUERY HKCU\Software\Google\Chrome\BLBeacon /v version
2024-07-20 14:20:28 - DEBUG - Output: ""
2024-07-20 14:20:28 - DEBUG - chrome not found in the system
2024-07-20 14:20:28 - DEBUG - Discovering versions from https://googlechromelabs.github.io/chrome-for-testing/last-known-good-versions-with-downloads.json
2024-07-20 14:20:28 - DEBUG - Required browser: chrome 126.0.6478.182
2024-07-20 14:20:28 - DEBUG - chrome 126.0.6478.182 already exists
2024-07-20 14:20:28 - DEBUG - chrome 126.0.6478.182 is available at C:\Users\Mars\.cache\selenium\chrome\win64\126.0.6478.182\chrome.exe
2024-07-20 14:20:28 - DEBUG - Discovering versions from https://googlechromelabs.github.io/chrome-for-testing/known-good-versions-with-downloads.json
2024-07-20 14:20:28 - DEBUG - Required driver: chromedriver 126.0.6478.182
2024-07-20 14:20:28 - DEBUG - chromedriver 126.0.6478.182 already in the cache
2024-07-20 14:20:28 - DEBUG - Driver path: C:\Users\Mars\.cache\selenium\chromedriver\win64\126.0.6478.182\chromedriver.exe
2024-07-20 14:20:28 - DEBUG - Browser path: C:\Users\Mars\.cache\selenium\chrome\win64\126.0.6478.182\chrome.exe
2024-07-20 14:20:28 - DEBUG - Started executable: `C:\Users\Mars\.cache\selenium\chromedriver\win64\126.0.6478.182\chromedriver.exe` in a child process with pid: 25664 using 0 to output -3
2024-07-20 14:20:29 - DEBUG - POST http://localhost:54070/session {'capabilities': {'firstMatch': [{}], 'alwaysMatch': {'browserName': 'chrome', 'pageLoadStrategy': <PageLoadStrategy.normal: 'normal'>, 'browserVersion': None, 'goog:chromeOptions': {'extensions': [], 'binary': 'C:\\Users\\Mars\\.cache\\selenium\\chrome\\win64\\126.0.6478.182\\chrome.exe', 'args': ['--headless', '--disable-gpu', '--no-sandbox', '--disable-dev-shm-usage', 'user-agent=Mozilla/5.0 (Windows NT 10.0; Win64; x64) AppleWebKit/537.36 (KHTML, like Gecko) Chrome/91.0.4472.124 Safari/537.36']}}}}
2024-07-20 14:20:29 - DEBUG - Starting new HTTP connection (1): localhost:54070
2024-07-20 14:20:29 - DEBUG - http://localhost:54070 "POST /session HTTP/1.1" 200 897
2024-07-20 14:20:29 - DEBUG - Remote response: status=200 | data={"value":{"capabilities":{"acceptInsecureCerts":false,"browserName":"chrome-headless-shell","browserVersion":"126.0.6478.182","chrome":{"chromedriverVersion":"126.0.6478.182 (5b5d8292ddf182f8b2096fa665b473b6317906d5-refs/branch-heads/6478@{#1776})","userDataDir":"C:\\Users\\Mars\\AppData\\Local\\Temp\\scoped_dir25664_322917891"},"fedcm:accounts":true,"goog:chromeOptions":{"debuggerAddress":"localhost:54076"},"networkConnectionEnabled":false,"pageLoadStrategy":"normal","platformName":"windows","proxy":{},"setWindowRect":true,"strictFileInteractability":false,"timeouts":{"implicit":0,"pageLoad":300000,"script":30000},"unhandledPromptBehavior":"dismiss and notify","webauthn:extension:credBlob":true,"webauthn:extension:largeBlob":true,"webauthn:extension:minPinLength":true,"webauthn:extension:prf":true,"webauthn:virtualAuthenticators":true},"sessionId":"4e44525e6cfd4825e652a750fa3c5b74"}} | headers=HTTPHeaderDict({'Content-Length': '897', 'Content-Type': 'application/json; charset=utf-8', 'cache-control': 'no-cache'})
2024-07-20 14:20:29 - DEBUG - Finished Request
2024-07-20 14:20:29 - DEBUG - POST http://localhost:54070/session/4e44525e6cfd4825e652a750fa3c5b74/timeouts {'pageLoad': 30000}
2024-07-20 14:20:29 - DEBUG - http://localhost:54070 "POST /session/4e44525e6cfd4825e652a750fa3c5b74/timeouts HTTP/1.1" 200 14
2024-07-20 14:20:29 - DEBUG - Remote response: status=200 | data={"value":null} | headers=HTTPHeaderDict({'Content-Length': '14', 'Content-Type': 'application/json; charset=utf-8', 'cache-control': 'no-cache'})
2024-07-20 14:20:29 - DEBUG - Finished Request
2024-07-20 14:20:29 - DEBUG - 初始化 WebDriver 完成
2024-07-20 14:20:29 - DEBUG - POST http://localhost:54070/session/4e44525e6cfd4825e652a750fa3c5b74/url {'url': 'https://www.books.com.tw/'}
2024-07-20 14:20:31 - DEBUG - http://localhost:54070 "POST /session/4e44525e6cfd4825e652a750fa3c5b74/url HTTP/1.1" 200 14
2024-07-20 14:20:31 - DEBUG - Remote response: status=200 | data={"value":null} | headers=HTTPHeaderDict({'Content-Length': '14', 'Content-Type': 'application/json; charset=utf-8', 'cache-control': 'no-cache'})
2024-07-20 14:20:31 - DEBUG - Finished Request
2024-07-20 14:20:31 - DEBUG - POST http://localhost:54070/session/4e44525e6cfd4825e652a750fa3c5b74/element {'using': 'css selector', 'value': '[id="close_top_banner"]'}
2024-07-20 14:20:31 - DEBUG - http://localhost:54070 "POST /session/4e44525e6cfd4825e652a750fa3c5b74/element HTTP/1.1" 200 126
2024-07-20 14:20:31 - DEBUG - Remote response: status=200 | data={"value":{"element-6066-11e4-a52e-4f735466cecf":"f.09767799A0C9AB910A42D686873A76E7.d.9A8F3462FC5F2B08B5E3CD72A6032102.e.39"}} | headers=HTTPHeaderDict({'Content-Length': '126', 'Content-Type': 'application/json; charset=utf-8', 'cache-control': 'no-cache'})
2024-07-20 14:20:31 - DEBUG - Finished Request
2024-07-20 14:20:31 - DEBUG - POST http://localhost:54070/session/4e44525e6cfd4825e652a750fa3c5b74/execute/sync {'script': '/* isDisplayed */return (function(){return (function(){var g=this||self;\nfunction aa(a){var b=typeof...', 'args': [{'element-6066-11e4-a52e-4f735466cecf': 'f.09767799A0C9AB910A42D686873A76E7.d.9A8F3462FC5F2B08B5E3CD72A6032102.e.39'}]}
2024-07-20 14:20:31 - DEBUG - http://localhost:54070 "POST /session/4e44525e6cfd4825e652a750fa3c5b74/execute/sync HTTP/1.1" 200 14
2024-07-20 14:20:31 - DEBUG - Remote response: status=200 | data={"value":true} | headers=HTTPHeaderDict({'Content-Length': '14', 'Content-Type': 'application/json; charset=utf-8', 'cache-control': 'no-cache'})
2024-07-20 14:20:31 - DEBUG - Finished Request
2024-07-20 14:20:31 - DEBUG - GET http://localhost:54070/session/4e44525e6cfd4825e652a750fa3c5b74/element/f.09767799A0C9AB910A42D686873A76E7.d.9A8F3462FC5F2B08B5E3CD72A6032102.e.39/enabled {}
2024-07-20 14:20:31 - DEBUG - http://localhost:54070 "GET /session/4e44525e6cfd4825e652a750fa3c5b74/element/f.09767799A0C9AB910A42D686873A76E7.d.9A8F3462FC5F2B08B5E3CD72A6032102.e.39/enabled HTTP/1.1" 200 14
2024-07-20 14:20:31 - DEBUG - Remote response: status=200 | data={"value":true} | headers=HTTPHeaderDict({'Content-Length': '14', 'Content-Type': 'application/json; charset=utf-8', 'cache-control': 'no-cache'})
2024-07-20 14:20:31 - DEBUG - Finished Request
2024-07-20 14:20:31 - DEBUG - POST http://localhost:54070/session/4e44525e6cfd4825e652a750fa3c5b74/element/f.09767799A0C9AB910A42D686873A76E7.d.9A8F3462FC5F2B08B5E3CD72A6032102.e.39/click {}
2024-07-20 14:20:31 - DEBUG - http://localhost:54070 "POST /session/4e44525e6cfd4825e652a750fa3c5b74/element/f.09767799A0C9AB910A42D686873A76E7.d.9A8F3462FC5F2B08B5E3CD72A6032102.e.39/click HTTP/1.1" 200 14
2024-07-20 14:20:31 - DEBUG - Remote response: status=200 | data={"value":null} | headers=HTTPHeaderDict({'Content-Length': '14', 'Content-Type': 'application/json; charset=utf-8', 'cache-control': 'no-cache'})
2024-07-20 14:20:31 - DEBUG - Finished Request
2024-07-20 14:20:31 - DEBUG - 廣告橫幅已關閉
2024-07-20 14:20:31 - DEBUG - POST http://localhost:54070/session/4e44525e6cfd4825e652a750fa3c5b74/element {'using': 'css selector', 'value': '[id="key"]'}
2024-07-20 14:20:31 - DEBUG - http://localhost:54070 "POST /session/4e44525e6cfd4825e652a750fa3c5b74/element HTTP/1.1" 200 126
2024-07-20 14:20:31 - DEBUG - Remote response: status=200 | data={"value":{"element-6066-11e4-a52e-4f735466cecf":"f.09767799A0C9AB910A42D686873A76E7.d.9A8F3462FC5F2B08B5E3CD72A6032102.e.40"}} | headers=HTTPHeaderDict({'Content-Length': '126', 'Content-Type': 'application/json; charset=utf-8', 'cache-control': 'no-cache'})
2024-07-20 14:20:31 - DEBUG - Finished Request
2024-07-20 14:20:31 - DEBUG - POST http://localhost:54070/session/4e44525e6cfd4825e652a750fa3c5b74/element/f.09767799A0C9AB910A42D686873A76E7.d.9A8F3462FC5F2B08B5E3CD72A6032102.e.40/clear {}
2024-07-20 14:20:31 - DEBUG - http://localhost:54070 "POST /session/4e44525e6cfd4825e652a750fa3c5b74/element/f.09767799A0C9AB910A42D686873A76E7.d.9A8F3462FC5F2B08B5E3CD72A6032102.e.40/clear HTTP/1.1" 200 14
2024-07-20 14:20:31 - DEBUG - Remote response: status=200 | data={"value":null} | headers=HTTPHeaderDict({'Content-Length': '14', 'Content-Type': 'application/json; charset=utf-8', 'cache-control': 'no-cache'})
2024-07-20 14:20:31 - DEBUG - Finished Request
2024-07-20 14:20:31 - DEBUG - POST http://localhost:54070/session/4e44525e6cfd4825e652a750fa3c5b74/element/f.09767799A0C9AB910A42D686873A76E7.d.9A8F3462FC5F2B08B5E3CD72A6032102.e.40/value {'text': '給孩子的商業啟蒙', 'value': ['給', '孩', '子', '的', '商', '業', '啟', '蒙']}
2024-07-20 14:20:31 - DEBUG - http://localhost:54070 "POST /session/4e44525e6cfd4825e652a750fa3c5b74/element/f.09767799A0C9AB910A42D686873A76E7.d.9A8F3462FC5F2B08B5E3CD72A6032102.e.40/value HTTP/1.1" 200 14
2024-07-20 14:20:31 - DEBUG - Remote response: status=200 | data={"value":null} | headers=HTTPHeaderDict({'Content-Length': '14', 'Content-Type': 'application/json; charset=utf-8', 'cache-control': 'no-cache'})
2024-07-20 14:20:31 - DEBUG - Finished Request
2024-07-20 14:20:31 - DEBUG - POST http://localhost:54070/session/4e44525e6cfd4825e652a750fa3c5b74/element {'using': 'css selector', 'value': '.search_btn'}
2024-07-20 14:20:31 - DEBUG - http://localhost:54070 "POST /session/4e44525e6cfd4825e652a750fa3c5b74/element HTTP/1.1" 200 126
2024-07-20 14:20:31 - DEBUG - Remote response: status=200 | data={"value":{"element-6066-11e4-a52e-4f735466cecf":"f.09767799A0C9AB910A42D686873A76E7.d.9A8F3462FC5F2B08B5E3CD72A6032102.e.43"}} | headers=HTTPHeaderDict({'Content-Length': '126', 'Content-Type': 'application/json; charset=utf-8', 'cache-control': 'no-cache'})
2024-07-20 14:20:31 - DEBUG - Finished Request
2024-07-20 14:20:31 - DEBUG - POST http://localhost:54070/session/4e44525e6cfd4825e652a750fa3c5b74/execute/sync {'script': '/* isDisplayed */return (function(){return (function(){var g=this||self;\nfunction aa(a){var b=typeof...', 'args': [{'element-6066-11e4-a52e-4f735466cecf': 'f.09767799A0C9AB910A42D686873A76E7.d.9A8F3462FC5F2B08B5E3CD72A6032102.e.43'}]}
2024-07-20 14:20:31 - DEBUG - http://localhost:54070 "POST /session/4e44525e6cfd4825e652a750fa3c5b74/execute/sync HTTP/1.1" 200 14
2024-07-20 14:20:31 - DEBUG - Remote response: status=200 | data={"value":true} | headers=HTTPHeaderDict({'Content-Length': '14', 'Content-Type': 'application/json; charset=utf-8', 'cache-control': 'no-cache'})
2024-07-20 14:20:31 - DEBUG - Finished Request
2024-07-20 14:20:31 - DEBUG - GET http://localhost:54070/session/4e44525e6cfd4825e652a750fa3c5b74/element/f.09767799A0C9AB910A42D686873A76E7.d.9A8F3462FC5F2B08B5E3CD72A6032102.e.43/enabled {}
2024-07-20 14:20:31 - DEBUG - http://localhost:54070 "GET /session/4e44525e6cfd4825e652a750fa3c5b74/element/f.09767799A0C9AB910A42D686873A76E7.d.9A8F3462FC5F2B08B5E3CD72A6032102.e.43/enabled HTTP/1.1" 200 14
2024-07-20 14:20:31 - DEBUG - Remote response: status=200 | data={"value":true} | headers=HTTPHeaderDict({'Content-Length': '14', 'Content-Type': 'application/json; charset=utf-8', 'cache-control': 'no-cache'})
2024-07-20 14:20:31 - DEBUG - Finished Request
2024-07-20 14:20:31 - DEBUG - POST http://localhost:54070/session/4e44525e6cfd4825e652a750fa3c5b74/element/f.09767799A0C9AB910A42D686873A76E7.d.9A8F3462FC5F2B08B5E3CD72A6032102.e.43/click {}
2024-07-20 14:20:33 - DEBUG - http://localhost:54070 "POST /session/4e44525e6cfd4825e652a750fa3c5b74/element/f.09767799A0C9AB910A42D686873A76E7.d.9A8F3462FC5F2B08B5E3CD72A6032102.e.43/click HTTP/1.1" 200 14
2024-07-20 14:20:33 - DEBUG - Remote response: status=200 | data={"value":null} | headers=HTTPHeaderDict({'Content-Length': '14', 'Content-Type': 'application/json; charset=utf-8', 'cache-control': 'no-cache'})
2024-07-20 14:20:33 - DEBUG - Finished Request
2024-07-20 14:20:38 - DEBUG - POST http://localhost:54070/session/4e44525e6cfd4825e652a750fa3c5b74/element {'using': 'css selector', 'value': '.table-td'}
2024-07-20 14:20:38 - DEBUG - http://localhost:54070 "POST /session/4e44525e6cfd4825e652a750fa3c5b74/element HTTP/1.1" 200 126
2024-07-20 14:20:38 - DEBUG - Remote response: status=200 | data={"value":{"element-6066-11e4-a52e-4f735466cecf":"f.09767799A0C9AB910A42D686873A76E7.d.F23BD4029FF74B375F47D5060AB24C7F.e.66"}} | headers=HTTPHeaderDict({'Content-Length': '126', 'Content-Type': 'application/json; charset=utf-8', 'cache-control': 'no-cache'})
2024-07-20 14:20:38 - DEBUG - Finished Request
2024-07-20 14:20:38 - DEBUG - POST http://localhost:54070/session/4e44525e6cfd4825e652a750fa3c5b74/elements {'using': 'css selector', 'value': '.table-td'}
2024-07-20 14:20:38 - DEBUG - http://localhost:54070 "POST /session/4e44525e6cfd4825e652a750fa3c5b74/elements HTTP/1.1" 200 1415
2024-07-20 14:20:38 - DEBUG - Remote response: status=200 | data={"value":[{"element-6066-11e4-a52e-4f735466cecf":"f.09767799A0C9AB910A42D686873A76E7.d.F23BD4029FF74B375F47D5060AB24C7F.e.66"},{"element-6066-11e4-a52e-4f735466cecf":"f.09767799A0C9AB910A42D686873A76E7.d.F23BD4029FF74B375F47D5060AB24C7F.e.67"},{"element-6066-11e4-a52e-4f735466cecf":"f.09767799A0C9AB910A42D686873A76E7.d.F23BD4029FF74B375F47D5060AB24C7F.e.68"},{"element-6066-11e4-a52e-4f735466cecf":"f.09767799A0C9AB910A42D686873A76E7.d.F23BD4029FF74B375F47D5060AB24C7F.e.69"},{"element-6066-11e4-a52e-4f735466cecf":"f.09767799A0C9AB910A42D686873A76E7.d.F23BD4029FF74B375F47D5060AB24C7F.e.70"},{"element-6066-11e4-a52e-4f735466cecf":"f.09767799A0C9AB910A42D686873A76E7.d.F23BD4029FF74B375F47D5060AB24C7F.e.71"},{"element-6066-11e4-a52e-4f735466cecf":"f.09767799A0C9AB910A42D686873A76E7.d.F23BD4029FF74B375F47D5060AB24C7F.e.72"},{"element-6066-11e4-a52e-4f735466cecf":"f.09767799A0C9AB910A42D686873A76E7.d.F23BD4029FF74B375F47D5060AB24C7F.e.73"},{"element-6066-11e4-a52e-4f735466cecf":"f.09767799A0C9AB910A42D686873A76E7.d.F23BD4029FF74B375F47D5060AB24C7F.e.74"},{"element-6066-11e4-a52e-4f735466cecf":"f.09767799A0C9AB910A42D686873A76E7.d.F23BD4029FF74B375F47D5060AB24C7F.e.75"},{"element-6066-11e4-a52e-4f735466cecf":"f.09767799A0C9AB910A42D686873A76E7.d.F23BD4029FF74B375F47D5060AB24C7F.e.76"},{"element-6066-11e4-a52e-4f735466cecf":"f.09767799A0C9AB910A42D686873A76E7.d.F23BD4029FF74B375F47D5060AB24C7F.e.77"}]} | headers=HTTPHeaderDict({'Content-Length': '1415', 'Content-Type': 'application/json; charset=utf-8', 'cache-control': 'no-cache'})
2024-07-20 14:20:38 - DEBUG - Finished Request
2024-07-20 14:20:38 - DEBUG - POST http://localhost:54070/session/4e44525e6cfd4825e652a750fa3c5b74/execute/sync {'script': '/* getAttribute */return (function(){return (function(){var d=this||self;function f(a,b){function c(...', 'args': [{'element-6066-11e4-a52e-4f735466cecf': 'f.09767799A0C9AB910A42D686873A76E7.d.F23BD4029FF74B375F47D5060AB24C7F.e.66'}, 'id']}
2024-07-20 14:20:38 - DEBUG - http://localhost:54070 "POST /session/4e44525e6cfd4825e652a750fa3c5b74/execute/sync HTTP/1.1" 200 36
2024-07-20 14:20:38 - DEBUG - Remote response: status=200 | data={"value":"prod-itemlist-0010955949"} | headers=HTTPHeaderDict({'Content-Length': '36', 'Content-Type': 'application/json; charset=utf-8', 'cache-control': 'no-cache'})
2024-07-20 14:20:38 - DEBUG - Finished Request
2024-07-20 14:20:38 - DEBUG - POST http://localhost:54070/session/4e44525e6cfd4825e652a750fa3c5b74/element/f.09767799A0C9AB910A42D686873A76E7.d.F23BD4029FF74B375F47D5060AB24C7F.e.66/element {'using': 'css selector', 'value': 'h4 a'}
2024-07-20 14:20:38 - DEBUG - http://localhost:54070 "POST /session/4e44525e6cfd4825e652a750fa3c5b74/element/f.09767799A0C9AB910A42D686873A76E7.d.F23BD4029FF74B375F47D5060AB24C7F.e.66/element HTTP/1.1" 200 126
2024-07-20 14:20:38 - DEBUG - Remote response: status=200 | data={"value":{"element-6066-11e4-a52e-4f735466cecf":"f.09767799A0C9AB910A42D686873A76E7.d.F23BD4029FF74B375F47D5060AB24C7F.e.78"}} | headers=HTTPHeaderDict({'Content-Length': '126', 'Content-Type': 'application/json; charset=utf-8', 'cache-control': 'no-cache'})
2024-07-20 14:20:38 - DEBUG - Finished Request
2024-07-20 14:20:38 - DEBUG - GET http://localhost:54070/session/4e44525e6cfd4825e652a750fa3c5b74/element/f.09767799A0C9AB910A42D686873A76E7.d.F23BD4029FF74B375F47D5060AB24C7F.e.78/text {}
2024-07-20 14:20:38 - DEBUG - http://localhost:54070 "GET /session/4e44525e6cfd4825e652a750fa3c5b74/element/f.09767799A0C9AB910A42D686873A76E7.d.F23BD4029FF74B375F47D5060AB24C7F.e.78/text HTTP/1.1" 200 185
2024-07-20 14:20:38 - DEBUG - Remote response: status=200 | data={"value":"給孩子的商業啟蒙：劉潤的第一本親子理財書，讓孩子參透商業世界的本質，徹底了解「底層邏輯」! (博客來限量版-特贈實踐手冊)"} | headers=HTTPHeaderDict({'Content-Length': '185', 'Content-Type': 'application/json; charset=utf-8', 'cache-control': 'no-cache'})
2024-07-20 14:20:38 - DEBUG - Finished Request
2024-07-20 14:20:38 - DEBUG - POST http://localhost:54070/session/4e44525e6cfd4825e652a750fa3c5b74/element/f.09767799A0C9AB910A42D686873A76E7.d.F23BD4029FF74B375F47D5060AB24C7F.e.66/element {'using': 'css selector', 'value': 'ul.price li b:last-child'}
2024-07-20 14:20:38 - DEBUG - http://localhost:54070 "POST /session/4e44525e6cfd4825e652a750fa3c5b74/element/f.09767799A0C9AB910A42D686873A76E7.d.F23BD4029FF74B375F47D5060AB24C7F.e.66/element HTTP/1.1" 200 126
2024-07-20 14:20:38 - DEBUG - Remote response: status=200 | data={"value":{"element-6066-11e4-a52e-4f735466cecf":"f.09767799A0C9AB910A42D686873A76E7.d.F23BD4029FF74B375F47D5060AB24C7F.e.79"}} | headers=HTTPHeaderDict({'Content-Length': '126', 'Content-Type': 'application/json; charset=utf-8', 'cache-control': 'no-cache'})
2024-07-20 14:20:38 - DEBUG - Finished Request
2024-07-20 14:20:38 - DEBUG - GET http://localhost:54070/session/4e44525e6cfd4825e652a750fa3c5b74/element/f.09767799A0C9AB910A42D686873A76E7.d.F23BD4029FF74B375F47D5060AB24C7F.e.79/text {}
2024-07-20 14:20:38 - DEBUG - http://localhost:54070 "GET /session/4e44525e6cfd4825e652a750fa3c5b74/element/f.09767799A0C9AB910A42D686873A76E7.d.F23BD4029FF74B375F47D5060AB24C7F.e.79/text HTTP/1.1" 200 15
2024-07-20 14:20:38 - DEBUG - Remote response: status=200 | data={"value":"316"} | headers=HTTPHeaderDict({'Content-Length': '15', 'Content-Type': 'application/json; charset=utf-8', 'cache-control': 'no-cache'})
2024-07-20 14:20:38 - DEBUG - Finished Request
2024-07-20 14:20:38 - DEBUG - 找到書籍 1: 給孩子的商業啟蒙：劉潤的第一本親子理財書，讓孩子參透商業世界的本質，徹底了解「底層邏輯」! (博客來限量版-特贈實踐手冊), 價格: 316, 商品代碼: 0010955949
2024-07-20 14:20:38 - DEBUG - POST http://localhost:54070/session/4e44525e6cfd4825e652a750fa3c5b74/execute/sync {'script': '/* getAttribute */return (function(){return (function(){var d=this||self;function f(a,b){function c(...', 'args': [{'element-6066-11e4-a52e-4f735466cecf': 'f.09767799A0C9AB910A42D686873A76E7.d.F23BD4029FF74B375F47D5060AB24C7F.e.67'}, 'id']}
2024-07-20 14:20:38 - DEBUG - http://localhost:54070 "POST /session/4e44525e6cfd4825e652a750fa3c5b74/execute/sync HTTP/1.1" 200 36
2024-07-20 14:20:38 - DEBUG - Remote response: status=200 | data={"value":"prod-itemlist-0010955948"} | headers=HTTPHeaderDict({'Content-Length': '36', 'Content-Type': 'application/json; charset=utf-8', 'cache-control': 'no-cache'})
2024-07-20 14:20:38 - DEBUG - Finished Request
2024-07-20 14:20:38 - DEBUG - POST http://localhost:54070/session/4e44525e6cfd4825e652a750fa3c5b74/element/f.09767799A0C9AB910A42D686873A76E7.d.F23BD4029FF74B375F47D5060AB24C7F.e.67/element {'using': 'css selector', 'value': 'h4 a'}
2024-07-20 14:20:38 - DEBUG - http://localhost:54070 "POST /session/4e44525e6cfd4825e652a750fa3c5b74/element/f.09767799A0C9AB910A42D686873A76E7.d.F23BD4029FF74B375F47D5060AB24C7F.e.67/element HTTP/1.1" 200 126
2024-07-20 14:20:38 - DEBUG - Remote response: status=200 | data={"value":{"element-6066-11e4-a52e-4f735466cecf":"f.09767799A0C9AB910A42D686873A76E7.d.F23BD4029FF74B375F47D5060AB24C7F.e.80"}} | headers=HTTPHeaderDict({'Content-Length': '126', 'Content-Type': 'application/json; charset=utf-8', 'cache-control': 'no-cache'})
2024-07-20 14:20:38 - DEBUG - Finished Request
2024-07-20 14:20:38 - DEBUG - GET http://localhost:54070/session/4e44525e6cfd4825e652a750fa3c5b74/element/f.09767799A0C9AB910A42D686873A76E7.d.F23BD4029FF74B375F47D5060AB24C7F.e.80/text {}
2024-07-20 14:20:38 - DEBUG - http://localhost:54070 "GET /session/4e44525e6cfd4825e652a750fa3c5b74/element/f.09767799A0C9AB910A42D686873A76E7.d.F23BD4029FF74B375F47D5060AB24C7F.e.80/text HTTP/1.1" 200 145
2024-07-20 14:20:38 - DEBUG - Remote response: status=200 | data={"value":"給孩子的商業啟蒙：劉潤的第一本親子理財書，讓孩子參透商業世界的本質，徹底了解「底層邏輯」!"} | headers=HTTPHeaderDict({'Content-Length': '145', 'Content-Type': 'application/json; charset=utf-8', 'cache-control': 'no-cache'})
2024-07-20 14:20:38 - DEBUG - Finished Request
2024-07-20 14:20:38 - DEBUG - POST http://localhost:54070/session/4e44525e6cfd4825e652a750fa3c5b74/element/f.09767799A0C9AB910A42D686873A76E7.d.F23BD4029FF74B375F47D5060AB24C7F.e.67/element {'using': 'css selector', 'value': 'ul.price li b:last-child'}
2024-07-20 14:20:38 - DEBUG - http://localhost:54070 "POST /session/4e44525e6cfd4825e652a750fa3c5b74/element/f.09767799A0C9AB910A42D686873A76E7.d.F23BD4029FF74B375F47D5060AB24C7F.e.67/element HTTP/1.1" 200 126
2024-07-20 14:20:38 - DEBUG - Remote response: status=200 | data={"value":{"element-6066-11e4-a52e-4f735466cecf":"f.09767799A0C9AB910A42D686873A76E7.d.F23BD4029FF74B375F47D5060AB24C7F.e.81"}} | headers=HTTPHeaderDict({'Content-Length': '126', 'Content-Type': 'application/json; charset=utf-8', 'cache-control': 'no-cache'})
2024-07-20 14:20:38 - DEBUG - Finished Request
2024-07-20 14:20:38 - DEBUG - GET http://localhost:54070/session/4e44525e6cfd4825e652a750fa3c5b74/element/f.09767799A0C9AB910A42D686873A76E7.d.F23BD4029FF74B375F47D5060AB24C7F.e.81/text {}
2024-07-20 14:20:38 - DEBUG - http://localhost:54070 "GET /session/4e44525e6cfd4825e652a750fa3c5b74/element/f.09767799A0C9AB910A42D686873A76E7.d.F23BD4029FF74B375F47D5060AB24C7F.e.81/text HTTP/1.1" 200 15
2024-07-20 14:20:38 - DEBUG - Remote response: status=200 | data={"value":"316"} | headers=HTTPHeaderDict({'Content-Length': '15', 'Content-Type': 'application/json; charset=utf-8', 'cache-control': 'no-cache'})
2024-07-20 14:20:38 - DEBUG - Finished Request
2024-07-20 14:20:38 - DEBUG - 找到書籍 2: 給孩子的商業啟蒙：劉潤的第一本親子理財書，讓孩子參透商業世界的本質，徹底了解「底層邏輯」!, 價格: 316, 商品代碼: 0010955948
2024-07-20 14:20:38 - DEBUG - POST http://localhost:54070/session/4e44525e6cfd4825e652a750fa3c5b74/execute/sync {'script': '/* getAttribute */return (function(){return (function(){var d=this||self;function f(a,b){function c(...', 'args': [{'element-6066-11e4-a52e-4f735466cecf': 'f.09767799A0C9AB910A42D686873A76E7.d.F23BD4029FF74B375F47D5060AB24C7F.e.68'}, 'id']}
2024-07-20 14:20:38 - DEBUG - http://localhost:54070 "POST /session/4e44525e6cfd4825e652a750fa3c5b74/execute/sync HTTP/1.1" 200 36
2024-07-20 14:20:38 - DEBUG - Remote response: status=200 | data={"value":"prod-itemlist-CN11963352"} | headers=HTTPHeaderDict({'Content-Length': '36', 'Content-Type': 'application/json; charset=utf-8', 'cache-control': 'no-cache'})
2024-07-20 14:20:38 - DEBUG - Finished Request
2024-07-20 14:20:38 - DEBUG - POST http://localhost:54070/session/4e44525e6cfd4825e652a750fa3c5b74/element/f.09767799A0C9AB910A42D686873A76E7.d.F23BD4029FF74B375F47D5060AB24C7F.e.68/element {'using': 'css selector', 'value': 'h4 a'}
2024-07-20 14:20:38 - DEBUG - http://localhost:54070 "POST /session/4e44525e6cfd4825e652a750fa3c5b74/element/f.09767799A0C9AB910A42D686873A76E7.d.F23BD4029FF74B375F47D5060AB24C7F.e.68/element HTTP/1.1" 200 126
2024-07-20 14:20:38 - DEBUG - Remote response: status=200 | data={"value":{"element-6066-11e4-a52e-4f735466cecf":"f.09767799A0C9AB910A42D686873A76E7.d.F23BD4029FF74B375F47D5060AB24C7F.e.82"}} | headers=HTTPHeaderDict({'Content-Length': '126', 'Content-Type': 'application/json; charset=utf-8', 'cache-control': 'no-cache'})
2024-07-20 14:20:38 - DEBUG - Finished Request
2024-07-20 14:20:38 - DEBUG - GET http://localhost:54070/session/4e44525e6cfd4825e652a750fa3c5b74/element/f.09767799A0C9AB910A42D686873A76E7.d.F23BD4029FF74B375F47D5060AB24C7F.e.82/text {}
2024-07-20 14:20:38 - DEBUG - http://localhost:54070 "GET /session/4e44525e6cfd4825e652a750fa3c5b74/element/f.09767799A0C9AB910A42D686873A76E7.d.F23BD4029FF74B375F47D5060AB24C7F.e.82/text HTTP/1.1" 200 90
2024-07-20 14:20:38 - DEBUG - Remote response: status=200 | data={"value":"講給孩子的商業啟蒙課：媽媽怎麼買東西，爸爸怎麼賣東西"} | headers=HTTPHeaderDict({'Content-Length': '90', 'Content-Type': 'application/json; charset=utf-8', 'cache-control': 'no-cache'})
2024-07-20 14:20:38 - DEBUG - Finished Request
2024-07-20 14:20:38 - DEBUG - POST http://localhost:54070/session/4e44525e6cfd4825e652a750fa3c5b74/element/f.09767799A0C9AB910A42D686873A76E7.d.F23BD4029FF74B375F47D5060AB24C7F.e.68/element {'using': 'css selector', 'value': 'ul.price li b:last-child'}
2024-07-20 14:20:38 - DEBUG - http://localhost:54070 "POST /session/4e44525e6cfd4825e652a750fa3c5b74/element/f.09767799A0C9AB910A42D686873A76E7.d.F23BD4029FF74B375F47D5060AB24C7F.e.68/element HTTP/1.1" 200 126
2024-07-20 14:20:38 - DEBUG - Remote response: status=200 | data={"value":{"element-6066-11e4-a52e-4f735466cecf":"f.09767799A0C9AB910A42D686873A76E7.d.F23BD4029FF74B375F47D5060AB24C7F.e.83"}} | headers=HTTPHeaderDict({'Content-Length': '126', 'Content-Type': 'application/json; charset=utf-8', 'cache-control': 'no-cache'})
2024-07-20 14:20:38 - DEBUG - Finished Request
2024-07-20 14:20:38 - DEBUG - GET http://localhost:54070/session/4e44525e6cfd4825e652a750fa3c5b74/element/f.09767799A0C9AB910A42D686873A76E7.d.F23BD4029FF74B375F47D5060AB24C7F.e.83/text {}
2024-07-20 14:20:38 - DEBUG - http://localhost:54070 "GET /session/4e44525e6cfd4825e652a750fa3c5b74/element/f.09767799A0C9AB910A42D686873A76E7.d.F23BD4029FF74B375F47D5060AB24C7F.e.83/text HTTP/1.1" 200 15
2024-07-20 14:20:38 - DEBUG - Remote response: status=200 | data={"value":"260"} | headers=HTTPHeaderDict({'Content-Length': '15', 'Content-Type': 'application/json; charset=utf-8', 'cache-control': 'no-cache'})
2024-07-20 14:20:38 - DEBUG - Finished Request
2024-07-20 14:20:38 - DEBUG - 找到書籍 3: 講給孩子的商業啟蒙課：媽媽怎麼買東西，爸爸怎麼賣東西, 價格: 260, 商品代碼: CN11963352
2024-07-20 14:20:38 - DEBUG - POST http://localhost:54070/session/4e44525e6cfd4825e652a750fa3c5b74/execute/sync {'script': '/* getAttribute */return (function(){return (function(){var d=this||self;function f(a,b){function c(...', 'args': [{'element-6066-11e4-a52e-4f735466cecf': 'f.09767799A0C9AB910A42D686873A76E7.d.F23BD4029FF74B375F47D5060AB24C7F.e.69'}, 'id']}
2024-07-20 14:20:38 - DEBUG - http://localhost:54070 "POST /session/4e44525e6cfd4825e652a750fa3c5b74/execute/sync HTTP/1.1" 200 36
2024-07-20 14:20:38 - DEBUG - Remote response: status=200 | data={"value":"prod-itemlist-CN11807292"} | headers=HTTPHeaderDict({'Content-Length': '36', 'Content-Type': 'application/json; charset=utf-8', 'cache-control': 'no-cache'})
2024-07-20 14:20:38 - DEBUG - Finished Request
2024-07-20 14:20:38 - DEBUG - POST http://localhost:54070/session/4e44525e6cfd4825e652a750fa3c5b74/element/f.09767799A0C9AB910A42D686873A76E7.d.F23BD4029FF74B375F47D5060AB24C7F.e.69/element {'using': 'css selector', 'value': 'h4 a'}
2024-07-20 14:20:38 - DEBUG - http://localhost:54070 "POST /session/4e44525e6cfd4825e652a750fa3c5b74/element/f.09767799A0C9AB910A42D686873A76E7.d.F23BD4029FF74B375F47D5060AB24C7F.e.69/element HTTP/1.1" 200 126
2024-07-20 14:20:38 - DEBUG - Remote response: status=200 | data={"value":{"element-6066-11e4-a52e-4f735466cecf":"f.09767799A0C9AB910A42D686873A76E7.d.F23BD4029FF74B375F47D5060AB24C7F.e.84"}} | headers=HTTPHeaderDict({'Content-Length': '126', 'Content-Type': 'application/json; charset=utf-8', 'cache-control': 'no-cache'})
2024-07-20 14:20:38 - DEBUG - Finished Request
2024-07-20 14:20:38 - DEBUG - GET http://localhost:54070/session/4e44525e6cfd4825e652a750fa3c5b74/element/f.09767799A0C9AB910A42D686873A76E7.d.F23BD4029FF74B375F47D5060AB24C7F.e.84/text {}
2024-07-20 14:20:38 - DEBUG - http://localhost:54070 "GET /session/4e44525e6cfd4825e652a750fa3c5b74/element/f.09767799A0C9AB910A42D686873A76E7.d.F23BD4029FF74B375F47D5060AB24C7F.e.84/text HTTP/1.1" 200 77
2024-07-20 14:20:38 - DEBUG - Remote response: status=200 | data={"value":"驚呆了!經濟學超簡單：給孩子的5分鐘財商啟蒙課"} | headers=HTTPHeaderDict({'Content-Length': '77', 'Content-Type': 'application/json; charset=utf-8', 'cache-control': 'no-cache'})
2024-07-20 14:20:38 - DEBUG - Finished Request
2024-07-20 14:20:38 - DEBUG - POST http://localhost:54070/session/4e44525e6cfd4825e652a750fa3c5b74/element/f.09767799A0C9AB910A42D686873A76E7.d.F23BD4029FF74B375F47D5060AB24C7F.e.69/element {'using': 'css selector', 'value': 'ul.price li b:last-child'}
2024-07-20 14:20:38 - DEBUG - http://localhost:54070 "POST /session/4e44525e6cfd4825e652a750fa3c5b74/element/f.09767799A0C9AB910A42D686873A76E7.d.F23BD4029FF74B375F47D5060AB24C7F.e.69/element HTTP/1.1" 200 126
2024-07-20 14:20:38 - DEBUG - Remote response: status=200 | data={"value":{"element-6066-11e4-a52e-4f735466cecf":"f.09767799A0C9AB910A42D686873A76E7.d.F23BD4029FF74B375F47D5060AB24C7F.e.85"}} | headers=HTTPHeaderDict({'Content-Length': '126', 'Content-Type': 'application/json; charset=utf-8', 'cache-control': 'no-cache'})
2024-07-20 14:20:38 - DEBUG - Finished Request
2024-07-20 14:20:38 - DEBUG - GET http://localhost:54070/session/4e44525e6cfd4825e652a750fa3c5b74/element/f.09767799A0C9AB910A42D686873A76E7.d.F23BD4029FF74B375F47D5060AB24C7F.e.85/text {}
2024-07-20 14:20:38 - DEBUG - http://localhost:54070 "GET /session/4e44525e6cfd4825e652a750fa3c5b74/element/f.09767799A0C9AB910A42D686873A76E7.d.F23BD4029FF74B375F47D5060AB24C7F.e.85/text HTTP/1.1" 200 15
2024-07-20 14:20:38 - DEBUG - Remote response: status=200 | data={"value":"235"} | headers=HTTPHeaderDict({'Content-Length': '15', 'Content-Type': 'application/json; charset=utf-8', 'cache-control': 'no-cache'})
2024-07-20 14:20:38 - DEBUG - Finished Request
2024-07-20 14:20:38 - DEBUG - 找到書籍 4: 驚呆了!經濟學超簡單：給孩子的5分鐘財商啟蒙課, 價格: 235, 商品代碼: CN11807292
2024-07-20 14:20:38 - DEBUG - POST http://localhost:54070/session/4e44525e6cfd4825e652a750fa3c5b74/execute/sync {'script': '/* getAttribute */return (function(){return (function(){var d=this||self;function f(a,b){function c(...', 'args': [{'element-6066-11e4-a52e-4f735466cecf': 'f.09767799A0C9AB910A42D686873A76E7.d.F23BD4029FF74B375F47D5060AB24C7F.e.70'}, 'id']}
2024-07-20 14:20:38 - DEBUG - http://localhost:54070 "POST /session/4e44525e6cfd4825e652a750fa3c5b74/execute/sync HTTP/1.1" 200 36
2024-07-20 14:20:38 - DEBUG - Remote response: status=200 | data={"value":"prod-itemlist-CN10859080"} | headers=HTTPHeaderDict({'Content-Length': '36', 'Content-Type': 'application/json; charset=utf-8', 'cache-control': 'no-cache'})
2024-07-20 14:20:38 - DEBUG - Finished Request
2024-07-20 14:20:38 - DEBUG - POST http://localhost:54070/session/4e44525e6cfd4825e652a750fa3c5b74/element/f.09767799A0C9AB910A42D686873A76E7.d.F23BD4029FF74B375F47D5060AB24C7F.e.70/element {'using': 'css selector', 'value': 'h4 a'}
2024-07-20 14:20:38 - DEBUG - http://localhost:54070 "POST /session/4e44525e6cfd4825e652a750fa3c5b74/element/f.09767799A0C9AB910A42D686873A76E7.d.F23BD4029FF74B375F47D5060AB24C7F.e.70/element HTTP/1.1" 200 126
2024-07-20 14:20:38 - DEBUG - Remote response: status=200 | data={"value":{"element-6066-11e4-a52e-4f735466cecf":"f.09767799A0C9AB910A42D686873A76E7.d.F23BD4029FF74B375F47D5060AB24C7F.e.86"}} | headers=HTTPHeaderDict({'Content-Length': '126', 'Content-Type': 'application/json; charset=utf-8', 'cache-control': 'no-cache'})
2024-07-20 14:20:38 - DEBUG - Finished Request
2024-07-20 14:20:38 - DEBUG - GET http://localhost:54070/session/4e44525e6cfd4825e652a750fa3c5b74/element/f.09767799A0C9AB910A42D686873A76E7.d.F23BD4029FF74B375F47D5060AB24C7F.e.86/text {}
2024-07-20 14:20:38 - DEBUG - http://localhost:54070 "GET /session/4e44525e6cfd4825e652a750fa3c5b74/element/f.09767799A0C9AB910A42D686873A76E7.d.F23BD4029FF74B375F47D5060AB24C7F.e.86/text HTTP/1.1" 200 70
2024-07-20 14:20:38 - DEBUG - Remote response: status=200 | data={"value":"人生中的大問題:寫給孩子的道德倫理啟蒙書"} | headers=HTTPHeaderDict({'Content-Length': '70', 'Content-Type': 'application/json; charset=utf-8', 'cache-control': 'no-cache'})
2024-07-20 14:20:38 - DEBUG - Finished Request
2024-07-20 14:20:38 - DEBUG - POST http://localhost:54070/session/4e44525e6cfd4825e652a750fa3c5b74/element/f.09767799A0C9AB910A42D686873A76E7.d.F23BD4029FF74B375F47D5060AB24C7F.e.70/element {'using': 'css selector', 'value': 'ul.price li b:last-child'}
2024-07-20 14:20:38 - DEBUG - http://localhost:54070 "POST /session/4e44525e6cfd4825e652a750fa3c5b74/element/f.09767799A0C9AB910A42D686873A76E7.d.F23BD4029FF74B375F47D5060AB24C7F.e.70/element HTTP/1.1" 200 126
2024-07-20 14:20:38 - DEBUG - Remote response: status=200 | data={"value":{"element-6066-11e4-a52e-4f735466cecf":"f.09767799A0C9AB910A42D686873A76E7.d.F23BD4029FF74B375F47D5060AB24C7F.e.87"}} | headers=HTTPHeaderDict({'Content-Length': '126', 'Content-Type': 'application/json; charset=utf-8', 'cache-control': 'no-cache'})
2024-07-20 14:20:38 - DEBUG - Finished Request
2024-07-20 14:20:38 - DEBUG - GET http://localhost:54070/session/4e44525e6cfd4825e652a750fa3c5b74/element/f.09767799A0C9AB910A42D686873A76E7.d.F23BD4029FF74B375F47D5060AB24C7F.e.87/text {}
2024-07-20 14:20:38 - DEBUG - http://localhost:54070 "GET /session/4e44525e6cfd4825e652a750fa3c5b74/element/f.09767799A0C9AB910A42D686873A76E7.d.F23BD4029FF74B375F47D5060AB24C7F.e.87/text HTTP/1.1" 200 15
2024-07-20 14:20:38 - DEBUG - Remote response: status=200 | data={"value":"146"} | headers=HTTPHeaderDict({'Content-Length': '15', 'Content-Type': 'application/json; charset=utf-8', 'cache-control': 'no-cache'})
2024-07-20 14:20:38 - DEBUG - Finished Request
2024-07-20 14:20:38 - DEBUG - 找到書籍 5: 人生中的大問題:寫給孩子的道德倫理啟蒙書, 價格: 146, 商品代碼: CN10859080
2024-07-20 14:20:38 - DEBUG - DELETE http://localhost:54070/session/4e44525e6cfd4825e652a750fa3c5b74 {}
2024-07-20 14:20:38 - DEBUG - http://localhost:54070 "DELETE /session/4e44525e6cfd4825e652a750fa3c5b74 HTTP/1.1" 200 14
2024-07-20 14:20:38 - DEBUG - Remote response: status=200 | data={"value":null} | headers=HTTPHeaderDict({'Content-Length': '14', 'Content-Type': 'application/json; charset=utf-8', 'cache-control': 'no-cache'})
2024-07-20 14:20:38 - DEBUG - Finished Request
