2025-02-14 10:23:15 - INFO - 成功加載配置文件
2025-02-14 10:23:15 - INFO - 1. D:\marskingx.github.io\content\blog\2024-09-17【投資】2024 平價ETFvs奢華ETF誰更適合你長期投資.md
2025-02-14 10:23:15 - INFO - 2. D:\marskingx.github.io\content\blog\2025-02-14【投資】0050、VOO、QQQ 2024年度報酬率比較：為什麼差異這麼大？.md
2025-02-14 10:23:15 - INFO - 3. D:\marskingx.github.io\content\blog\2024-11-18【理財】ETF投資的最佳賣出時機：讓需求引導投資決策.md
2025-02-14 10:23:15 - INFO - 4. D:\marskingx.github.io\content\blog\2024-10-07【EP35】如果理財只做一件事，那就來統計淨資產，有小孩的你淨資產一定是這個值.md
2025-02-14 10:23:15 - INFO - 5. D:\marskingx.github.io\content\blog\2024-09-24【EP34】星期一是美食沙漠嗎，買0050不如買台積電真心，其實不用辯!! .md
2025-02-14 10:23:15 - INFO - 6. D:\marskingx.github.io\content\blog\2024-09-19【EP33】Threads寫出爆文了!粉絲翻倍，存錢不會有錢!存股才會!.md
2025-02-14 10:23:15 - INFO - 7. D:\marskingx.github.io\content\blog\2024-09-12【EP31】為什麼投資最好是《持續買進》，要定期定額還是單筆投入好呢.md
2025-02-14 10:23:15 - INFO - 8. D:\marskingx.github.io\content\blog\2024-09-16【EP32】中秋節快樂!剛好錄滿一周年!《都是基因惹的禍》才剛讀就心得爆棚!.md
2025-02-14 10:23:15 - INFO - 9. D:\marskingx.github.io\content\blog\2024-09-12【投資】2024 什麼是美國股市的3大指數 知道有什麼用.md
2025-02-14 10:23:15 - INFO - 10. D:\marskingx.github.io\content\blog\2024-02-16【理財】爸媽代管壓歲錢，除了定存還有什麼選擇？4招幫小孩紅包放大的理財術.md
2025-02-14 14:21:16 - INFO - 成功加載配置文件
2025-02-14 14:21:16 - INFO - 1. D:\marskingx.github.io\content\blog\2025-02-14【投資】0050、VOO、QQQ 2024年度報酬率比較：為什麼差異這麼大？.md
2025-02-14 14:21:16 - INFO - 2. D:\marskingx.github.io\content\blog\2024-09-17【投資】2024 平價ETFvs奢華ETF誰更適合你長期投資.md
2025-02-14 14:21:16 - INFO - 3. D:\marskingx.github.io\content\blog\2024-11-18【理財】ETF投資的最佳賣出時機：讓需求引導投資決策.md
2025-02-14 14:21:16 - INFO - 4. D:\marskingx.github.io\content\blog\2024-10-07【EP35】如果理財只做一件事，那就來統計淨資產，有小孩的你淨資產一定是這個值.md
2025-02-14 14:21:16 - INFO - 5. D:\marskingx.github.io\content\blog\2024-09-24【EP34】星期一是美食沙漠嗎，買0050不如買台積電真心，其實不用辯!! .md
2025-02-14 14:21:16 - INFO - 6. D:\marskingx.github.io\content\blog\2024-09-19【EP33】Threads寫出爆文了!粉絲翻倍，存錢不會有錢!存股才會!.md
2025-02-14 14:21:16 - INFO - 7. D:\marskingx.github.io\content\blog\2024-09-12【EP31】為什麼投資最好是《持續買進》，要定期定額還是單筆投入好呢.md
2025-02-14 14:21:16 - INFO - 8. D:\marskingx.github.io\content\blog\2024-09-16【EP32】中秋節快樂!剛好錄滿一周年!《都是基因惹的禍》才剛讀就心得爆棚!.md
2025-02-14 14:21:16 - INFO - 9. D:\marskingx.github.io\content\blog\2024-09-12【投資】2024 什麼是美國股市的3大指數 知道有什麼用.md
2025-02-14 14:21:16 - INFO - 10. D:\marskingx.github.io\content\blog\2024-02-16【理財】爸媽代管壓歲錢，除了定存還有什麼選擇？4招幫小孩紅包放大的理財術.md
2025-02-14 14:21:21 - INFO - 從文件 D:\marskingx.github.io\content\blog\2025-02-14【投資】0050、VOO、QQQ 2024年度報酬率比較：為什麼差異這麼大？.md 內容中提取到類別: 理財工具與金融商品
2025-02-14 14:21:21 - INFO - 開始處理金融工具: D:\marskingx.github.io\content\blog\2025-02-14【投資】0050、VOO、QQQ 2024年度報酬率比較：為什麼差異這麼大？.md
2025-02-14 14:21:21 - DEBUG - 成功寫入更新後的內容到文件
