2024-10-17 06:37:25 - INFO - 成功加載配置文件
2024-10-17 06:37:25 - INFO - 1. D:\marskingx.github.io\content\blog\【EP35】如果理財只做一件事，那就來統計淨資產，有小孩的你淨資產一定是這個值 118a0a9d347980199ddcc1e8c239ad1f.md
2024-10-17 06:37:25 - INFO - 2. D:\marskingx.github.io\content\blog\【EP34】星期一是美食沙漠嗎，買0050不如買台積電真心，其實不用辯!! 10ba0a9d347980779eedc28a885a0808.md
2024-10-17 06:37:25 - INFO - 3. D:\marskingx.github.io\content\blog\【EP33】Threads寫出爆文了!粉絲翻倍，存錢不會有錢!存股才會! 106a0a9d347980988f25fc09a6426b89.md
2024-10-17 06:37:25 - INFO - 4. D:\marskingx.github.io\content\blog\2024-09-12【EP31】為什麼投資最好是《持續買進》，要定期定額還是單筆投入好呢.md
2024-10-17 06:37:25 - INFO - 5. D:\marskingx.github.io\content\blog\2024-09-16【EP32】中秋節快樂!剛好錄滿一周年!《都是基因惹的禍》才剛讀就心得爆棚!.md
2024-10-17 06:37:25 - INFO - 6. D:\marskingx.github.io\content\blog\2024-09-17【投資】2024 平價ETFvs奢華ETF誰更適合你長期投資.md
2024-10-17 06:37:25 - INFO - 7. D:\marskingx.github.io\content\blog\2024-09-12【投資】2024 什麼是美國股市的3大指數 知道有什麼用.md
2024-10-17 06:37:25 - INFO - 8. D:\marskingx.github.io\content\blog\2024-02-16【理財】爸媽代管壓歲錢，除了定存還有什麼選擇？4招幫小孩紅包放大的理財術.md
2024-10-17 06:37:25 - INFO - 9. D:\marskingx.github.io\content\blog\2024-08-16【投資】2024 QQQ完整分析介紹，誰又適合投資QQQ.md
2024-10-17 06:37:25 - INFO - 10. D:\marskingx.github.io\content\blog\2024-04-07【嗑書】《持續買進》讀後感.md
2024-10-17 06:37:30 - INFO - 從文件 D:\marskingx.github.io\content\blog\【EP33】Threads寫出爆文了!粉絲翻倍，存錢不會有錢!存股才會! 106a0a9d347980988f25fc09a6426b89.md 內容中提取到類別: Podcast節目
2024-10-17 06:37:30 - INFO - 開始處理Podcast節目: D:\marskingx.github.io\content\blog\【EP33】Threads寫出爆文了!粉絲翻倍，存錢不會有錢!存股才會! 106a0a9d347980988f25fc09a6426b89.md
2024-10-17 06:37:30 - DEBUG - 成功更新 YAML 內容
2024-10-17 06:37:30 - DEBUG - 成功寫入更新後的內容到文件
2024-10-17 06:37:40 - INFO - 成功加載配置文件
2024-10-17 06:37:40 - INFO - 1. D:\marskingx.github.io\content\blog\【EP33】Threads寫出爆文了!粉絲翻倍，存錢不會有錢!存股才會! 106a0a9d347980988f25fc09a6426b89.md
2024-10-17 06:37:40 - INFO - 2. D:\marskingx.github.io\content\blog\【EP35】如果理財只做一件事，那就來統計淨資產，有小孩的你淨資產一定是這個值 118a0a9d347980199ddcc1e8c239ad1f.md
2024-10-17 06:37:40 - INFO - 3. D:\marskingx.github.io\content\blog\【EP34】星期一是美食沙漠嗎，買0050不如買台積電真心，其實不用辯!! 10ba0a9d347980779eedc28a885a0808.md
2024-10-17 06:37:40 - INFO - 4. D:\marskingx.github.io\content\blog\2024-09-12【EP31】為什麼投資最好是《持續買進》，要定期定額還是單筆投入好呢.md
2024-10-17 06:37:40 - INFO - 5. D:\marskingx.github.io\content\blog\2024-09-16【EP32】中秋節快樂!剛好錄滿一周年!《都是基因惹的禍》才剛讀就心得爆棚!.md
2024-10-17 06:37:40 - INFO - 6. D:\marskingx.github.io\content\blog\2024-09-17【投資】2024 平價ETFvs奢華ETF誰更適合你長期投資.md
2024-10-17 06:37:40 - INFO - 7. D:\marskingx.github.io\content\blog\2024-09-12【投資】2024 什麼是美國股市的3大指數 知道有什麼用.md
2024-10-17 06:37:40 - INFO - 8. D:\marskingx.github.io\content\blog\2024-02-16【理財】爸媽代管壓歲錢，除了定存還有什麼選擇？4招幫小孩紅包放大的理財術.md
2024-10-17 06:37:40 - INFO - 9. D:\marskingx.github.io\content\blog\2024-08-16【投資】2024 QQQ完整分析介紹，誰又適合投資QQQ.md
2024-10-17 06:37:40 - INFO - 10. D:\marskingx.github.io\content\blog\2024-04-07【嗑書】《持續買進》讀後感.md
2024-10-17 06:37:47 - INFO - 從文件 D:\marskingx.github.io\content\blog\【EP35】如果理財只做一件事，那就來統計淨資產，有小孩的你淨資產一定是這個值 118a0a9d347980199ddcc1e8c239ad1f.md 內容中提取到類別: Podcast節目
2024-10-17 06:37:47 - INFO - 開始處理Podcast節目: D:\marskingx.github.io\content\blog\【EP35】如果理財只做一件事，那就來統計淨資產，有小孩的你淨資產一定是這個值 118a0a9d347980199ddcc1e8c239ad1f.md
2024-10-17 06:37:47 - DEBUG - 成功更新 YAML 內容
2024-10-17 06:37:47 - DEBUG - 成功寫入更新後的內容到文件
2024-10-17 06:37:50 - INFO - 成功加載配置文件
2024-10-17 06:37:50 - INFO - 1. D:\marskingx.github.io\content\blog\【EP35】如果理財只做一件事，那就來統計淨資產，有小孩的你淨資產一定是這個值 118a0a9d347980199ddcc1e8c239ad1f.md
2024-10-17 06:37:50 - INFO - 2. D:\marskingx.github.io\content\blog\【EP33】Threads寫出爆文了!粉絲翻倍，存錢不會有錢!存股才會! 106a0a9d347980988f25fc09a6426b89.md
2024-10-17 06:37:50 - INFO - 3. D:\marskingx.github.io\content\blog\【EP34】星期一是美食沙漠嗎，買0050不如買台積電真心，其實不用辯!! 10ba0a9d347980779eedc28a885a0808.md
2024-10-17 06:37:50 - INFO - 4. D:\marskingx.github.io\content\blog\2024-09-12【EP31】為什麼投資最好是《持續買進》，要定期定額還是單筆投入好呢.md
2024-10-17 06:37:50 - INFO - 5. D:\marskingx.github.io\content\blog\2024-09-16【EP32】中秋節快樂!剛好錄滿一周年!《都是基因惹的禍》才剛讀就心得爆棚!.md
2024-10-17 06:37:50 - INFO - 6. D:\marskingx.github.io\content\blog\2024-09-17【投資】2024 平價ETFvs奢華ETF誰更適合你長期投資.md
2024-10-17 06:37:50 - INFO - 7. D:\marskingx.github.io\content\blog\2024-09-12【投資】2024 什麼是美國股市的3大指數 知道有什麼用.md
2024-10-17 06:37:50 - INFO - 8. D:\marskingx.github.io\content\blog\2024-02-16【理財】爸媽代管壓歲錢，除了定存還有什麼選擇？4招幫小孩紅包放大的理財術.md
2024-10-17 06:37:50 - INFO - 9. D:\marskingx.github.io\content\blog\2024-08-16【投資】2024 QQQ完整分析介紹，誰又適合投資QQQ.md
2024-10-17 06:37:50 - INFO - 10. D:\marskingx.github.io\content\blog\2024-04-07【嗑書】《持續買進》讀後感.md
2024-10-17 06:37:52 - INFO - 從文件 D:\marskingx.github.io\content\blog\【EP34】星期一是美食沙漠嗎，買0050不如買台積電真心，其實不用辯!! 10ba0a9d347980779eedc28a885a0808.md 內容中提取到類別: Podcast節目
2024-10-17 06:37:52 - INFO - 開始處理Podcast節目: D:\marskingx.github.io\content\blog\【EP34】星期一是美食沙漠嗎，買0050不如買台積電真心，其實不用辯!! 10ba0a9d347980779eedc28a885a0808.md
2024-10-17 06:37:52 - DEBUG - 成功更新 YAML 內容
2024-10-17 06:37:52 - DEBUG - 成功寫入更新後的內容到文件
