2024-08-29 14:34:27 - INFO - 成功加載配置文件
2024-08-29 14:34:27 - INFO - 1. D:\marskingx.github.io\content\blog\2024-08-29【書單】《卡片盒筆記》閱讀心得.md
2024-08-29 14:34:27 - INFO - 2. D:\marskingx.github.io\content\blog\2024-08-15【書單】《王永福》閱讀心得.md
2024-08-29 14:34:27 - INFO - 3. D:\marskingx.github.io\content\blog\2024-08-21【EP26】為什麼股票下跌的痛苦大過於股票上漲時的快樂.md
2024-08-29 14:34:27 - INFO - 4. D:\marskingx.github.io\content\blog\2024-08-16【投資】2024 QQQ完整分析介紹，誰又適合投資QQQ.md
2024-08-29 14:34:27 - INFO - 5. D:\marskingx.github.io\content\blog\2024-08-19【理財】財務規劃怎麼做 一張圖完整告訴你!.md
2024-08-29 14:34:27 - INFO - 6. D:\marskingx.github.io\content\blog\2024-08-14【EP25】如何擁有好的投資心態，又過了一次回憶無窮的父親節.md
2024-08-29 14:34:27 - INFO - 7. D:\marskingx.github.io\content\blog\2024-08-15【書單】《極客之道》閱讀心得.md
2024-08-29 14:34:27 - INFO - 8. D:\marskingx.github.io\content\blog\2024-08-14【投資】2024 VTI完整分析，誰適合投資VTI.md
2024-08-29 14:34:27 - INFO - 9. D:\marskingx.github.io\content\blog\2024-08-07【EP24】台股下跌!刀刀見股!不要問!問就是買!歡慶麟洋金牌!股票大特賣!.md
2024-08-29 14:34:27 - INFO - 10. D:\marskingx.github.io\content\blog\2024-07-24【EP23】取乎其上，得乎其中。認識財務規劃的基礎3報表.md
2024-08-29 14:34:29 - INFO - 從文件 D:\marskingx.github.io\content\blog\2024-08-29【書單】《卡片盒筆記》閱讀心得.md 內容中提取到類別: 閱讀心得
2024-08-29 14:34:29 - INFO - 開始處理書評: D:\marskingx.github.io\content\blog\2024-08-29【書單】《卡片盒筆記》閱讀心得.md
2024-08-29 14:34:29 - INFO - 成功提取書名: 卡片盒筆記
2024-08-29 14:34:29 - INFO - 取得聯盟行銷連結，書名: 卡片盒筆記
2024-08-29 14:34:29 - DEBUG - Selenium Manager binary found at: C:\Users\Mars\AppData\Local\Programs\Python\Python312\Lib\site-packages\selenium\webdriver\common\windows\selenium-manager.exe
2024-08-29 14:34:29 - DEBUG - Executing process: C:\Users\Mars\AppData\Local\Programs\Python\Python312\Lib\site-packages\selenium\webdriver\common\windows\selenium-manager.exe --browser chrome --debug --language-binding python --output json
2024-08-29 14:34:39 - DEBUG - Sending stats to Plausible: Props { browser: "chrome", browser_version: "", os: "windows", arch: "amd64", lang: "python", selenium_version: "4.22-nightly" }
2024-08-29 14:34:39 - DEBUG - chromedriver not found in PATH
2024-08-29 14:34:39 - DEBUG - chrome detected at C:\Program Files\Google\Chrome\Application\chrome.exe
2024-08-29 14:34:39 - DEBUG - Running command: wmic datafile where name='C:\\Program Files\\Google\\Chrome\\Application\\chrome.exe' get Version /value
2024-08-29 14:34:39 - DEBUG - Output: ""
2024-08-29 14:34:39 - DEBUG - Running command: REG QUERY HKCU\Software\Google\Chrome\BLBeacon /v version
2024-08-29 14:34:39 - DEBUG - Output: ""
2024-08-29 14:34:39 - DEBUG - chrome not found in the system
2024-08-29 14:34:39 - DEBUG - Discovering versions from https://googlechromelabs.github.io/chrome-for-testing/last-known-good-versions-with-downloads.json
2024-08-29 14:34:39 - DEBUG - Required browser: chrome 128.0.6613.86
2024-08-29 14:34:39 - DEBUG - Downloading chrome 128.0.6613.86 from https://storage.googleapis.com/chrome-for-testing-public/128.0.6613.86/win64/chrome-win64.zip
2024-08-29 14:34:39 - DEBUG - chrome 128.0.6613.86 is available at C:\Users\Mars\.cache\selenium\chrome\win64\128.0.6613.86\chrome.exe
2024-08-29 14:34:39 - DEBUG - Discovering versions from https://googlechromelabs.github.io/chrome-for-testing/known-good-versions-with-downloads.json
2024-08-29 14:34:39 - DEBUG - Required driver: chromedriver 128.0.6613.86
2024-08-29 14:34:39 - DEBUG - Downloading chromedriver 128.0.6613.86 from https://storage.googleapis.com/chrome-for-testing-public/128.0.6613.86/win64/chromedriver-win64.zip
2024-08-29 14:34:39 - DEBUG - Driver path: C:\Users\Mars\.cache\selenium\chromedriver\win64\128.0.6613.86\chromedriver.exe
2024-08-29 14:34:39 - DEBUG - Browser path: C:\Users\Mars\.cache\selenium\chrome\win64\128.0.6613.86\chrome.exe
2024-08-29 14:34:39 - DEBUG - Started executable: `C:\Users\Mars\.cache\selenium\chromedriver\win64\128.0.6613.86\chromedriver.exe` in a child process with pid: 47136 using 0 to output -3
2024-08-29 14:34:40 - DEBUG - POST http://localhost:60962/session {'capabilities': {'firstMatch': [{}], 'alwaysMatch': {'browserName': 'chrome', 'pageLoadStrategy': <PageLoadStrategy.normal: 'normal'>, 'browserVersion': None, 'goog:chromeOptions': {'extensions': [], 'binary': 'C:\\Users\\Mars\\.cache\\selenium\\chrome\\win64\\128.0.6613.86\\chrome.exe', 'args': ['--headless', '--disable-gpu', '--no-sandbox', '--disable-dev-shm-usage', 'user-agent=Mozilla/5.0 (Windows NT 10.0; Win64; x64) AppleWebKit/537.36 (KHTML, like Gecko) Chrome/91.0.4472.124 Safari/537.36']}}}}
2024-08-29 14:34:40 - DEBUG - Starting new HTTP connection (1): localhost:60962
2024-08-29 14:34:41 - DEBUG - http://localhost:60962 "POST /session HTTP/1.1" 200 881
2024-08-29 14:34:41 - DEBUG - Remote response: status=200 | data={"value":{"capabilities":{"acceptInsecureCerts":false,"browserName":"chrome","browserVersion":"128.0.6613.86","chrome":{"chromedriverVersion":"128.0.6613.86 (3045ed680fdab64f784f3b366cfe74adbdf6ff01-refs/branch-heads/6613@{#1337})","userDataDir":"C:\\Users\\Mars\\AppData\\Local\\Temp\\scoped_dir47136_1784948400"},"fedcm:accounts":true,"goog:chromeOptions":{"debuggerAddress":"localhost:60972"},"networkConnectionEnabled":false,"pageLoadStrategy":"normal","platformName":"windows","proxy":{},"setWindowRect":true,"strictFileInteractability":false,"timeouts":{"implicit":0,"pageLoad":300000,"script":30000},"unhandledPromptBehavior":"dismiss and notify","webauthn:extension:credBlob":true,"webauthn:extension:largeBlob":true,"webauthn:extension:minPinLength":true,"webauthn:extension:prf":true,"webauthn:virtualAuthenticators":true},"sessionId":"3aa74fbb47b57e6f5daacc9ee82e4cef"}} | headers=HTTPHeaderDict({'Content-Length': '881', 'Content-Type': 'application/json; charset=utf-8', 'cache-control': 'no-cache'})
2024-08-29 14:34:41 - DEBUG - Finished Request
2024-08-29 14:34:41 - DEBUG - POST http://localhost:60962/session/3aa74fbb47b57e6f5daacc9ee82e4cef/timeouts {'pageLoad': 30000}
2024-08-29 14:34:41 - DEBUG - http://localhost:60962 "POST /session/3aa74fbb47b57e6f5daacc9ee82e4cef/timeouts HTTP/1.1" 200 14
2024-08-29 14:34:41 - DEBUG - Remote response: status=200 | data={"value":null} | headers=HTTPHeaderDict({'Content-Length': '14', 'Content-Type': 'application/json; charset=utf-8', 'cache-control': 'no-cache'})
2024-08-29 14:34:41 - DEBUG - Finished Request
2024-08-29 14:34:41 - DEBUG - 初始化 WebDriver 完成
2024-08-29 14:34:41 - DEBUG - POST http://localhost:60962/session/3aa74fbb47b57e6f5daacc9ee82e4cef/url {'url': 'https://www.books.com.tw/'}
2024-08-29 14:34:42 - DEBUG - http://localhost:60962 "POST /session/3aa74fbb47b57e6f5daacc9ee82e4cef/url HTTP/1.1" 200 14
2024-08-29 14:34:42 - DEBUG - Remote response: status=200 | data={"value":null} | headers=HTTPHeaderDict({'Content-Length': '14', 'Content-Type': 'application/json; charset=utf-8', 'cache-control': 'no-cache'})
2024-08-29 14:34:42 - DEBUG - Finished Request
2024-08-29 14:34:42 - DEBUG - POST http://localhost:60962/session/3aa74fbb47b57e6f5daacc9ee82e4cef/element {'using': 'css selector', 'value': '[id="close_top_banner"]'}
2024-08-29 14:34:42 - DEBUG - http://localhost:60962 "POST /session/3aa74fbb47b57e6f5daacc9ee82e4cef/element HTTP/1.1" 200 126
2024-08-29 14:34:42 - DEBUG - Remote response: status=200 | data={"value":{"element-6066-11e4-a52e-4f735466cecf":"f.70E92412086CE95EC28768C55B055C40.d.5D181F84DF7F2C2E4C60BA5238DED286.e.48"}} | headers=HTTPHeaderDict({'Content-Length': '126', 'Content-Type': 'application/json; charset=utf-8', 'cache-control': 'no-cache'})
2024-08-29 14:34:42 - DEBUG - Finished Request
2024-08-29 14:34:42 - DEBUG - POST http://localhost:60962/session/3aa74fbb47b57e6f5daacc9ee82e4cef/execute/sync {'script': '/* isDisplayed */return (function(){return (function(){var g=this||self;\nfunction aa(a){var b=typeof...', 'args': [{'element-6066-11e4-a52e-4f735466cecf': 'f.70E92412086CE95EC28768C55B055C40.d.5D181F84DF7F2C2E4C60BA5238DED286.e.48'}]}
2024-08-29 14:34:42 - DEBUG - http://localhost:60962 "POST /session/3aa74fbb47b57e6f5daacc9ee82e4cef/execute/sync HTTP/1.1" 200 14
2024-08-29 14:34:42 - DEBUG - Remote response: status=200 | data={"value":true} | headers=HTTPHeaderDict({'Content-Length': '14', 'Content-Type': 'application/json; charset=utf-8', 'cache-control': 'no-cache'})
2024-08-29 14:34:42 - DEBUG - Finished Request
2024-08-29 14:34:42 - DEBUG - GET http://localhost:60962/session/3aa74fbb47b57e6f5daacc9ee82e4cef/element/f.70E92412086CE95EC28768C55B055C40.d.5D181F84DF7F2C2E4C60BA5238DED286.e.48/enabled {}
2024-08-29 14:34:42 - DEBUG - http://localhost:60962 "GET /session/3aa74fbb47b57e6f5daacc9ee82e4cef/element/f.70E92412086CE95EC28768C55B055C40.d.5D181F84DF7F2C2E4C60BA5238DED286.e.48/enabled HTTP/1.1" 200 14
2024-08-29 14:34:42 - DEBUG - Remote response: status=200 | data={"value":true} | headers=HTTPHeaderDict({'Content-Length': '14', 'Content-Type': 'application/json; charset=utf-8', 'cache-control': 'no-cache'})
2024-08-29 14:34:42 - DEBUG - Finished Request
2024-08-29 14:34:42 - DEBUG - POST http://localhost:60962/session/3aa74fbb47b57e6f5daacc9ee82e4cef/element/f.70E92412086CE95EC28768C55B055C40.d.5D181F84DF7F2C2E4C60BA5238DED286.e.48/click {}
2024-08-29 14:34:42 - DEBUG - http://localhost:60962 "POST /session/3aa74fbb47b57e6f5daacc9ee82e4cef/element/f.70E92412086CE95EC28768C55B055C40.d.5D181F84DF7F2C2E4C60BA5238DED286.e.48/click HTTP/1.1" 200 14
2024-08-29 14:34:42 - DEBUG - Remote response: status=200 | data={"value":null} | headers=HTTPHeaderDict({'Content-Length': '14', 'Content-Type': 'application/json; charset=utf-8', 'cache-control': 'no-cache'})
2024-08-29 14:34:42 - DEBUG - Finished Request
2024-08-29 14:34:42 - DEBUG - 廣告橫幅已關閉
2024-08-29 14:34:42 - DEBUG - POST http://localhost:60962/session/3aa74fbb47b57e6f5daacc9ee82e4cef/element {'using': 'css selector', 'value': '[id="key"]'}
2024-08-29 14:34:42 - DEBUG - http://localhost:60962 "POST /session/3aa74fbb47b57e6f5daacc9ee82e4cef/element HTTP/1.1" 200 126
2024-08-29 14:34:42 - DEBUG - Remote response: status=200 | data={"value":{"element-6066-11e4-a52e-4f735466cecf":"f.70E92412086CE95EC28768C55B055C40.d.5D181F84DF7F2C2E4C60BA5238DED286.e.13"}} | headers=HTTPHeaderDict({'Content-Length': '126', 'Content-Type': 'application/json; charset=utf-8', 'cache-control': 'no-cache'})
2024-08-29 14:34:42 - DEBUG - Finished Request
2024-08-29 14:34:42 - DEBUG - POST http://localhost:60962/session/3aa74fbb47b57e6f5daacc9ee82e4cef/element/f.70E92412086CE95EC28768C55B055C40.d.5D181F84DF7F2C2E4C60BA5238DED286.e.13/clear {}
2024-08-29 14:34:42 - DEBUG - http://localhost:60962 "POST /session/3aa74fbb47b57e6f5daacc9ee82e4cef/element/f.70E92412086CE95EC28768C55B055C40.d.5D181F84DF7F2C2E4C60BA5238DED286.e.13/clear HTTP/1.1" 200 14
2024-08-29 14:34:42 - DEBUG - Remote response: status=200 | data={"value":null} | headers=HTTPHeaderDict({'Content-Length': '14', 'Content-Type': 'application/json; charset=utf-8', 'cache-control': 'no-cache'})
2024-08-29 14:34:42 - DEBUG - Finished Request
2024-08-29 14:34:42 - DEBUG - POST http://localhost:60962/session/3aa74fbb47b57e6f5daacc9ee82e4cef/element/f.70E92412086CE95EC28768C55B055C40.d.5D181F84DF7F2C2E4C60BA5238DED286.e.13/value {'text': '卡片盒筆記', 'value': ['卡', '片', '盒', '筆', '記']}
2024-08-29 14:34:42 - DEBUG - http://localhost:60962 "POST /session/3aa74fbb47b57e6f5daacc9ee82e4cef/element/f.70E92412086CE95EC28768C55B055C40.d.5D181F84DF7F2C2E4C60BA5238DED286.e.13/value HTTP/1.1" 200 14
2024-08-29 14:34:42 - DEBUG - Remote response: status=200 | data={"value":null} | headers=HTTPHeaderDict({'Content-Length': '14', 'Content-Type': 'application/json; charset=utf-8', 'cache-control': 'no-cache'})
2024-08-29 14:34:42 - DEBUG - Finished Request
2024-08-29 14:34:42 - DEBUG - POST http://localhost:60962/session/3aa74fbb47b57e6f5daacc9ee82e4cef/element {'using': 'css selector', 'value': '.search_btn'}
2024-08-29 14:34:42 - DEBUG - http://localhost:60962 "POST /session/3aa74fbb47b57e6f5daacc9ee82e4cef/element HTTP/1.1" 200 126
2024-08-29 14:34:42 - DEBUG - Remote response: status=200 | data={"value":{"element-6066-11e4-a52e-4f735466cecf":"f.70E92412086CE95EC28768C55B055C40.d.5D181F84DF7F2C2E4C60BA5238DED286.e.50"}} | headers=HTTPHeaderDict({'Content-Length': '126', 'Content-Type': 'application/json; charset=utf-8', 'cache-control': 'no-cache'})
2024-08-29 14:34:42 - DEBUG - Finished Request
2024-08-29 14:34:42 - DEBUG - POST http://localhost:60962/session/3aa74fbb47b57e6f5daacc9ee82e4cef/execute/sync {'script': '/* isDisplayed */return (function(){return (function(){var g=this||self;\nfunction aa(a){var b=typeof...', 'args': [{'element-6066-11e4-a52e-4f735466cecf': 'f.70E92412086CE95EC28768C55B055C40.d.5D181F84DF7F2C2E4C60BA5238DED286.e.50'}]}
2024-08-29 14:34:42 - DEBUG - http://localhost:60962 "POST /session/3aa74fbb47b57e6f5daacc9ee82e4cef/execute/sync HTTP/1.1" 200 14
2024-08-29 14:34:42 - DEBUG - Remote response: status=200 | data={"value":true} | headers=HTTPHeaderDict({'Content-Length': '14', 'Content-Type': 'application/json; charset=utf-8', 'cache-control': 'no-cache'})
2024-08-29 14:34:42 - DEBUG - Finished Request
2024-08-29 14:34:42 - DEBUG - GET http://localhost:60962/session/3aa74fbb47b57e6f5daacc9ee82e4cef/element/f.70E92412086CE95EC28768C55B055C40.d.5D181F84DF7F2C2E4C60BA5238DED286.e.50/enabled {}
2024-08-29 14:34:42 - DEBUG - http://localhost:60962 "GET /session/3aa74fbb47b57e6f5daacc9ee82e4cef/element/f.70E92412086CE95EC28768C55B055C40.d.5D181F84DF7F2C2E4C60BA5238DED286.e.50/enabled HTTP/1.1" 200 14
2024-08-29 14:34:42 - DEBUG - Remote response: status=200 | data={"value":true} | headers=HTTPHeaderDict({'Content-Length': '14', 'Content-Type': 'application/json; charset=utf-8', 'cache-control': 'no-cache'})
2024-08-29 14:34:42 - DEBUG - Finished Request
2024-08-29 14:34:42 - DEBUG - POST http://localhost:60962/session/3aa74fbb47b57e6f5daacc9ee82e4cef/element/f.70E92412086CE95EC28768C55B055C40.d.5D181F84DF7F2C2E4C60BA5238DED286.e.50/click {}
2024-08-29 14:34:44 - DEBUG - http://localhost:60962 "POST /session/3aa74fbb47b57e6f5daacc9ee82e4cef/element/f.70E92412086CE95EC28768C55B055C40.d.5D181F84DF7F2C2E4C60BA5238DED286.e.50/click HTTP/1.1" 200 14
2024-08-29 14:34:44 - DEBUG - Remote response: status=200 | data={"value":null} | headers=HTTPHeaderDict({'Content-Length': '14', 'Content-Type': 'application/json; charset=utf-8', 'cache-control': 'no-cache'})
2024-08-29 14:34:44 - DEBUG - Finished Request
2024-08-29 14:34:49 - DEBUG - POST http://localhost:60962/session/3aa74fbb47b57e6f5daacc9ee82e4cef/element {'using': 'css selector', 'value': '.table-td'}
2024-08-29 14:34:49 - DEBUG - http://localhost:60962 "POST /session/3aa74fbb47b57e6f5daacc9ee82e4cef/element HTTP/1.1" 200 127
2024-08-29 14:34:49 - DEBUG - Remote response: status=200 | data={"value":{"element-6066-11e4-a52e-4f735466cecf":"f.70E92412086CE95EC28768C55B055C40.d.E37EB587E01900D4D4BA84F90022E4A0.e.106"}} | headers=HTTPHeaderDict({'Content-Length': '127', 'Content-Type': 'application/json; charset=utf-8', 'cache-control': 'no-cache'})
2024-08-29 14:34:49 - DEBUG - Finished Request
2024-08-29 14:34:49 - DEBUG - POST http://localhost:60962/session/3aa74fbb47b57e6f5daacc9ee82e4cef/elements {'using': 'css selector', 'value': '.table-td'}
2024-08-29 14:34:49 - DEBUG - http://localhost:60962 "POST /session/3aa74fbb47b57e6f5daacc9ee82e4cef/elements HTTP/1.1" 200 2135
2024-08-29 14:34:49 - DEBUG - Remote response: status=200 | data={"value":[{"element-6066-11e4-a52e-4f735466cecf":"f.70E92412086CE95EC28768C55B055C40.d.E37EB587E01900D4D4BA84F90022E4A0.e.106"},{"element-6066-11e4-a52e-4f735466cecf":"f.70E92412086CE95EC28768C55B055C40.d.E37EB587E01900D4D4BA84F90022E4A0.e.107"},{"element-6066-11e4-a52e-4f735466cecf":"f.70E92412086CE95EC28768C55B055C40.d.E37EB587E01900D4D4BA84F90022E4A0.e.108"},{"element-6066-11e4-a52e-4f735466cecf":"f.70E92412086CE95EC28768C55B055C40.d.E37EB587E01900D4D4BA84F90022E4A0.e.109"},{"element-6066-11e4-a52e-4f735466cecf":"f.70E92412086CE95EC28768C55B055C40.d.E37EB587E01900D4D4BA84F90022E4A0.e.110"},{"element-6066-11e4-a52e-4f735466cecf":"f.70E92412086CE95EC28768C55B055C40.d.E37EB587E01900D4D4BA84F90022E4A0.e.111"},{"element-6066-11e4-a52e-4f735466cecf":"f.70E92412086CE95EC28768C55B055C40.d.E37EB587E01900D4D4BA84F90022E4A0.e.112"},{"element-6066-11e4-a52e-4f735466cecf":"f.70E92412086CE95EC28768C55B055C40.d.E37EB587E01900D4D4BA84F90022E4A0.e.113"},{"element-6066-11e4-a52e-4f735466cecf":"f.70E92412086CE95EC28768C55B055C40.d.E37EB587E01900D4D4BA84F90022E4A0.e.114"},{"element-6066-11e4-a52e-4f735466cecf":"f.70E92412086CE95EC28768C55B055C40.d.E37EB587E01900D4D4BA84F90022E4A0.e.115"},{"element-6066-11e4-a52e-4f735466cecf":"f.70E92412086CE95EC28768C55B055C40.d.E37EB587E01900D4D4BA84F90022E4A0.e.116"},{"element-6066-11e4-a52e-4f735466cecf":"f.70E92412086CE95EC28768C55B055C40.d.E37EB587E01900D4D4BA84F90022E4A0.e.117"},{"element-6066-11e4-a52e-4f735466cecf":"f.70E92412086CE95EC28768C55B055C40.d.E37EB587E01900D4D4BA84F90022E4A0.e.118"},{"element-6066-11e4-a52e-4f735466cecf":"f.70E92412086CE95EC28768C55B055C40.d.E37EB587E01900D4D4BA84F90022E4A0.e.119"},{"element-6066-11e4-a52e-4f735466cecf":"f.70E92412086CE95EC28768C55B055C40.d.E37EB587E01900D4D4BA84F90022E4A0.e.120"},{"element-6066-11e4-a52e-4f735466cecf":"f.70E92412086CE95EC28768C55B055C40.d.E37EB587E01900D4D4BA84F90022E4A0.e.121"},{"element-6066-11e4-a52e-4f735466cecf":"f.70E92412086CE95EC28768C55B055C40.d.E37EB587E01900D4D4BA84F90022E4A0.e.122"},{"element-6066-11e4-a52e-4f735466cecf":"f.70E92412086CE95EC28768C55B055C40.d.E37EB587E01900D4D4BA84F90022E4A0.e.123"}]} | headers=HTTPHeaderDict({'Content-Length': '2135', 'Content-Type': 'application/json; charset=utf-8', 'cache-control': 'no-cache'})
2024-08-29 14:34:49 - DEBUG - Finished Request
2024-08-29 14:34:49 - DEBUG - POST http://localhost:60962/session/3aa74fbb47b57e6f5daacc9ee82e4cef/execute/sync {'script': '/* getAttribute */return (function(){return (function(){var d=this||self;function f(a,b){function c(...', 'args': [{'element-6066-11e4-a52e-4f735466cecf': 'f.70E92412086CE95EC28768C55B055C40.d.E37EB587E01900D4D4BA84F90022E4A0.e.106'}, 'id']}
2024-08-29 14:34:49 - DEBUG - http://localhost:60962 "POST /session/3aa74fbb47b57e6f5daacc9ee82e4cef/execute/sync HTTP/1.1" 200 36
2024-08-29 14:34:49 - DEBUG - Remote response: status=200 | data={"value":"prod-itemlist-0010922143"} | headers=HTTPHeaderDict({'Content-Length': '36', 'Content-Type': 'application/json; charset=utf-8', 'cache-control': 'no-cache'})
2024-08-29 14:34:49 - DEBUG - Finished Request
2024-08-29 14:34:49 - DEBUG - POST http://localhost:60962/session/3aa74fbb47b57e6f5daacc9ee82e4cef/element/f.70E92412086CE95EC28768C55B055C40.d.E37EB587E01900D4D4BA84F90022E4A0.e.106/element {'using': 'css selector', 'value': 'h4 a'}
2024-08-29 14:34:49 - DEBUG - http://localhost:60962 "POST /session/3aa74fbb47b57e6f5daacc9ee82e4cef/element/f.70E92412086CE95EC28768C55B055C40.d.E37EB587E01900D4D4BA84F90022E4A0.e.106/element HTTP/1.1" 200 127
2024-08-29 14:34:49 - DEBUG - Remote response: status=200 | data={"value":{"element-6066-11e4-a52e-4f735466cecf":"f.70E92412086CE95EC28768C55B055C40.d.E37EB587E01900D4D4BA84F90022E4A0.e.124"}} | headers=HTTPHeaderDict({'Content-Length': '127', 'Content-Type': 'application/json; charset=utf-8', 'cache-control': 'no-cache'})
2024-08-29 14:34:49 - DEBUG - Finished Request
2024-08-29 14:34:49 - DEBUG - GET http://localhost:60962/session/3aa74fbb47b57e6f5daacc9ee82e4cef/element/f.70E92412086CE95EC28768C55B055C40.d.E37EB587E01900D4D4BA84F90022E4A0.e.124/text {}
2024-08-29 14:34:49 - DEBUG - http://localhost:60962 "GET /session/3aa74fbb47b57e6f5daacc9ee82e4cef/element/f.70E92412086CE95EC28768C55B055C40.d.E37EB587E01900D4D4BA84F90022E4A0.e.124/text HTTP/1.1" 200 156
2024-08-29 14:34:49 - DEBUG - Remote response: status=200 | data={"value":"卡片盒筆記：最高效思考筆記術，德國教授超強秘技，促進寫作、學習與思考，使你洞見源源不斷，成為專家"} | headers=HTTPHeaderDict({'Content-Length': '156', 'Content-Type': 'application/json; charset=utf-8', 'cache-control': 'no-cache'})
2024-08-29 14:34:49 - DEBUG - Finished Request
2024-08-29 14:34:49 - DEBUG - POST http://localhost:60962/session/3aa74fbb47b57e6f5daacc9ee82e4cef/element/f.70E92412086CE95EC28768C55B055C40.d.E37EB587E01900D4D4BA84F90022E4A0.e.106/element {'using': 'css selector', 'value': 'ul.price li b:last-child'}
2024-08-29 14:34:49 - DEBUG - http://localhost:60962 "POST /session/3aa74fbb47b57e6f5daacc9ee82e4cef/element/f.70E92412086CE95EC28768C55B055C40.d.E37EB587E01900D4D4BA84F90022E4A0.e.106/element HTTP/1.1" 200 127
2024-08-29 14:34:49 - DEBUG - Remote response: status=200 | data={"value":{"element-6066-11e4-a52e-4f735466cecf":"f.70E92412086CE95EC28768C55B055C40.d.E37EB587E01900D4D4BA84F90022E4A0.e.125"}} | headers=HTTPHeaderDict({'Content-Length': '127', 'Content-Type': 'application/json; charset=utf-8', 'cache-control': 'no-cache'})
2024-08-29 14:34:49 - DEBUG - Finished Request
2024-08-29 14:34:49 - DEBUG - GET http://localhost:60962/session/3aa74fbb47b57e6f5daacc9ee82e4cef/element/f.70E92412086CE95EC28768C55B055C40.d.E37EB587E01900D4D4BA84F90022E4A0.e.125/text {}
2024-08-29 14:34:49 - DEBUG - http://localhost:60962 "GET /session/3aa74fbb47b57e6f5daacc9ee82e4cef/element/f.70E92412086CE95EC28768C55B055C40.d.E37EB587E01900D4D4BA84F90022E4A0.e.125/text HTTP/1.1" 200 15
2024-08-29 14:34:49 - DEBUG - Remote response: status=200 | data={"value":"315"} | headers=HTTPHeaderDict({'Content-Length': '15', 'Content-Type': 'application/json; charset=utf-8', 'cache-control': 'no-cache'})
2024-08-29 14:34:49 - DEBUG - Finished Request
2024-08-29 14:34:49 - DEBUG - 找到書籍 1: 卡片盒筆記：最高效思考筆記術，德國教授超強秘技，促進寫作、學習與思考，使你洞見源源不斷，成為專家, 價格: 315, 商品代碼: 0010922143
2024-08-29 14:34:49 - DEBUG - POST http://localhost:60962/session/3aa74fbb47b57e6f5daacc9ee82e4cef/execute/sync {'script': '/* getAttribute */return (function(){return (function(){var d=this||self;function f(a,b){function c(...', 'args': [{'element-6066-11e4-a52e-4f735466cecf': 'f.70E92412086CE95EC28768C55B055C40.d.E37EB587E01900D4D4BA84F90022E4A0.e.107'}, 'id']}
2024-08-29 14:34:49 - DEBUG - http://localhost:60962 "POST /session/3aa74fbb47b57e6f5daacc9ee82e4cef/execute/sync HTTP/1.1" 200 36
2024-08-29 14:34:49 - DEBUG - Remote response: status=200 | data={"value":"prod-itemlist-0010962277"} | headers=HTTPHeaderDict({'Content-Length': '36', 'Content-Type': 'application/json; charset=utf-8', 'cache-control': 'no-cache'})
2024-08-29 14:34:49 - DEBUG - Finished Request
2024-08-29 14:34:49 - DEBUG - POST http://localhost:60962/session/3aa74fbb47b57e6f5daacc9ee82e4cef/element/f.70E92412086CE95EC28768C55B055C40.d.E37EB587E01900D4D4BA84F90022E4A0.e.107/element {'using': 'css selector', 'value': 'h4 a'}
2024-08-29 14:34:49 - DEBUG - http://localhost:60962 "POST /session/3aa74fbb47b57e6f5daacc9ee82e4cef/element/f.70E92412086CE95EC28768C55B055C40.d.E37EB587E01900D4D4BA84F90022E4A0.e.107/element HTTP/1.1" 200 127
2024-08-29 14:34:49 - DEBUG - Remote response: status=200 | data={"value":{"element-6066-11e4-a52e-4f735466cecf":"f.70E92412086CE95EC28768C55B055C40.d.E37EB587E01900D4D4BA84F90022E4A0.e.126"}} | headers=HTTPHeaderDict({'Content-Length': '127', 'Content-Type': 'application/json; charset=utf-8', 'cache-control': 'no-cache'})
2024-08-29 14:34:49 - DEBUG - Finished Request
2024-08-29 14:34:49 - DEBUG - GET http://localhost:60962/session/3aa74fbb47b57e6f5daacc9ee82e4cef/element/f.70E92412086CE95EC28768C55B055C40.d.E37EB587E01900D4D4BA84F90022E4A0.e.126/text {}
2024-08-29 14:34:49 - DEBUG - http://localhost:60962 "GET /session/3aa74fbb47b57e6f5daacc9ee82e4cef/element/f.70E92412086CE95EC28768C55B055C40.d.E37EB587E01900D4D4BA84F90022E4A0.e.126/text HTTP/1.1" 200 81
2024-08-29 14:34:49 - DEBUG - Remote response: status=200 | data={"value":"知識複利筆記術：卡片盒筆記法的數位應用實戰指南"} | headers=HTTPHeaderDict({'Content-Length': '81', 'Content-Type': 'application/json; charset=utf-8', 'cache-control': 'no-cache'})
2024-08-29 14:34:49 - DEBUG - Finished Request
2024-08-29 14:34:49 - DEBUG - POST http://localhost:60962/session/3aa74fbb47b57e6f5daacc9ee82e4cef/element/f.70E92412086CE95EC28768C55B055C40.d.E37EB587E01900D4D4BA84F90022E4A0.e.107/element {'using': 'css selector', 'value': 'ul.price li b:last-child'}
2024-08-29 14:34:49 - DEBUG - http://localhost:60962 "POST /session/3aa74fbb47b57e6f5daacc9ee82e4cef/element/f.70E92412086CE95EC28768C55B055C40.d.E37EB587E01900D4D4BA84F90022E4A0.e.107/element HTTP/1.1" 200 127
2024-08-29 14:34:49 - DEBUG - Remote response: status=200 | data={"value":{"element-6066-11e4-a52e-4f735466cecf":"f.70E92412086CE95EC28768C55B055C40.d.E37EB587E01900D4D4BA84F90022E4A0.e.127"}} | headers=HTTPHeaderDict({'Content-Length': '127', 'Content-Type': 'application/json; charset=utf-8', 'cache-control': 'no-cache'})
2024-08-29 14:34:49 - DEBUG - Finished Request
2024-08-29 14:34:49 - DEBUG - GET http://localhost:60962/session/3aa74fbb47b57e6f5daacc9ee82e4cef/element/f.70E92412086CE95EC28768C55B055C40.d.E37EB587E01900D4D4BA84F90022E4A0.e.127/text {}
2024-08-29 14:34:49 - DEBUG - http://localhost:60962 "GET /session/3aa74fbb47b57e6f5daacc9ee82e4cef/element/f.70E92412086CE95EC28768C55B055C40.d.E37EB587E01900D4D4BA84F90022E4A0.e.127/text HTTP/1.1" 200 15
2024-08-29 14:34:49 - DEBUG - Remote response: status=200 | data={"value":"285"} | headers=HTTPHeaderDict({'Content-Length': '15', 'Content-Type': 'application/json; charset=utf-8', 'cache-control': 'no-cache'})
2024-08-29 14:34:49 - DEBUG - Finished Request
2024-08-29 14:34:49 - DEBUG - 找到書籍 2: 知識複利筆記術：卡片盒筆記法的數位應用實戰指南, 價格: 285, 商品代碼: 0010962277
2024-08-29 14:34:49 - DEBUG - DELETE http://localhost:60962/session/3aa74fbb47b57e6f5daacc9ee82e4cef {}
2024-08-29 14:34:49 - DEBUG - http://localhost:60962 "DELETE /session/3aa74fbb47b57e6f5daacc9ee82e4cef HTTP/1.1" 200 14
2024-08-29 14:34:49 - DEBUG - Remote response: status=200 | data={"value":null} | headers=HTTPHeaderDict({'Content-Length': '14', 'Content-Type': 'application/json; charset=utf-8', 'cache-control': 'no-cache'})
2024-08-29 14:34:49 - DEBUG - Finished Request
2024-08-29 14:34:55 - DEBUG - Selenium Manager binary found at: C:\Users\Mars\AppData\Local\Programs\Python\Python312\Lib\site-packages\selenium\webdriver\common\windows\selenium-manager.exe
2024-08-29 14:34:55 - DEBUG - Executing process: C:\Users\Mars\AppData\Local\Programs\Python\Python312\Lib\site-packages\selenium\webdriver\common\windows\selenium-manager.exe --browser chrome --debug --language-binding python --output json
2024-08-29 14:34:55 - DEBUG - chromedriver not found in PATH
2024-08-29 14:34:55 - DEBUG - chrome detected at C:\Program Files\Google\Chrome\Application\chrome.exe
2024-08-29 14:34:55 - DEBUG - Running command: wmic datafile where name='C:\\Program Files\\Google\\Chrome\\Application\\chrome.exe' get Version /value
2024-08-29 14:34:55 - DEBUG - Output: ""
2024-08-29 14:34:55 - DEBUG - Running command: REG QUERY HKCU\Software\Google\Chrome\BLBeacon /v version
2024-08-29 14:34:55 - DEBUG - Output: ""
2024-08-29 14:34:55 - DEBUG - chrome not found in the system
2024-08-29 14:34:55 - DEBUG - Required browser: chrome 128.0.6613.86
2024-08-29 14:34:55 - DEBUG - chrome 128.0.6613.86 already exists
2024-08-29 14:34:55 - DEBUG - chrome 128.0.6613.86 is available at C:\Users\Mars\.cache\selenium\chrome\win64\128.0.6613.86\chrome.exe
2024-08-29 14:34:55 - DEBUG - Required driver: chromedriver 128.0.6613.86
2024-08-29 14:34:55 - DEBUG - chromedriver 128.0.6613.86 already in the cache
2024-08-29 14:34:55 - DEBUG - Driver path: C:\Users\Mars\.cache\selenium\chromedriver\win64\128.0.6613.86\chromedriver.exe
2024-08-29 14:34:55 - DEBUG - Browser path: C:\Users\Mars\.cache\selenium\chrome\win64\128.0.6613.86\chrome.exe
2024-08-29 14:34:55 - DEBUG - Started executable: `C:\Users\Mars\.cache\selenium\chromedriver\win64\128.0.6613.86\chromedriver.exe` in a child process with pid: 48440 using 0 to output -3
2024-08-29 14:34:56 - DEBUG - POST http://localhost:50760/session {'capabilities': {'firstMatch': [{}], 'alwaysMatch': {'browserName': 'chrome', 'pageLoadStrategy': <PageLoadStrategy.normal: 'normal'>, 'browserVersion': None, 'goog:chromeOptions': {'extensions': [], 'binary': 'C:\\Users\\Mars\\.cache\\selenium\\chrome\\win64\\128.0.6613.86\\chrome.exe', 'args': ['--headless', '--disable-gpu', '--no-sandbox', '--disable-dev-shm-usage', 'user-agent=Mozilla/5.0 (Windows NT 10.0; Win64; x64) AppleWebKit/537.36 (KHTML, like Gecko) Chrome/91.0.4472.124 Safari/537.36']}}}}
2024-08-29 14:34:56 - DEBUG - Starting new HTTP connection (1): localhost:50760
2024-08-29 14:34:56 - DEBUG - http://localhost:50760 "POST /session HTTP/1.1" 200 881
2024-08-29 14:34:56 - DEBUG - Remote response: status=200 | data={"value":{"capabilities":{"acceptInsecureCerts":false,"browserName":"chrome","browserVersion":"128.0.6613.86","chrome":{"chromedriverVersion":"128.0.6613.86 (3045ed680fdab64f784f3b366cfe74adbdf6ff01-refs/branch-heads/6613@{#1337})","userDataDir":"C:\\Users\\Mars\\AppData\\Local\\Temp\\scoped_dir48440_2021295201"},"fedcm:accounts":true,"goog:chromeOptions":{"debuggerAddress":"localhost:50766"},"networkConnectionEnabled":false,"pageLoadStrategy":"normal","platformName":"windows","proxy":{},"setWindowRect":true,"strictFileInteractability":false,"timeouts":{"implicit":0,"pageLoad":300000,"script":30000},"unhandledPromptBehavior":"dismiss and notify","webauthn:extension:credBlob":true,"webauthn:extension:largeBlob":true,"webauthn:extension:minPinLength":true,"webauthn:extension:prf":true,"webauthn:virtualAuthenticators":true},"sessionId":"de6fd197c8649d76fb2af2d3a15bd670"}} | headers=HTTPHeaderDict({'Content-Length': '881', 'Content-Type': 'application/json; charset=utf-8', 'cache-control': 'no-cache'})
2024-08-29 14:34:56 - DEBUG - Finished Request
2024-08-29 14:34:56 - DEBUG - POST http://localhost:50760/session/de6fd197c8649d76fb2af2d3a15bd670/timeouts {'pageLoad': 30000}
2024-08-29 14:34:56 - DEBUG - http://localhost:50760 "POST /session/de6fd197c8649d76fb2af2d3a15bd670/timeouts HTTP/1.1" 200 14
2024-08-29 14:34:56 - DEBUG - Remote response: status=200 | data={"value":null} | headers=HTTPHeaderDict({'Content-Length': '14', 'Content-Type': 'application/json; charset=utf-8', 'cache-control': 'no-cache'})
2024-08-29 14:34:56 - DEBUG - Finished Request
2024-08-29 14:34:56 - DEBUG - 初始化 WebDriver 完成
2024-08-29 14:34:56 - DEBUG - 開始搜索關鍵字: 卡片盒筆記
2024-08-29 14:34:56 - DEBUG - POST http://localhost:50760/session/de6fd197c8649d76fb2af2d3a15bd670/url {'url': 'https://www.momoshop.com.tw/search/searchShop.jsp?keyword=卡片盒筆記&searchType=1&curPage=1&showType=ches...'}
2024-08-29 14:34:59 - DEBUG - http://localhost:50760 "POST /session/de6fd197c8649d76fb2af2d3a15bd670/url HTTP/1.1" 200 14
2024-08-29 14:34:59 - DEBUG - Remote response: status=200 | data={"value":null} | headers=HTTPHeaderDict({'Content-Length': '14', 'Content-Type': 'application/json; charset=utf-8', 'cache-control': 'no-cache'})
2024-08-29 14:34:59 - DEBUG - Finished Request
2024-08-29 14:34:59 - DEBUG - POST http://localhost:50760/session/de6fd197c8649d76fb2af2d3a15bd670/element {'using': 'css selector', 'value': 'li[gcode]'}
2024-08-29 14:34:59 - DEBUG - http://localhost:50760 "POST /session/de6fd197c8649d76fb2af2d3a15bd670/element HTTP/1.1" 200 126
2024-08-29 14:34:59 - DEBUG - Remote response: status=200 | data={"value":{"element-6066-11e4-a52e-4f735466cecf":"f.8AC68345C5B9FDACC96E83DE7BF57C97.d.E1DE3274F04D1258A05AE4EA9D20206E.e.76"}} | headers=HTTPHeaderDict({'Content-Length': '126', 'Content-Type': 'application/json; charset=utf-8', 'cache-control': 'no-cache'})
2024-08-29 14:34:59 - DEBUG - Finished Request
2024-08-29 14:34:59 - DEBUG - POST http://localhost:50760/session/de6fd197c8649d76fb2af2d3a15bd670/elements {'using': 'css selector', 'value': 'li[gcode]'}
2024-08-29 14:34:59 - DEBUG - http://localhost:50760 "POST /session/de6fd197c8649d76fb2af2d3a15bd670/elements HTTP/1.1" 200 1064
2024-08-29 14:34:59 - DEBUG - Remote response: status=200 | data={"value":[{"element-6066-11e4-a52e-4f735466cecf":"f.8AC68345C5B9FDACC96E83DE7BF57C97.d.E1DE3274F04D1258A05AE4EA9D20206E.e.76"},{"element-6066-11e4-a52e-4f735466cecf":"f.8AC68345C5B9FDACC96E83DE7BF57C97.d.E1DE3274F04D1258A05AE4EA9D20206E.e.77"},{"element-6066-11e4-a52e-4f735466cecf":"f.8AC68345C5B9FDACC96E83DE7BF57C97.d.E1DE3274F04D1258A05AE4EA9D20206E.e.78"},{"element-6066-11e4-a52e-4f735466cecf":"f.8AC68345C5B9FDACC96E83DE7BF57C97.d.E1DE3274F04D1258A05AE4EA9D20206E.e.79"},{"element-6066-11e4-a52e-4f735466cecf":"f.8AC68345C5B9FDACC96E83DE7BF57C97.d.E1DE3274F04D1258A05AE4EA9D20206E.e.80"},{"element-6066-11e4-a52e-4f735466cecf":"f.8AC68345C5B9FDACC96E83DE7BF57C97.d.E1DE3274F04D1258A05AE4EA9D20206E.e.81"},{"element-6066-11e4-a52e-4f735466cecf":"f.8AC68345C5B9FDACC96E83DE7BF57C97.d.E1DE3274F04D1258A05AE4EA9D20206E.e.82"},{"element-6066-11e4-a52e-4f735466cecf":"f.8AC68345C5B9FDACC96E83DE7BF57C97.d.E1DE3274F04D1258A05AE4EA9D20206E.e.83"},{"element-6066-11e4-a52e-4f735466cecf":"f.8AC68345C5B9FDACC96E83DE7BF57C97.d.E1DE3274F04D1258A05AE4EA9D20206E.e.84"}]} | headers=HTTPHeaderDict({'Content-Length': '1064', 'Content-Type': 'application/json; charset=utf-8', 'cache-control': 'no-cache'})
2024-08-29 14:34:59 - DEBUG - Finished Request
2024-08-29 14:34:59 - DEBUG - POST http://localhost:50760/session/de6fd197c8649d76fb2af2d3a15bd670/execute/sync {'script': '/* getAttribute */return (function(){return (function(){var d=this||self;function f(a,b){function c(...', 'args': [{'element-6066-11e4-a52e-4f735466cecf': 'f.8AC68345C5B9FDACC96E83DE7BF57C97.d.E1DE3274F04D1258A05AE4EA9D20206E.e.76'}, 'gcode']}
2024-08-29 14:34:59 - DEBUG - http://localhost:50760 "POST /session/de6fd197c8649d76fb2af2d3a15bd670/execute/sync HTTP/1.1" 200 20
2024-08-29 14:34:59 - DEBUG - Remote response: status=200 | data={"value":"10014702"} | headers=HTTPHeaderDict({'Content-Length': '20', 'Content-Type': 'application/json; charset=utf-8', 'cache-control': 'no-cache'})
2024-08-29 14:34:59 - DEBUG - Finished Request
2024-08-29 14:34:59 - DEBUG - POST http://localhost:50760/session/de6fd197c8649d76fb2af2d3a15bd670/element/f.8AC68345C5B9FDACC96E83DE7BF57C97.d.E1DE3274F04D1258A05AE4EA9D20206E.e.76/element {'using': 'css selector', 'value': '.prdName'}
2024-08-29 14:34:59 - DEBUG - http://localhost:50760 "POST /session/de6fd197c8649d76fb2af2d3a15bd670/element/f.8AC68345C5B9FDACC96E83DE7BF57C97.d.E1DE3274F04D1258A05AE4EA9D20206E.e.76/element HTTP/1.1" 200 126
2024-08-29 14:34:59 - DEBUG - Remote response: status=200 | data={"value":{"element-6066-11e4-a52e-4f735466cecf":"f.8AC68345C5B9FDACC96E83DE7BF57C97.d.E1DE3274F04D1258A05AE4EA9D20206E.e.85"}} | headers=HTTPHeaderDict({'Content-Length': '126', 'Content-Type': 'application/json; charset=utf-8', 'cache-control': 'no-cache'})
2024-08-29 14:34:59 - DEBUG - Finished Request
2024-08-29 14:34:59 - DEBUG - GET http://localhost:50760/session/de6fd197c8649d76fb2af2d3a15bd670/element/f.8AC68345C5B9FDACC96E83DE7BF57C97.d.E1DE3274F04D1258A05AE4EA9D20206E.e.85/text {}
2024-08-29 14:35:00 - DEBUG - http://localhost:50760 "GET /session/de6fd197c8649d76fb2af2d3a15bd670/element/f.8AC68345C5B9FDACC96E83DE7BF57C97.d.E1DE3274F04D1258A05AE4EA9D20206E.e.85/text HTTP/1.1" 200 114
2024-08-29 14:35:00 - DEBUG - Remote response: status=200 | data={"value":"卡片盒筆記：最高效思考筆記術，德國教授超強秘技，促進寫作、學習與思考"} | headers=HTTPHeaderDict({'Content-Length': '114', 'Content-Type': 'application/json; charset=utf-8', 'cache-control': 'no-cache'})
2024-08-29 14:35:00 - DEBUG - Finished Request
2024-08-29 14:35:00 - DEBUG - 找到書籍 1: 卡片盒筆記：最高效思考筆記術，德國教授超強秘技，促進寫作、學習與思考
2024-08-29 14:35:00 - DEBUG - POST http://localhost:50760/session/de6fd197c8649d76fb2af2d3a15bd670/execute/sync {'script': '/* getAttribute */return (function(){return (function(){var d=this||self;function f(a,b){function c(...', 'args': [{'element-6066-11e4-a52e-4f735466cecf': 'f.8AC68345C5B9FDACC96E83DE7BF57C97.d.E1DE3274F04D1258A05AE4EA9D20206E.e.77'}, 'gcode']}
2024-08-29 14:35:00 - DEBUG - http://localhost:50760 "POST /session/de6fd197c8649d76fb2af2d3a15bd670/execute/sync HTTP/1.1" 200 20
2024-08-29 14:35:00 - DEBUG - Remote response: status=200 | data={"value":"11604501"} | headers=HTTPHeaderDict({'Content-Length': '20', 'Content-Type': 'application/json; charset=utf-8', 'cache-control': 'no-cache'})
2024-08-29 14:35:00 - DEBUG - Finished Request
2024-08-29 14:35:00 - DEBUG - POST http://localhost:50760/session/de6fd197c8649d76fb2af2d3a15bd670/element/f.8AC68345C5B9FDACC96E83DE7BF57C97.d.E1DE3274F04D1258A05AE4EA9D20206E.e.77/element {'using': 'css selector', 'value': '.prdName'}
2024-08-29 14:35:00 - DEBUG - http://localhost:50760 "POST /session/de6fd197c8649d76fb2af2d3a15bd670/element/f.8AC68345C5B9FDACC96E83DE7BF57C97.d.E1DE3274F04D1258A05AE4EA9D20206E.e.77/element HTTP/1.1" 200 126
2024-08-29 14:35:00 - DEBUG - Remote response: status=200 | data={"value":{"element-6066-11e4-a52e-4f735466cecf":"f.8AC68345C5B9FDACC96E83DE7BF57C97.d.E1DE3274F04D1258A05AE4EA9D20206E.e.86"}} | headers=HTTPHeaderDict({'Content-Length': '126', 'Content-Type': 'application/json; charset=utf-8', 'cache-control': 'no-cache'})
2024-08-29 14:35:00 - DEBUG - Finished Request
2024-08-29 14:35:00 - DEBUG - GET http://localhost:50760/session/de6fd197c8649d76fb2af2d3a15bd670/element/f.8AC68345C5B9FDACC96E83DE7BF57C97.d.E1DE3274F04D1258A05AE4EA9D20206E.e.86/text {}
2024-08-29 14:35:00 - DEBUG - http://localhost:50760 "GET /session/de6fd197c8649d76fb2af2d3a15bd670/element/f.8AC68345C5B9FDACC96E83DE7BF57C97.d.E1DE3274F04D1258A05AE4EA9D20206E.e.86/text HTTP/1.1" 200 81
2024-08-29 14:35:00 - DEBUG - Remote response: status=200 | data={"value":"知識複利筆記術：卡片盒筆記法的數位應用實戰指南"} | headers=HTTPHeaderDict({'Content-Length': '81', 'Content-Type': 'application/json; charset=utf-8', 'cache-control': 'no-cache'})
2024-08-29 14:35:00 - DEBUG - Finished Request
2024-08-29 14:35:00 - DEBUG - 找到書籍 2: 知識複利筆記術：卡片盒筆記法的數位應用實戰指南
2024-08-29 14:35:00 - DEBUG - 正在關閉瀏覽器
2024-08-29 14:35:00 - DEBUG - DELETE http://localhost:50760/session/de6fd197c8649d76fb2af2d3a15bd670 {}
2024-08-29 14:35:00 - DEBUG - http://localhost:50760 "DELETE /session/de6fd197c8649d76fb2af2d3a15bd670 HTTP/1.1" 200 14
2024-08-29 14:35:00 - DEBUG - Remote response: status=200 | data={"value":null} | headers=HTTPHeaderDict({'Content-Length': '14', 'Content-Type': 'application/json; charset=utf-8', 'cache-control': 'no-cache'})
2024-08-29 14:35:00 - DEBUG - Finished Request
2024-08-29 14:35:02 - DEBUG - 瀏覽器已關閉
2024-08-29 14:35:06 - INFO - Books: 卡片盒筆記：最高效思考筆記術，德國教授超強秘技，促進寫作、學習與思考，使你洞見源源不斷，成為專家, URL: https://www.books.com.tw/products/0010922143?utm_source=shamangels&utm_medium=ap-books&utm_content=recommend&utm_campaign=ap-202408
2024-08-29 14:35:06 - INFO - Momo: 卡片盒筆記：最高效思考筆記術，德國教授超強秘技，促進寫作、學習與思考, URL: https://www.momoshop.com.tw/goods/GoodsDetail.jsp?i_code=10014702&memid=6000021729&cid=apuad&oid=1&osm=league
2024-08-29 14:35:06 - INFO - 開始更新購書連結
2024-08-29 14:35:06 - INFO - 購書連結更新完成
2024-08-29 14:35:06 - INFO - 更新閱讀列表
2024-08-29 14:35:06 - INFO - 書評文件處理完成
2024-08-29 14:37:23 - INFO - 成功加載配置文件
2024-08-29 14:37:23 - INFO - 1. D:\marskingx.github.io\content\blog\2024-08-29【書單】《卡片盒筆記》閱讀心得.md
2024-08-29 14:37:23 - INFO - 2. D:\marskingx.github.io\content\blog\2024-08-15【書單】《王永福》閱讀心得.md
2024-08-29 14:37:23 - INFO - 3. D:\marskingx.github.io\content\blog\2024-08-21【EP26】為什麼股票下跌的痛苦大過於股票上漲時的快樂.md
2024-08-29 14:37:23 - INFO - 4. D:\marskingx.github.io\content\blog\2024-08-16【投資】2024 QQQ完整分析介紹，誰又適合投資QQQ.md
2024-08-29 14:37:23 - INFO - 5. D:\marskingx.github.io\content\blog\2024-08-19【理財】財務規劃怎麼做 一張圖完整告訴你!.md
2024-08-29 14:37:23 - INFO - 6. D:\marskingx.github.io\content\blog\2024-08-14【EP25】如何擁有好的投資心態，又過了一次回憶無窮的父親節.md
2024-08-29 14:37:23 - INFO - 7. D:\marskingx.github.io\content\blog\2024-08-15【書單】《極客之道》閱讀心得.md
2024-08-29 14:37:23 - INFO - 8. D:\marskingx.github.io\content\blog\2024-08-14【投資】2024 VTI完整分析，誰適合投資VTI.md
2024-08-29 14:37:23 - INFO - 9. D:\marskingx.github.io\content\blog\2024-08-07【EP24】台股下跌!刀刀見股!不要問!問就是買!歡慶麟洋金牌!股票大特賣!.md
2024-08-29 14:37:23 - INFO - 10. D:\marskingx.github.io\content\blog\2024-07-24【EP23】取乎其上，得乎其中。認識財務規劃的基礎3報表.md
2024-08-29 14:37:24 - INFO - 從文件 D:\marskingx.github.io\content\blog\2024-08-29【書單】《卡片盒筆記》閱讀心得.md 內容中提取到類別: tags:
2024-08-29 14:37:24 - ERROR - 沒有對應的處理器用於類別: tags:
