2024-08-14 05:34:24 - INFO - 成功加載配置文件
2024-08-14 05:34:24 - INFO - 1. D:\marskingx.github.io\content\blog\2024-08-14【投資】2024 VTI完整分析，誰適合投資VTI.md
2024-08-14 05:34:24 - INFO - 2. D:\marskingx.github.io\content\blog\2024-08-07【EP24】台股下跌!刀刀見股!不要問!問就是買!歡慶麟洋金牌!股票大特賣!.md
2024-08-14 05:34:24 - INFO - 3. D:\marskingx.github.io\content\blog\2024-07-24【EP23】取乎其上，得乎其中。認識財務規劃的基礎3報表.md
2024-08-14 05:34:24 - INFO - 4. D:\marskingx.github.io\content\blog\2024-08-03【書單】《商業簡史 》閱讀心得.md
2024-08-14 05:34:24 - INFO - 5. D:\marskingx.github.io\content\blog\2024-07-22【書單】《開始分心，就是要變強了》閱讀心得.md
2024-08-14 05:34:24 - INFO - 6. D:\marskingx.github.io\content\blog\2024-08-01【理財】退休金沒有想像中的不夠，只要你現在開始投資，6個步驟開始你的退休金規劃！.md
2024-08-14 05:34:24 - INFO - 7. D:\marskingx.github.io\content\blog\2024-07-31【理財】知道多少才夠，比擁有多少錢更重要.md
2024-08-14 05:34:24 - INFO - 8. D:\marskingx.github.io\content\blog\2024-07-01【理財】3種自由都取得，才是真的財富自由：財務、時間、精神.md
2024-08-14 05:34:24 - INFO - 9. D:\marskingx.github.io\content\blog\2024-07-17【EP22】讓小孩有空間也讓自己學會珍惜時間，接著就取得3個財富自由的條件.md
2024-08-14 05:34:24 - INFO - 10. D:\marskingx.github.io\content\blog\2024-07-23【理財】個人財務規劃的3大財務報表：一張都不能少？.md
2024-08-14 05:34:28 - WARNING - 在文件 D:\marskingx.github.io\content\blog\2024-08-14【投資】2024 VTI完整分析，誰適合投資VTI.md 中未找到 YAML 前置數據
2024-08-14 05:34:28 - INFO - 開始處理金融工具: D:\marskingx.github.io\content\blog\2024-08-14【投資】2024 VTI完整分析，誰適合投資VTI.md
2024-08-14 05:34:28 - DEBUG - 成功更新 YAML 內容
2024-08-14 05:34:28 - ERROR - 寫入文件時發生錯誤: write() argument must be str, not None
2024-08-14 05:34:28 - DEBUG - 成功寫入更新後的內容到文件
2024-08-14 05:36:03 - INFO - 成功加載配置文件
2024-08-14 05:36:03 - INFO - 1. D:\marskingx.github.io\content\blog\2024-08-14【投資】2024 VTI完整分析，誰適合投資VTI.md
2024-08-14 05:36:03 - INFO - 2. D:\marskingx.github.io\content\blog\2024-08-07【EP24】台股下跌!刀刀見股!不要問!問就是買!歡慶麟洋金牌!股票大特賣!.md
2024-08-14 05:36:03 - INFO - 3. D:\marskingx.github.io\content\blog\2024-07-24【EP23】取乎其上，得乎其中。認識財務規劃的基礎3報表.md
2024-08-14 05:36:03 - INFO - 4. D:\marskingx.github.io\content\blog\2024-08-03【書單】《商業簡史 》閱讀心得.md
2024-08-14 05:36:03 - INFO - 5. D:\marskingx.github.io\content\blog\2024-07-22【書單】《開始分心，就是要變強了》閱讀心得.md
2024-08-14 05:36:03 - INFO - 6. D:\marskingx.github.io\content\blog\2024-08-01【理財】退休金沒有想像中的不夠，只要你現在開始投資，6個步驟開始你的退休金規劃！.md
2024-08-14 05:36:03 - INFO - 7. D:\marskingx.github.io\content\blog\2024-07-31【理財】知道多少才夠，比擁有多少錢更重要.md
2024-08-14 05:36:03 - INFO - 8. D:\marskingx.github.io\content\blog\2024-07-01【理財】3種自由都取得，才是真的財富自由：財務、時間、精神.md
2024-08-14 05:36:03 - INFO - 9. D:\marskingx.github.io\content\blog\2024-07-17【EP22】讓小孩有空間也讓自己學會珍惜時間，接著就取得3個財富自由的條件.md
2024-08-14 05:36:03 - INFO - 10. D:\marskingx.github.io\content\blog\2024-07-23【理財】個人財務規劃的3大財務報表：一張都不能少？.md
2024-08-14 05:36:04 - WARNING - 在文件 D:\marskingx.github.io\content\blog\2024-08-14【投資】2024 VTI完整分析，誰適合投資VTI.md 中未找到 YAML 前置數據
2024-08-14 05:36:04 - INFO - 開始處理金融工具: D:\marskingx.github.io\content\blog\2024-08-14【投資】2024 VTI完整分析，誰適合投資VTI.md
2024-08-14 05:36:04 - DEBUG - 成功更新 YAML 內容
2024-08-14 05:36:04 - ERROR - 寫入文件時發生錯誤: write() argument must be str, not None
2024-08-14 05:36:04 - DEBUG - 成功寫入更新後的內容到文件
2024-08-14 05:40:09 - INFO - 成功加載配置文件
2024-08-14 05:40:09 - INFO - 1. D:\marskingx.github.io\content\blog\2024-08-14【投資】2024 VTI完整分析，誰適合投資VTI.md
2024-08-14 05:40:09 - INFO - 2. D:\marskingx.github.io\content\blog\2024-08-07【EP24】台股下跌!刀刀見股!不要問!問就是買!歡慶麟洋金牌!股票大特賣!.md
2024-08-14 05:40:09 - INFO - 3. D:\marskingx.github.io\content\blog\2024-07-24【EP23】取乎其上，得乎其中。認識財務規劃的基礎3報表.md
2024-08-14 05:40:09 - INFO - 4. D:\marskingx.github.io\content\blog\2024-08-03【書單】《商業簡史 》閱讀心得.md
2024-08-14 05:40:09 - INFO - 5. D:\marskingx.github.io\content\blog\2024-07-22【書單】《開始分心，就是要變強了》閱讀心得.md
2024-08-14 05:40:09 - INFO - 6. D:\marskingx.github.io\content\blog\2024-08-01【理財】退休金沒有想像中的不夠，只要你現在開始投資，6個步驟開始你的退休金規劃！.md
2024-08-14 05:40:09 - INFO - 7. D:\marskingx.github.io\content\blog\2024-07-31【理財】知道多少才夠，比擁有多少錢更重要.md
2024-08-14 05:40:09 - INFO - 8. D:\marskingx.github.io\content\blog\2024-07-01【理財】3種自由都取得，才是真的財富自由：財務、時間、精神.md
2024-08-14 05:40:09 - INFO - 9. D:\marskingx.github.io\content\blog\2024-07-17【EP22】讓小孩有空間也讓自己學會珍惜時間，接著就取得3個財富自由的條件.md
2024-08-14 05:40:09 - INFO - 10. D:\marskingx.github.io\content\blog\2024-07-23【理財】個人財務規劃的3大財務報表：一張都不能少？.md
2024-08-14 05:40:13 - WARNING - 在文件 D:\marskingx.github.io\content\blog\2024-08-14【投資】2024 VTI完整分析，誰適合投資VTI.md 中未找到 YAML 前置數據
2024-08-14 05:40:13 - INFO - 開始處理金融工具: D:\marskingx.github.io\content\blog\2024-08-14【投資】2024 VTI完整分析，誰適合投資VTI.md
2024-08-14 05:40:13 - DEBUG - 成功更新 YAML 內容
2024-08-14 05:40:13 - ERROR - 寫入文件時發生錯誤: write() argument must be str, not None
2024-08-14 05:40:13 - DEBUG - 成功寫入更新後的內容到文件
2024-08-14 05:43:53 - INFO - 成功加載配置文件
2024-08-14 05:43:53 - INFO - 1. D:\marskingx.github.io\content\blog\2024-08-14【投資】2024 VTI完整分析，誰適合投資VTI.md
2024-08-14 05:43:53 - INFO - 2. D:\marskingx.github.io\content\blog\2024-08-07【EP24】台股下跌!刀刀見股!不要問!問就是買!歡慶麟洋金牌!股票大特賣!.md
2024-08-14 05:43:53 - INFO - 3. D:\marskingx.github.io\content\blog\2024-07-24【EP23】取乎其上，得乎其中。認識財務規劃的基礎3報表.md
2024-08-14 05:43:53 - INFO - 4. D:\marskingx.github.io\content\blog\2024-08-03【書單】《商業簡史 》閱讀心得.md
2024-08-14 05:43:53 - INFO - 5. D:\marskingx.github.io\content\blog\2024-07-22【書單】《開始分心，就是要變強了》閱讀心得.md
2024-08-14 05:43:53 - INFO - 6. D:\marskingx.github.io\content\blog\2024-08-01【理財】退休金沒有想像中的不夠，只要你現在開始投資，6個步驟開始你的退休金規劃！.md
2024-08-14 05:43:53 - INFO - 7. D:\marskingx.github.io\content\blog\2024-07-31【理財】知道多少才夠，比擁有多少錢更重要.md
2024-08-14 05:43:53 - INFO - 8. D:\marskingx.github.io\content\blog\2024-07-01【理財】3種自由都取得，才是真的財富自由：財務、時間、精神.md
2024-08-14 05:43:53 - INFO - 9. D:\marskingx.github.io\content\blog\2024-07-17【EP22】讓小孩有空間也讓自己學會珍惜時間，接著就取得3個財富自由的條件.md
2024-08-14 05:43:53 - INFO - 10. D:\marskingx.github.io\content\blog\2024-07-23【理財】個人財務規劃的3大財務報表：一張都不能少？.md
2024-08-14 05:43:54 - INFO - 從文件 D:\marskingx.github.io\content\blog\2024-08-14【投資】2024 VTI完整分析，誰適合投資VTI.md 內容中提取到類別: 理財工具與金融商品
2024-08-14 05:43:54 - INFO - 開始處理金融工具: D:\marskingx.github.io\content\blog\2024-08-14【投資】2024 VTI完整分析，誰適合投資VTI.md
2024-08-14 05:43:54 - DEBUG - 成功更新 YAML 內容
2024-08-14 05:43:54 - ERROR - 寫入文件時發生錯誤: write() argument must be str, not None
2024-08-14 05:43:54 - DEBUG - 成功寫入更新後的內容到文件
2024-08-14 05:48:13 - INFO - 成功加載配置文件
2024-08-14 05:48:13 - INFO - 1. D:\marskingx.github.io\content\blog\2024-08-14【投資】2024 VTI完整分析，誰適合投資VTI.md
2024-08-14 05:48:13 - INFO - 2. D:\marskingx.github.io\content\blog\2024-08-07【EP24】台股下跌!刀刀見股!不要問!問就是買!歡慶麟洋金牌!股票大特賣!.md
2024-08-14 05:48:13 - INFO - 3. D:\marskingx.github.io\content\blog\2024-07-24【EP23】取乎其上，得乎其中。認識財務規劃的基礎3報表.md
2024-08-14 05:48:13 - INFO - 4. D:\marskingx.github.io\content\blog\2024-08-03【書單】《商業簡史 》閱讀心得.md
2024-08-14 05:48:13 - INFO - 5. D:\marskingx.github.io\content\blog\2024-07-22【書單】《開始分心，就是要變強了》閱讀心得.md
2024-08-14 05:48:13 - INFO - 6. D:\marskingx.github.io\content\blog\2024-08-01【理財】退休金沒有想像中的不夠，只要你現在開始投資，6個步驟開始你的退休金規劃！.md
2024-08-14 05:48:13 - INFO - 7. D:\marskingx.github.io\content\blog\2024-07-31【理財】知道多少才夠，比擁有多少錢更重要.md
2024-08-14 05:48:13 - INFO - 8. D:\marskingx.github.io\content\blog\2024-07-01【理財】3種自由都取得，才是真的財富自由：財務、時間、精神.md
2024-08-14 05:48:13 - INFO - 9. D:\marskingx.github.io\content\blog\2024-07-17【EP22】讓小孩有空間也讓自己學會珍惜時間，接著就取得3個財富自由的條件.md
2024-08-14 05:48:13 - INFO - 10. D:\marskingx.github.io\content\blog\2024-07-23【理財】個人財務規劃的3大財務報表：一張都不能少？.md
2024-08-14 05:48:15 - INFO - 從文件 D:\marskingx.github.io\content\blog\2024-08-14【投資】2024 VTI完整分析，誰適合投資VTI.md 內容中提取到類別: 理財工具與金融商品
2024-08-14 05:48:15 - INFO - 開始處理金融工具: D:\marskingx.github.io\content\blog\2024-08-14【投資】2024 VTI完整分析，誰適合投資VTI.md
2024-08-14 05:48:15 - ERROR - 處理金融工具時發生錯誤: expected string or bytes-like object, got 'NoneType'
Traceback (most recent call last):
  File "D:\marskingx.github.io\reindex\processors\financial_tool_processor.py", line 22, in process
    self.content = self.update_yaml()
                   ^^^^^^^^^^^^^^^^^^
  File "D:\marskingx.github.io\reindex\processors\financial_tool_processor.py", line 36, in update_yaml
    yaml_match = yaml_pattern.search(self.content)
                 ^^^^^^^^^^^^^^^^^^^^^^^^^^^^^^^^^
TypeError: expected string or bytes-like object, got 'NoneType'
2024-08-14 05:49:35 - INFO - 成功加載配置文件
2024-08-14 05:49:35 - INFO - 1. D:\marskingx.github.io\content\blog\2024-08-14【投資】2024 VTI完整分析，誰適合投資VTI.md
2024-08-14 05:49:35 - INFO - 2. D:\marskingx.github.io\content\blog\2024-08-07【EP24】台股下跌!刀刀見股!不要問!問就是買!歡慶麟洋金牌!股票大特賣!.md
2024-08-14 05:49:35 - INFO - 3. D:\marskingx.github.io\content\blog\2024-07-24【EP23】取乎其上，得乎其中。認識財務規劃的基礎3報表.md
2024-08-14 05:49:35 - INFO - 4. D:\marskingx.github.io\content\blog\2024-08-03【書單】《商業簡史 》閱讀心得.md
2024-08-14 05:49:35 - INFO - 5. D:\marskingx.github.io\content\blog\2024-07-22【書單】《開始分心，就是要變強了》閱讀心得.md
2024-08-14 05:49:35 - INFO - 6. D:\marskingx.github.io\content\blog\2024-08-01【理財】退休金沒有想像中的不夠，只要你現在開始投資，6個步驟開始你的退休金規劃！.md
2024-08-14 05:49:35 - INFO - 7. D:\marskingx.github.io\content\blog\2024-07-31【理財】知道多少才夠，比擁有多少錢更重要.md
2024-08-14 05:49:35 - INFO - 8. D:\marskingx.github.io\content\blog\2024-07-01【理財】3種自由都取得，才是真的財富自由：財務、時間、精神.md
2024-08-14 05:49:35 - INFO - 9. D:\marskingx.github.io\content\blog\2024-07-17【EP22】讓小孩有空間也讓自己學會珍惜時間，接著就取得3個財富自由的條件.md
2024-08-14 05:49:35 - INFO - 10. D:\marskingx.github.io\content\blog\2024-07-23【理財】個人財務規劃的3大財務報表：一張都不能少？.md
2024-08-14 05:49:37 - INFO - 從文件 D:\marskingx.github.io\content\blog\2024-08-14【投資】2024 VTI完整分析，誰適合投資VTI.md 內容中提取到類別: 理財工具與金融商品
2024-08-14 05:49:37 - INFO - 開始處理金融工具: D:\marskingx.github.io\content\blog\2024-08-14【投資】2024 VTI完整分析，誰適合投資VTI.md
2024-08-14 05:49:37 - ERROR - 處理金融工具時發生錯誤: expected string or bytes-like object, got 'NoneType'
Traceback (most recent call last):
  File "D:\marskingx.github.io\reindex\processors\financial_tool_processor.py", line 22, in process
    self.content = self.update_yaml()
                   ^^^^^^^^^^^^^^^^^^
  File "D:\marskingx.github.io\reindex\processors\financial_tool_processor.py", line 36, in update_yaml
    yaml_match = yaml_pattern.search(self.content)
                 ^^^^^^^^^^^^^^^^^^^^^^^^^^^^^^^^^
TypeError: expected string or bytes-like object, got 'NoneType'
2024-08-14 05:53:14 - INFO - 成功加載配置文件
2024-08-14 05:53:14 - INFO - 1. D:\marskingx.github.io\content\blog\2024-08-14【投資】2024 VTI完整分析，誰適合投資VTI.md
2024-08-14 05:53:14 - INFO - 2. D:\marskingx.github.io\content\blog\2024-08-07【EP24】台股下跌!刀刀見股!不要問!問就是買!歡慶麟洋金牌!股票大特賣!.md
2024-08-14 05:53:14 - INFO - 3. D:\marskingx.github.io\content\blog\2024-07-24【EP23】取乎其上，得乎其中。認識財務規劃的基礎3報表.md
2024-08-14 05:53:14 - INFO - 4. D:\marskingx.github.io\content\blog\2024-08-03【書單】《商業簡史 》閱讀心得.md
2024-08-14 05:53:14 - INFO - 5. D:\marskingx.github.io\content\blog\2024-07-22【書單】《開始分心，就是要變強了》閱讀心得.md
2024-08-14 05:53:14 - INFO - 6. D:\marskingx.github.io\content\blog\2024-08-01【理財】退休金沒有想像中的不夠，只要你現在開始投資，6個步驟開始你的退休金規劃！.md
2024-08-14 05:53:14 - INFO - 7. D:\marskingx.github.io\content\blog\2024-07-31【理財】知道多少才夠，比擁有多少錢更重要.md
2024-08-14 05:53:14 - INFO - 8. D:\marskingx.github.io\content\blog\2024-07-01【理財】3種自由都取得，才是真的財富自由：財務、時間、精神.md
2024-08-14 05:53:14 - INFO - 9. D:\marskingx.github.io\content\blog\2024-07-17【EP22】讓小孩有空間也讓自己學會珍惜時間，接著就取得3個財富自由的條件.md
2024-08-14 05:53:14 - INFO - 10. D:\marskingx.github.io\content\blog\2024-07-23【理財】個人財務規劃的3大財務報表：一張都不能少？.md
2024-08-14 05:53:16 - INFO - 從文件 D:\marskingx.github.io\content\blog\2024-08-14【投資】2024 VTI完整分析，誰適合投資VTI.md 內容中提取到類別: 理財工具與金融商品
2024-08-14 05:53:16 - INFO - 開始處理金融工具: D:\marskingx.github.io\content\blog\2024-08-14【投資】2024 VTI完整分析，誰適合投資VTI.md
2024-08-14 05:53:16 - ERROR - 處理金融工具時發生錯誤: 'FinancialToolProcessor' object has no attribute 'read_file'
Traceback (most recent call last):
  File "D:\marskingx.github.io\reindex\processors\financial_tool_processor.py", line 19, in process
    self.read_file()
    ^^^^^^^^^^^^^^
AttributeError: 'FinancialToolProcessor' object has no attribute 'read_file'
2024-08-14 05:54:52 - INFO - 成功加載配置文件
2024-08-14 05:54:52 - INFO - 1. D:\marskingx.github.io\content\blog\2024-08-14【投資】2024 VTI完整分析，誰適合投資VTI.md
2024-08-14 05:54:52 - INFO - 2. D:\marskingx.github.io\content\blog\2024-08-07【EP24】台股下跌!刀刀見股!不要問!問就是買!歡慶麟洋金牌!股票大特賣!.md
2024-08-14 05:54:52 - INFO - 3. D:\marskingx.github.io\content\blog\2024-07-24【EP23】取乎其上，得乎其中。認識財務規劃的基礎3報表.md
2024-08-14 05:54:52 - INFO - 4. D:\marskingx.github.io\content\blog\2024-08-03【書單】《商業簡史 》閱讀心得.md
2024-08-14 05:54:52 - INFO - 5. D:\marskingx.github.io\content\blog\2024-07-22【書單】《開始分心，就是要變強了》閱讀心得.md
2024-08-14 05:54:52 - INFO - 6. D:\marskingx.github.io\content\blog\2024-08-01【理財】退休金沒有想像中的不夠，只要你現在開始投資，6個步驟開始你的退休金規劃！.md
2024-08-14 05:54:52 - INFO - 7. D:\marskingx.github.io\content\blog\2024-07-31【理財】知道多少才夠，比擁有多少錢更重要.md
2024-08-14 05:54:52 - INFO - 8. D:\marskingx.github.io\content\blog\2024-07-01【理財】3種自由都取得，才是真的財富自由：財務、時間、精神.md
2024-08-14 05:54:52 - INFO - 9. D:\marskingx.github.io\content\blog\2024-07-17【EP22】讓小孩有空間也讓自己學會珍惜時間，接著就取得3個財富自由的條件.md
2024-08-14 05:54:52 - INFO - 10. D:\marskingx.github.io\content\blog\2024-07-23【理財】個人財務規劃的3大財務報表：一張都不能少？.md
2024-08-14 05:54:54 - INFO - 從文件 D:\marskingx.github.io\content\blog\2024-08-14【投資】2024 VTI完整分析，誰適合投資VTI.md 內容中提取到類別: 理財工具與金融商品
2024-08-14 05:54:54 - INFO - 開始處理金融工具: D:\marskingx.github.io\content\blog\2024-08-14【投資】2024 VTI完整分析，誰適合投資VTI.md
2024-08-14 05:54:54 - ERROR - 處理金融工具時發生錯誤: 'FinancialToolProcessor' object has no attribute 'read_file'
Traceback (most recent call last):
  File "D:\marskingx.github.io\reindex\processors\financial_tool_processor.py", line 19, in process
    self.read_file()
    ^^^^^^^^^^^^^^
AttributeError: 'FinancialToolProcessor' object has no attribute 'read_file'
2024-08-14 05:55:33 - INFO - 成功加載配置文件
2024-08-14 05:55:33 - INFO - 1. D:\marskingx.github.io\content\blog\2024-08-14【投資】2024 VTI完整分析，誰適合投資VTI.md
2024-08-14 05:55:33 - INFO - 2. D:\marskingx.github.io\content\blog\2024-08-07【EP24】台股下跌!刀刀見股!不要問!問就是買!歡慶麟洋金牌!股票大特賣!.md
2024-08-14 05:55:33 - INFO - 3. D:\marskingx.github.io\content\blog\2024-07-24【EP23】取乎其上，得乎其中。認識財務規劃的基礎3報表.md
2024-08-14 05:55:33 - INFO - 4. D:\marskingx.github.io\content\blog\2024-08-03【書單】《商業簡史 》閱讀心得.md
2024-08-14 05:55:33 - INFO - 5. D:\marskingx.github.io\content\blog\2024-07-22【書單】《開始分心，就是要變強了》閱讀心得.md
2024-08-14 05:55:33 - INFO - 6. D:\marskingx.github.io\content\blog\2024-08-01【理財】退休金沒有想像中的不夠，只要你現在開始投資，6個步驟開始你的退休金規劃！.md
2024-08-14 05:55:33 - INFO - 7. D:\marskingx.github.io\content\blog\2024-07-31【理財】知道多少才夠，比擁有多少錢更重要.md
2024-08-14 05:55:33 - INFO - 8. D:\marskingx.github.io\content\blog\2024-07-01【理財】3種自由都取得，才是真的財富自由：財務、時間、精神.md
2024-08-14 05:55:33 - INFO - 9. D:\marskingx.github.io\content\blog\2024-07-17【EP22】讓小孩有空間也讓自己學會珍惜時間，接著就取得3個財富自由的條件.md
2024-08-14 05:55:33 - INFO - 10. D:\marskingx.github.io\content\blog\2024-07-23【理財】個人財務規劃的3大財務報表：一張都不能少？.md
2024-08-14 05:55:35 - INFO - 從文件 D:\marskingx.github.io\content\blog\2024-08-14【投資】2024 VTI完整分析，誰適合投資VTI.md 內容中提取到類別: 理財工具與金融商品
2024-08-14 05:55:35 - INFO - 開始處理金融工具: D:\marskingx.github.io\content\blog\2024-08-14【投資】2024 VTI完整分析，誰適合投資VTI.md
2024-08-14 05:55:35 - DEBUG - 成功寫入更新後的內容到文件
