2024-08-30 04:44:44 - INFO - 成功加載配置文件
2024-08-30 04:44:44 - INFO - 1. D:\marskingx.github.io\content\blog\2024-08-26【EP27】嚐試一周2更，《把時間當朋友》讓財務規劃成為人生導航的地圖.md
2024-08-30 04:44:44 - INFO - 2. D:\marskingx.github.io\content\blog\2024-08-29【EP28】這周真的2更，觀察、體驗、試錯、閱讀是學習的4個底層邏輯，但不容易套用在理財這件事! .md
2024-08-30 04:44:44 - INFO - 3. D:\marskingx.github.io\content\blog\2024-08-29【書單】《卡片盒筆記》閱讀心得.md
2024-08-30 04:44:44 - INFO - 4. D:\marskingx.github.io\content\blog\2024-08-15【書單】《王永福》閱讀心得.md
2024-08-30 04:44:44 - INFO - 5. D:\marskingx.github.io\content\blog\2024-08-21【EP26】為什麼股票下跌的痛苦大過於股票上漲時的快樂.md
2024-08-30 04:44:44 - INFO - 6. D:\marskingx.github.io\content\blog\2024-08-16【投資】2024 QQQ完整分析介紹，誰又適合投資QQQ.md
2024-08-30 04:44:44 - INFO - 7. D:\marskingx.github.io\content\blog\2024-08-19【理財】財務規劃怎麼做 一張圖完整告訴你!.md
2024-08-30 04:44:44 - INFO - 8. D:\marskingx.github.io\content\blog\2024-08-14【EP25】如何擁有好的投資心態，又過了一次回憶無窮的父親節.md
2024-08-30 04:44:44 - INFO - 9. D:\marskingx.github.io\content\blog\2024-08-15【書單】《極客之道》閱讀心得.md
2024-08-30 04:44:44 - INFO - 10. D:\marskingx.github.io\content\blog\2024-08-14【投資】2024 VTI完整分析，誰適合投資VTI.md
2024-08-30 04:44:47 - INFO - 從文件 D:\marskingx.github.io\content\blog\2024-08-26【EP27】嚐試一周2更，《把時間當朋友》讓財務規劃成為人生導航的地圖.md 內容中提取到類別: Podcast節目
2024-08-30 04:44:47 - INFO - 開始處理Podcast節目: D:\marskingx.github.io\content\blog\2024-08-26【EP27】嚐試一周2更，《把時間當朋友》讓財務規劃成為人生導航的地圖.md
2024-08-30 04:44:47 - DEBUG - 成功更新 YAML 內容
2024-08-30 04:44:47 - DEBUG - 成功寫入更新後的內容到文件
2024-08-30 04:44:49 - INFO - 成功加載配置文件
2024-08-30 04:44:49 - INFO - 1. D:\marskingx.github.io\content\blog\2024-08-26【EP27】嚐試一周2更，《把時間當朋友》讓財務規劃成為人生導航的地圖.md
2024-08-30 04:44:49 - INFO - 2. D:\marskingx.github.io\content\blog\2024-08-29【EP28】這周真的2更，觀察、體驗、試錯、閱讀是學習的4個底層邏輯，但不容易套用在理財這件事! .md
2024-08-30 04:44:49 - INFO - 3. D:\marskingx.github.io\content\blog\2024-08-29【書單】《卡片盒筆記》閱讀心得.md
2024-08-30 04:44:49 - INFO - 4. D:\marskingx.github.io\content\blog\2024-08-15【書單】《王永福》閱讀心得.md
2024-08-30 04:44:49 - INFO - 5. D:\marskingx.github.io\content\blog\2024-08-21【EP26】為什麼股票下跌的痛苦大過於股票上漲時的快樂.md
2024-08-30 04:44:49 - INFO - 6. D:\marskingx.github.io\content\blog\2024-08-16【投資】2024 QQQ完整分析介紹，誰又適合投資QQQ.md
2024-08-30 04:44:49 - INFO - 7. D:\marskingx.github.io\content\blog\2024-08-19【理財】財務規劃怎麼做 一張圖完整告訴你!.md
2024-08-30 04:44:49 - INFO - 8. D:\marskingx.github.io\content\blog\2024-08-14【EP25】如何擁有好的投資心態，又過了一次回憶無窮的父親節.md
2024-08-30 04:44:49 - INFO - 9. D:\marskingx.github.io\content\blog\2024-08-15【書單】《極客之道》閱讀心得.md
2024-08-30 04:44:49 - INFO - 10. D:\marskingx.github.io\content\blog\2024-08-14【投資】2024 VTI完整分析，誰適合投資VTI.md
2024-08-30 04:44:56 - INFO - 從文件 D:\marskingx.github.io\content\blog\2024-08-26【EP27】嚐試一周2更，《把時間當朋友》讓財務規劃成為人生導航的地圖.md 中提取到類別: Podcast節目
2024-08-30 04:44:56 - INFO - 開始處理Podcast節目: D:\marskingx.github.io\content\blog\2024-08-26【EP27】嚐試一周2更，《把時間當朋友》讓財務規劃成為人生導航的地圖.md
2024-08-30 04:44:56 - DEBUG - 成功更新 YAML 內容
2024-08-30 04:44:56 - DEBUG - 成功寫入更新後的內容到文件
2024-08-30 04:45:06 - INFO - 成功加載配置文件
2024-08-30 04:45:06 - INFO - 1. D:\marskingx.github.io\content\blog\2024-08-26【EP27】嚐試一周2更，《把時間當朋友》讓財務規劃成為人生導航的地圖.md
2024-08-30 04:45:06 - INFO - 2. D:\marskingx.github.io\content\blog\2024-08-29【EP28】這周真的2更，觀察、體驗、試錯、閱讀是學習的4個底層邏輯，但不容易套用在理財這件事! .md
2024-08-30 04:45:06 - INFO - 3. D:\marskingx.github.io\content\blog\2024-08-29【書單】《卡片盒筆記》閱讀心得.md
2024-08-30 04:45:06 - INFO - 4. D:\marskingx.github.io\content\blog\2024-08-15【書單】《王永福》閱讀心得.md
2024-08-30 04:45:06 - INFO - 5. D:\marskingx.github.io\content\blog\2024-08-21【EP26】為什麼股票下跌的痛苦大過於股票上漲時的快樂.md
2024-08-30 04:45:06 - INFO - 6. D:\marskingx.github.io\content\blog\2024-08-16【投資】2024 QQQ完整分析介紹，誰又適合投資QQQ.md
2024-08-30 04:45:06 - INFO - 7. D:\marskingx.github.io\content\blog\2024-08-19【理財】財務規劃怎麼做 一張圖完整告訴你!.md
2024-08-30 04:45:06 - INFO - 8. D:\marskingx.github.io\content\blog\2024-08-14【EP25】如何擁有好的投資心態，又過了一次回憶無窮的父親節.md
2024-08-30 04:45:06 - INFO - 9. D:\marskingx.github.io\content\blog\2024-08-15【書單】《極客之道》閱讀心得.md
2024-08-30 04:45:06 - INFO - 10. D:\marskingx.github.io\content\blog\2024-08-14【投資】2024 VTI完整分析，誰適合投資VTI.md
2024-08-30 04:45:09 - INFO - 從文件 D:\marskingx.github.io\content\blog\2024-08-29【EP28】這周真的2更，觀察、體驗、試錯、閱讀是學習的4個底層邏輯，但不容易套用在理財這件事! .md 內容中提取到類別: Podcast節目
2024-08-30 04:45:09 - INFO - 開始處理Podcast節目: D:\marskingx.github.io\content\blog\2024-08-29【EP28】這周真的2更，觀察、體驗、試錯、閱讀是學習的4個底層邏輯，但不容易套用在理財這件事! .md
2024-08-30 04:45:09 - DEBUG - 成功更新 YAML 內容
2024-08-30 04:45:09 - DEBUG - 成功寫入更新後的內容到文件
