2024-09-17 07:32:36 - INFO - 成功加載配置文件
2024-09-17 07:32:36 - INFO - 1. D:\marskingx.github.io\content\blog\2024-09-17【投資】2024 平價ETFvs奢華ETF誰更適合你長期投資.md
2024-09-17 07:32:36 - INFO - 2. D:\marskingx.github.io\content\blog\2024-09-12【投資】2024 什麼是美國股市的3大指數 知道有什麼用.md
2024-09-17 07:32:36 - INFO - 3. D:\marskingx.github.io\content\blog\【EP32】中秋節快樂!剛好錄滿一周年!《都是基因惹的禍》才剛讀就心得爆棚! 103a0a9d34798096a2b2fad7aff6645a.md
2024-09-17 07:32:36 - INFO - 4. D:\marskingx.github.io\content\blog\2024-02-16【理財】爸媽代管壓歲錢，除了定存還有什麼選擇？4招幫小孩紅包放大的理財術.md
2024-09-17 07:32:36 - INFO - 5. D:\marskingx.github.io\content\blog\2024-08-16【投資】2024 QQQ完整分析介紹，誰又適合投資QQQ.md
2024-09-17 07:32:36 - INFO - 6. D:\marskingx.github.io\content\blog\2024-04-07【嗑書】《持續買進》讀後感.md
2024-09-17 07:32:36 - INFO - 7. D:\marskingx.github.io\content\blog\2024-09-05【EP30】成功80%是運氣20%是努力，分享什麼叫做不需要停損的投資策略.md
2024-09-17 07:32:36 - INFO - 8. D:\marskingx.github.io\content\blog\2024-09-06【理財】單筆投資大勝定期定額，附上3個大勝的實證.md
2024-09-17 07:32:36 - INFO - 9. D:\marskingx.github.io\content\blog\2024-09-02【EP29】財富自由是觀念，財務規劃是技術，學會什麼是「元認知」就讓大腦再升級！.md
2024-09-17 07:32:36 - INFO - 10. D:\marskingx.github.io\content\blog\2024-08-28【書單】《把時間當做朋友》閱讀心得.md
2024-09-17 07:32:41 - INFO - 從文件 D:\marskingx.github.io\content\blog\【EP32】中秋節快樂!剛好錄滿一周年!《都是基因惹的禍》才剛讀就心得爆棚! 103a0a9d34798096a2b2fad7aff6645a.md 內容中提取到類別: Podcast節目
2024-09-17 07:32:41 - INFO - 開始處理Podcast節目: D:\marskingx.github.io\content\blog\【EP32】中秋節快樂!剛好錄滿一周年!《都是基因惹的禍》才剛讀就心得爆棚! 103a0a9d34798096a2b2fad7aff6645a.md
2024-09-17 07:32:41 - DEBUG - 成功更新 YAML 內容
2024-09-17 07:32:41 - DEBUG - 成功寫入更新後的內容到文件
2024-09-17 07:39:51 - INFO - 成功加載配置文件
2024-09-17 07:39:51 - INFO - 1. D:\marskingx.github.io\content\blog\2024-09-16【EP32】中秋節快樂!剛好錄滿一周年!《都是基因惹的禍》才剛讀就心得爆棚!.md
2024-09-17 07:39:51 - INFO - 2. D:\marskingx.github.io\content\blog\2024-09-17【投資】2024 平價ETFvs奢華ETF誰更適合你長期投資.md
2024-09-17 07:39:51 - INFO - 3. D:\marskingx.github.io\content\blog\2024-09-12【投資】2024 什麼是美國股市的3大指數 知道有什麼用.md
2024-09-17 07:39:51 - INFO - 4. D:\marskingx.github.io\content\blog\2024-09-12【EP31】為什麼投資最好是《持續買進》，要定期定額還是單筆投入好呢.md
2024-09-17 07:39:51 - INFO - 5. D:\marskingx.github.io\content\blog\2024-02-16【理財】爸媽代管壓歲錢，除了定存還有什麼選擇？4招幫小孩紅包放大的理財術.md
2024-09-17 07:39:51 - INFO - 6. D:\marskingx.github.io\content\blog\2024-08-16【投資】2024 QQQ完整分析介紹，誰又適合投資QQQ.md
2024-09-17 07:39:51 - INFO - 7. D:\marskingx.github.io\content\blog\2024-04-07【嗑書】《持續買進》讀後感.md
2024-09-17 07:39:51 - INFO - 8. D:\marskingx.github.io\content\blog\2024-09-05【EP30】成功80%是運氣20%是努力，分享什麼叫做不需要停損的投資策略.md
2024-09-17 07:39:51 - INFO - 9. D:\marskingx.github.io\content\blog\2024-09-06【理財】單筆投資大勝定期定額，附上3個大勝的實證.md
2024-09-17 07:39:51 - INFO - 10. D:\marskingx.github.io\content\blog\2024-09-02【EP29】財富自由是觀念，財務規劃是技術，學會什麼是「元認知」就讓大腦再升級！.md
2024-09-17 07:39:55 - INFO - 從文件 D:\marskingx.github.io\content\blog\2024-09-12【EP31】為什麼投資最好是《持續買進》，要定期定額還是單筆投入好呢.md 內容中提取到類別: Podcast節目
2024-09-17 07:39:55 - INFO - 開始處理Podcast節目: D:\marskingx.github.io\content\blog\2024-09-12【EP31】為什麼投資最好是《持續買進》，要定期定額還是單筆投入好呢.md
2024-09-17 07:39:55 - DEBUG - 成功更新 YAML 內容
2024-09-17 07:39:55 - DEBUG - 成功寫入更新後的內容到文件
