2024-07-22 15:34:11 - INFO - 開始搜索關鍵字: 給孩子的商業啟蒙
2024-07-22 15:34:11 - DEBUG - Selenium Manager binary found at: C:\Users\Mars\AppData\Local\Programs\Python\Python312\Lib\site-packages\selenium\webdriver\common\windows\selenium-manager.exe
2024-07-22 15:34:11 - DEBUG - Executing process: C:\Users\Mars\AppData\Local\Programs\Python\Python312\Lib\site-packages\selenium\webdriver\common\windows\selenium-manager.exe --browser chrome --debug --language-binding python --output json
2024-07-22 15:34:11 - DEBUG - chromedriver not found in PATH
2024-07-22 15:34:11 - DEBUG - chrome detected at C:\Program Files\Google\Chrome\Application\chrome.exe
2024-07-22 15:34:11 - DEBUG - Running command: wmic datafile where name='C:\\Program Files\\Google\\Chrome\\Application\\chrome.exe' get Version /value
2024-07-22 15:34:11 - DEBUG - Output: ""
2024-07-22 15:34:11 - DEBUG - Running command: REG QUERY HKCU\Software\Google\Chrome\BLBeacon /v version
2024-07-22 15:34:11 - DEBUG - Output: ""
2024-07-22 15:34:11 - DEBUG - chrome not found in the system
2024-07-22 15:34:11 - DEBUG - Required browser: chrome 126.0.6478.182
2024-07-22 15:34:11 - DEBUG - chrome 126.0.6478.182 already exists
2024-07-22 15:34:11 - DEBUG - chrome 126.0.6478.182 is available at C:\Users\Mars\.cache\selenium\chrome\win64\126.0.6478.182\chrome.exe
2024-07-22 15:34:11 - DEBUG - Required driver: chromedriver 126.0.6478.182
2024-07-22 15:34:11 - DEBUG - chromedriver 126.0.6478.182 already in the cache
2024-07-22 15:34:11 - DEBUG - Driver path: C:\Users\Mars\.cache\selenium\chromedriver\win64\126.0.6478.182\chromedriver.exe
2024-07-22 15:34:11 - DEBUG - Browser path: C:\Users\Mars\.cache\selenium\chrome\win64\126.0.6478.182\chrome.exe
2024-07-22 15:34:11 - DEBUG - Started executable: `C:\Users\Mars\.cache\selenium\chromedriver\win64\126.0.6478.182\chromedriver.exe` in a child process with pid: 30364 using 0 to output -3
2024-07-22 15:34:12 - DEBUG - POST http://localhost:58933/session {'capabilities': {'firstMatch': [{}], 'alwaysMatch': {'browserName': 'chrome', 'pageLoadStrategy': <PageLoadStrategy.normal: 'normal'>, 'browserVersion': None, 'goog:chromeOptions': {'extensions': [], 'binary': 'C:\\Users\\Mars\\.cache\\selenium\\chrome\\win64\\126.0.6478.182\\chrome.exe', 'args': ['--headless', '--disable-gpu', '--no-sandbox', '--disable-dev-shm-usage', 'user-agent=Mozilla/5.0 (Windows NT 10.0; Win64; x64) AppleWebKit/537.36 (KHTML, like Gecko) Chrome/91.0.4472.124 Safari/537.36']}}}}
2024-07-22 15:34:12 - DEBUG - Starting new HTTP connection (1): localhost:58933
2024-07-22 15:34:12 - DEBUG - http://localhost:58933 "POST /session HTTP/1.1" 200 898
2024-07-22 15:34:12 - DEBUG - Remote response: status=200 | data={"value":{"capabilities":{"acceptInsecureCerts":false,"browserName":"chrome-headless-shell","browserVersion":"126.0.6478.182","chrome":{"chromedriverVersion":"126.0.6478.182 (5b5d8292ddf182f8b2096fa665b473b6317906d5-refs/branch-heads/6478@{#1776})","userDataDir":"C:\\Users\\Mars\\AppData\\Local\\Temp\\scoped_dir30364_1534596556"},"fedcm:accounts":true,"goog:chromeOptions":{"debuggerAddress":"localhost:58936"},"networkConnectionEnabled":false,"pageLoadStrategy":"normal","platformName":"windows","proxy":{},"setWindowRect":true,"strictFileInteractability":false,"timeouts":{"implicit":0,"pageLoad":300000,"script":30000},"unhandledPromptBehavior":"dismiss and notify","webauthn:extension:credBlob":true,"webauthn:extension:largeBlob":true,"webauthn:extension:minPinLength":true,"webauthn:extension:prf":true,"webauthn:virtualAuthenticators":true},"sessionId":"ca4ce8594e3322761b4d2302b4a2a926"}} | headers=HTTPHeaderDict({'Content-Length': '898', 'Content-Type': 'application/json; charset=utf-8', 'cache-control': 'no-cache'})
2024-07-22 15:34:12 - DEBUG - Finished Request
2024-07-22 15:34:12 - DEBUG - POST http://localhost:58933/session/ca4ce8594e3322761b4d2302b4a2a926/timeouts {'pageLoad': 30000}
2024-07-22 15:34:12 - DEBUG - http://localhost:58933 "POST /session/ca4ce8594e3322761b4d2302b4a2a926/timeouts HTTP/1.1" 200 14
2024-07-22 15:34:12 - DEBUG - Remote response: status=200 | data={"value":null} | headers=HTTPHeaderDict({'Content-Length': '14', 'Content-Type': 'application/json; charset=utf-8', 'cache-control': 'no-cache'})
2024-07-22 15:34:12 - DEBUG - Finished Request
2024-07-22 15:34:12 - DEBUG - 初始化 WebDriver 完成
2024-07-22 15:34:12 - DEBUG - POST http://localhost:58933/session/ca4ce8594e3322761b4d2302b4a2a926/url {'url': 'https://www.books.com.tw/'}
2024-07-22 15:34:14 - DEBUG - http://localhost:58933 "POST /session/ca4ce8594e3322761b4d2302b4a2a926/url HTTP/1.1" 200 14
2024-07-22 15:34:14 - DEBUG - Remote response: status=200 | data={"value":null} | headers=HTTPHeaderDict({'Content-Length': '14', 'Content-Type': 'application/json; charset=utf-8', 'cache-control': 'no-cache'})
2024-07-22 15:34:14 - DEBUG - Finished Request
2024-07-22 15:34:14 - DEBUG - POST http://localhost:58933/session/ca4ce8594e3322761b4d2302b4a2a926/element {'using': 'css selector', 'value': '[id="close_top_banner"]'}
2024-07-22 15:34:14 - DEBUG - http://localhost:58933 "POST /session/ca4ce8594e3322761b4d2302b4a2a926/element HTTP/1.1" 200 126
2024-07-22 15:34:14 - DEBUG - Remote response: status=200 | data={"value":{"element-6066-11e4-a52e-4f735466cecf":"f.A6FB45640F70FD6A5FAF2EE49C5CF476.d.16BC932E349E9DFEA0D379524652AEF6.e.41"}} | headers=HTTPHeaderDict({'Content-Length': '126', 'Content-Type': 'application/json; charset=utf-8', 'cache-control': 'no-cache'})
2024-07-22 15:34:14 - DEBUG - Finished Request
2024-07-22 15:34:14 - DEBUG - POST http://localhost:58933/session/ca4ce8594e3322761b4d2302b4a2a926/execute/sync {'script': '/* isDisplayed */return (function(){return (function(){var g=this||self;\nfunction aa(a){var b=typeof...', 'args': [{'element-6066-11e4-a52e-4f735466cecf': 'f.A6FB45640F70FD6A5FAF2EE49C5CF476.d.16BC932E349E9DFEA0D379524652AEF6.e.41'}]}
2024-07-22 15:34:14 - DEBUG - http://localhost:58933 "POST /session/ca4ce8594e3322761b4d2302b4a2a926/execute/sync HTTP/1.1" 200 14
2024-07-22 15:34:14 - DEBUG - Remote response: status=200 | data={"value":true} | headers=HTTPHeaderDict({'Content-Length': '14', 'Content-Type': 'application/json; charset=utf-8', 'cache-control': 'no-cache'})
2024-07-22 15:34:14 - DEBUG - Finished Request
2024-07-22 15:34:14 - DEBUG - GET http://localhost:58933/session/ca4ce8594e3322761b4d2302b4a2a926/element/f.A6FB45640F70FD6A5FAF2EE49C5CF476.d.16BC932E349E9DFEA0D379524652AEF6.e.41/enabled {}
2024-07-22 15:34:14 - DEBUG - http://localhost:58933 "GET /session/ca4ce8594e3322761b4d2302b4a2a926/element/f.A6FB45640F70FD6A5FAF2EE49C5CF476.d.16BC932E349E9DFEA0D379524652AEF6.e.41/enabled HTTP/1.1" 200 14
2024-07-22 15:34:14 - DEBUG - Remote response: status=200 | data={"value":true} | headers=HTTPHeaderDict({'Content-Length': '14', 'Content-Type': 'application/json; charset=utf-8', 'cache-control': 'no-cache'})
2024-07-22 15:34:14 - DEBUG - Finished Request
2024-07-22 15:34:14 - DEBUG - POST http://localhost:58933/session/ca4ce8594e3322761b4d2302b4a2a926/element/f.A6FB45640F70FD6A5FAF2EE49C5CF476.d.16BC932E349E9DFEA0D379524652AEF6.e.41/click {}
2024-07-22 15:34:14 - DEBUG - http://localhost:58933 "POST /session/ca4ce8594e3322761b4d2302b4a2a926/element/f.A6FB45640F70FD6A5FAF2EE49C5CF476.d.16BC932E349E9DFEA0D379524652AEF6.e.41/click HTTP/1.1" 200 14
2024-07-22 15:34:14 - DEBUG - Remote response: status=200 | data={"value":null} | headers=HTTPHeaderDict({'Content-Length': '14', 'Content-Type': 'application/json; charset=utf-8', 'cache-control': 'no-cache'})
2024-07-22 15:34:14 - DEBUG - Finished Request
2024-07-22 15:34:14 - DEBUG - 廣告橫幅已關閉
2024-07-22 15:34:14 - DEBUG - POST http://localhost:58933/session/ca4ce8594e3322761b4d2302b4a2a926/element {'using': 'css selector', 'value': '[id="key"]'}
2024-07-22 15:34:14 - DEBUG - http://localhost:58933 "POST /session/ca4ce8594e3322761b4d2302b4a2a926/element HTTP/1.1" 200 126
2024-07-22 15:34:14 - DEBUG - Remote response: status=200 | data={"value":{"element-6066-11e4-a52e-4f735466cecf":"f.A6FB45640F70FD6A5FAF2EE49C5CF476.d.16BC932E349E9DFEA0D379524652AEF6.e.43"}} | headers=HTTPHeaderDict({'Content-Length': '126', 'Content-Type': 'application/json; charset=utf-8', 'cache-control': 'no-cache'})
2024-07-22 15:34:14 - DEBUG - Finished Request
2024-07-22 15:34:14 - DEBUG - POST http://localhost:58933/session/ca4ce8594e3322761b4d2302b4a2a926/element/f.A6FB45640F70FD6A5FAF2EE49C5CF476.d.16BC932E349E9DFEA0D379524652AEF6.e.43/clear {}
2024-07-22 15:34:14 - DEBUG - http://localhost:58933 "POST /session/ca4ce8594e3322761b4d2302b4a2a926/element/f.A6FB45640F70FD6A5FAF2EE49C5CF476.d.16BC932E349E9DFEA0D379524652AEF6.e.43/clear HTTP/1.1" 200 14
2024-07-22 15:34:14 - DEBUG - Remote response: status=200 | data={"value":null} | headers=HTTPHeaderDict({'Content-Length': '14', 'Content-Type': 'application/json; charset=utf-8', 'cache-control': 'no-cache'})
2024-07-22 15:34:14 - DEBUG - Finished Request
2024-07-22 15:34:14 - DEBUG - POST http://localhost:58933/session/ca4ce8594e3322761b4d2302b4a2a926/element/f.A6FB45640F70FD6A5FAF2EE49C5CF476.d.16BC932E349E9DFEA0D379524652AEF6.e.43/value {'text': '給孩子的商業啟蒙', 'value': ['給', '孩', '子', '的', '商', '業', '啟', '蒙']}
2024-07-22 15:34:14 - DEBUG - http://localhost:58933 "POST /session/ca4ce8594e3322761b4d2302b4a2a926/element/f.A6FB45640F70FD6A5FAF2EE49C5CF476.d.16BC932E349E9DFEA0D379524652AEF6.e.43/value HTTP/1.1" 200 14
2024-07-22 15:34:14 - DEBUG - Remote response: status=200 | data={"value":null} | headers=HTTPHeaderDict({'Content-Length': '14', 'Content-Type': 'application/json; charset=utf-8', 'cache-control': 'no-cache'})
2024-07-22 15:34:14 - DEBUG - Finished Request
2024-07-22 15:34:14 - DEBUG - POST http://localhost:58933/session/ca4ce8594e3322761b4d2302b4a2a926/element {'using': 'css selector', 'value': '.search_btn'}
2024-07-22 15:34:14 - DEBUG - http://localhost:58933 "POST /session/ca4ce8594e3322761b4d2302b4a2a926/element HTTP/1.1" 200 126
2024-07-22 15:34:14 - DEBUG - Remote response: status=200 | data={"value":{"element-6066-11e4-a52e-4f735466cecf":"f.A6FB45640F70FD6A5FAF2EE49C5CF476.d.16BC932E349E9DFEA0D379524652AEF6.e.45"}} | headers=HTTPHeaderDict({'Content-Length': '126', 'Content-Type': 'application/json; charset=utf-8', 'cache-control': 'no-cache'})
2024-07-22 15:34:14 - DEBUG - Finished Request
2024-07-22 15:34:14 - DEBUG - POST http://localhost:58933/session/ca4ce8594e3322761b4d2302b4a2a926/execute/sync {'script': '/* isDisplayed */return (function(){return (function(){var g=this||self;\nfunction aa(a){var b=typeof...', 'args': [{'element-6066-11e4-a52e-4f735466cecf': 'f.A6FB45640F70FD6A5FAF2EE49C5CF476.d.16BC932E349E9DFEA0D379524652AEF6.e.45'}]}
2024-07-22 15:34:14 - DEBUG - http://localhost:58933 "POST /session/ca4ce8594e3322761b4d2302b4a2a926/execute/sync HTTP/1.1" 200 14
2024-07-22 15:34:14 - DEBUG - Remote response: status=200 | data={"value":true} | headers=HTTPHeaderDict({'Content-Length': '14', 'Content-Type': 'application/json; charset=utf-8', 'cache-control': 'no-cache'})
2024-07-22 15:34:14 - DEBUG - Finished Request
2024-07-22 15:34:14 - DEBUG - GET http://localhost:58933/session/ca4ce8594e3322761b4d2302b4a2a926/element/f.A6FB45640F70FD6A5FAF2EE49C5CF476.d.16BC932E349E9DFEA0D379524652AEF6.e.45/enabled {}
2024-07-22 15:34:14 - DEBUG - http://localhost:58933 "GET /session/ca4ce8594e3322761b4d2302b4a2a926/element/f.A6FB45640F70FD6A5FAF2EE49C5CF476.d.16BC932E349E9DFEA0D379524652AEF6.e.45/enabled HTTP/1.1" 200 14
2024-07-22 15:34:14 - DEBUG - Remote response: status=200 | data={"value":true} | headers=HTTPHeaderDict({'Content-Length': '14', 'Content-Type': 'application/json; charset=utf-8', 'cache-control': 'no-cache'})
2024-07-22 15:34:14 - DEBUG - Finished Request
2024-07-22 15:34:14 - DEBUG - POST http://localhost:58933/session/ca4ce8594e3322761b4d2302b4a2a926/element/f.A6FB45640F70FD6A5FAF2EE49C5CF476.d.16BC932E349E9DFEA0D379524652AEF6.e.45/click {}
2024-07-22 15:34:16 - DEBUG - http://localhost:58933 "POST /session/ca4ce8594e3322761b4d2302b4a2a926/element/f.A6FB45640F70FD6A5FAF2EE49C5CF476.d.16BC932E349E9DFEA0D379524652AEF6.e.45/click HTTP/1.1" 200 14
2024-07-22 15:34:16 - DEBUG - Remote response: status=200 | data={"value":null} | headers=HTTPHeaderDict({'Content-Length': '14', 'Content-Type': 'application/json; charset=utf-8', 'cache-control': 'no-cache'})
2024-07-22 15:34:16 - DEBUG - Finished Request
2024-07-22 15:34:21 - DEBUG - POST http://localhost:58933/session/ca4ce8594e3322761b4d2302b4a2a926/element {'using': 'css selector', 'value': '.table-td'}
2024-07-22 15:34:21 - DEBUG - http://localhost:58933 "POST /session/ca4ce8594e3322761b4d2302b4a2a926/element HTTP/1.1" 200 126
2024-07-22 15:34:21 - DEBUG - Remote response: status=200 | data={"value":{"element-6066-11e4-a52e-4f735466cecf":"f.A6FB45640F70FD6A5FAF2EE49C5CF476.d.7BF622D1269FD827F6C7346FB90584E4.e.70"}} | headers=HTTPHeaderDict({'Content-Length': '126', 'Content-Type': 'application/json; charset=utf-8', 'cache-control': 'no-cache'})
2024-07-22 15:34:21 - DEBUG - Finished Request
2024-07-22 15:34:21 - DEBUG - POST http://localhost:58933/session/ca4ce8594e3322761b4d2302b4a2a926/elements {'using': 'css selector', 'value': '.table-td'}
2024-07-22 15:34:21 - DEBUG - http://localhost:58933 "POST /session/ca4ce8594e3322761b4d2302b4a2a926/elements HTTP/1.1" 200 1415
2024-07-22 15:34:21 - DEBUG - Remote response: status=200 | data={"value":[{"element-6066-11e4-a52e-4f735466cecf":"f.A6FB45640F70FD6A5FAF2EE49C5CF476.d.7BF622D1269FD827F6C7346FB90584E4.e.70"},{"element-6066-11e4-a52e-4f735466cecf":"f.A6FB45640F70FD6A5FAF2EE49C5CF476.d.7BF622D1269FD827F6C7346FB90584E4.e.71"},{"element-6066-11e4-a52e-4f735466cecf":"f.A6FB45640F70FD6A5FAF2EE49C5CF476.d.7BF622D1269FD827F6C7346FB90584E4.e.72"},{"element-6066-11e4-a52e-4f735466cecf":"f.A6FB45640F70FD6A5FAF2EE49C5CF476.d.7BF622D1269FD827F6C7346FB90584E4.e.73"},{"element-6066-11e4-a52e-4f735466cecf":"f.A6FB45640F70FD6A5FAF2EE49C5CF476.d.7BF622D1269FD827F6C7346FB90584E4.e.74"},{"element-6066-11e4-a52e-4f735466cecf":"f.A6FB45640F70FD6A5FAF2EE49C5CF476.d.7BF622D1269FD827F6C7346FB90584E4.e.75"},{"element-6066-11e4-a52e-4f735466cecf":"f.A6FB45640F70FD6A5FAF2EE49C5CF476.d.7BF622D1269FD827F6C7346FB90584E4.e.76"},{"element-6066-11e4-a52e-4f735466cecf":"f.A6FB45640F70FD6A5FAF2EE49C5CF476.d.7BF622D1269FD827F6C7346FB90584E4.e.77"},{"element-6066-11e4-a52e-4f735466cecf":"f.A6FB45640F70FD6A5FAF2EE49C5CF476.d.7BF622D1269FD827F6C7346FB90584E4.e.78"},{"element-6066-11e4-a52e-4f735466cecf":"f.A6FB45640F70FD6A5FAF2EE49C5CF476.d.7BF622D1269FD827F6C7346FB90584E4.e.79"},{"element-6066-11e4-a52e-4f735466cecf":"f.A6FB45640F70FD6A5FAF2EE49C5CF476.d.7BF622D1269FD827F6C7346FB90584E4.e.80"},{"element-6066-11e4-a52e-4f735466cecf":"f.A6FB45640F70FD6A5FAF2EE49C5CF476.d.7BF622D1269FD827F6C7346FB90584E4.e.81"}]} | headers=HTTPHeaderDict({'Content-Length': '1415', 'Content-Type': 'application/json; charset=utf-8', 'cache-control': 'no-cache'})
2024-07-22 15:34:21 - DEBUG - Finished Request
2024-07-22 15:34:21 - DEBUG - POST http://localhost:58933/session/ca4ce8594e3322761b4d2302b4a2a926/execute/sync {'script': '/* getAttribute */return (function(){return (function(){var d=this||self;function f(a,b){function c(...', 'args': [{'element-6066-11e4-a52e-4f735466cecf': 'f.A6FB45640F70FD6A5FAF2EE49C5CF476.d.7BF622D1269FD827F6C7346FB90584E4.e.70'}, 'id']}
2024-07-22 15:34:21 - DEBUG - http://localhost:58933 "POST /session/ca4ce8594e3322761b4d2302b4a2a926/execute/sync HTTP/1.1" 200 36
2024-07-22 15:34:21 - DEBUG - Remote response: status=200 | data={"value":"prod-itemlist-0010955949"} | headers=HTTPHeaderDict({'Content-Length': '36', 'Content-Type': 'application/json; charset=utf-8', 'cache-control': 'no-cache'})
2024-07-22 15:34:21 - DEBUG - Finished Request
2024-07-22 15:34:21 - DEBUG - POST http://localhost:58933/session/ca4ce8594e3322761b4d2302b4a2a926/element/f.A6FB45640F70FD6A5FAF2EE49C5CF476.d.7BF622D1269FD827F6C7346FB90584E4.e.70/element {'using': 'css selector', 'value': 'h4 a'}
2024-07-22 15:34:21 - DEBUG - http://localhost:58933 "POST /session/ca4ce8594e3322761b4d2302b4a2a926/element/f.A6FB45640F70FD6A5FAF2EE49C5CF476.d.7BF622D1269FD827F6C7346FB90584E4.e.70/element HTTP/1.1" 200 126
2024-07-22 15:34:21 - DEBUG - Remote response: status=200 | data={"value":{"element-6066-11e4-a52e-4f735466cecf":"f.A6FB45640F70FD6A5FAF2EE49C5CF476.d.7BF622D1269FD827F6C7346FB90584E4.e.82"}} | headers=HTTPHeaderDict({'Content-Length': '126', 'Content-Type': 'application/json; charset=utf-8', 'cache-control': 'no-cache'})
2024-07-22 15:34:21 - DEBUG - Finished Request
2024-07-22 15:34:21 - DEBUG - GET http://localhost:58933/session/ca4ce8594e3322761b4d2302b4a2a926/element/f.A6FB45640F70FD6A5FAF2EE49C5CF476.d.7BF622D1269FD827F6C7346FB90584E4.e.82/text {}
2024-07-22 15:34:21 - DEBUG - http://localhost:58933 "GET /session/ca4ce8594e3322761b4d2302b4a2a926/element/f.A6FB45640F70FD6A5FAF2EE49C5CF476.d.7BF622D1269FD827F6C7346FB90584E4.e.82/text HTTP/1.1" 200 185
2024-07-22 15:34:21 - DEBUG - Remote response: status=200 | data={"value":"給孩子的商業啟蒙：劉潤的第一本親子理財書，讓孩子參透商業世界的本質，徹底了解「底層邏輯」! (博客來限量版-特贈實踐手冊)"} | headers=HTTPHeaderDict({'Content-Length': '185', 'Content-Type': 'application/json; charset=utf-8', 'cache-control': 'no-cache'})
2024-07-22 15:34:21 - DEBUG - Finished Request
2024-07-22 15:34:21 - DEBUG - POST http://localhost:58933/session/ca4ce8594e3322761b4d2302b4a2a926/element/f.A6FB45640F70FD6A5FAF2EE49C5CF476.d.7BF622D1269FD827F6C7346FB90584E4.e.70/element {'using': 'css selector', 'value': 'ul.price li b:last-child'}
2024-07-22 15:34:21 - DEBUG - http://localhost:58933 "POST /session/ca4ce8594e3322761b4d2302b4a2a926/element/f.A6FB45640F70FD6A5FAF2EE49C5CF476.d.7BF622D1269FD827F6C7346FB90584E4.e.70/element HTTP/1.1" 200 126
2024-07-22 15:34:21 - DEBUG - Remote response: status=200 | data={"value":{"element-6066-11e4-a52e-4f735466cecf":"f.A6FB45640F70FD6A5FAF2EE49C5CF476.d.7BF622D1269FD827F6C7346FB90584E4.e.83"}} | headers=HTTPHeaderDict({'Content-Length': '126', 'Content-Type': 'application/json; charset=utf-8', 'cache-control': 'no-cache'})
2024-07-22 15:34:21 - DEBUG - Finished Request
2024-07-22 15:34:21 - DEBUG - GET http://localhost:58933/session/ca4ce8594e3322761b4d2302b4a2a926/element/f.A6FB45640F70FD6A5FAF2EE49C5CF476.d.7BF622D1269FD827F6C7346FB90584E4.e.83/text {}
2024-07-22 15:34:21 - DEBUG - http://localhost:58933 "GET /session/ca4ce8594e3322761b4d2302b4a2a926/element/f.A6FB45640F70FD6A5FAF2EE49C5CF476.d.7BF622D1269FD827F6C7346FB90584E4.e.83/text HTTP/1.1" 200 15
2024-07-22 15:34:21 - DEBUG - Remote response: status=200 | data={"value":"316"} | headers=HTTPHeaderDict({'Content-Length': '15', 'Content-Type': 'application/json; charset=utf-8', 'cache-control': 'no-cache'})
2024-07-22 15:34:21 - DEBUG - Finished Request
2024-07-22 15:34:21 - DEBUG - 找到書籍 1: 給孩子的商業啟蒙：劉潤的第一本親子理財書，讓孩子參透商業世界的本質，徹底了解「底層邏輯」! (博客來限量版-特贈實踐手冊), 價格: 316, 商品代碼: 0010955949
2024-07-22 15:34:21 - DEBUG - POST http://localhost:58933/session/ca4ce8594e3322761b4d2302b4a2a926/execute/sync {'script': '/* getAttribute */return (function(){return (function(){var d=this||self;function f(a,b){function c(...', 'args': [{'element-6066-11e4-a52e-4f735466cecf': 'f.A6FB45640F70FD6A5FAF2EE49C5CF476.d.7BF622D1269FD827F6C7346FB90584E4.e.71'}, 'id']}
2024-07-22 15:34:21 - DEBUG - http://localhost:58933 "POST /session/ca4ce8594e3322761b4d2302b4a2a926/execute/sync HTTP/1.1" 200 36
2024-07-22 15:34:21 - DEBUG - Remote response: status=200 | data={"value":"prod-itemlist-0010955948"} | headers=HTTPHeaderDict({'Content-Length': '36', 'Content-Type': 'application/json; charset=utf-8', 'cache-control': 'no-cache'})
2024-07-22 15:34:21 - DEBUG - Finished Request
2024-07-22 15:34:21 - DEBUG - POST http://localhost:58933/session/ca4ce8594e3322761b4d2302b4a2a926/element/f.A6FB45640F70FD6A5FAF2EE49C5CF476.d.7BF622D1269FD827F6C7346FB90584E4.e.71/element {'using': 'css selector', 'value': 'h4 a'}
2024-07-22 15:34:21 - DEBUG - http://localhost:58933 "POST /session/ca4ce8594e3322761b4d2302b4a2a926/element/f.A6FB45640F70FD6A5FAF2EE49C5CF476.d.7BF622D1269FD827F6C7346FB90584E4.e.71/element HTTP/1.1" 200 126
2024-07-22 15:34:21 - DEBUG - Remote response: status=200 | data={"value":{"element-6066-11e4-a52e-4f735466cecf":"f.A6FB45640F70FD6A5FAF2EE49C5CF476.d.7BF622D1269FD827F6C7346FB90584E4.e.84"}} | headers=HTTPHeaderDict({'Content-Length': '126', 'Content-Type': 'application/json; charset=utf-8', 'cache-control': 'no-cache'})
2024-07-22 15:34:21 - DEBUG - Finished Request
2024-07-22 15:34:21 - DEBUG - GET http://localhost:58933/session/ca4ce8594e3322761b4d2302b4a2a926/element/f.A6FB45640F70FD6A5FAF2EE49C5CF476.d.7BF622D1269FD827F6C7346FB90584E4.e.84/text {}
2024-07-22 15:34:21 - DEBUG - http://localhost:58933 "GET /session/ca4ce8594e3322761b4d2302b4a2a926/element/f.A6FB45640F70FD6A5FAF2EE49C5CF476.d.7BF622D1269FD827F6C7346FB90584E4.e.84/text HTTP/1.1" 200 145
2024-07-22 15:34:21 - DEBUG - Remote response: status=200 | data={"value":"給孩子的商業啟蒙：劉潤的第一本親子理財書，讓孩子參透商業世界的本質，徹底了解「底層邏輯」!"} | headers=HTTPHeaderDict({'Content-Length': '145', 'Content-Type': 'application/json; charset=utf-8', 'cache-control': 'no-cache'})
2024-07-22 15:34:21 - DEBUG - Finished Request
2024-07-22 15:34:21 - DEBUG - POST http://localhost:58933/session/ca4ce8594e3322761b4d2302b4a2a926/element/f.A6FB45640F70FD6A5FAF2EE49C5CF476.d.7BF622D1269FD827F6C7346FB90584E4.e.71/element {'using': 'css selector', 'value': 'ul.price li b:last-child'}
2024-07-22 15:34:21 - DEBUG - http://localhost:58933 "POST /session/ca4ce8594e3322761b4d2302b4a2a926/element/f.A6FB45640F70FD6A5FAF2EE49C5CF476.d.7BF622D1269FD827F6C7346FB90584E4.e.71/element HTTP/1.1" 200 126
2024-07-22 15:34:21 - DEBUG - Remote response: status=200 | data={"value":{"element-6066-11e4-a52e-4f735466cecf":"f.A6FB45640F70FD6A5FAF2EE49C5CF476.d.7BF622D1269FD827F6C7346FB90584E4.e.85"}} | headers=HTTPHeaderDict({'Content-Length': '126', 'Content-Type': 'application/json; charset=utf-8', 'cache-control': 'no-cache'})
2024-07-22 15:34:21 - DEBUG - Finished Request
2024-07-22 15:34:21 - DEBUG - GET http://localhost:58933/session/ca4ce8594e3322761b4d2302b4a2a926/element/f.A6FB45640F70FD6A5FAF2EE49C5CF476.d.7BF622D1269FD827F6C7346FB90584E4.e.85/text {}
2024-07-22 15:34:21 - DEBUG - http://localhost:58933 "GET /session/ca4ce8594e3322761b4d2302b4a2a926/element/f.A6FB45640F70FD6A5FAF2EE49C5CF476.d.7BF622D1269FD827F6C7346FB90584E4.e.85/text HTTP/1.1" 200 15
2024-07-22 15:34:21 - DEBUG - Remote response: status=200 | data={"value":"316"} | headers=HTTPHeaderDict({'Content-Length': '15', 'Content-Type': 'application/json; charset=utf-8', 'cache-control': 'no-cache'})
2024-07-22 15:34:21 - DEBUG - Finished Request
2024-07-22 15:34:21 - DEBUG - 找到書籍 2: 給孩子的商業啟蒙：劉潤的第一本親子理財書，讓孩子參透商業世界的本質，徹底了解「底層邏輯」!, 價格: 316, 商品代碼: 0010955948
2024-07-22 15:34:21 - DEBUG - POST http://localhost:58933/session/ca4ce8594e3322761b4d2302b4a2a926/execute/sync {'script': '/* getAttribute */return (function(){return (function(){var d=this||self;function f(a,b){function c(...', 'args': [{'element-6066-11e4-a52e-4f735466cecf': 'f.A6FB45640F70FD6A5FAF2EE49C5CF476.d.7BF622D1269FD827F6C7346FB90584E4.e.72'}, 'id']}
2024-07-22 15:34:21 - DEBUG - http://localhost:58933 "POST /session/ca4ce8594e3322761b4d2302b4a2a926/execute/sync HTTP/1.1" 200 36
2024-07-22 15:34:21 - DEBUG - Remote response: status=200 | data={"value":"prod-itemlist-CN11963352"} | headers=HTTPHeaderDict({'Content-Length': '36', 'Content-Type': 'application/json; charset=utf-8', 'cache-control': 'no-cache'})
2024-07-22 15:34:21 - DEBUG - Finished Request
2024-07-22 15:34:21 - DEBUG - POST http://localhost:58933/session/ca4ce8594e3322761b4d2302b4a2a926/element/f.A6FB45640F70FD6A5FAF2EE49C5CF476.d.7BF622D1269FD827F6C7346FB90584E4.e.72/element {'using': 'css selector', 'value': 'h4 a'}
2024-07-22 15:34:21 - DEBUG - http://localhost:58933 "POST /session/ca4ce8594e3322761b4d2302b4a2a926/element/f.A6FB45640F70FD6A5FAF2EE49C5CF476.d.7BF622D1269FD827F6C7346FB90584E4.e.72/element HTTP/1.1" 200 126
2024-07-22 15:34:21 - DEBUG - Remote response: status=200 | data={"value":{"element-6066-11e4-a52e-4f735466cecf":"f.A6FB45640F70FD6A5FAF2EE49C5CF476.d.7BF622D1269FD827F6C7346FB90584E4.e.86"}} | headers=HTTPHeaderDict({'Content-Length': '126', 'Content-Type': 'application/json; charset=utf-8', 'cache-control': 'no-cache'})
2024-07-22 15:34:21 - DEBUG - Finished Request
2024-07-22 15:34:21 - DEBUG - GET http://localhost:58933/session/ca4ce8594e3322761b4d2302b4a2a926/element/f.A6FB45640F70FD6A5FAF2EE49C5CF476.d.7BF622D1269FD827F6C7346FB90584E4.e.86/text {}
2024-07-22 15:34:21 - DEBUG - http://localhost:58933 "GET /session/ca4ce8594e3322761b4d2302b4a2a926/element/f.A6FB45640F70FD6A5FAF2EE49C5CF476.d.7BF622D1269FD827F6C7346FB90584E4.e.86/text HTTP/1.1" 200 90
2024-07-22 15:34:21 - DEBUG - Remote response: status=200 | data={"value":"講給孩子的商業啟蒙課：媽媽怎麼買東西，爸爸怎麼賣東西"} | headers=HTTPHeaderDict({'Content-Length': '90', 'Content-Type': 'application/json; charset=utf-8', 'cache-control': 'no-cache'})
2024-07-22 15:34:21 - DEBUG - Finished Request
2024-07-22 15:34:21 - DEBUG - POST http://localhost:58933/session/ca4ce8594e3322761b4d2302b4a2a926/element/f.A6FB45640F70FD6A5FAF2EE49C5CF476.d.7BF622D1269FD827F6C7346FB90584E4.e.72/element {'using': 'css selector', 'value': 'ul.price li b:last-child'}
2024-07-22 15:34:21 - DEBUG - http://localhost:58933 "POST /session/ca4ce8594e3322761b4d2302b4a2a926/element/f.A6FB45640F70FD6A5FAF2EE49C5CF476.d.7BF622D1269FD827F6C7346FB90584E4.e.72/element HTTP/1.1" 200 126
2024-07-22 15:34:21 - DEBUG - Remote response: status=200 | data={"value":{"element-6066-11e4-a52e-4f735466cecf":"f.A6FB45640F70FD6A5FAF2EE49C5CF476.d.7BF622D1269FD827F6C7346FB90584E4.e.87"}} | headers=HTTPHeaderDict({'Content-Length': '126', 'Content-Type': 'application/json; charset=utf-8', 'cache-control': 'no-cache'})
2024-07-22 15:34:21 - DEBUG - Finished Request
2024-07-22 15:34:21 - DEBUG - GET http://localhost:58933/session/ca4ce8594e3322761b4d2302b4a2a926/element/f.A6FB45640F70FD6A5FAF2EE49C5CF476.d.7BF622D1269FD827F6C7346FB90584E4.e.87/text {}
2024-07-22 15:34:21 - DEBUG - http://localhost:58933 "GET /session/ca4ce8594e3322761b4d2302b4a2a926/element/f.A6FB45640F70FD6A5FAF2EE49C5CF476.d.7BF622D1269FD827F6C7346FB90584E4.e.87/text HTTP/1.1" 200 15
2024-07-22 15:34:21 - DEBUG - Remote response: status=200 | data={"value":"260"} | headers=HTTPHeaderDict({'Content-Length': '15', 'Content-Type': 'application/json; charset=utf-8', 'cache-control': 'no-cache'})
2024-07-22 15:34:21 - DEBUG - Finished Request
2024-07-22 15:34:21 - DEBUG - 找到書籍 3: 講給孩子的商業啟蒙課：媽媽怎麼買東西，爸爸怎麼賣東西, 價格: 260, 商品代碼: CN11963352
2024-07-22 15:34:21 - DEBUG - POST http://localhost:58933/session/ca4ce8594e3322761b4d2302b4a2a926/execute/sync {'script': '/* getAttribute */return (function(){return (function(){var d=this||self;function f(a,b){function c(...', 'args': [{'element-6066-11e4-a52e-4f735466cecf': 'f.A6FB45640F70FD6A5FAF2EE49C5CF476.d.7BF622D1269FD827F6C7346FB90584E4.e.73'}, 'id']}
2024-07-22 15:34:21 - DEBUG - http://localhost:58933 "POST /session/ca4ce8594e3322761b4d2302b4a2a926/execute/sync HTTP/1.1" 200 36
2024-07-22 15:34:21 - DEBUG - Remote response: status=200 | data={"value":"prod-itemlist-CN11807292"} | headers=HTTPHeaderDict({'Content-Length': '36', 'Content-Type': 'application/json; charset=utf-8', 'cache-control': 'no-cache'})
2024-07-22 15:34:21 - DEBUG - Finished Request
2024-07-22 15:34:21 - DEBUG - POST http://localhost:58933/session/ca4ce8594e3322761b4d2302b4a2a926/element/f.A6FB45640F70FD6A5FAF2EE49C5CF476.d.7BF622D1269FD827F6C7346FB90584E4.e.73/element {'using': 'css selector', 'value': 'h4 a'}
2024-07-22 15:34:21 - DEBUG - http://localhost:58933 "POST /session/ca4ce8594e3322761b4d2302b4a2a926/element/f.A6FB45640F70FD6A5FAF2EE49C5CF476.d.7BF622D1269FD827F6C7346FB90584E4.e.73/element HTTP/1.1" 200 126
2024-07-22 15:34:21 - DEBUG - Remote response: status=200 | data={"value":{"element-6066-11e4-a52e-4f735466cecf":"f.A6FB45640F70FD6A5FAF2EE49C5CF476.d.7BF622D1269FD827F6C7346FB90584E4.e.88"}} | headers=HTTPHeaderDict({'Content-Length': '126', 'Content-Type': 'application/json; charset=utf-8', 'cache-control': 'no-cache'})
2024-07-22 15:34:21 - DEBUG - Finished Request
2024-07-22 15:34:21 - DEBUG - GET http://localhost:58933/session/ca4ce8594e3322761b4d2302b4a2a926/element/f.A6FB45640F70FD6A5FAF2EE49C5CF476.d.7BF622D1269FD827F6C7346FB90584E4.e.88/text {}
2024-07-22 15:34:21 - DEBUG - http://localhost:58933 "GET /session/ca4ce8594e3322761b4d2302b4a2a926/element/f.A6FB45640F70FD6A5FAF2EE49C5CF476.d.7BF622D1269FD827F6C7346FB90584E4.e.88/text HTTP/1.1" 200 77
2024-07-22 15:34:21 - DEBUG - Remote response: status=200 | data={"value":"驚呆了!經濟學超簡單：給孩子的5分鐘財商啟蒙課"} | headers=HTTPHeaderDict({'Content-Length': '77', 'Content-Type': 'application/json; charset=utf-8', 'cache-control': 'no-cache'})
2024-07-22 15:34:21 - DEBUG - Finished Request
2024-07-22 15:34:21 - DEBUG - POST http://localhost:58933/session/ca4ce8594e3322761b4d2302b4a2a926/element/f.A6FB45640F70FD6A5FAF2EE49C5CF476.d.7BF622D1269FD827F6C7346FB90584E4.e.73/element {'using': 'css selector', 'value': 'ul.price li b:last-child'}
2024-07-22 15:34:21 - DEBUG - http://localhost:58933 "POST /session/ca4ce8594e3322761b4d2302b4a2a926/element/f.A6FB45640F70FD6A5FAF2EE49C5CF476.d.7BF622D1269FD827F6C7346FB90584E4.e.73/element HTTP/1.1" 200 126
2024-07-22 15:34:21 - DEBUG - Remote response: status=200 | data={"value":{"element-6066-11e4-a52e-4f735466cecf":"f.A6FB45640F70FD6A5FAF2EE49C5CF476.d.7BF622D1269FD827F6C7346FB90584E4.e.89"}} | headers=HTTPHeaderDict({'Content-Length': '126', 'Content-Type': 'application/json; charset=utf-8', 'cache-control': 'no-cache'})
2024-07-22 15:34:21 - DEBUG - Finished Request
2024-07-22 15:34:21 - DEBUG - GET http://localhost:58933/session/ca4ce8594e3322761b4d2302b4a2a926/element/f.A6FB45640F70FD6A5FAF2EE49C5CF476.d.7BF622D1269FD827F6C7346FB90584E4.e.89/text {}
2024-07-22 15:34:21 - DEBUG - http://localhost:58933 "GET /session/ca4ce8594e3322761b4d2302b4a2a926/element/f.A6FB45640F70FD6A5FAF2EE49C5CF476.d.7BF622D1269FD827F6C7346FB90584E4.e.89/text HTTP/1.1" 200 15
2024-07-22 15:34:21 - DEBUG - Remote response: status=200 | data={"value":"235"} | headers=HTTPHeaderDict({'Content-Length': '15', 'Content-Type': 'application/json; charset=utf-8', 'cache-control': 'no-cache'})
2024-07-22 15:34:21 - DEBUG - Finished Request
2024-07-22 15:34:21 - DEBUG - 找到書籍 4: 驚呆了!經濟學超簡單：給孩子的5分鐘財商啟蒙課, 價格: 235, 商品代碼: CN11807292
2024-07-22 15:34:21 - DEBUG - POST http://localhost:58933/session/ca4ce8594e3322761b4d2302b4a2a926/execute/sync {'script': '/* getAttribute */return (function(){return (function(){var d=this||self;function f(a,b){function c(...', 'args': [{'element-6066-11e4-a52e-4f735466cecf': 'f.A6FB45640F70FD6A5FAF2EE49C5CF476.d.7BF622D1269FD827F6C7346FB90584E4.e.74'}, 'id']}
2024-07-22 15:34:21 - DEBUG - http://localhost:58933 "POST /session/ca4ce8594e3322761b4d2302b4a2a926/execute/sync HTTP/1.1" 200 36
2024-07-22 15:34:21 - DEBUG - Remote response: status=200 | data={"value":"prod-itemlist-CN10859080"} | headers=HTTPHeaderDict({'Content-Length': '36', 'Content-Type': 'application/json; charset=utf-8', 'cache-control': 'no-cache'})
2024-07-22 15:34:21 - DEBUG - Finished Request
2024-07-22 15:34:21 - DEBUG - POST http://localhost:58933/session/ca4ce8594e3322761b4d2302b4a2a926/element/f.A6FB45640F70FD6A5FAF2EE49C5CF476.d.7BF622D1269FD827F6C7346FB90584E4.e.74/element {'using': 'css selector', 'value': 'h4 a'}
2024-07-22 15:34:21 - DEBUG - http://localhost:58933 "POST /session/ca4ce8594e3322761b4d2302b4a2a926/element/f.A6FB45640F70FD6A5FAF2EE49C5CF476.d.7BF622D1269FD827F6C7346FB90584E4.e.74/element HTTP/1.1" 200 126
2024-07-22 15:34:21 - DEBUG - Remote response: status=200 | data={"value":{"element-6066-11e4-a52e-4f735466cecf":"f.A6FB45640F70FD6A5FAF2EE49C5CF476.d.7BF622D1269FD827F6C7346FB90584E4.e.90"}} | headers=HTTPHeaderDict({'Content-Length': '126', 'Content-Type': 'application/json; charset=utf-8', 'cache-control': 'no-cache'})
2024-07-22 15:34:21 - DEBUG - Finished Request
2024-07-22 15:34:21 - DEBUG - GET http://localhost:58933/session/ca4ce8594e3322761b4d2302b4a2a926/element/f.A6FB45640F70FD6A5FAF2EE49C5CF476.d.7BF622D1269FD827F6C7346FB90584E4.e.90/text {}
2024-07-22 15:34:21 - DEBUG - http://localhost:58933 "GET /session/ca4ce8594e3322761b4d2302b4a2a926/element/f.A6FB45640F70FD6A5FAF2EE49C5CF476.d.7BF622D1269FD827F6C7346FB90584E4.e.90/text HTTP/1.1" 200 70
2024-07-22 15:34:21 - DEBUG - Remote response: status=200 | data={"value":"人生中的大問題:寫給孩子的道德倫理啟蒙書"} | headers=HTTPHeaderDict({'Content-Length': '70', 'Content-Type': 'application/json; charset=utf-8', 'cache-control': 'no-cache'})
2024-07-22 15:34:21 - DEBUG - Finished Request
2024-07-22 15:34:21 - DEBUG - POST http://localhost:58933/session/ca4ce8594e3322761b4d2302b4a2a926/element/f.A6FB45640F70FD6A5FAF2EE49C5CF476.d.7BF622D1269FD827F6C7346FB90584E4.e.74/element {'using': 'css selector', 'value': 'ul.price li b:last-child'}
2024-07-22 15:34:21 - DEBUG - http://localhost:58933 "POST /session/ca4ce8594e3322761b4d2302b4a2a926/element/f.A6FB45640F70FD6A5FAF2EE49C5CF476.d.7BF622D1269FD827F6C7346FB90584E4.e.74/element HTTP/1.1" 200 126
2024-07-22 15:34:21 - DEBUG - Remote response: status=200 | data={"value":{"element-6066-11e4-a52e-4f735466cecf":"f.A6FB45640F70FD6A5FAF2EE49C5CF476.d.7BF622D1269FD827F6C7346FB90584E4.e.91"}} | headers=HTTPHeaderDict({'Content-Length': '126', 'Content-Type': 'application/json; charset=utf-8', 'cache-control': 'no-cache'})
2024-07-22 15:34:21 - DEBUG - Finished Request
2024-07-22 15:34:21 - DEBUG - GET http://localhost:58933/session/ca4ce8594e3322761b4d2302b4a2a926/element/f.A6FB45640F70FD6A5FAF2EE49C5CF476.d.7BF622D1269FD827F6C7346FB90584E4.e.91/text {}
2024-07-22 15:34:21 - DEBUG - http://localhost:58933 "GET /session/ca4ce8594e3322761b4d2302b4a2a926/element/f.A6FB45640F70FD6A5FAF2EE49C5CF476.d.7BF622D1269FD827F6C7346FB90584E4.e.91/text HTTP/1.1" 200 15
2024-07-22 15:34:21 - DEBUG - Remote response: status=200 | data={"value":"146"} | headers=HTTPHeaderDict({'Content-Length': '15', 'Content-Type': 'application/json; charset=utf-8', 'cache-control': 'no-cache'})
2024-07-22 15:34:21 - DEBUG - Finished Request
2024-07-22 15:34:21 - DEBUG - 找到書籍 5: 人生中的大問題:寫給孩子的道德倫理啟蒙書, 價格: 146, 商品代碼: CN10859080
2024-07-22 15:34:21 - DEBUG - 正在關閉瀏覽器
2024-07-22 15:34:21 - DEBUG - DELETE http://localhost:58933/session/ca4ce8594e3322761b4d2302b4a2a926 {}
2024-07-22 15:34:21 - DEBUG - http://localhost:58933 "DELETE /session/ca4ce8594e3322761b4d2302b4a2a926 HTTP/1.1" 200 14
2024-07-22 15:34:21 - DEBUG - Remote response: status=200 | data={"value":null} | headers=HTTPHeaderDict({'Content-Length': '14', 'Content-Type': 'application/json; charset=utf-8', 'cache-control': 'no-cache'})
2024-07-22 15:34:21 - DEBUG - Finished Request
